Log file open, 03/28/17 10:36:14
LogInit:Display: Running engine for game: MyProject
LogPlatformFile: Not using cached read wrapper
LogInit:Display: RandInit(1980691171) SRandInit(1980691171).
LogTaskGraph: Started task graph with 5 named threads and 8 total threads with 1 sets of task threads.
LogStats: Stats thread started at 0.078213
LogInit: Using libcurl 7.47.1
LogInit:  - built for x86_64-pc-win32
LogInit:  - supports SSL with OpenSSL/1.0.2g
LogInit:  - supports HTTP deflate (compression) using libz 1.2.8
LogInit:  - other features:
LogInit:      CURL_VERSION_SSL
LogInit:      CURL_VERSION_LIBZ
LogInit:      CURL_VERSION_IPV6
LogInit:      CURL_VERSION_ASYNCHDNS
LogInit:      CURL_VERSION_LARGEFILE
LogInit:      CURL_VERSION_IDN
LogInit:  CurlRequestOptions (configurable via config and command line):
LogInit:  - bVerifyPeer = false  - Libcurl will NOT verify peer certificate
LogInit:  - bUseHttpProxy = false  - Libcurl will NOT use HTTP proxy
LogInit:  - bDontReuseConnections = false  - Libcurl will reuse connections
LogInit:  - CertBundlePath = nullptr  - Libcurl will use whatever was configured at build time.
LogInit: Build: ++UE4+Release-4.15-CL-3348071
LogInit: Engine Version: 4.15.1-3348071+++UE4+Release-4.15
LogInit: Compatible Engine Version: 4.15.0-3299760+++UE4+Release-4.15
LogInit: Net CL: 3299760
LogDevObjectVersion: Number of dev versions registered: 14
LogDevObjectVersion:   Dev-Blueprints (B0D832E4-1F89-4F0D-ACCF-7EB736FD4AA2): 8
LogDevObjectVersion:   Dev-Build (E1C64328-A22C-4D53-A36C-8E866417BD8C): 0
LogDevObjectVersion:   Dev-Core (375EC13C-06E4-48FB-B500-84F0262A717E): 2
LogDevObjectVersion:   Dev-Editor (E4B068ED-F494-42E9-A231-DA0B2E46BB41): 14
LogDevObjectVersion:   Dev-Framework (CFFC743F-43B0-4480-9391-14DF171D2073): 22
LogDevObjectVersion:   Dev-Mobile (B02B49B5-BB20-44E9-A304-32B752E40360): 0
LogDevObjectVersion:   Dev-Networking (A4E4105C-59A1-49B5-A7C5-40C4547EDFEE): 0
LogDevObjectVersion:   Dev-Online (39C831C9-5AE6-47DC-9A44-9C173E1C8E7C): 0
LogDevObjectVersion:   Dev-Physics (78F01B33-EBEA-4F98-B9B4-84EACCB95AA2): 0
LogDevObjectVersion:   Dev-Platform (6631380F-2D4D-43E0-8009-CF276956A95A): 0
LogDevObjectVersion:   Dev-Rendering (12F88B9F-8875-4AFC-A67C-D90C383ABD29): 12
LogDevObjectVersion:   Dev-Sequencer (7B5AE74C-D270-4C10-A958-57980B212A5A): 3
LogDevObjectVersion:   Dev-VR (D7296918-1DD6-4BDD-9DE2-64A83CC13884): 0
LogDevObjectVersion:   Dev-LoadTimes (C2A15278-BFE7-4AFE-6C17-90FF531DF755): 1
LogInit: Compiled (64-bit): Mar 15 2017 16:52:47
LogInit: Compiled with Visual C++: 19.00.23026.00
LogInit: Build Configuration: Development
LogInit: Branch Name: ++UE4+Release-4.15
LogInit: Command line:  
LogInit: Base directory: C:/Program Files/Epic Games/UE_4.15/Engine/Binaries/Win64/
LogInit: Installed Engine Build: 1
LogInit: Presizing for max 8388607 objects, including 0 objects not considered by GC, pre-allocating 0 bytes for permanent pool.
LogInit: Object subsystem initialized
[2017.03.28-17.36.15:990][  0]LogInit: Selected Device Profile: [Windows]
[2017.03.28-17.36.15:990][  0]LogInit: Applying CVar settings loaded from the selected device profile: [Windows]
[2017.03.28-17.36.16:016][  0]LogInit: Computer: ANURAGTIWARI
[2017.03.28-17.36.16:016][  0]LogInit: User: Anurag
[2017.03.28-17.36.16:016][  0]LogInit: CPU Page size=65536, Cores=4
[2017.03.28-17.36.16:016][  0]LogInit: High frequency timer resolution =2.533209 MHz
[2017.03.28-17.36.16:016][  0]LogMemory: Memory total: Physical=16.0GB (16GB approx)
[2017.03.28-17.36.16:016][  0]LogMemory: Platform Memory Stats for Windows
[2017.03.28-17.36.16:016][  0]LogMemory: Process Physical Memory: 263.77 MB used, 263.77 MB peak
[2017.03.28-17.36.16:016][  0]LogMemory: Process Virtual Memory: 262.74 MB used, 262.74 MB peak
[2017.03.28-17.36.16:016][  0]LogMemory: Physical Memory: 6433.25 MB used,  9899.92 MB free, 16333.18 MB total
[2017.03.28-17.36.16:016][  0]LogMemory: Virtual Memory: 630.96 MB used,  9899.92 MB free, 134217728.00 MB total
[2017.03.28-17.36.16:105][  0]LogTextLocalizationManager: No specific translations for ('en-US') exist, so ('en') translations will be used.
[2017.03.28-17.36.16:706][  0]LogD3D11RHI: D3D11 adapters:
[2017.03.28-17.36.17:232][  0]LogD3D11RHI:    0. 'NVIDIA GeForce GTX 965M' (Feature Level 11_0)
[2017.03.28-17.36.17:232][  0]LogD3D11RHI:       2016/0/8166 MB DedicatedVideo/DedicatedSystem/SharedSystem, Outputs:1, VendorId:0x10de
[2017.03.28-17.36.17:233][  0]LogD3D11RHI:    1. 'Microsoft Basic Render Driver' (Feature Level 11_0)
[2017.03.28-17.36.17:233][  0]LogD3D11RHI:       0/0/8166 MB DedicatedVideo/DedicatedSystem/SharedSystem, Outputs:0, VendorId:0x1414
[2017.03.28-17.36.17:233][  0]LogD3D11RHI: Chosen D3D11 Adapter: 0
[2017.03.28-17.36.17:238][  0]LogD3D11RHI: Creating new Direct3DDevice
[2017.03.28-17.36.17:238][  0]LogD3D11RHI:     GPU DeviceId: 0x13d9 (for the marketing name, search the web for "GPU Device Id")
[2017.03.28-17.36.17:238][  0]LogWindows: EnumDisplayDevices:
[2017.03.28-17.36.17:238][  0]LogWindows:    0. 'NVIDIA GeForce GTX 965M' (P:1 D:1)
[2017.03.28-17.36.17:238][  0]LogWindows:    1. 'NVIDIA GeForce GTX 965M' (P:0 D:0)
[2017.03.28-17.36.17:238][  0]LogWindows:    2. 'NVIDIA GeForce GTX 965M' (P:0 D:0)
[2017.03.28-17.36.17:238][  0]LogWindows:    3. 'NVIDIA GeForce GTX 965M' (P:0 D:0)
[2017.03.28-17.36.17:239][  0]LogWindows: DebugString: FoundDriverCount:4 
[2017.03.28-17.36.17:239][  0]LogD3D11RHI:     Adapter Name: NVIDIA GeForce GTX 965M
[2017.03.28-17.36.17:239][  0]LogD3D11RHI:   Driver Version: 378.78 (internal:21.21.13.7878, unified:378.78)
[2017.03.28-17.36.17:239][  0]LogD3D11RHI:      Driver Date: 2-23-2017
[2017.03.28-17.36.17:239][  0]LogRHI: Texture pool is 1361 MB (70% of 1945 MB)
[2017.03.28-17.36.17:733][  0]LogD3D11RHI: Async texture creation enabled
[2017.03.28-17.36.17:761][  0]LogD3D11RHI: GPU Timing Frequency: 1000.000000 (Debug: 2 1)
[2017.03.28-17.36.17:803][  0]LogShaderCompilers: Guid format shader working directory is 21 characters bigger than the processId version (D:/cs524/unreal/MyProject/Intermediate/Shaders/WorkingDirectory/11696/).
[2017.03.28-17.36.17:803][  0]LogShaderCompilers: Cleaned the shader compiler working directory 'C:/Users/Anurag/AppData/Local/Temp/UnrealShaderWorkingDir/1BE4F71B4A7DAA29A845B8AA8EEE977E/'.
[2017.03.28-17.36.17:804][  0]LogShaderCompilers:Display: Using Local Shader Compiler.
[2017.03.28-17.36.18:957][  0]LogTemp:Display: Loaded TP AllDesktopTargetPlatform
[2017.03.28-17.36.19:015][  0]LogTemp:Display: Loaded TP MacClientTargetPlatform
[2017.03.28-17.36.19:074][  0]LogTemp:Display: Loaded TP MacNoEditorTargetPlatform
[2017.03.28-17.36.19:132][  0]LogTemp:Display: Loaded TP MacServerTargetPlatform
[2017.03.28-17.36.19:190][  0]LogTemp:Display: Loaded TP MacTargetPlatform
[2017.03.28-17.36.19:249][  0]LogTemp:Display: Loaded TP WindowsClientTargetPlatform
[2017.03.28-17.36.19:307][  0]LogTemp:Display: Loaded TP WindowsNoEditorTargetPlatform
[2017.03.28-17.36.19:365][  0]LogTemp:Display: Loaded TP WindowsServerTargetPlatform
[2017.03.28-17.36.19:414][  0]LogTemp:Display: Loaded TP WindowsTargetPlatform
[2017.03.28-17.36.19:471][  0]LogTemp:Display: Loaded TP AndroidTargetPlatform
[2017.03.28-17.36.19:527][  0]LogTemp:Display: Loaded TP Android_ASTCTargetPlatform
[2017.03.28-17.36.19:583][  0]LogTemp:Display: Loaded TP Android_ATCTargetPlatform
[2017.03.28-17.36.19:639][  0]LogTemp:Display: Loaded TP Android_DXTTargetPlatform
[2017.03.28-17.36.19:696][  0]LogTemp:Display: Loaded TP Android_ETC1TargetPlatform
[2017.03.28-17.36.19:753][  0]LogTemp:Display: Loaded TP Android_ETC2TargetPlatform
[2017.03.28-17.36.19:867][  0]LogTemp:Display: Loaded TP Android_MultiTargetPlatform
[2017.03.28-17.36.19:867][  0]LogTemp:Display: Loaded TP Android_PVRTCTargetPlatform
[2017.03.28-17.36.19:910][  0]LogTemp:Display: Loaded TP HTML5TargetPlatform
[2017.03.28-17.36.20:012][  0]LogTemp:Display: Loaded TP IOSTargetPlatform
[2017.03.28-17.36.20:049][  0]LogTemp:Display: Loaded TP TVOSTargetPlatform
[2017.03.28-17.36.20:105][  0]LogTemp:Display: Loaded TP LinuxClientTargetPlatform
[2017.03.28-17.36.20:162][  0]LogTemp:Display: Loaded TP LinuxNoEditorTargetPlatform
[2017.03.28-17.36.20:218][  0]LogTemp:Display: Loaded TP LinuxServerTargetPlatform
[2017.03.28-17.36.20:276][  0]LogTemp:Display: Loaded TP LinuxTargetPlatform
[2017.03.28-17.36.20:276][  0]LogTargetPlatformManager:Display: Building Assets For Windows
[2017.03.28-17.36.20:776][  0]LogDerivedDataCache:Display: Max Cache Size: 512 MB
[2017.03.28-17.36.20:822][  0]LogDerivedDataCache: Loaded boot cache 0.05s 51MB C:/Users/Anurag/AppData/Local/UnrealEngine/4.15/DerivedDataCache/Boot.ddc.
[2017.03.28-17.36.20:822][  0]LogDerivedDataCache:Display: Loaded Boot cache: C:/Users/Anurag/AppData/Local/UnrealEngine/4.15/DerivedDataCache/Boot.ddc
[2017.03.28-17.36.20:822][  0]LogDerivedDataCache: FDerivedDataBackendGraph:  Pak pak cache file D:/cs524/unreal/MyProject/DerivedDataCache/DDC.ddp not found, will not use a pak cache.
[2017.03.28-17.36.20:822][  0]LogDerivedDataCache: Unable to find inner node Pak for hierarchical cache Hierarchy.
[2017.03.28-17.36.20:822][  0]LogDerivedDataCache: FDerivedDataBackendGraph:  CompressedPak pak cache file D:/cs524/unreal/MyProject/DerivedDataCache/Compressed.ddp not found, will not use a pak cache.
[2017.03.28-17.36.20:822][  0]LogDerivedDataCache: Unable to find inner node CompressedPak for hierarchical cache Hierarchy.
[2017.03.28-17.36.20:840][  0]LogDerivedDataCache:Display: Pak cache opened for reading ../../../Engine/DerivedDataCache/Compressed.ddp.
[2017.03.28-17.36.20:853][  0]LogDerivedDataCache: Using Local data cache path C:/Users/Anurag/AppData/Local/UnrealEngine/Common/DerivedDataCache: Writable
[2017.03.28-17.36.20:862][  0]LogSlate: Using Freetype 2.6.0
[2017.03.28-17.36.20:862][  0]LogSlate: SlateFontCache - WITH_FREETYPE: 1, WITH_HARFBUZZ: 1
[2017.03.28-17.36.20:862][  0]LogSlate: SlateFontCache - WITH_FREETYPE: 1, WITH_HARFBUZZ: 1
[2017.03.28-17.36.21:104][  0]LogInit: Selected Device Profile: [Windows]
[2017.03.28-17.36.21:106][  0]LogContentStreaming: Texture pool size is 0.00 MB
[2017.03.28-17.36.21:335][  0]LogMeshUtilities: Using QuadricMeshReduction for automatic static mesh reduction
[2017.03.28-17.36.21:384][  0]LogSimplygon: Simplygon DLL not present - disabling.
[2017.03.28-17.36.21:436][  0]LogMeshUtilities: Using SimplygonSwarm for distributed automatic mesh merging
[2017.03.28-17.36.21:436][  0]LogMeshUtilities: No automatic skeletal mesh reduction module available
[2017.03.28-17.36.21:436][  0]LogMeshUtilities: No automatic mesh merging module available
[2017.03.28-17.36.21:959][  0]LogNetVersion: GetLocalNetworkVersion: CL: 3299760, ProjectName: myproject, ProjectVersion: , EngineNetworkVersion: 2, GameNetworkVersion: 0, NetworkChecksum: 4136520461
[2017.03.28-17.36.22:008][  0]LogAssetRegistry: FAssetRegistry took 0.0219 seconds to start up
[2017.03.28-17.36.22:084][  0]LogPackageLocalizationCache: Processed 3 localized package path(s) for 2 prioritized culture(s) in 0.047045 seconds
[2017.03.28-17.36.22:089][  0]LogUObjectArray: 32493 objects as part of root set at end of initial load.
[2017.03.28-17.36.22:089][  0]LogUObjectAllocator: 7077032 out of 0 bytes used by permanent object pool.
[2017.03.28-17.36.22:089][  0]LogUObjectArray: CloseDisregardForGC: 0/0 objects in disregard for GC pool
[2017.03.28-17.36.22:161][  0]LogInit: WinSock: version 1.1 (2.2), MaxSocks=32767, MaxUdp=65467
[2017.03.28-17.36.23:816][  0]LogTcpMessaging: Initializing TcpMessaging bridge
[2017.03.28-17.36.23:860][  0]LogUdpMessaging: Initializing bridge on interface 0.0.0.0:0 to multicast group 230.0.0.1:6666.
[2017.03.28-17.36.24:355][  0]LogMaterial: Uniform references updated for custom material expression Custom.
[2017.03.28-17.36.24:766][  0]SourceControl: Info Source control is disabled
[2017.03.28-17.36.24:768][  0]SourceControl: Info Source control is disabled
[2017.03.28-17.36.24:820][  0]SourceControl: Info Source control is disabled
[2017.03.28-17.36.24:873][  0]SourceControl: Info Source control is disabled
[2017.03.28-17.36.26:241][  0]LogEngine: Initializing Engine...
[2017.03.28-17.36.26:242][  0]LogHMD: Failed to initialize OpenVR with code 110
[2017.03.28-17.36.26:475][  0]LogAIModule: Creating AISystem for world Untitled
[2017.03.28-17.36.26:482][  0]LogInit: XAudio2 using 'Speakers (Realtek High Definition Audio)' : 2 channels at 48 kHz using 32 bits per sample (channel mask 0x3)
[2017.03.28-17.36.26:724][  0]LogInit: FAudioDevice initialized.
[2017.03.28-17.36.26:749][  0]LogDerivedDataCache: Saved boot cache 0.02s 51MB C:/Users/Anurag/AppData/Local/UnrealEngine/4.15/DerivedDataCache/Boot.ddc.
[2017.03.28-17.36.26:754][  0]LogInit: Texture streaming: Enabled
[2017.03.28-17.36.26:863][  0]LogEngineSessionManager: EngineSessionManager initialized
[2017.03.28-17.36.26:959][  0]LogInit: Transaction tracking system initialized
[2017.03.28-17.36.27:340][  0]BlueprintLog: New page: Editor Load
[2017.03.28-17.36.28:318][  0]LocalizationService: Info Localization service is disabled
[2017.03.28-17.36.29:057][  0]LogConsoleResponse:Display: 
[2017.03.28-17.36.29:178][  0]LogCook:Display: Max memory allowance for cook 16384mb min free memory 0mb
[2017.03.28-17.36.29:178][  0]LogCook:Display: Mobile HDR setting 1
[2017.03.28-17.36.29:421][  0]LogFileCache: Scanning file cache for directory 'D:/cs524/unreal/MyProject/Content/' took 0.02s
[2017.03.28-17.36.30:328][  0]SourceControl: Info Source control is disabled
[2017.03.28-17.36.30:328][  0]Cmd: MAP LOAD FILE="D:/cs524/unreal/MyProject/Content/FirstPersonBP/Maps/FirstPersonExampleMap.umap" TEMPLATE=0 SHOWPROGRESS=1 FEATURELEVEL=3
[2017.03.28-17.36.30:377][  0]LightingResults: New page: Lighting Build
[2017.03.28-17.36.30:423][  0]MapCheck: New page: Map Check
[2017.03.28-17.36.30:423][  0]LightingResults: New page: Lighting Build
[2017.03.28-17.36.30:687][  0]LogBlueprint:Warning: Node '/Game/MixamoAnimPack/Mixamo_Goblin/Anims/MixamoAnimBP_Goblin.MixamoAnimBP_Goblin:EdGraph_0.K2Node_CommutativeAssociativeBinaryOperator_2253' missing NodeGuid because of upgrade from old package version, this can cause deterministic cooking issues please resave package.
[2017.03.28-17.36.30:687][  0]LogBlueprint:Warning: Node '/Game/MixamoAnimPack/Mixamo_Goblin/Anims/MixamoAnimBP_Goblin.MixamoAnimBP_Goblin:EdGraph_0.K2Node_CallFunction_102548' missing NodeGuid because of upgrade from old package version, this can cause deterministic cooking issues please resave package.
[2017.03.28-17.36.30:687][  0]LogBlueprint:Warning: Node '/Game/MixamoAnimPack/Mixamo_Goblin/Anims/MixamoAnimBP_Goblin.MixamoAnimBP_Goblin:EdGraph_0.K2Node_VariableGet_2488' missing NodeGuid because of upgrade from old package version, this can cause deterministic cooking issues please resave package.
[2017.03.28-17.36.30:687][  0]LogBlueprint:Warning: Node '/Game/MixamoAnimPack/Mixamo_Goblin/Anims/MixamoAnimBP_Goblin.MixamoAnimBP_Goblin:EdGraph_0.K2Node_FunctionResult_0' missing NodeGuid because of upgrade from old package version, this can cause deterministic cooking issues please resave package.
[2017.03.28-17.36.30:687][  0]LogBlueprint:Warning: Node '/Game/MixamoAnimPack/Mixamo_Goblin/Anims/MixamoAnimBP_Goblin.MixamoAnimBP_Goblin:EdGraph_0.K2Node_FunctionEntry_139' missing NodeGuid because of upgrade from old package version, this can cause deterministic cooking issues please resave package.
[2017.03.28-17.36.30:709][  0]LogBlueprint:Warning: Node '/Game/MixamoAnimPack/Mixamo_Goblin/Anims/MixamoAnimBP_Goblin.MixamoAnimBP_Goblin:EdGraph_1.K2Node_CommutativeAssociativeBinaryOperator_2253' missing NodeGuid because of upgrade from old package version, this can cause deterministic cooking issues please resave package.
[2017.03.28-17.36.30:709][  0]LogBlueprint:Warning: Node '/Game/MixamoAnimPack/Mixamo_Goblin/Anims/MixamoAnimBP_Goblin.MixamoAnimBP_Goblin:EdGraph_1.K2Node_CallFunction_102548' missing NodeGuid because of upgrade from old package version, this can cause deterministic cooking issues please resave package.
[2017.03.28-17.36.30:709][  0]LogBlueprint:Warning: Node '/Game/MixamoAnimPack/Mixamo_Goblin/Anims/MixamoAnimBP_Goblin.MixamoAnimBP_Goblin:EdGraph_1.K2Node_VariableGet_2488' missing NodeGuid because of upgrade from old package version, this can cause deterministic cooking issues please resave package.
[2017.03.28-17.36.30:709][  0]LogBlueprint:Warning: Node '/Game/MixamoAnimPack/Mixamo_Goblin/Anims/MixamoAnimBP_Goblin.MixamoAnimBP_Goblin:EdGraph_1.K2Node_FunctionResult_0' missing NodeGuid because of upgrade from old package version, this can cause deterministic cooking issues please resave package.
[2017.03.28-17.36.30:709][  0]LogBlueprint:Warning: Node '/Game/MixamoAnimPack/Mixamo_Goblin/Anims/MixamoAnimBP_Goblin.MixamoAnimBP_Goblin:EdGraph_1.K2Node_FunctionEntry_139' missing NodeGuid because of upgrade from old package version, this can cause deterministic cooking issues please resave package.
[2017.03.28-17.36.30:754][  0]LogBlueprint:Warning: Node '/Game/MixamoAnimPack/Mixamo_Goblin/Anims/MixamoAnimBP_Goblin.MixamoAnimBP_Goblin:EdGraph_2.K2Node_CommutativeAssociativeBinaryOperator_2253' missing NodeGuid because of upgrade from old package version, this can cause deterministic cooking issues please resave package.
[2017.03.28-17.36.30:754][  0]LogBlueprint:Warning: Node '/Game/MixamoAnimPack/Mixamo_Goblin/Anims/MixamoAnimBP_Goblin.MixamoAnimBP_Goblin:EdGraph_2.K2Node_CallFunction_102548' missing NodeGuid because of upgrade from old package version, this can cause deterministic cooking issues please resave package.
[2017.03.28-17.36.30:754][  0]LogBlueprint:Warning: Node '/Game/MixamoAnimPack/Mixamo_Goblin/Anims/MixamoAnimBP_Goblin.MixamoAnimBP_Goblin:EdGraph_2.K2Node_VariableGet_2488' missing NodeGuid because of upgrade from old package version, this can cause deterministic cooking issues please resave package.
[2017.03.28-17.36.30:754][  0]LogBlueprint:Warning: Node '/Game/MixamoAnimPack/Mixamo_Goblin/Anims/MixamoAnimBP_Goblin.MixamoAnimBP_Goblin:EdGraph_2.K2Node_FunctionResult_0' missing NodeGuid because of upgrade from old package version, this can cause deterministic cooking issues please resave package.
[2017.03.28-17.36.30:754][  0]LogBlueprint:Warning: Node '/Game/MixamoAnimPack/Mixamo_Goblin/Anims/MixamoAnimBP_Goblin.MixamoAnimBP_Goblin:EdGraph_2.K2Node_FunctionEntry_139' missing NodeGuid because of upgrade from old package version, this can cause deterministic cooking issues please resave package.
[2017.03.28-17.36.33:636][  0]LogBlueprint:Warning: Node '/Game/MixamoAnimPack/Mixamo_Goblin/Anims/MixamoAnimBP_Goblin.MixamoAnimBP_Goblin:AnimGraph.AnimGraphNode_StateMachine_6.Default.AnimStateNode_1.Locomotion/Idle.AnimGraphNode_BlendSpacePlayer_9' missing NodeGuid because of upgrade from old package version, this can cause deterministic cooking issues please resave package.
[2017.03.28-17.36.33:636][  0]LogBlueprint:Warning: Node '/Game/MixamoAnimPack/Mixamo_Goblin/Anims/MixamoAnimBP_Goblin.MixamoAnimBP_Goblin:AnimGraph.AnimGraphNode_Root_5' missing NodeGuid because of upgrade from old package version, this can cause deterministic cooking issues please resave package.
[2017.03.28-17.36.33:636][  0]LogBlueprint:Warning: Node '/Game/MixamoAnimPack/Mixamo_Goblin/Anims/MixamoAnimBP_Goblin.MixamoAnimBP_Goblin:AnimGraph.AnimGraphNode_StateMachine_6.Default.AnimStateNode_2.Run Jump.AnimGraphNode_SequencePlayer_34' missing NodeGuid because of upgrade from old package version, this can cause deterministic cooking issues please resave package.
[2017.03.28-17.36.33:636][  0]LogBlueprint:Warning: Node '/Game/MixamoAnimPack/Mixamo_Goblin/Anims/MixamoAnimBP_Goblin.MixamoAnimBP_Goblin:AnimGraph.AnimGraphNode_StateMachine_6.Default.AnimStateNode_3.Jump.AnimGraphNode_SequencePlayer_483' missing NodeGuid because of upgrade from old package version, this can cause deterministic cooking issues please resave package.
[2017.03.28-17.36.33:636][  0]LogBlueprint:Warning: Node '/Game/MixamoAnimPack/Mixamo_Goblin/Anims/MixamoAnimBP_Goblin.MixamoAnimBP_Goblin:AnimGraph.AnimGraphNode_StateMachine_6.Default.AnimStateNode_7.attacking.AnimGraphNode_SequencePlayer_153' missing NodeGuid because of upgrade from old package version, this can cause deterministic cooking issues please resave package.
[2017.03.28-17.36.33:636][  0]LogBlueprint:Warning: Node '/Game/MixamoAnimPack/Mixamo_Goblin/Anims/MixamoAnimBP_Goblin.MixamoAnimBP_Goblin:AnimGraph.AnimGraphNode_StateMachine_6' missing NodeGuid because of upgrade from old package version, this can cause deterministic cooking issues please resave package.
[2017.03.28-17.36.33:636][  0]LogBlueprint:Warning: Node '/Game/MixamoAnimPack/Mixamo_Goblin/Anims/MixamoAnimBP_Goblin.MixamoAnimBP_Goblin:AnimGraph.AnimGraphNode_StateMachine_6.Default.AnimStateNode_1.Locomotion/Idle.AnimGraphNode_StateResult_20' missing NodeGuid because of upgrade from old package version, this can cause deterministic cooking issues please resave package.
[2017.03.28-17.36.33:636][  0]LogBlueprint:Warning: Node '/Game/MixamoAnimPack/Mixamo_Goblin/Anims/MixamoAnimBP_Goblin.MixamoAnimBP_Goblin:AnimGraph.AnimGraphNode_StateMachine_6.Default.AnimStateNode_2.Run Jump.AnimGraphNode_StateResult_15' missing NodeGuid because of upgrade from old package version, this can cause deterministic cooking issues please resave package.
[2017.03.28-17.36.33:636][  0]LogBlueprint:Warning: Node '/Game/MixamoAnimPack/Mixamo_Goblin/Anims/MixamoAnimBP_Goblin.MixamoAnimBP_Goblin:AnimGraph.AnimGraphNode_StateMachine_6.Default.AnimStateNode_3.Jump.AnimGraphNode_StateResult_55' missing NodeGuid because of upgrade from old package version, this can cause deterministic cooking issues please resave package.
[2017.03.28-17.36.33:636][  0]LogBlueprint:Warning: Node '/Game/MixamoAnimPack/Mixamo_Goblin/Anims/MixamoAnimBP_Goblin.MixamoAnimBP_Goblin:AnimGraph.AnimGraphNode_StateMachine_6.Default.AnimStateNode_7.attacking.AnimGraphNode_StateResult_188' missing NodeGuid because of upgrade from old package version, this can cause deterministic cooking issues please resave package.
[2017.03.28-17.36.33:636][  0]LogBlueprint:Warning: Node '/Game/MixamoAnimPack/Mixamo_Goblin/Anims/MixamoAnimBP_Goblin.MixamoAnimBP_Goblin:AnimGraph.AnimGraphNode_StateMachine_6.Default.AnimStateTransitionNode_1.Transition.AnimGraphNode_TransitionResult_20' missing NodeGuid because of upgrade from old package version, this can cause deterministic cooking issues please resave package.
[2017.03.28-17.36.33:636][  0]LogBlueprint:Warning: Node '/Game/MixamoAnimPack/Mixamo_Goblin/Anims/MixamoAnimBP_Goblin.MixamoAnimBP_Goblin:AnimGraph.AnimGraphNode_StateMachine_6.Default.AnimStateTransitionNode_12.Transition.AnimGraphNode_TransitionResult_467' missing NodeGuid because of upgrade from old package version, this can cause deterministic cooking issues please resave package.
[2017.03.28-17.36.33:636][  0]LogBlueprint:Warning: Node '/Game/MixamoAnimPack/Mixamo_Goblin/Anims/MixamoAnimBP_Goblin.MixamoAnimBP_Goblin:AnimGraph.AnimGraphNode_StateMachine_6.Default.AnimStateTransitionNode_2.Transition.AnimGraphNode_TransitionResult_28' missing NodeGuid because of upgrade from old package version, this can cause deterministic cooking issues please resave package.
[2017.03.28-17.36.33:636][  0]LogBlueprint:Warning: Node '/Game/MixamoAnimPack/Mixamo_Goblin/Anims/MixamoAnimBP_Goblin.MixamoAnimBP_Goblin:AnimGraph.AnimGraphNode_StateMachine_6.Default.AnimStateTransitionNode_5.Transition.AnimGraphNode_TransitionResult_142' missing NodeGuid because of upgrade from old package version, this can cause deterministic cooking issues please resave package.
[2017.03.28-17.36.33:636][  0]LogBlueprint:Warning: Node '/Game/MixamoAnimPack/Mixamo_Goblin/Anims/MixamoAnimBP_Goblin.MixamoAnimBP_Goblin:AnimGraph.AnimGraphNode_StateMachine_6.Default.AnimStateTransitionNode_6.AnimationTransitionGraph_65.AnimGraphNode_TransitionResult_22' missing NodeGuid because of upgrade from old package version, this can cause deterministic cooking issues please resave package.
[2017.03.28-17.36.33:636][  0]LogBlueprint:Warning: Node '/Game/MixamoAnimPack/Mixamo_Goblin/Anims/MixamoAnimBP_Goblin.MixamoAnimBP_Goblin:AnimGraph.AnimGraphNode_StateMachine_6.Default.AnimStateTransitionNode_7.Transition.AnimGraphNode_TransitionResult_148' missing NodeGuid because of upgrade from old package version, this can cause deterministic cooking issues please resave package.
[2017.03.28-17.36.33:636][  0]LogBlueprint:Warning: Node '/Game/MixamoAnimPack/Mixamo_Goblin/Anims/MixamoAnimBP_Goblin.MixamoAnimBP_Goblin:AnimGraph.AnimGraphNode_StateMachine_6.Default.AnimStateTransitionNode_8.Transition.AnimGraphNode_TransitionResult_233' missing NodeGuid because of upgrade from old package version, this can cause deterministic cooking issues please resave package.
[2017.03.28-17.36.33:636][  0]LogBlueprint:Warning: Node '/Game/MixamoAnimPack/Mixamo_Goblin/Anims/MixamoAnimBP_Goblin.MixamoAnimBP_Goblin:AnimGraph.AnimGraphNode_StateMachine_6.Default.AnimStateEntryNode_0' missing NodeGuid because of upgrade from old package version, this can cause deterministic cooking issues please resave package.
[2017.03.28-17.36.33:636][  0]LogBlueprint:Warning: Node '/Game/MixamoAnimPack/Mixamo_Goblin/Anims/MixamoAnimBP_Goblin.MixamoAnimBP_Goblin:AnimGraph.AnimGraphNode_StateMachine_6.Default.AnimStateNode_1' missing NodeGuid because of upgrade from old package version, this can cause deterministic cooking issues please resave package.
[2017.03.28-17.36.33:636][  0]LogBlueprint:Warning: Node '/Game/MixamoAnimPack/Mixamo_Goblin/Anims/MixamoAnimBP_Goblin.MixamoAnimBP_Goblin:AnimGraph.AnimGraphNode_StateMachine_6.Default.AnimStateNode_2' missing NodeGuid because of upgrade from old package version, this can cause deterministic cooking issues please resave package.
[2017.03.28-17.36.33:636][  0]LogBlueprint:Warning: Node '/Game/MixamoAnimPack/Mixamo_Goblin/Anims/MixamoAnimBP_Goblin.MixamoAnimBP_Goblin:AnimGraph.AnimGraphNode_StateMachine_6.Default.AnimStateNode_3' missing NodeGuid because of upgrade from old package version, this can cause deterministic cooking issues please resave package.
[2017.03.28-17.36.33:637][  0]LogBlueprint:Warning: Node '/Game/MixamoAnimPack/Mixamo_Goblin/Anims/MixamoAnimBP_Goblin.MixamoAnimBP_Goblin:AnimGraph.AnimGraphNode_StateMachine_6.Default.AnimStateNode_7' missing NodeGuid because of upgrade from old package version, this can cause deterministic cooking issues please resave package.
[2017.03.28-17.36.33:637][  0]LogBlueprint:Warning: Node '/Game/MixamoAnimPack/Mixamo_Goblin/Anims/MixamoAnimBP_Goblin.MixamoAnimBP_Goblin:AnimGraph.AnimGraphNode_StateMachine_6.Default.AnimStateTransitionNode_1' missing NodeGuid because of upgrade from old package version, this can cause deterministic cooking issues please resave package.
[2017.03.28-17.36.33:637][  0]LogBlueprint:Warning: Node '/Game/MixamoAnimPack/Mixamo_Goblin/Anims/MixamoAnimBP_Goblin.MixamoAnimBP_Goblin:AnimGraph.AnimGraphNode_StateMachine_6.Default.AnimStateTransitionNode_12' missing NodeGuid because of upgrade from old package version, this can cause deterministic cooking issues please resave package.
[2017.03.28-17.36.33:637][  0]LogBlueprint:Warning: Node '/Game/MixamoAnimPack/Mixamo_Goblin/Anims/MixamoAnimBP_Goblin.MixamoAnimBP_Goblin:AnimGraph.AnimGraphNode_StateMachine_6.Default.AnimStateTransitionNode_2' missing NodeGuid because of upgrade from old package version, this can cause deterministic cooking issues please resave package.
[2017.03.28-17.36.33:637][  0]LogBlueprint:Warning: Node '/Game/MixamoAnimPack/Mixamo_Goblin/Anims/MixamoAnimBP_Goblin.MixamoAnimBP_Goblin:AnimGraph.AnimGraphNode_StateMachine_6.Default.AnimStateTransitionNode_5' missing NodeGuid because of upgrade from old package version, this can cause deterministic cooking issues please resave package.
[2017.03.28-17.36.33:637][  0]LogBlueprint:Warning: Node '/Game/MixamoAnimPack/Mixamo_Goblin/Anims/MixamoAnimBP_Goblin.MixamoAnimBP_Goblin:AnimGraph.AnimGraphNode_StateMachine_6.Default.AnimStateTransitionNode_6' missing NodeGuid because of upgrade from old package version, this can cause deterministic cooking issues please resave package.
[2017.03.28-17.36.33:637][  0]LogBlueprint:Warning: Node '/Game/MixamoAnimPack/Mixamo_Goblin/Anims/MixamoAnimBP_Goblin.MixamoAnimBP_Goblin:AnimGraph.AnimGraphNode_StateMachine_6.Default.AnimStateTransitionNode_7' missing NodeGuid because of upgrade from old package version, this can cause deterministic cooking issues please resave package.
[2017.03.28-17.36.33:637][  0]LogBlueprint:Warning: Node '/Game/MixamoAnimPack/Mixamo_Goblin/Anims/MixamoAnimBP_Goblin.MixamoAnimBP_Goblin:AnimGraph.AnimGraphNode_StateMachine_6.Default.AnimStateTransitionNode_8' missing NodeGuid because of upgrade from old package version, this can cause deterministic cooking issues please resave package.
[2017.03.28-17.36.33:637][  0]LogBlueprint:Warning: Node '/Game/MixamoAnimPack/Mixamo_Goblin/Anims/MixamoAnimBP_Goblin.MixamoAnimBP_Goblin:EventGraph.EdGraphNode_Comment_19' missing NodeGuid because of upgrade from old package version, this can cause deterministic cooking issues please resave package.
[2017.03.28-17.36.33:637][  0]LogBlueprint:Warning: Node '/Game/MixamoAnimPack/Mixamo_Goblin/Anims/MixamoAnimBP_Goblin.MixamoAnimBP_Goblin:EventGraph.EdGraphNode_Comment_22' missing NodeGuid because of upgrade from old package version, this can cause deterministic cooking issues please resave package.
[2017.03.28-17.36.33:637][  0]LogBlueprint:Warning: Node '/Game/MixamoAnimPack/Mixamo_Goblin/Anims/MixamoAnimBP_Goblin.MixamoAnimBP_Goblin:EventGraph.EdGraphNode_Comment_26' missing NodeGuid because of upgrade from old package version, this can cause deterministic cooking issues please resave package.
[2017.03.28-17.36.33:637][  0]LogBlueprint:Warning: Node '/Game/MixamoAnimPack/Mixamo_Goblin/Anims/MixamoAnimBP_Goblin.MixamoAnimBP_Goblin:AnimGraph.AnimGraphNode_StateMachine_6.Default.AnimStateTransitionNode_12.Transition.K2Node_CallFunction_91451' missing NodeGuid because of upgrade from old package version, this can cause deterministic cooking issues please resave package.
[2017.03.28-17.36.33:637][  0]LogBlueprint:Warning: Node '/Game/MixamoAnimPack/Mixamo_Goblin/Anims/MixamoAnimBP_Goblin.MixamoAnimBP_Goblin:AnimGraph.AnimGraphNode_StateMachine_6.Default.AnimStateTransitionNode_2.Transition.K2Node_CallFunction_11224' missing NodeGuid because of upgrade from old package version, this can cause deterministic cooking issues please resave package.
[2017.03.28-17.36.33:637][  0]LogBlueprint:Warning: Node '/Game/MixamoAnimPack/Mixamo_Goblin/Anims/MixamoAnimBP_Goblin.MixamoAnimBP_Goblin:AnimGraph.AnimGraphNode_StateMachine_6.Default.AnimStateTransitionNode_5.Transition.K2Node_CallFunction_224620' missing NodeGuid because of upgrade from old package version, this can cause deterministic cooking issues please resave package.
[2017.03.28-17.36.33:637][  0]LogBlueprint:Warning: Node '/Game/MixamoAnimPack/Mixamo_Goblin/Anims/MixamoAnimBP_Goblin.MixamoAnimBP_Goblin:AnimGraph.AnimGraphNode_StateMachine_6.Default.AnimStateTransitionNode_5.Transition.K2Node_CallFunction_2831' missing NodeGuid because of upgrade from old package version, this can cause deterministic cooking issues please resave package.
[2017.03.28-17.36.33:638][  0]LogBlueprint:Warning: Node '/Game/MixamoAnimPack/Mixamo_Goblin/Anims/MixamoAnimBP_Goblin.MixamoAnimBP_Goblin:AnimGraph.AnimGraphNode_StateMachine_6.Default.AnimStateTransitionNode_6.AnimationTransitionGraph_65.K2Node_CallFunction_92056' missing NodeGuid because of upgrade from old package version, this can cause deterministic cooking issues please resave package.
[2017.03.28-17.36.33:638][  0]LogBlueprint:Warning: Node '/Game/MixamoAnimPack/Mixamo_Goblin/Anims/MixamoAnimBP_Goblin.MixamoAnimBP_Goblin:AnimGraph.AnimGraphNode_StateMachine_6.Default.AnimStateTransitionNode_7.Transition.K2Node_CallFunction_225505' missing NodeGuid because of upgrade from old package version, this can cause deterministic cooking issues please resave package.
[2017.03.28-17.36.33:638][  0]LogBlueprint:Warning: Node '/Game/MixamoAnimPack/Mixamo_Goblin/Anims/MixamoAnimBP_Goblin.MixamoAnimBP_Goblin:CanJump.K2Node_CallFunction_102548' missing NodeGuid because of upgrade from old package version, this can cause deterministic cooking issues please resave package.
[2017.03.28-17.36.33:638][  0]LogBlueprint:Warning: Node '/Game/MixamoAnimPack/Mixamo_Goblin/Anims/MixamoAnimBP_Goblin.MixamoAnimBP_Goblin:EventGraph.K2Node_CallFunction_108580' missing NodeGuid because of upgrade from old package version, this can cause deterministic cooking issues please resave package.
[2017.03.28-17.36.33:638][  0]LogBlueprint:Warning: Node '/Game/MixamoAnimPack/Mixamo_Goblin/Anims/MixamoAnimBP_Goblin.MixamoAnimBP_Goblin:EventGraph.K2Node_CallFunction_162498' missing NodeGuid because of upgrade from old package version, this can cause deterministic cooking issues please resave package.
[2017.03.28-17.36.33:638][  0]LogBlueprint:Warning: Node '/Game/MixamoAnimPack/Mixamo_Goblin/Anims/MixamoAnimBP_Goblin.MixamoAnimBP_Goblin:EventGraph.K2Node_CallFunction_169492' missing NodeGuid because of upgrade from old package version, this can cause deterministic cooking issues please resave package.
[2017.03.28-17.36.33:638][  0]LogBlueprint:Warning: Node '/Game/MixamoAnimPack/Mixamo_Goblin/Anims/MixamoAnimBP_Goblin.MixamoAnimBP_Goblin:EventGraph.K2Node_CallFunction_227144' missing NodeGuid because of upgrade from old package version, this can cause deterministic cooking issues please resave package.
[2017.03.28-17.36.33:638][  0]LogBlueprint:Warning: Node '/Game/MixamoAnimPack/Mixamo_Goblin/Anims/MixamoAnimBP_Goblin.MixamoAnimBP_Goblin:EventGraph.K2Node_CallFunction_29781' missing NodeGuid because of upgrade from old package version, this can cause deterministic cooking issues please resave package.
[2017.03.28-17.36.33:638][  0]LogBlueprint:Warning: Node '/Game/MixamoAnimPack/Mixamo_Goblin/Anims/MixamoAnimBP_Goblin.MixamoAnimBP_Goblin:EventGraph.K2Node_CallFunction_29886' missing NodeGuid because of upgrade from old package version, this can cause deterministic cooking issues please resave package.
[2017.03.28-17.36.33:638][  0]LogBlueprint:Warning: Node '/Game/MixamoAnimPack/Mixamo_Goblin/Anims/MixamoAnimBP_Goblin.MixamoAnimBP_Goblin:EventGraph.K2Node_CallFunction_45546' missing NodeGuid because of upgrade from old package version, this can cause deterministic cooking issues please resave package.
[2017.03.28-17.36.33:638][  0]LogBlueprint:Warning: Node '/Game/MixamoAnimPack/Mixamo_Goblin/Anims/MixamoAnimBP_Goblin.MixamoAnimBP_Goblin:EventGraph.K2Node_CallFunction_45889' missing NodeGuid because of upgrade from old package version, this can cause deterministic cooking issues please resave package.
[2017.03.28-17.36.33:638][  0]LogBlueprint:Warning: Node '/Game/MixamoAnimPack/Mixamo_Goblin/Anims/MixamoAnimBP_Goblin.MixamoAnimBP_Goblin:AnimGraph.AnimGraphNode_StateMachine_6.Default.AnimStateTransitionNode_2.Transition.K2Node_CommutativeAssociativeBinaryOperator_211' missing NodeGuid because of upgrade from old package version, this can cause deterministic cooking issues please resave package.
[2017.03.28-17.36.33:638][  0]LogBlueprint:Warning: Node '/Game/MixamoAnimPack/Mixamo_Goblin/Anims/MixamoAnimBP_Goblin.MixamoAnimBP_Goblin:AnimGraph.AnimGraphNode_StateMachine_6.Default.AnimStateTransitionNode_5.Transition.K2Node_CommutativeAssociativeBinaryOperator_77' missing NodeGuid because of upgrade from old package version, this can cause deterministic cooking issues please resave package.
[2017.03.28-17.36.33:638][  0]LogBlueprint:Warning: Node '/Game/MixamoAnimPack/Mixamo_Goblin/Anims/MixamoAnimBP_Goblin.MixamoAnimBP_Goblin:CanJump.K2Node_CommutativeAssociativeBinaryOperator_2253' missing NodeGuid because of upgrade from old package version, this can cause deterministic cooking issues please resave package.
[2017.03.28-17.36.33:638][  0]LogBlueprint:Warning: Node '/Game/MixamoAnimPack/Mixamo_Goblin/Anims/MixamoAnimBP_Goblin.MixamoAnimBP_Goblin:EventGraph.K2Node_CommutativeAssociativeBinaryOperator_521' missing NodeGuid because of upgrade from old package version, this can cause deterministic cooking issues please resave package.
[2017.03.28-17.36.33:638][  0]LogBlueprint:Warning: Node '/Game/MixamoAnimPack/Mixamo_Goblin/Anims/MixamoAnimBP_Goblin.MixamoAnimBP_Goblin:EventGraph.K2Node_DynamicCast_120' missing NodeGuid because of upgrade from old package version, this can cause deterministic cooking issues please resave package.
[2017.03.28-17.36.33:638][  0]LogBlueprint:Warning: Node '/Game/MixamoAnimPack/Mixamo_Goblin/Anims/MixamoAnimBP_Goblin.MixamoAnimBP_Goblin:EventGraph.K2Node_DynamicCast_127' missing NodeGuid because of upgrade from old package version, this can cause deterministic cooking issues please resave package.
[2017.03.28-17.36.33:638][  0]LogBlueprint:Warning: Node '/Game/MixamoAnimPack/Mixamo_Goblin/Anims/MixamoAnimBP_Goblin.MixamoAnimBP_Goblin:EventGraph.K2Node_DynamicCast_99' missing NodeGuid because of upgrade from old package version, this can cause deterministic cooking issues please resave package.
[2017.03.28-17.36.33:638][  0]LogBlueprint:Warning: Node '/Game/MixamoAnimPack/Mixamo_Goblin/Anims/MixamoAnimBP_Goblin.MixamoAnimBP_Goblin:EventGraph.K2Node_Event_1003' missing NodeGuid because of upgrade from old package version, this can cause deterministic cooking issues please resave package.
[2017.03.28-17.36.33:638][  0]LogBlueprint:Warning: Node '/Game/MixamoAnimPack/Mixamo_Goblin/Anims/MixamoAnimBP_Goblin.MixamoAnimBP_Goblin:EventGraph.K2Node_Event_2429' missing NodeGuid because of upgrade from old package version, this can cause deterministic cooking issues please resave package.
[2017.03.28-17.36.33:638][  0]LogBlueprint:Warning: Node '/Game/MixamoAnimPack/Mixamo_Goblin/Anims/MixamoAnimBP_Goblin.MixamoAnimBP_Goblin:EventGraph.K2Node_Event_85' missing NodeGuid because of upgrade from old package version, this can cause deterministic cooking issues please resave package.
[2017.03.28-17.36.33:638][  0]LogBlueprint:Warning: Node '/Game/MixamoAnimPack/Mixamo_Goblin/Anims/MixamoAnimBP_Goblin.MixamoAnimBP_Goblin:EventGraph.K2Node_ExecutionSequence_180' missing NodeGuid because of upgrade from old package version, this can cause deterministic cooking issues please resave package.
[2017.03.28-17.36.33:638][  0]LogBlueprint:Warning: Node '/Game/MixamoAnimPack/Mixamo_Goblin/Anims/MixamoAnimBP_Goblin.MixamoAnimBP_Goblin:CanJump.K2Node_FunctionEntry_139' missing NodeGuid because of upgrade from old package version, this can cause deterministic cooking issues please resave package.
[2017.03.28-17.36.33:638][  0]LogBlueprint:Warning: Node '/Game/MixamoAnimPack/Mixamo_Goblin/Anims/MixamoAnimBP_Goblin.MixamoAnimBP_Goblin:CanJump.K2Node_FunctionResult_0' missing NodeGuid because of upgrade from old package version, this can cause deterministic cooking issues please resave package.
[2017.03.28-17.36.33:638][  0]LogBlueprint:Warning: Node '/Game/MixamoAnimPack/Mixamo_Goblin/Anims/MixamoAnimBP_Goblin.MixamoAnimBP_Goblin:EventGraph.K2Node_IfThenElse_332' missing NodeGuid because of upgrade from old package version, this can cause deterministic cooking issues please resave package.
[2017.03.28-17.36.33:638][  0]LogBlueprint:Warning: Node '/Game/MixamoAnimPack/Mixamo_Goblin/Anims/MixamoAnimBP_Goblin.MixamoAnimBP_Goblin:EventGraph.K2Node_IfThenElse_413' missing NodeGuid because of upgrade from old package version, this can cause deterministic cooking issues please resave package.
[2017.03.28-17.36.33:638][  0]LogBlueprint:Warning: Node '/Game/MixamoAnimPack/Mixamo_Goblin/Anims/MixamoAnimBP_Goblin.MixamoAnimBP_Goblin:AnimGraph.AnimGraphNode_StateMachine_6.Default.AnimStateTransitionNode_12.Transition.K2Node_TransitionRuleGetter_8' missing NodeGuid because of upgrade from old package version, this can cause deterministic cooking issues please resave package.
[2017.03.28-17.36.33:638][  0]LogBlueprint:Warning: Node '/Game/MixamoAnimPack/Mixamo_Goblin/Anims/MixamoAnimBP_Goblin.MixamoAnimBP_Goblin:AnimGraph.AnimGraphNode_StateMachine_6.Default.AnimStateTransitionNode_6.AnimationTransitionGraph_65.K2Node_TransitionRuleGetter_17' missing NodeGuid because of upgrade from old package version, this can cause deterministic cooking issues please resave package.
[2017.03.28-17.36.33:638][  0]LogBlueprint:Warning: Node '/Game/MixamoAnimPack/Mixamo_Goblin/Anims/MixamoAnimBP_Goblin.MixamoAnimBP_Goblin:AnimGraph.AnimGraphNode_StateMachine_6.Default.AnimStateTransitionNode_6.AnimationTransitionGraph_65.K2Node_TransitionRuleGetter_182' missing NodeGuid because of upgrade from old package version, this can cause deterministic cooking issues please resave package.
[2017.03.28-17.36.33:638][  0]LogBlueprint:Warning: Node '/Game/MixamoAnimPack/Mixamo_Goblin/Anims/MixamoAnimBP_Goblin.MixamoAnimBP_Goblin:AnimGraph.AnimGraphNode_StateMachine_6.Default.AnimStateNode_1.Locomotion/Idle.K2Node_VariableGet_589' missing NodeGuid because of upgrade from old package version, this can cause deterministic cooking issues please resave package.
[2017.03.28-17.36.33:638][  0]LogBlueprint:Warning: Node '/Game/MixamoAnimPack/Mixamo_Goblin/Anims/MixamoAnimBP_Goblin.MixamoAnimBP_Goblin:AnimGraph.AnimGraphNode_StateMachine_6.Default.AnimStateTransitionNode_1.Transition.K2Node_VariableGet_208' missing NodeGuid because of upgrade from old package version, this can cause deterministic cooking issues please resave package.
[2017.03.28-17.36.33:638][  0]LogBlueprint:Warning: Node '/Game/MixamoAnimPack/Mixamo_Goblin/Anims/MixamoAnimBP_Goblin.MixamoAnimBP_Goblin:AnimGraph.AnimGraphNode_StateMachine_6.Default.AnimStateTransitionNode_2.Transition.K2Node_VariableGet_125' missing NodeGuid because of upgrade from old package version, this can cause deterministic cooking issues please resave package.
[2017.03.28-17.36.33:638][  0]LogBlueprint:Warning: Node '/Game/MixamoAnimPack/Mixamo_Goblin/Anims/MixamoAnimBP_Goblin.MixamoAnimBP_Goblin:AnimGraph.AnimGraphNode_StateMachine_6.Default.AnimStateTransitionNode_2.Transition.K2Node_VariableGet_129' missing NodeGuid because of upgrade from old package version, this can cause deterministic cooking issues please resave package.
[2017.03.28-17.36.33:639][  0]LogBlueprint:Warning: Node '/Game/MixamoAnimPack/Mixamo_Goblin/Anims/MixamoAnimBP_Goblin.MixamoAnimBP_Goblin:AnimGraph.AnimGraphNode_StateMachine_6.Default.AnimStateTransitionNode_5.Transition.K2Node_VariableGet_1066' missing NodeGuid because of upgrade from old package version, this can cause deterministic cooking issues please resave package.
[2017.03.28-17.36.33:639][  0]LogBlueprint:Warning: Node '/Game/MixamoAnimPack/Mixamo_Goblin/Anims/MixamoAnimBP_Goblin.MixamoAnimBP_Goblin:AnimGraph.AnimGraphNode_StateMachine_6.Default.AnimStateTransitionNode_5.Transition.K2Node_VariableGet_74' missing NodeGuid because of upgrade from old package version, this can cause deterministic cooking issues please resave package.
[2017.03.28-17.36.33:639][  0]LogBlueprint:Warning: Node '/Game/MixamoAnimPack/Mixamo_Goblin/Anims/MixamoAnimBP_Goblin.MixamoAnimBP_Goblin:AnimGraph.AnimGraphNode_StateMachine_6.Default.AnimStateTransitionNode_7.Transition.K2Node_VariableGet_1084' missing NodeGuid because of upgrade from old package version, this can cause deterministic cooking issues please resave package.
[2017.03.28-17.36.33:639][  0]LogBlueprint:Warning: Node '/Game/MixamoAnimPack/Mixamo_Goblin/Anims/MixamoAnimBP_Goblin.MixamoAnimBP_Goblin:AnimGraph.AnimGraphNode_StateMachine_6.Default.AnimStateTransitionNode_8.Transition.K2Node_VariableGet_624' missing NodeGuid because of upgrade from old package version, this can cause deterministic cooking issues please resave package.
[2017.03.28-17.36.33:639][  0]LogBlueprint:Warning: Node '/Game/MixamoAnimPack/Mixamo_Goblin/Anims/MixamoAnimBP_Goblin.MixamoAnimBP_Goblin:CanJump.K2Node_VariableGet_2488' missing NodeGuid because of upgrade from old package version, this can cause deterministic cooking issues please resave package.
[2017.03.28-17.36.33:639][  0]LogBlueprint:Warning: Node '/Game/MixamoAnimPack/Mixamo_Goblin/Anims/MixamoAnimBP_Goblin.MixamoAnimBP_Goblin:EventGraph.K2Node_VariableGet_1007' missing NodeGuid because of upgrade from old package version, this can cause deterministic cooking issues please resave package.
[2017.03.28-17.36.33:639][  0]LogBlueprint:Warning: Node '/Game/MixamoAnimPack/Mixamo_Goblin/Anims/MixamoAnimBP_Goblin.MixamoAnimBP_Goblin:EventGraph.K2Node_VariableGet_1157' missing NodeGuid because of upgrade from old package version, this can cause deterministic cooking issues please resave package.
[2017.03.28-17.36.33:639][  0]LogBlueprint:Warning: Node '/Game/MixamoAnimPack/Mixamo_Goblin/Anims/MixamoAnimBP_Goblin.MixamoAnimBP_Goblin:EventGraph.K2Node_VariableGet_3156' missing NodeGuid because of upgrade from old package version, this can cause deterministic cooking issues please resave package.
[2017.03.28-17.36.33:639][  0]LogBlueprint:Warning: Node '/Game/MixamoAnimPack/Mixamo_Goblin/Anims/MixamoAnimBP_Goblin.MixamoAnimBP_Goblin:EventGraph.K2Node_VariableSet_1402' missing NodeGuid because of upgrade from old package version, this can cause deterministic cooking issues please resave package.
[2017.03.28-17.36.33:639][  0]LogBlueprint:Warning: Node '/Game/MixamoAnimPack/Mixamo_Goblin/Anims/MixamoAnimBP_Goblin.MixamoAnimBP_Goblin:EventGraph.K2Node_VariableSet_2289' missing NodeGuid because of upgrade from old package version, this can cause deterministic cooking issues please resave package.
[2017.03.28-17.36.33:639][  0]LogBlueprint:Warning: Node '/Game/MixamoAnimPack/Mixamo_Goblin/Anims/MixamoAnimBP_Goblin.MixamoAnimBP_Goblin:EventGraph.K2Node_VariableSet_2465' missing NodeGuid because of upgrade from old package version, this can cause deterministic cooking issues please resave package.
[2017.03.28-17.36.33:639][  0]LogBlueprint:Warning: Node '/Game/MixamoAnimPack/Mixamo_Goblin/Anims/MixamoAnimBP_Goblin.MixamoAnimBP_Goblin:EventGraph.K2Node_VariableSet_74' missing NodeGuid because of upgrade from old package version, this can cause deterministic cooking issues please resave package.
[2017.03.28-17.36.33:896][  0]LogAIModule: Creating AISystem for world FirstPersonExampleMap
[2017.03.28-17.36.35:368][  0]LogMaterial:Warning: Material /Game/StarterContent/Props/Materials/M_Bush.M_Bush needed to have new flag set bUsedWithInstancedStaticMeshes !
[2017.03.28-17.36.35:370][  0]LogMaterial: Missing cached shader map for material M_Bush, compiling. 
[2017.03.28-17.36.35:371][  0]LogTemp:Display: Added material ShaderMap 0x0000028035593200 with Material 0x000002803409C280 to ShaderMapsBeingCompiled
[2017.03.28-17.36.35:465][  0]LogTemp:Display: Kicking off shader compilation for M_Bush, GameThreadShaderMap 0x0000028035593200
[2017.03.28-17.36.35:465][  0]MapCheck:Warning: Warning M_Bush Material /Game/StarterContent/Props/Materials/M_Bush.M_Bush was missing the usage flag bUsedWithInstancedStaticMeshes. If the material asset is not re-saved, it may not render correctly when run outside the editor. Fix
[2017.03.28-17.36.35:466][  0]LogMaterial: 0.00 seconds spent updating 1 materials, 1 interfaces, 0 instances, 0 with static permutations.
[2017.03.28-17.36.35:526][  0]LogEditorServer: Finished looking for orphan Actors (0.000 secs)
[2017.03.28-17.36.35:543][  0]Cmd: MAP CHECKDEP NOCLEARLOG
[2017.03.28-17.36.35:605][  0]MapCheck: Info Map check complete: 0 Error(s), 1 Warning(s), took 61.252ms to complete.
[2017.03.28-17.36.35:610][  0]LogFileHelpers: Loading map 'FirstPersonExampleMap' took 5.282
[2017.03.28-17.36.35:674][  0]LogWindowsTextInputMethodSystem:Display: IME system now deactivated.
[2017.03.28-17.36.35:870][  0]LogCollectionManager: Loaded 0 collections in 0.002672 seconds
[2017.03.28-17.36.36:003][  0]LogFileCache: Scanning file cache for directory 'D:/cs524/unreal/MyProject/Saved/Collections/' took 0.01s
[2017.03.28-17.36.36:003][  0]LogFileCache: Scanning file cache for directory 'D:/cs524/unreal/MyProject/Content/Developers/Anurag/Collections/' took 0.01s
[2017.03.28-17.36.36:003][  0]LogFileCache: Scanning file cache for directory 'D:/cs524/unreal/MyProject/Content/Collections/' took 0.01s
[2017.03.28-17.36.36:003][  0]LogCollectionManager: Rebuilt the GUID cache for 0 collections in 0.000003 seconds
[2017.03.28-17.36.36:018][  0]LogContentBrowser: Native class hierarchy populated in 0.0149 seconds. Added 2245 classes and 453 folders.
[2017.03.28-17.36.36:027][  0]LogStats: UGameplayTagsManager::ConstructGameplayTagTree: Construct from data asset -  0.000 s
[2017.03.28-17.36.36:027][  0]LogStats: UGameplayTagsManager::ConstructGameplayTagTree: GameplayTagTreeChangedEvent.Broadcast -  0.000 s
[2017.03.28-17.36.36:168][  0]LogContentBrowser: Native class hierarchy updated for 'WidgetCarousel' in 0.0008 seconds. Added 0 classes and 0 folders.
[2017.03.28-17.36.36:236][  0]LogContentBrowser: Native class hierarchy updated for 'AddContentDialog' in 0.0005 seconds. Added 0 classes and 0 folders.
[2017.03.28-17.36.36:331][  0]LogContentBrowser: Native class hierarchy updated for 'SceneOutliner' in 0.0005 seconds. Added 1 classes and 2 folders.
[2017.03.28-17.36.36:422][  0]LogCrashTracker: Crashtracker disabled due to settings.
[2017.03.28-17.36.36:431][  0]LogUObjectGlobals:Warning: Failed to find object 'Class None.'
[2017.03.28-17.36.36:553][  0]LogContentBrowser: Native class hierarchy updated for 'HierarchicalLODOutliner' in 0.0015 seconds. Added 1 classes and 2 folders.
[2017.03.28-17.36.36:553][  0]LogLoad: (Engine Initialization) Total time: 23.15 seconds
[2017.03.28-17.36.36:553][  0]LogLoad: (Engine Initialization) Total Blueprint compile time: 0.28 seconds
[2017.03.28-17.36.36:553][  0]LogExternalProfiler: Found external profiler: VSPerf
[2017.03.28-17.36.36:553][  0]LogExternalProfiler: Using external profiler: VSPerf
[2017.03.28-17.36.36:563][  0]LogOcInput: OculusInput pre-init called
[2017.03.28-17.36.36:582][  0]LogContentStreaming: Texture pool size now 1000 MB
[2017.03.28-17.36.36:584][  0]LogSlate: Took 0.000306 seconds to synchronously load lazily loaded font '../../../Engine/Content/Slate/Fonts/Roboto-Bold.ttf' (160K)
[2017.03.28-17.36.36:590][  0]LogSlate: Took 0.000409 seconds to synchronously load lazily loaded font '../../../Engine/Content/Slate/Fonts/Roboto-Regular.ttf' (155K)
[2017.03.28-17.36.36:604][  0]LogSlate: Took 0.000326 seconds to synchronously load lazily loaded font '../../../Engine/Content/Editor/Slate/Fonts/FontAwesome.ttf' (139K)
[2017.03.28-17.36.36:739][  0]LogSlate: Took 0.000287 seconds to synchronously load lazily loaded font '../../../Engine/Content/Slate/Fonts/Roboto-Light.ttf' (159K)
[2017.03.28-17.36.36:821][  0]LogRenderer: Reallocating scene render targets to support 1208x576 NumSamples 1 (Frame:2).
[2017.03.28-17.36.37:126][  2]LogAssetRegistry: Asset discovery search completed in 15.1394 seconds
[2017.03.28-17.36.37:126][  2]LogCollectionManager: Rebuilt the object cache for 0 collections in 0.000013 seconds (found 0 objects)
[2017.03.28-17.36.37:126][  2]LogCollectionManager: Fixed up redirectors for 0 collections in 0.000035 seconds (updated 0 objects)
[2017.03.28-17.36.41:445][ 88]LogSlate: Took 0.000250 seconds to synchronously load lazily loaded font '../../../Engine/Content/Slate/Fonts/Roboto-Light.ttf' (159K)
[2017.03.28-17.36.42:021][ 88]LogSlate: Took 0.000193 seconds to synchronously load lazily loaded font '../../../Engine/Content/Slate/Fonts/Roboto-Regular.ttf' (155K)
[2017.03.28-17.36.42:224][ 88]LogContentBrowser: Native class hierarchy updated for 'BlueprintGraph' in 0.0009 seconds. Added 112 classes and 0 folders.
[2017.03.28-17.36.43:005][ 88]LogTemp:Display: Finished compile of shader map 0x0000028035593200
[2017.03.28-17.36.43:005][ 88]LogTemp:Display: Shader map M_Bush complete, GameThreadShaderMap 0x0000028035593200, marking material M_Bush as finished
[2017.03.28-17.36.43:005][ 88]LogTemp:Display: Marking material as finished 0x000002803409C280
[2017.03.28-17.36.43:015][ 88]LogSlate: Took 0.000194 seconds to synchronously load lazily loaded font '../../../Engine/Content/Editor/Slate/Fonts/Roboto-BoldCondensed.ttf' (158K)
[2017.03.28-17.36.43:216][ 89]LogSlate: Took 0.008409 seconds to synchronously load lazily loaded font '../../../Engine/Content/Editor/Slate/Fonts/Roboto-Italic.ttf' (157K)
[2017.03.28-17.36.59:102][348]LogTemp: Repeting last play command: Selected Viewport
[2017.03.28-17.36.59:112][348]LogBlueprintUserMessages: Early PlayInEditor Detection: Level '/Game/FirstPersonBP/Maps/FirstPersonExampleMap.FirstPersonExampleMap:PersistentLevel' has LevelScriptBlueprint '/Game/FirstPersonBP/Maps/FirstPersonExampleMap.FirstPersonExampleMap:PersistentLevel.FirstPersonExampleMap' with GeneratedClass '/Game/FirstPersonBP/Maps/FirstPersonExampleMap.FirstPersonExampleMap_C' with ClassGeneratedBy '/Game/FirstPersonBP/Maps/FirstPersonExampleMap.FirstPersonExampleMap:PersistentLevel.FirstPersonExampleMap'
[2017.03.28-17.36.59:112][348]LogPlayLevel: PlayLevel: No blueprints needed recompiling
[2017.03.28-17.36.59:112][348]PIE: New page: PIE session: FirstPersonExampleMap (Mar 28, 2017, 3:36:59 AM)
[2017.03.28-17.36.59:112][348]LogPlayLevel: Creating play world package: /Game/FirstPersonBP/Maps/UEDPIE_0_FirstPersonExampleMap
[2017.03.28-17.36.59:183][348]LogPlayLevel: PIE: StaticDuplicateObject took: (0.070013s)
[2017.03.28-17.36.59:184][348]LogAIModule: Creating AISystem for world FirstPersonExampleMap
[2017.03.28-17.36.59:184][348]LogPlayLevel: PIE: World Init took: (0.001152s)
[2017.03.28-17.36.59:184][348]LogPlayLevel: PIE: Created PIE world by copying editor world from /Game/FirstPersonBP/Maps/FirstPersonExampleMap.FirstPersonExampleMap to /Game/FirstPersonBP/Maps/UEDPIE_0_FirstPersonExampleMap.FirstPersonExampleMap (0.071499s)
[2017.03.28-17.36.59:223][348]LogInit: XAudio2 using 'Speakers (Realtek High Definition Audio)' : 2 channels at 48 kHz using 32 bits per sample (channel mask 0x3)
[2017.03.28-17.36.59:231][348]LogInit: FAudioDevice initialized.
[2017.03.28-17.36.59:279][348]LogLoad: Game class is 'FirstPersonGameMode_C'
[2017.03.28-17.36.59:285][348]LogWorld: Bringing World /Game/FirstPersonBP/Maps/UEDPIE_0_FirstPersonExampleMap.FirstPersonExampleMap up for play (max tick rate 0) at 2017.03.28-10.36.59
[2017.03.28-17.36.59:287][348]LogWorld: Bringing up level for play took: 0.006250
[2017.03.28-17.36.59:287][348]LogGameMode: FindPlayerStart: PATHS NOT DEFINED or NO PLAYERSTART with positive rating
[2017.03.28-17.36.59:332][348]LogContentBrowser: Native class hierarchy updated for 'MovieSceneCapture' in 0.0005 seconds. Added 11 classes and 0 folders.
[2017.03.28-17.36.59:334][348]PIE: Info Play in editor start time for /Game/FirstPersonBP/Maps/UEDPIE_0_FirstPersonExampleMap 1.063
[2017.03.28-17.36.59:334][348]LogBlueprintUserMessages: Late PlayInEditor Detection: Level '/Game/FirstPersonBP/Maps/FirstPersonExampleMap.FirstPersonExampleMap:PersistentLevel' has LevelScriptBlueprint '/Game/FirstPersonBP/Maps/FirstPersonExampleMap.FirstPersonExampleMap:PersistentLevel.FirstPersonExampleMap' with GeneratedClass '/Game/FirstPersonBP/Maps/FirstPersonExampleMap.FirstPersonExampleMap_C' with ClassGeneratedBy '/Game/FirstPersonBP/Maps/FirstPersonExampleMap.FirstPersonExampleMap:PersistentLevel.FirstPersonExampleMap'
[2017.03.28-17.37.22:444][691]LogBlueprintUserMessages: Early EndPlayMap Detection: Level '/Game/FirstPersonBP/Maps/FirstPersonExampleMap.FirstPersonExampleMap:PersistentLevel' has LevelScriptBlueprint '/Game/FirstPersonBP/Maps/FirstPersonExampleMap.FirstPersonExampleMap:PersistentLevel.FirstPersonExampleMap' with GeneratedClass '/Game/FirstPersonBP/Maps/FirstPersonExampleMap.FirstPersonExampleMap_C' with ClassGeneratedBy '/Game/FirstPersonBP/Maps/FirstPersonExampleMap.FirstPersonExampleMap:PersistentLevel.FirstPersonExampleMap'
[2017.03.28-17.37.22:568][691]LogBlueprintUserMessages: Late EndPlayMap Detection: Level '/Game/FirstPersonBP/Maps/FirstPersonExampleMap.FirstPersonExampleMap:PersistentLevel' has LevelScriptBlueprint '/Game/FirstPersonBP/Maps/FirstPersonExampleMap.FirstPersonExampleMap:PersistentLevel.FirstPersonExampleMap' with GeneratedClass '/Game/FirstPersonBP/Maps/FirstPersonExampleMap.FirstPersonExampleMap_C' with ClassGeneratedBy '/Game/FirstPersonBP/Maps/FirstPersonExampleMap.FirstPersonExampleMap:PersistentLevel.FirstPersonExampleMap'
[2017.03.28-17.38.37:232][290]LogUProjectInfo: Found projects:
[2017.03.28-17.38.42:637][346]Cmd: CLOSE_SLATE_MAINFRAME
[2017.03.28-17.38.42:957][347]Cmd: QUIT_EDITOR
[2017.03.28-17.38.43:827][347]LogWindowsTextInputMethodSystem:Display: IME system now deactivated.
[2017.03.28-17.38.43:848][347]LogExit: Preparing to exit.
[2017.03.28-17.38.45:071][347]LogExit: Editor shut down
[2017.03.28-17.38.45:071][347]LogExit: Transaction tracking system shut down
[2017.03.28-17.38.45:161][347]LogObj: Freed 0b from 0 cluster array pools.
[2017.03.28-17.38.45:161][347]LogExit: Object subsystem successfully closed.
[2017.03.28-17.38.45:178][347]LogD3D11RHI: Shutdown
[2017.03.28-17.38.45:178][347]LogD3D11RHI: CleanupD3DDevice
[2017.03.28-17.38.45:248][347]LogD3D11RHI: ~FD3D11DynamicRHI
[2017.03.28-17.38.45:264][347]LogModuleManager: Shutting down and abandoning module MovieSceneCapture (504)
[2017.03.28-17.38.45:264][347]LogModuleManager: Shutting down and abandoning module BlueprintGraph (502)
[2017.03.28-17.38.45:264][347]LogModuleManager: Shutting down and abandoning module BlueprintProfiler (500)
[2017.03.28-17.38.45:264][347]LogModuleManager: Shutting down and abandoning module HierarchicalLODOutliner (498)
[2017.03.28-17.38.45:264][347]LogModuleManager: Shutting down and abandoning module CrashTracker (496)
[2017.03.28-17.38.45:264][347]LogModuleManager: Shutting down and abandoning module SceneOutliner (494)
[2017.03.28-17.38.45:264][347]LogModuleManager: Shutting down and abandoning module AddContentDialog (492)
[2017.03.28-17.38.45:264][347]LogDirectoryWatcher: A directory notification for 'C:/Program Files/Epic Games/UE_4.15/FeaturePacks/' was aborted.
[2017.03.28-17.38.45:266][347]LogModuleManager: Shutting down and abandoning module WidgetCarousel (491)
[2017.03.28-17.38.45:266][347]LogModuleManager: Shutting down and abandoning module EditorWidgets (488)
[2017.03.28-17.38.45:266][347]LogModuleManager: Shutting down and abandoning module CollectionManager (486)
[2017.03.28-17.38.45:266][347]LogDirectoryWatcher: A directory notification for 'D:/cs524/unreal/MyProject/Content/Collections/' was aborted.
[2017.03.28-17.38.45:267][347]LogDirectoryWatcher: A directory notification for 'D:/cs524/unreal/MyProject/Content/Developers/Anurag/Collections/' was aborted.
[2017.03.28-17.38.45:267][347]LogDirectoryWatcher: A directory notification for 'D:/cs524/unreal/MyProject/Saved/Collections/' was aborted.
[2017.03.28-17.38.45:267][347]LogModuleManager: Shutting down and abandoning module StatsViewer (484)
[2017.03.28-17.38.45:267][347]LogModuleManager: Shutting down and abandoning module FoliageEdit (482)
[2017.03.28-17.38.45:267][347]LogModuleManager: Shutting down and abandoning module LandscapeEditor (480)
[2017.03.28-17.38.45:267][347]LogModuleManager: Shutting down and abandoning module SceneDepthPickerMode (478)
[2017.03.28-17.38.45:267][347]LogModuleManager: Shutting down and abandoning module ActorPickerMode (476)
[2017.03.28-17.38.45:267][347]LogModuleManager: Shutting down and abandoning module GeometryMode (474)
[2017.03.28-17.38.45:267][347]LogModuleManager: Shutting down and abandoning module TextureAlignMode (472)
[2017.03.28-17.38.45:267][347]LogModuleManager: Shutting down and abandoning module BspMode (470)
[2017.03.28-17.38.45:267][347]LogModuleManager: Shutting down and abandoning module HardwareSurvey (468)
[2017.03.28-17.38.45:267][347]LogModuleManager: Shutting down and abandoning module SequenceRecorderSections (466)
[2017.03.28-17.38.45:267][347]LogModuleManager: Shutting down and abandoning module AutomationWorker (464)
[2017.03.28-17.38.45:267][347]LogModuleManager: Shutting down and abandoning module MatineeToLevelSequence (462)
[2017.03.28-17.38.45:267][347]LogModuleManager: Shutting down and abandoning module LevelSequenceEditor (460)
[2017.03.28-17.38.45:267][347]LogModuleManager: Shutting down and abandoning module PlacementMode (459)
[2017.03.28-17.38.45:267][347]LogModuleManager: Shutting down and abandoning module WmfMediaFactory (456)
[2017.03.28-17.38.45:267][347]LogModuleManager: Shutting down and abandoning module WmfMediaEditor (454)
[2017.03.28-17.38.45:267][347]LogModuleManager: Shutting down and abandoning module MfMediaFactory (452)
[2017.03.28-17.38.45:267][347]LogModuleManager: Shutting down and abandoning module MfMediaEditor (450)
[2017.03.28-17.38.45:267][347]LogModuleManager: Shutting down and abandoning module AvfMediaFactory (448)
[2017.03.28-17.38.45:267][347]LogModuleManager: Shutting down and abandoning module AvfMediaEditor (446)
[2017.03.28-17.38.45:267][347]LogModuleManager: Shutting down and abandoning module AndroidMediaFactory (444)
[2017.03.28-17.38.45:267][347]LogModuleManager: Shutting down and abandoning module Media (443)
[2017.03.28-17.38.45:267][347]LogModuleManager: Shutting down and abandoning module AndroidMediaEditor (440)
[2017.03.28-17.38.45:267][347]LogModuleManager: Shutting down and abandoning module CharacterAI (438)
[2017.03.28-17.38.45:267][347]LogModuleManager: Shutting down and abandoning module AudioCapture (436)
[2017.03.28-17.38.45:267][347]LogModuleManager: Shutting down and abandoning module SequenceRecorder (435)
[2017.03.28-17.38.45:267][347]LogModuleManager: Shutting down and abandoning module SmartSnapping (432)
[2017.03.28-17.38.45:267][347]LogModuleManager: Shutting down and abandoning module SessionServices (430)
[2017.03.28-17.38.45:267][347]LogModuleManager: Shutting down and abandoning module ViewportSnapping (428)
[2017.03.28-17.38.45:267][347]LogModuleManager: Shutting down and abandoning module ViewportInteraction (426)
[2017.03.28-17.38.45:267][347]LogModuleManager: Shutting down and abandoning module LogVisualizer (424)
[2017.03.28-17.38.45:267][347]LogModuleManager: Shutting down and abandoning module IntroTutorials (422)
[2017.03.28-17.38.45:267][347]LogModuleManager: Shutting down and abandoning module GameProjectGeneration (421)
[2017.03.28-17.38.45:267][347]LogModuleManager: Shutting down and abandoning module EditorLiveStreaming (418)
[2017.03.28-17.38.45:267][347]LogModuleManager: Shutting down and abandoning module IOSPlatformEditor (416)
[2017.03.28-17.38.45:267][347]LogModuleManager: Shutting down and abandoning module HTML5PlatformEditor (414)
[2017.03.28-17.38.45:267][347]LogModuleManager: Shutting down and abandoning module AndroidPlatformEditor (412)
[2017.03.28-17.38.45:267][347]LogModuleManager: Shutting down and abandoning module AndroidDeviceDetection (411)
[2017.03.28-17.38.45:785][347]LogModuleManager: Shutting down and abandoning module IOSRuntimeSettings (408)
[2017.03.28-17.38.45:785][347]LogModuleManager: Shutting down and abandoning module AndroidRuntimeSettings (406)
[2017.03.28-17.38.45:785][347]LogModuleManager: Shutting down and abandoning module InputBindingEditor (404)
[2017.03.28-17.38.45:785][347]LogModuleManager: Shutting down and abandoning module NiagaraEditor (402)
[2017.03.28-17.38.45:785][347]LogModuleManager: Shutting down and abandoning module MergeActors (400)
[2017.03.28-17.38.45:785][347]LogModuleManager: Shutting down and abandoning module SizeMap (398)
[2017.03.28-17.38.45:785][347]LogModuleManager: Shutting down and abandoning module TreeMap (396)
[2017.03.28-17.38.45:785][347]LogModuleManager: Shutting down and abandoning module ReferenceViewer (394)
[2017.03.28-17.38.45:785][347]LogModuleManager: Shutting down and abandoning module LocalizationDashboard (392)
[2017.03.28-17.38.45:785][347]LogModuleManager: Shutting down and abandoning module LocalizationService (391)
[2017.03.28-17.38.45:785][347]LogModuleManager: Shutting down and abandoning module HardwareTargeting (388)
[2017.03.28-17.38.45:785][347]LogModuleManager: Shutting down and abandoning module DeviceProfileEditor (386)
[2017.03.28-17.38.45:785][347]LogModuleManager: Shutting down and abandoning module UndoHistory (384)
[2017.03.28-17.38.45:785][347]LogModuleManager: Shutting down and abandoning module UserFeedback (382)
[2017.03.28-17.38.45:785][347]LogModuleManager: Shutting down and abandoning module XmlParser (380)
[2017.03.28-17.38.45:785][347]LogModuleManager: Shutting down and abandoning module Blutility (378)
[2017.03.28-17.38.45:785][347]LogModuleManager: Shutting down and abandoning module ProjectSettingsViewer (376)
[2017.03.28-17.38.45:785][347]LogModuleManager: Shutting down and abandoning module ProjectTargetPlatformEditor (375)
[2017.03.28-17.38.45:785][347]LogModuleManager: Shutting down and abandoning module EditorSettingsViewer (372)
[2017.03.28-17.38.45:785][347]LogModuleManager: Shutting down and abandoning module SettingsEditor (370)
[2017.03.28-17.38.45:785][347]LogModuleManager: Shutting down and abandoning module ProjectLauncher (368)
[2017.03.28-17.38.45:785][347]LogModuleManager: Shutting down and abandoning module SessionFrontend (366)
[2017.03.28-17.38.45:785][347]LogModuleManager: Shutting down and abandoning module ProfilerClient (364)
[2017.03.28-17.38.45:785][347]LogModuleManager: Shutting down and abandoning module DeviceManager (362)
[2017.03.28-17.38.45:786][347]LogModuleManager: Shutting down and abandoning module TargetDeviceServices (361)
[2017.03.28-17.38.45:830][347]LogModuleManager: Shutting down and abandoning module AutomationController (358)
[2017.03.28-17.38.45:830][347]LogModuleManager: Shutting down and abandoning module AutomationWindow (356)
[2017.03.28-17.38.45:830][347]LogModuleManager: Shutting down and abandoning module Layers (354)
[2017.03.28-17.38.45:830][347]LogModuleManager: Shutting down and abandoning module ComponentVisualizers (352)
[2017.03.28-17.38.45:830][347]LogModuleManager: Shutting down and abandoning module DetailCustomizations (350)
[2017.03.28-17.38.45:830][347]LogModuleManager: Shutting down and abandoning module PackagesDialog (348)
[2017.03.28-17.38.45:830][347]LogModuleManager: Shutting down and abandoning module Persona (346)
[2017.03.28-17.38.45:830][347]LogModuleManager: Shutting down and abandoning module AnimGraph (345)
[2017.03.28-17.38.45:830][347]LogModuleManager: Shutting down and abandoning module Kismet (342)
[2017.03.28-17.38.45:835][347]LogModuleManager: Shutting down and abandoning module GraphEditor (340)
[2017.03.28-17.38.45:835][347]LogModuleManager: Shutting down and abandoning module ClassViewer (338)
[2017.03.28-17.38.45:835][347]LogModuleManager: Shutting down and abandoning module Toolbox (336)
[2017.03.28-17.38.45:835][347]LogModuleManager: Shutting down and abandoning module ModuleUI (334)
[2017.03.28-17.38.45:835][347]LogModuleManager: Shutting down and abandoning module MovieSceneTools (332)
[2017.03.28-17.38.45:835][347]LogModuleManager: Shutting down and abandoning module OutputLog (330)
[2017.03.28-17.38.45:835][347]LogModuleManager: Shutting down and abandoning module GammaUI (328)
[2017.03.28-17.38.45:835][347]LogModuleManager: Shutting down and abandoning module Documentation (326)
[2017.03.28-17.38.45:836][347]LogModuleManager: Shutting down and abandoning module Niagara (324)
[2017.03.28-17.38.45:836][347]LogModuleManager: Shutting down and abandoning module StreamingPauseRendering (322)
[2017.03.28-17.38.45:836][347]LogModuleManager: Shutting down and abandoning module AnalyticsET (320)
[2017.03.28-17.38.45:836][347]LogModuleManager: Shutting down and abandoning module PortalServices (318)
[2017.03.28-17.38.45:836][347]LogModuleManager: Shutting down and abandoning module PortalRpc (316)
[2017.03.28-17.38.45:836][347]LogModuleManager: Shutting down and abandoning module MessagingRpc (314)
[2017.03.28-17.38.45:836][347]LogModuleManager: Shutting down and abandoning module AIModule (312)
[2017.03.28-17.38.45:836][347]LogModuleManager: Shutting down and abandoning module GameplayDebugger (311)
[2017.03.28-17.38.45:836][347]LogModuleManager: Shutting down and abandoning module AITestSuite (309)
[2017.03.28-17.38.45:836][347]LogModuleManager: Shutting down and abandoning module ProfilerService (306)
[2017.03.28-17.38.45:893][347]LogModuleManager: Shutting down and abandoning module TaskGraph (304)
[2017.03.28-17.38.45:893][347]LogModuleManager: Shutting down and abandoning module SteamVRController (302)
[2017.03.28-17.38.45:893][347]LogModuleManager: Shutting down and abandoning module SteamVR (300)
[2017.03.28-17.38.45:893][347]LogModuleManager: Shutting down and abandoning module ProceduralMeshComponentEditor (298)
[2017.03.28-17.38.45:893][347]LogModuleManager: Shutting down and abandoning module ProceduralMeshComponent (296)
[2017.03.28-17.38.45:893][347]LogModuleManager: Shutting down and abandoning module OculusLibrary (294)
[2017.03.28-17.38.45:893][347]LogModuleManager: Shutting down and abandoning module OculusInput (292)
[2017.03.28-17.38.45:893][347]LogModuleManager: Shutting down and abandoning module MobilePatchingUtils (290)
[2017.03.28-17.38.45:893][347]LogModuleManager: Shutting down and abandoning module CustomMeshComponent (288)
[2017.03.28-17.38.45:893][347]LogModuleManager: Shutting down and abandoning module CableComponent (286)
[2017.03.28-17.38.45:893][347]LogModuleManager: Shutting down and abandoning module ArchVisCharacter (284)
[2017.03.28-17.38.45:893][347]LogModuleManager: Shutting down and abandoning module MediaPlayerEditor (280)
[2017.03.28-17.38.45:893][347]LogModuleManager: Shutting down and abandoning module HTML5Networking (278)
[2017.03.28-17.38.45:893][347]LogModuleManager: Shutting down and abandoning module AlembicImporter (276)
[2017.03.28-17.38.45:893][347]LogModuleManager: Shutting down and abandoning module AlembicLibrary (275)
[2017.03.28-17.38.45:893][347]LogModuleManager: Shutting down and abandoning module GeometryCache (274)
[2017.03.28-17.38.45:893][347]LogModuleManager: Shutting down and abandoning module GeometryCacheEd (273)
[2017.03.28-17.38.45:893][347]LogModuleManager: Shutting down and abandoning module SuperSearchEditor (268)
[2017.03.28-17.38.45:893][347]LogModuleManager: Shutting down and abandoning module SuperSearch (267)
[2017.03.28-17.38.45:893][347]LogModuleManager: Shutting down and abandoning module SpeedTreeImporter (264)
[2017.03.28-17.38.45:893][347]LogModuleManager: Shutting down and abandoning module PluginBrowser (262)
[2017.03.28-17.38.45:893][347]LogModuleManager: Shutting down and abandoning module MobileLauncherProfileWizard (260)
[2017.03.28-17.38.45:893][347]LogModuleManager: Shutting down and abandoning module EpicSurvey (258)
[2017.03.28-17.38.45:893][347]LogModuleManager: Shutting down and abandoning module VisualStudioSourceCodeAccess (256)
[2017.03.28-17.38.45:893][347]LogModuleManager: Shutting down and abandoning module DesktopPlatform (255)
[2017.03.28-17.38.45:893][347]LogModuleManager: Shutting down and abandoning module UObjectPlugin (252)
[2017.03.28-17.38.45:893][347]LogModuleManager: Shutting down and abandoning module SubversionSourceControl (250)
[2017.03.28-17.38.45:893][347]LogModuleManager: Shutting down and abandoning module PerforceSourceControl (248)
[2017.03.28-17.38.45:893][347]LogModuleManager: Shutting down and abandoning module GitSourceControl (246)
[2017.03.28-17.38.45:893][347]LogModuleManager: Shutting down and abandoning module SourceControl (245)
[2017.03.28-17.38.45:893][347]LogModuleManager: Shutting down and abandoning module LightPropagationVolumeEditor (242)
[2017.03.28-17.38.45:893][347]LogModuleManager: Shutting down and abandoning module PaperTiledImporter (240)
[2017.03.28-17.38.45:893][347]LogModuleManager: Shutting down and abandoning module PaperSpriteSheetImporter (238)
[2017.03.28-17.38.45:894][347]LogModuleManager: Shutting down and abandoning module Paper2DEditor (236)
[2017.03.28-17.38.45:894][347]LogModuleManager: Shutting down and abandoning module MeshPaint (235)
[2017.03.28-17.38.45:894][347]LogModuleManager: Shutting down and abandoning module LevelEditor (233)
[2017.03.28-17.38.45:894][347]LogModuleManager: Shutting down and abandoning module PixelInspectorModule (232)
[2017.03.28-17.38.45:894][347]LogModuleManager: Shutting down and abandoning module MainFrame (230)
[2017.03.28-17.38.45:894][347]LogModuleManager: Shutting down and abandoning module HotReload (229)
[2017.03.28-17.38.45:895][347]LogModuleManager: Shutting down and abandoning module ContentBrowser (225)
[2017.03.28-17.38.45:896][347]LogModuleManager: Shutting down and abandoning module PhysXVehiclesEditor (222)
[2017.03.28-17.38.45:896][347]LogModuleManager: Shutting down and abandoning module PhysXVehicles (220)
[2017.03.28-17.38.45:896][347]LogModuleManager: Shutting down and abandoning module LocationServicesBPLibrary (218)
[2017.03.28-17.38.45:896][347]LogModuleManager: Shutting down and abandoning module UdpMessaging (216)
[2017.03.28-17.38.45:997][347]LogModuleManager: Shutting down and abandoning module TcpMessaging (214)
[2017.03.28-17.38.46:097][347]LogModuleManager: Shutting down and abandoning module GameplayTagsEditor (212)
[2017.03.28-17.38.46:097][347]LogModuleManager: Shutting down and abandoning module FacialAnimationEditor (210)
[2017.03.28-17.38.46:097][347]LogModuleManager: Shutting down and abandoning module FacialAnimation (208)
[2017.03.28-17.38.46:097][347]LogModuleManager: Shutting down and abandoning module LightPropagationVolumeRuntime (206)
[2017.03.28-17.38.46:097][347]LogModuleManager: Shutting down and abandoning module Paper2D (204)
[2017.03.28-17.38.46:097][347]LogModuleManager: Shutting down and abandoning module WindowsMoviePlayer (202)
[2017.03.28-17.38.46:097][347]LogModuleManager: Shutting down and abandoning module WmfMedia (200)
[2017.03.28-17.38.46:097][347]LogModuleManager: Shutting down and abandoning module MfMedia (198)
[2017.03.28-17.38.46:097][347]LogModuleManager: Shutting down and abandoning module MediaAssets (196)
[2017.03.28-17.38.46:097][347]LogModuleManager: Shutting down and abandoning module GameLiveStreaming (194)
[2017.03.28-17.38.46:097][347]LogModuleManager: Shutting down and abandoning module VREditor (192)
[2017.03.28-17.38.46:097][347]LogModuleManager: Shutting down and abandoning module GameplayTasksEditor (190)
[2017.03.28-17.38.46:097][347]LogModuleManager: Shutting down and abandoning module BehaviorTreeEditor (188)
[2017.03.28-17.38.46:097][347]LogModuleManager: Shutting down and abandoning module FunctionalTesting (186)
[2017.03.28-17.38.46:097][347]LogModuleManager: Shutting down and abandoning module CollisionAnalyzer (184)
[2017.03.28-17.38.46:097][347]LogModuleManager: Shutting down and abandoning module UMG (182)
[2017.03.28-17.38.46:097][347]LogModuleManager: Shutting down and abandoning module UMGEditor (181)
[2017.03.28-17.38.46:097][347]LogModuleManager: Shutting down and abandoning module Sequencer (180)
[2017.03.28-17.38.46:097][347]LogModuleManager: Shutting down and abandoning module AssetTools (178)
[2017.03.28-17.38.46:097][347]LogModuleManager: Shutting down and abandoning module MessageLog (177)
[2017.03.28-17.38.46:097][347]LogModuleManager: Shutting down and abandoning module WorkspaceMenuStructure (176)
[2017.03.28-17.38.46:097][347]LogModuleManager: Shutting down and abandoning module SlateReflector (170)
[2017.03.28-17.38.46:097][347]LogModuleManager: Shutting down and abandoning module Slate (168)
[2017.03.28-17.38.46:097][347]LogModuleManager: Shutting down and abandoning module EditorStyle (166)
[2017.03.28-17.38.46:099][347]LogModuleManager: Shutting down and abandoning module SourceCodeAccess (164)
[2017.03.28-17.38.46:099][347]LogModuleManager: Shutting down and abandoning module HeadMountedDisplay (162)
[2017.03.28-17.38.46:099][347]LogModuleManager: Shutting down and abandoning module XAudio2 (160)
[2017.03.28-17.38.46:100][347]LogModuleManager: Shutting down and abandoning module Networking (158)
[2017.03.28-17.38.46:100][347]LogModuleManager: Shutting down and abandoning module Core (154)
[2017.03.28-17.38.46:100][347]LogModuleManager: Shutting down and abandoning module AssetRegistry (152)
[2017.03.28-17.38.46:268][347]LogDirectoryWatcher: A directory notification for '../../../Engine/Content/' was aborted.
[2017.03.28-17.38.46:268][347]LogDirectoryWatcher: A directory notification for 'D:/cs524/unreal/MyProject/Content/' was aborted.
[2017.03.28-17.38.46:268][347]LogDirectoryWatcher: A directory notification for '../../../Engine/Plugins/2D/Paper2D/Content/' was aborted.
[2017.03.28-17.38.46:268][347]LogModuleManager: Shutting down and abandoning module DirectoryWatcher (151)
[2017.03.28-17.38.46:269][347]LogModuleManager: Shutting down and abandoning module KismetCompiler (148)
[2017.03.28-17.38.46:269][347]LogModuleManager: Shutting down and abandoning module PhysXFormats (146)
[2017.03.28-17.38.46:269][347]LogModuleManager: Shutting down and abandoning module MeshUtilities (144)
[2017.03.28-17.38.46:269][347]LogModuleManager: Shutting down and abandoning module SimplygonSwarm (143)
[2017.03.28-17.38.46:269][347]LogModuleManager: Shutting down and abandoning module SimplygonMeshReduction (141)
[2017.03.28-17.38.46:269][347]LogModuleManager: Shutting down and abandoning module QuadricMeshReduction (139)
[2017.03.28-17.38.46:269][347]LogModuleManager: Shutting down and abandoning module PropertyEditor (137)
[2017.03.28-17.38.46:269][347]LogModuleManager: Shutting down and abandoning module DerivedDataCache (134)
[2017.03.28-17.38.46:295][347]LogDerivedDataCache: Shutdown
[2017.03.28-17.38.46:295][347]LogModuleManager: Shutting down and abandoning module TargetPlatform (132)
[2017.03.28-17.38.46:295][347]LogModuleManager: Shutting down and abandoning module VulkanShaderFormat (131)
[2017.03.28-17.38.46:295][347]LogModuleManager: Shutting down and abandoning module ShaderFormatOpenGL (129)
[2017.03.28-17.38.46:295][347]LogModuleManager: Shutting down and abandoning module ShaderFormatD3D (127)
[2017.03.28-17.38.46:295][347]LogModuleManager: Shutting down and abandoning module MetalShaderFormat (125)
[2017.03.28-17.38.46:295][347]LogModuleManager: Shutting down and abandoning module TextureFormatUncompressed (123)
[2017.03.28-17.38.46:295][347]LogModuleManager: Shutting down and abandoning module TextureFormatPVR (121)
[2017.03.28-17.38.46:295][347]LogModuleManager: Shutting down and abandoning module TextureFormatDXT (119)
[2017.03.28-17.38.46:295][347]LogModuleManager: Shutting down and abandoning module TextureFormatIntelISPCTexComp (117)
[2017.03.28-17.38.46:295][347]LogModuleManager: Shutting down and abandoning module TextureFormatASTC (115)
[2017.03.28-17.38.46:295][347]LogModuleManager: Shutting down and abandoning module ImageWrapper (114)
[2017.03.28-17.38.46:295][347]LogModuleManager: Shutting down and abandoning module TextureFormatAndroid (111)
[2017.03.28-17.38.46:295][347]LogModuleManager: Shutting down and abandoning module AudioFormatOpus (109)
[2017.03.28-17.38.46:295][347]LogModuleManager: Shutting down and abandoning module AudioFormatOgg (107)
[2017.03.28-17.38.46:295][347]LogModuleManager: Shutting down and abandoning module AudioFormatADPCM (105)
[2017.03.28-17.38.46:295][347]LogModuleManager: Shutting down and abandoning module LinuxTargetPlatform (103)
[2017.03.28-17.38.46:295][347]LogModuleManager: Shutting down and abandoning module LinuxServerTargetPlatform (101)
[2017.03.28-17.38.46:295][347]LogModuleManager: Shutting down and abandoning module LinuxNoEditorTargetPlatform (99)
[2017.03.28-17.38.46:295][347]LogModuleManager: Shutting down and abandoning module LinuxClientTargetPlatform (97)
[2017.03.28-17.38.46:295][347]LogModuleManager: Shutting down and abandoning module TVOSTargetPlatform (95)
[2017.03.28-17.38.46:295][347]LogModuleManager: Shutting down and abandoning module Messaging (93)
[2017.03.28-17.38.46:295][347]LogModuleManager: Shutting down and abandoning module IOSTargetPlatform (91)
[2017.03.28-17.38.46:295][347]LogModuleManager: Shutting down and abandoning module HTML5TargetPlatform (89)
[2017.03.28-17.38.46:295][347]LogModuleManager: Shutting down and abandoning module Android_PVRTCTargetPlatform (87)
[2017.03.28-17.38.46:295][347]LogModuleManager: Shutting down and abandoning module Android_MultiTargetPlatform (85)
[2017.03.28-17.38.46:295][347]LogModuleManager: Shutting down and abandoning module Android_ETC2TargetPlatform (83)
[2017.03.28-17.38.46:295][347]LogModuleManager: Shutting down and abandoning module Android_ETC1TargetPlatform (81)
[2017.03.28-17.38.46:295][347]LogModuleManager: Shutting down and abandoning module Android_DXTTargetPlatform (79)
[2017.03.28-17.38.46:295][347]LogModuleManager: Shutting down and abandoning module Android_ATCTargetPlatform (77)
[2017.03.28-17.38.46:295][347]LogModuleManager: Shutting down and abandoning module Android_ASTCTargetPlatform (75)
[2017.03.28-17.38.46:295][347]LogModuleManager: Shutting down and abandoning module AndroidTargetPlatform (73)
[2017.03.28-17.38.46:295][347]LogModuleManager: Shutting down and abandoning module WindowsTargetPlatform (71)
[2017.03.28-17.38.46:295][347]LogModuleManager: Shutting down and abandoning module WindowsServerTargetPlatform (69)
[2017.03.28-17.38.46:295][347]LogModuleManager: Shutting down and abandoning module WindowsNoEditorTargetPlatform (67)
[2017.03.28-17.38.46:295][347]LogModuleManager: Shutting down and abandoning module WindowsClientTargetPlatform (65)
[2017.03.28-17.38.46:295][347]LogModuleManager: Shutting down and abandoning module MacTargetPlatform (63)
[2017.03.28-17.38.46:296][347]LogModuleManager: Shutting down and abandoning module MacServerTargetPlatform (61)
[2017.03.28-17.38.46:296][347]LogModuleManager: Shutting down and abandoning module MacNoEditorTargetPlatform (59)
[2017.03.28-17.38.46:296][347]LogModuleManager: Shutting down and abandoning module MacClientTargetPlatform (57)
[2017.03.28-17.38.46:296][347]LogModuleManager: Shutting down and abandoning module AllDesktopTargetPlatform (55)
[2017.03.28-17.38.46:296][347]LogModuleManager: Shutting down and abandoning module InputCore (52)
[2017.03.28-17.38.46:296][347]LogModuleManager: Shutting down and abandoning module Settings (50)
[2017.03.28-17.38.46:296][347]LogModuleManager: Shutting down and abandoning module OculusRift (48)
[2017.03.28-17.38.46:296][347]LogModuleManager: Shutting down and abandoning module GearVR (46)
[2017.03.28-17.38.46:296][347]LogModuleManager: Shutting down and abandoning module ExampleDeviceProfileSelector (44)
[2017.03.28-17.38.46:296][347]LogModuleManager: Shutting down and abandoning module OnlineBlueprintSupport (42)
[2017.03.28-17.38.46:296][347]LogModuleManager: Shutting down and abandoning module OnlineSubsystem (38)
[2017.03.28-17.38.46:296][347]LogOnline:Display: Unloading online subsystem: NULL
[2017.03.28-17.38.46:296][347]LogModuleManager: Shutting down and abandoning module XMPP (37)
[2017.03.28-17.38.46:296][347]LogModuleManager: Shutting down and abandoning module HTTP (35)
[2017.03.28-17.38.46:296][347]LogHttp:Display: Http module shutting down, but needs to wait on 1 outstanding Http requests:
[2017.03.28-17.38.46:296][347]LogHttp:Display: 	verb=[POST] url=[https://datarouter.ol.epicgames.com/datarouter/api/v1/public/data?SessionID=%7B8EA6DEBC-4828-978E-A964-949000C71D0C%7D&AppID=UEEditor.Rocket.Release&AppVersion=4.15.1-3348071%2B%2B%2BUE4%2BRelease-4.15&UserID=3fdbdf464cf35faefd6b259c8abe7caf%7Cb38037d142644fa592759415df0780b6%7C277dcc68-e87c-4983-ab23-8a31608a34c6&AppEnvironment=datacollector-binary&UploadType=eteventstream] status=Processing
[2017.03.28-17.38.46:318][347]LogModuleManager: Shutting down and abandoning module SSL (34)
[2017.03.28-17.38.46:319][347]LogModuleManager: Shutting down and abandoning module AudioEditor (30)
[2017.03.28-17.38.46:319][347]LogModuleManager: Shutting down and abandoning module TextureCompressor (28)
[2017.03.28-17.38.46:319][347]LogModuleManager: Shutting down and abandoning module ShaderCore (26)
[2017.03.28-17.38.46:319][347]LogModuleManager: Shutting down and abandoning module Landscape (24)
[2017.03.28-17.38.46:319][347]LogModuleManager: Shutting down and abandoning module SlateRHIRenderer (22)
[2017.03.28-17.38.46:320][347]LogModuleManager: Shutting down and abandoning module OpenGLDrv (20)
[2017.03.28-17.38.46:320][347]LogModuleManager: Shutting down and abandoning module D3D11RHI (18)
[2017.03.28-17.38.46:320][347]LogModuleManager: Shutting down and abandoning module AnimGraphRuntime (16)
[2017.03.28-17.38.46:320][347]LogModuleManager: Shutting down and abandoning module Renderer (14)
[2017.03.28-17.38.46:320][347]LogModuleManager: Shutting down and abandoning module Engine (12)
[2017.03.28-17.38.46:320][347]LogModuleManager: Shutting down and abandoning module CoreUObject (10)
[2017.03.28-17.38.46:320][347]LogModuleManager: Shutting down and abandoning module NetworkFile (8)
[2017.03.28-17.38.46:320][347]LogModuleManager: Shutting down and abandoning module StreamingFile (6)
[2017.03.28-17.38.46:320][347]LogModuleManager: Shutting down and abandoning module SandboxFile (4)
[2017.03.28-17.38.46:320][347]LogModuleManager: Shutting down and abandoning module PakFile (2)
[2017.03.28-17.38.46:322][347]LogExit: Exiting.
[2017.03.28-17.38.46:323][347]Log file closed, 03/28/17 10:38:46
