Log file open, 03/28/17 10:46:05
LogInit:Display: Running engine for game: MyProject
LogPlatformFile: Not using cached read wrapper
LogInit:Display: RandInit(-818121805) SRandInit(-818121805).
LogTaskGraph: Started task graph with 5 named threads and 8 total threads with 1 sets of task threads.
LogStats: Stats thread started at 0.077347
LogInit: Using libcurl 7.47.1
LogInit:  - built for x86_64-pc-win32
LogInit:  - supports SSL with OpenSSL/1.0.2g
LogInit:  - supports HTTP deflate (compression) using libz 1.2.8
LogInit:  - other features:
LogInit:      CURL_VERSION_SSL
LogInit:      CURL_VERSION_LIBZ
LogInit:      CURL_VERSION_IPV6
LogInit:      CURL_VERSION_ASYNCHDNS
LogInit:      CURL_VERSION_LARGEFILE
LogInit:      CURL_VERSION_IDN
LogInit:  CurlRequestOptions (configurable via config and command line):
LogInit:  - bVerifyPeer = false  - Libcurl will NOT verify peer certificate
LogInit:  - bUseHttpProxy = false  - Libcurl will NOT use HTTP proxy
LogInit:  - bDontReuseConnections = false  - Libcurl will reuse connections
LogInit:  - CertBundlePath = nullptr  - Libcurl will use whatever was configured at build time.
LogInit: Build: ++UE4+Release-4.15-CL-3348071
LogInit: Engine Version: 4.15.1-3348071+++UE4+Release-4.15
LogInit: Compatible Engine Version: 4.15.0-3299760+++UE4+Release-4.15
LogInit: Net CL: 3299760
LogDevObjectVersion: Number of dev versions registered: 14
LogDevObjectVersion:   Dev-Blueprints (B0D832E4-1F89-4F0D-ACCF-7EB736FD4AA2): 8
LogDevObjectVersion:   Dev-Build (E1C64328-A22C-4D53-A36C-8E866417BD8C): 0
LogDevObjectVersion:   Dev-Core (375EC13C-06E4-48FB-B500-84F0262A717E): 2
LogDevObjectVersion:   Dev-Editor (E4B068ED-F494-42E9-A231-DA0B2E46BB41): 14
LogDevObjectVersion:   Dev-Framework (CFFC743F-43B0-4480-9391-14DF171D2073): 22
LogDevObjectVersion:   Dev-Mobile (B02B49B5-BB20-44E9-A304-32B752E40360): 0
LogDevObjectVersion:   Dev-Networking (A4E4105C-59A1-49B5-A7C5-40C4547EDFEE): 0
LogDevObjectVersion:   Dev-Online (39C831C9-5AE6-47DC-9A44-9C173E1C8E7C): 0
LogDevObjectVersion:   Dev-Physics (78F01B33-EBEA-4F98-B9B4-84EACCB95AA2): 0
LogDevObjectVersion:   Dev-Platform (6631380F-2D4D-43E0-8009-CF276956A95A): 0
LogDevObjectVersion:   Dev-Rendering (12F88B9F-8875-4AFC-A67C-D90C383ABD29): 12
LogDevObjectVersion:   Dev-Sequencer (7B5AE74C-D270-4C10-A958-57980B212A5A): 3
LogDevObjectVersion:   Dev-VR (D7296918-1DD6-4BDD-9DE2-64A83CC13884): 0
LogDevObjectVersion:   Dev-LoadTimes (C2A15278-BFE7-4AFE-6C17-90FF531DF755): 1
LogInit: Compiled (64-bit): Mar 15 2017 16:52:47
LogInit: Compiled with Visual C++: 19.00.23026.00
LogInit: Build Configuration: Development
LogInit: Branch Name: ++UE4+Release-4.15
LogInit: Command line:  
LogInit: Base directory: C:/Program Files/Epic Games/UE_4.15/Engine/Binaries/Win64/
LogInit: Installed Engine Build: 1
LogInit: Presizing for max 8388607 objects, including 0 objects not considered by GC, pre-allocating 0 bytes for permanent pool.
LogInit: Object subsystem initialized
[2017.03.28-17.46.06:014][  0]LogInit: Selected Device Profile: [Windows]
[2017.03.28-17.46.06:014][  0]LogInit: Applying CVar settings loaded from the selected device profile: [Windows]
[2017.03.28-17.46.06:024][  0]LogInit: Computer: ANURAGTIWARI
[2017.03.28-17.46.06:024][  0]LogInit: User: Anurag
[2017.03.28-17.46.06:024][  0]LogInit: CPU Page size=65536, Cores=4
[2017.03.28-17.46.06:024][  0]LogInit: High frequency timer resolution =2.533209 MHz
[2017.03.28-17.46.06:025][  0]LogMemory: Memory total: Physical=16.0GB (16GB approx)
[2017.03.28-17.46.06:025][  0]LogMemory: Platform Memory Stats for Windows
[2017.03.28-17.46.06:025][  0]LogMemory: Process Physical Memory: 263.81 MB used, 263.81 MB peak
[2017.03.28-17.46.06:025][  0]LogMemory: Process Virtual Memory: 262.76 MB used, 262.76 MB peak
[2017.03.28-17.46.06:025][  0]LogMemory: Physical Memory: 7928.42 MB used,  8404.76 MB free, 16333.18 MB total
[2017.03.28-17.46.06:025][  0]LogMemory: Virtual Memory: 630.96 MB used,  8404.76 MB free, 134217728.00 MB total
[2017.03.28-17.46.06:127][  0]LogTextLocalizationManager: No specific translations for ('en-US') exist, so ('en') translations will be used.
[2017.03.28-17.46.06:734][  0]LogD3D11RHI: D3D11 adapters:
[2017.03.28-17.46.07:297][  0]LogD3D11RHI:    0. 'NVIDIA GeForce GTX 965M' (Feature Level 11_0)
[2017.03.28-17.46.07:297][  0]LogD3D11RHI:       2016/0/8166 MB DedicatedVideo/DedicatedSystem/SharedSystem, Outputs:1, VendorId:0x10de
[2017.03.28-17.46.07:298][  0]LogD3D11RHI:    1. 'Microsoft Basic Render Driver' (Feature Level 11_0)
[2017.03.28-17.46.07:298][  0]LogD3D11RHI:       0/0/8166 MB DedicatedVideo/DedicatedSystem/SharedSystem, Outputs:0, VendorId:0x1414
[2017.03.28-17.46.07:298][  0]LogD3D11RHI: Chosen D3D11 Adapter: 0
[2017.03.28-17.46.07:303][  0]LogD3D11RHI: Creating new Direct3DDevice
[2017.03.28-17.46.07:303][  0]LogD3D11RHI:     GPU DeviceId: 0x13d9 (for the marketing name, search the web for "GPU Device Id")
[2017.03.28-17.46.07:303][  0]LogWindows: EnumDisplayDevices:
[2017.03.28-17.46.07:303][  0]LogWindows:    0. 'NVIDIA GeForce GTX 965M' (P:1 D:1)
[2017.03.28-17.46.07:303][  0]LogWindows:    1. 'NVIDIA GeForce GTX 965M' (P:0 D:0)
[2017.03.28-17.46.07:303][  0]LogWindows:    2. 'NVIDIA GeForce GTX 965M' (P:0 D:0)
[2017.03.28-17.46.07:303][  0]LogWindows:    3. 'NVIDIA GeForce GTX 965M' (P:0 D:0)
[2017.03.28-17.46.07:304][  0]LogWindows: DebugString: FoundDriverCount:4 
[2017.03.28-17.46.07:304][  0]LogD3D11RHI:     Adapter Name: NVIDIA GeForce GTX 965M
[2017.03.28-17.46.07:304][  0]LogD3D11RHI:   Driver Version: 378.78 (internal:21.21.13.7878, unified:378.78)
[2017.03.28-17.46.07:304][  0]LogD3D11RHI:      Driver Date: 2-23-2017
[2017.03.28-17.46.07:304][  0]LogRHI: Texture pool is 1361 MB (70% of 1945 MB)
[2017.03.28-17.46.07:809][  0]LogD3D11RHI: Async texture creation enabled
[2017.03.28-17.46.07:837][  0]LogD3D11RHI: GPU Timing Frequency: 1000.000000 (Debug: 2 1)
[2017.03.28-17.46.07:879][  0]LogShaderCompilers: Guid format shader working directory is 21 characters bigger than the processId version (D:/cs524/unreal/MyProject/Intermediate/Shaders/WorkingDirectory/14464/).
[2017.03.28-17.46.07:879][  0]LogShaderCompilers: Cleaned the shader compiler working directory 'C:/Users/Anurag/AppData/Local/Temp/UnrealShaderWorkingDir/29DCEE8C49448240AFA37293CD842ADE/'.
[2017.03.28-17.46.07:879][  0]LogShaderCompilers:Display: Using Local Shader Compiler.
[2017.03.28-17.46.09:095][  0]LogTemp:Display: Loaded TP AllDesktopTargetPlatform
[2017.03.28-17.46.09:174][  0]LogTemp:Display: Loaded TP MacClientTargetPlatform
[2017.03.28-17.46.09:233][  0]LogTemp:Display: Loaded TP MacNoEditorTargetPlatform
[2017.03.28-17.46.09:297][  0]LogTemp:Display: Loaded TP MacServerTargetPlatform
[2017.03.28-17.46.09:358][  0]LogTemp:Display: Loaded TP MacTargetPlatform
[2017.03.28-17.46.09:420][  0]LogTemp:Display: Loaded TP WindowsClientTargetPlatform
[2017.03.28-17.46.09:484][  0]LogTemp:Display: Loaded TP WindowsNoEditorTargetPlatform
[2017.03.28-17.46.09:544][  0]LogTemp:Display: Loaded TP WindowsServerTargetPlatform
[2017.03.28-17.46.09:600][  0]LogTemp:Display: Loaded TP WindowsTargetPlatform
[2017.03.28-17.46.09:657][  0]LogTemp:Display: Loaded TP AndroidTargetPlatform
[2017.03.28-17.46.09:723][  0]LogTemp:Display: Loaded TP Android_ASTCTargetPlatform
[2017.03.28-17.46.09:783][  0]LogTemp:Display: Loaded TP Android_ATCTargetPlatform
[2017.03.28-17.46.09:849][  0]LogTemp:Display: Loaded TP Android_DXTTargetPlatform
[2017.03.28-17.46.09:914][  0]LogTemp:Display: Loaded TP Android_ETC1TargetPlatform
[2017.03.28-17.46.09:979][  0]LogTemp:Display: Loaded TP Android_ETC2TargetPlatform
[2017.03.28-17.46.10:121][  0]LogTemp:Display: Loaded TP Android_MultiTargetPlatform
[2017.03.28-17.46.10:121][  0]LogTemp:Display: Loaded TP Android_PVRTCTargetPlatform
[2017.03.28-17.46.10:166][  0]LogTemp:Display: Loaded TP HTML5TargetPlatform
[2017.03.28-17.46.10:287][  0]LogTemp:Display: Loaded TP IOSTargetPlatform
[2017.03.28-17.46.10:326][  0]LogTemp:Display: Loaded TP TVOSTargetPlatform
[2017.03.28-17.46.10:388][  0]LogTemp:Display: Loaded TP LinuxClientTargetPlatform
[2017.03.28-17.46.10:447][  0]LogTemp:Display: Loaded TP LinuxNoEditorTargetPlatform
[2017.03.28-17.46.10:505][  0]LogTemp:Display: Loaded TP LinuxServerTargetPlatform
[2017.03.28-17.46.10:563][  0]LogTemp:Display: Loaded TP LinuxTargetPlatform
[2017.03.28-17.46.10:563][  0]LogTargetPlatformManager:Display: Building Assets For Windows
[2017.03.28-17.46.11:112][  0]LogDerivedDataCache:Display: Max Cache Size: 512 MB
[2017.03.28-17.46.11:181][  0]LogDerivedDataCache: Loaded boot cache 0.07s 74MB C:/Users/Anurag/AppData/Local/UnrealEngine/4.15/DerivedDataCache/Boot.ddc.
[2017.03.28-17.46.11:181][  0]LogDerivedDataCache:Display: Loaded Boot cache: C:/Users/Anurag/AppData/Local/UnrealEngine/4.15/DerivedDataCache/Boot.ddc
[2017.03.28-17.46.11:181][  0]LogDerivedDataCache: FDerivedDataBackendGraph:  Pak pak cache file D:/cs524/unreal/MyProject/DerivedDataCache/DDC.ddp not found, will not use a pak cache.
[2017.03.28-17.46.11:181][  0]LogDerivedDataCache: Unable to find inner node Pak for hierarchical cache Hierarchy.
[2017.03.28-17.46.11:181][  0]LogDerivedDataCache: FDerivedDataBackendGraph:  CompressedPak pak cache file D:/cs524/unreal/MyProject/DerivedDataCache/Compressed.ddp not found, will not use a pak cache.
[2017.03.28-17.46.11:181][  0]LogDerivedDataCache: Unable to find inner node CompressedPak for hierarchical cache Hierarchy.
[2017.03.28-17.46.11:201][  0]LogDerivedDataCache:Display: Pak cache opened for reading ../../../Engine/DerivedDataCache/Compressed.ddp.
[2017.03.28-17.46.11:213][  0]LogDerivedDataCache: Using Local data cache path C:/Users/Anurag/AppData/Local/UnrealEngine/Common/DerivedDataCache: Writable
[2017.03.28-17.46.11:222][  0]LogSlate: Using Freetype 2.6.0
[2017.03.28-17.46.11:223][  0]LogSlate: SlateFontCache - WITH_FREETYPE: 1, WITH_HARFBUZZ: 1
[2017.03.28-17.46.11:223][  0]LogSlate: SlateFontCache - WITH_FREETYPE: 1, WITH_HARFBUZZ: 1
[2017.03.28-17.46.11:502][  0]LogInit: Selected Device Profile: [Windows]
[2017.03.28-17.46.11:505][  0]LogContentStreaming: Texture pool size is 0.00 MB
[2017.03.28-17.46.11:752][  0]LogMeshUtilities: Using QuadricMeshReduction for automatic static mesh reduction
[2017.03.28-17.46.11:809][  0]LogSimplygon: Simplygon DLL not present - disabling.
[2017.03.28-17.46.11:865][  0]LogMeshUtilities: Using SimplygonSwarm for distributed automatic mesh merging
[2017.03.28-17.46.11:865][  0]LogMeshUtilities: No automatic skeletal mesh reduction module available
[2017.03.28-17.46.11:865][  0]LogMeshUtilities: No automatic mesh merging module available
[2017.03.28-17.46.12:409][  0]LogNetVersion: GetLocalNetworkVersion: CL: 3299760, ProjectName: myproject, ProjectVersion: , EngineNetworkVersion: 2, GameNetworkVersion: 0, NetworkChecksum: 4136520461
[2017.03.28-17.46.12:459][  0]LogAssetRegistry: FAssetRegistry took 0.0223 seconds to start up
[2017.03.28-17.46.12:513][  0]LogPackageLocalizationCache: Processed 3 localized package path(s) for 2 prioritized culture(s) in 0.023658 seconds
[2017.03.28-17.46.12:520][  0]LogUObjectArray: 32493 objects as part of root set at end of initial load.
[2017.03.28-17.46.12:520][  0]LogUObjectAllocator: 7077032 out of 0 bytes used by permanent object pool.
[2017.03.28-17.46.12:520][  0]LogUObjectArray: CloseDisregardForGC: 0/0 objects in disregard for GC pool
[2017.03.28-17.46.12:607][  0]LogInit: WinSock: version 1.1 (2.2), MaxSocks=32767, MaxUdp=65467
[2017.03.28-17.46.14:322][  0]LogTcpMessaging: Initializing TcpMessaging bridge
[2017.03.28-17.46.14:369][  0]LogUdpMessaging: Initializing bridge on interface 0.0.0.0:0 to multicast group 230.0.0.1:6666.
[2017.03.28-17.46.14:866][  0]LogMaterial: Uniform references updated for custom material expression Custom.
[2017.03.28-17.46.15:320][  0]SourceControl: Info Source control is disabled
[2017.03.28-17.46.15:321][  0]SourceControl: Info Source control is disabled
[2017.03.28-17.46.15:385][  0]SourceControl: Info Source control is disabled
[2017.03.28-17.46.15:442][  0]SourceControl: Info Source control is disabled
[2017.03.28-17.46.16:880][  0]LogEngine: Initializing Engine...
[2017.03.28-17.46.16:881][  0]LogHMD: Failed to initialize OpenVR with code 110
[2017.03.28-17.46.17:128][  0]LogAIModule: Creating AISystem for world Untitled
[2017.03.28-17.46.17:136][  0]LogInit: XAudio2 using 'Speakers (Realtek High Definition Audio)' : 2 channels at 48 kHz using 32 bits per sample (channel mask 0x3)
[2017.03.28-17.46.17:376][  0]LogInit: FAudioDevice initialized.
[2017.03.28-17.46.17:458][  0]LogDerivedDataCache: Saved boot cache 0.08s 74MB C:/Users/Anurag/AppData/Local/UnrealEngine/4.15/DerivedDataCache/Boot.ddc.
[2017.03.28-17.46.17:465][  0]LogInit: Texture streaming: Enabled
[2017.03.28-17.46.17:577][  0]LogEngineSessionManager: EngineSessionManager initialized
[2017.03.28-17.46.17:676][  0]LogInit: Transaction tracking system initialized
[2017.03.28-17.46.18:089][  0]BlueprintLog: New page: Editor Load
[2017.03.28-17.46.19:113][  0]LocalizationService: Info Localization service is disabled
[2017.03.28-17.46.19:899][  0]LogConsoleResponse:Display: 
[2017.03.28-17.46.20:032][  0]LogCook:Display: Max memory allowance for cook 16384mb min free memory 0mb
[2017.03.28-17.46.20:032][  0]LogCook:Display: Mobile HDR setting 1
[2017.03.28-17.46.20:203][  0]LogFileCache: Scanning file cache for directory 'D:/cs524/unreal/MyProject/Content/' took 0.02s
[2017.03.28-17.46.21:263][  0]SourceControl: Info Source control is disabled
[2017.03.28-17.46.21:263][  0]Cmd: MAP LOAD FILE="D:/cs524/unreal/MyProject/Content/FirstPersonBP/Maps/FirstPersonExampleMap.umap" TEMPLATE=0 SHOWPROGRESS=1 FEATURELEVEL=3
[2017.03.28-17.46.21:263][  0]LightingResults: New page: Lighting Build
[2017.03.28-17.46.21:308][  0]MapCheck: New page: Map Check
[2017.03.28-17.46.21:308][  0]LightingResults: New page: Lighting Build
[2017.03.28-17.46.21:560][  0]LogBlueprint:Warning: Node '/Game/MixamoAnimPack/Mixamo_Goblin/Anims/MixamoAnimBP_Goblin.MixamoAnimBP_Goblin:EdGraph_0.K2Node_CommutativeAssociativeBinaryOperator_2253' missing NodeGuid because of upgrade from old package version, this can cause deterministic cooking issues please resave package.
[2017.03.28-17.46.21:560][  0]LogBlueprint:Warning: Node '/Game/MixamoAnimPack/Mixamo_Goblin/Anims/MixamoAnimBP_Goblin.MixamoAnimBP_Goblin:EdGraph_0.K2Node_CallFunction_102548' missing NodeGuid because of upgrade from old package version, this can cause deterministic cooking issues please resave package.
[2017.03.28-17.46.21:560][  0]LogBlueprint:Warning: Node '/Game/MixamoAnimPack/Mixamo_Goblin/Anims/MixamoAnimBP_Goblin.MixamoAnimBP_Goblin:EdGraph_0.K2Node_VariableGet_2488' missing NodeGuid because of upgrade from old package version, this can cause deterministic cooking issues please resave package.
[2017.03.28-17.46.21:560][  0]LogBlueprint:Warning: Node '/Game/MixamoAnimPack/Mixamo_Goblin/Anims/MixamoAnimBP_Goblin.MixamoAnimBP_Goblin:EdGraph_0.K2Node_FunctionResult_0' missing NodeGuid because of upgrade from old package version, this can cause deterministic cooking issues please resave package.
[2017.03.28-17.46.21:560][  0]LogBlueprint:Warning: Node '/Game/MixamoAnimPack/Mixamo_Goblin/Anims/MixamoAnimBP_Goblin.MixamoAnimBP_Goblin:EdGraph_0.K2Node_FunctionEntry_139' missing NodeGuid because of upgrade from old package version, this can cause deterministic cooking issues please resave package.
[2017.03.28-17.46.21:586][  0]LogBlueprint:Warning: Node '/Game/MixamoAnimPack/Mixamo_Goblin/Anims/MixamoAnimBP_Goblin.MixamoAnimBP_Goblin:EdGraph_1.K2Node_CommutativeAssociativeBinaryOperator_2253' missing NodeGuid because of upgrade from old package version, this can cause deterministic cooking issues please resave package.
[2017.03.28-17.46.21:586][  0]LogBlueprint:Warning: Node '/Game/MixamoAnimPack/Mixamo_Goblin/Anims/MixamoAnimBP_Goblin.MixamoAnimBP_Goblin:EdGraph_1.K2Node_CallFunction_102548' missing NodeGuid because of upgrade from old package version, this can cause deterministic cooking issues please resave package.
[2017.03.28-17.46.21:586][  0]LogBlueprint:Warning: Node '/Game/MixamoAnimPack/Mixamo_Goblin/Anims/MixamoAnimBP_Goblin.MixamoAnimBP_Goblin:EdGraph_1.K2Node_VariableGet_2488' missing NodeGuid because of upgrade from old package version, this can cause deterministic cooking issues please resave package.
[2017.03.28-17.46.21:586][  0]LogBlueprint:Warning: Node '/Game/MixamoAnimPack/Mixamo_Goblin/Anims/MixamoAnimBP_Goblin.MixamoAnimBP_Goblin:EdGraph_1.K2Node_FunctionResult_0' missing NodeGuid because of upgrade from old package version, this can cause deterministic cooking issues please resave package.
[2017.03.28-17.46.21:586][  0]LogBlueprint:Warning: Node '/Game/MixamoAnimPack/Mixamo_Goblin/Anims/MixamoAnimBP_Goblin.MixamoAnimBP_Goblin:EdGraph_1.K2Node_FunctionEntry_139' missing NodeGuid because of upgrade from old package version, this can cause deterministic cooking issues please resave package.
[2017.03.28-17.46.21:635][  0]LogBlueprint:Warning: Node '/Game/MixamoAnimPack/Mixamo_Goblin/Anims/MixamoAnimBP_Goblin.MixamoAnimBP_Goblin:EdGraph_2.K2Node_CommutativeAssociativeBinaryOperator_2253' missing NodeGuid because of upgrade from old package version, this can cause deterministic cooking issues please resave package.
[2017.03.28-17.46.21:635][  0]LogBlueprint:Warning: Node '/Game/MixamoAnimPack/Mixamo_Goblin/Anims/MixamoAnimBP_Goblin.MixamoAnimBP_Goblin:EdGraph_2.K2Node_CallFunction_102548' missing NodeGuid because of upgrade from old package version, this can cause deterministic cooking issues please resave package.
[2017.03.28-17.46.21:635][  0]LogBlueprint:Warning: Node '/Game/MixamoAnimPack/Mixamo_Goblin/Anims/MixamoAnimBP_Goblin.MixamoAnimBP_Goblin:EdGraph_2.K2Node_VariableGet_2488' missing NodeGuid because of upgrade from old package version, this can cause deterministic cooking issues please resave package.
[2017.03.28-17.46.21:635][  0]LogBlueprint:Warning: Node '/Game/MixamoAnimPack/Mixamo_Goblin/Anims/MixamoAnimBP_Goblin.MixamoAnimBP_Goblin:EdGraph_2.K2Node_FunctionResult_0' missing NodeGuid because of upgrade from old package version, this can cause deterministic cooking issues please resave package.
[2017.03.28-17.46.21:635][  0]LogBlueprint:Warning: Node '/Game/MixamoAnimPack/Mixamo_Goblin/Anims/MixamoAnimBP_Goblin.MixamoAnimBP_Goblin:EdGraph_2.K2Node_FunctionEntry_139' missing NodeGuid because of upgrade from old package version, this can cause deterministic cooking issues please resave package.
[2017.03.28-17.46.21:947][  0]LogBlueprint:Warning: Node '/Game/MixamoAnimPack/Mixamo_Goblin/Anims/MixamoAnimBP_Goblin.MixamoAnimBP_Goblin:AnimGraph.AnimGraphNode_StateMachine_6.Default.AnimStateNode_1.Locomotion/Idle.AnimGraphNode_BlendSpacePlayer_9' missing NodeGuid because of upgrade from old package version, this can cause deterministic cooking issues please resave package.
[2017.03.28-17.46.21:948][  0]LogBlueprint:Warning: Node '/Game/MixamoAnimPack/Mixamo_Goblin/Anims/MixamoAnimBP_Goblin.MixamoAnimBP_Goblin:AnimGraph.AnimGraphNode_Root_5' missing NodeGuid because of upgrade from old package version, this can cause deterministic cooking issues please resave package.
[2017.03.28-17.46.21:948][  0]LogBlueprint:Warning: Node '/Game/MixamoAnimPack/Mixamo_Goblin/Anims/MixamoAnimBP_Goblin.MixamoAnimBP_Goblin:AnimGraph.AnimGraphNode_StateMachine_6.Default.AnimStateNode_2.Run Jump.AnimGraphNode_SequencePlayer_34' missing NodeGuid because of upgrade from old package version, this can cause deterministic cooking issues please resave package.
[2017.03.28-17.46.21:948][  0]LogBlueprint:Warning: Node '/Game/MixamoAnimPack/Mixamo_Goblin/Anims/MixamoAnimBP_Goblin.MixamoAnimBP_Goblin:AnimGraph.AnimGraphNode_StateMachine_6.Default.AnimStateNode_3.Jump.AnimGraphNode_SequencePlayer_483' missing NodeGuid because of upgrade from old package version, this can cause deterministic cooking issues please resave package.
[2017.03.28-17.46.21:948][  0]LogBlueprint:Warning: Node '/Game/MixamoAnimPack/Mixamo_Goblin/Anims/MixamoAnimBP_Goblin.MixamoAnimBP_Goblin:AnimGraph.AnimGraphNode_StateMachine_6.Default.AnimStateNode_7.attacking.AnimGraphNode_SequencePlayer_153' missing NodeGuid because of upgrade from old package version, this can cause deterministic cooking issues please resave package.
[2017.03.28-17.46.21:948][  0]LogBlueprint:Warning: Node '/Game/MixamoAnimPack/Mixamo_Goblin/Anims/MixamoAnimBP_Goblin.MixamoAnimBP_Goblin:AnimGraph.AnimGraphNode_StateMachine_6' missing NodeGuid because of upgrade from old package version, this can cause deterministic cooking issues please resave package.
[2017.03.28-17.46.21:948][  0]LogBlueprint:Warning: Node '/Game/MixamoAnimPack/Mixamo_Goblin/Anims/MixamoAnimBP_Goblin.MixamoAnimBP_Goblin:AnimGraph.AnimGraphNode_StateMachine_6.Default.AnimStateNode_1.Locomotion/Idle.AnimGraphNode_StateResult_20' missing NodeGuid because of upgrade from old package version, this can cause deterministic cooking issues please resave package.
[2017.03.28-17.46.21:948][  0]LogBlueprint:Warning: Node '/Game/MixamoAnimPack/Mixamo_Goblin/Anims/MixamoAnimBP_Goblin.MixamoAnimBP_Goblin:AnimGraph.AnimGraphNode_StateMachine_6.Default.AnimStateNode_2.Run Jump.AnimGraphNode_StateResult_15' missing NodeGuid because of upgrade from old package version, this can cause deterministic cooking issues please resave package.
[2017.03.28-17.46.21:948][  0]LogBlueprint:Warning: Node '/Game/MixamoAnimPack/Mixamo_Goblin/Anims/MixamoAnimBP_Goblin.MixamoAnimBP_Goblin:AnimGraph.AnimGraphNode_StateMachine_6.Default.AnimStateNode_3.Jump.AnimGraphNode_StateResult_55' missing NodeGuid because of upgrade from old package version, this can cause deterministic cooking issues please resave package.
[2017.03.28-17.46.21:948][  0]LogBlueprint:Warning: Node '/Game/MixamoAnimPack/Mixamo_Goblin/Anims/MixamoAnimBP_Goblin.MixamoAnimBP_Goblin:AnimGraph.AnimGraphNode_StateMachine_6.Default.AnimStateNode_7.attacking.AnimGraphNode_StateResult_188' missing NodeGuid because of upgrade from old package version, this can cause deterministic cooking issues please resave package.
[2017.03.28-17.46.21:948][  0]LogBlueprint:Warning: Node '/Game/MixamoAnimPack/Mixamo_Goblin/Anims/MixamoAnimBP_Goblin.MixamoAnimBP_Goblin:AnimGraph.AnimGraphNode_StateMachine_6.Default.AnimStateTransitionNode_1.Transition.AnimGraphNode_TransitionResult_20' missing NodeGuid because of upgrade from old package version, this can cause deterministic cooking issues please resave package.
[2017.03.28-17.46.21:948][  0]LogBlueprint:Warning: Node '/Game/MixamoAnimPack/Mixamo_Goblin/Anims/MixamoAnimBP_Goblin.MixamoAnimBP_Goblin:AnimGraph.AnimGraphNode_StateMachine_6.Default.AnimStateTransitionNode_12.Transition.AnimGraphNode_TransitionResult_467' missing NodeGuid because of upgrade from old package version, this can cause deterministic cooking issues please resave package.
[2017.03.28-17.46.21:948][  0]LogBlueprint:Warning: Node '/Game/MixamoAnimPack/Mixamo_Goblin/Anims/MixamoAnimBP_Goblin.MixamoAnimBP_Goblin:AnimGraph.AnimGraphNode_StateMachine_6.Default.AnimStateTransitionNode_2.Transition.AnimGraphNode_TransitionResult_28' missing NodeGuid because of upgrade from old package version, this can cause deterministic cooking issues please resave package.
[2017.03.28-17.46.21:948][  0]LogBlueprint:Warning: Node '/Game/MixamoAnimPack/Mixamo_Goblin/Anims/MixamoAnimBP_Goblin.MixamoAnimBP_Goblin:AnimGraph.AnimGraphNode_StateMachine_6.Default.AnimStateTransitionNode_5.Transition.AnimGraphNode_TransitionResult_142' missing NodeGuid because of upgrade from old package version, this can cause deterministic cooking issues please resave package.
[2017.03.28-17.46.21:948][  0]LogBlueprint:Warning: Node '/Game/MixamoAnimPack/Mixamo_Goblin/Anims/MixamoAnimBP_Goblin.MixamoAnimBP_Goblin:AnimGraph.AnimGraphNode_StateMachine_6.Default.AnimStateTransitionNode_6.AnimationTransitionGraph_65.AnimGraphNode_TransitionResult_22' missing NodeGuid because of upgrade from old package version, this can cause deterministic cooking issues please resave package.
[2017.03.28-17.46.21:948][  0]LogBlueprint:Warning: Node '/Game/MixamoAnimPack/Mixamo_Goblin/Anims/MixamoAnimBP_Goblin.MixamoAnimBP_Goblin:AnimGraph.AnimGraphNode_StateMachine_6.Default.AnimStateTransitionNode_7.Transition.AnimGraphNode_TransitionResult_148' missing NodeGuid because of upgrade from old package version, this can cause deterministic cooking issues please resave package.
[2017.03.28-17.46.21:948][  0]LogBlueprint:Warning: Node '/Game/MixamoAnimPack/Mixamo_Goblin/Anims/MixamoAnimBP_Goblin.MixamoAnimBP_Goblin:AnimGraph.AnimGraphNode_StateMachine_6.Default.AnimStateTransitionNode_8.Transition.AnimGraphNode_TransitionResult_233' missing NodeGuid because of upgrade from old package version, this can cause deterministic cooking issues please resave package.
[2017.03.28-17.46.21:948][  0]LogBlueprint:Warning: Node '/Game/MixamoAnimPack/Mixamo_Goblin/Anims/MixamoAnimBP_Goblin.MixamoAnimBP_Goblin:AnimGraph.AnimGraphNode_StateMachine_6.Default.AnimStateEntryNode_0' missing NodeGuid because of upgrade from old package version, this can cause deterministic cooking issues please resave package.
[2017.03.28-17.46.21:948][  0]LogBlueprint:Warning: Node '/Game/MixamoAnimPack/Mixamo_Goblin/Anims/MixamoAnimBP_Goblin.MixamoAnimBP_Goblin:AnimGraph.AnimGraphNode_StateMachine_6.Default.AnimStateNode_1' missing NodeGuid because of upgrade from old package version, this can cause deterministic cooking issues please resave package.
[2017.03.28-17.46.21:948][  0]LogBlueprint:Warning: Node '/Game/MixamoAnimPack/Mixamo_Goblin/Anims/MixamoAnimBP_Goblin.MixamoAnimBP_Goblin:AnimGraph.AnimGraphNode_StateMachine_6.Default.AnimStateNode_2' missing NodeGuid because of upgrade from old package version, this can cause deterministic cooking issues please resave package.
[2017.03.28-17.46.21:948][  0]LogBlueprint:Warning: Node '/Game/MixamoAnimPack/Mixamo_Goblin/Anims/MixamoAnimBP_Goblin.MixamoAnimBP_Goblin:AnimGraph.AnimGraphNode_StateMachine_6.Default.AnimStateNode_3' missing NodeGuid because of upgrade from old package version, this can cause deterministic cooking issues please resave package.
[2017.03.28-17.46.21:948][  0]LogBlueprint:Warning: Node '/Game/MixamoAnimPack/Mixamo_Goblin/Anims/MixamoAnimBP_Goblin.MixamoAnimBP_Goblin:AnimGraph.AnimGraphNode_StateMachine_6.Default.AnimStateNode_7' missing NodeGuid because of upgrade from old package version, this can cause deterministic cooking issues please resave package.
[2017.03.28-17.46.21:948][  0]LogBlueprint:Warning: Node '/Game/MixamoAnimPack/Mixamo_Goblin/Anims/MixamoAnimBP_Goblin.MixamoAnimBP_Goblin:AnimGraph.AnimGraphNode_StateMachine_6.Default.AnimStateTransitionNode_1' missing NodeGuid because of upgrade from old package version, this can cause deterministic cooking issues please resave package.
[2017.03.28-17.46.21:948][  0]LogBlueprint:Warning: Node '/Game/MixamoAnimPack/Mixamo_Goblin/Anims/MixamoAnimBP_Goblin.MixamoAnimBP_Goblin:AnimGraph.AnimGraphNode_StateMachine_6.Default.AnimStateTransitionNode_12' missing NodeGuid because of upgrade from old package version, this can cause deterministic cooking issues please resave package.
[2017.03.28-17.46.21:948][  0]LogBlueprint:Warning: Node '/Game/MixamoAnimPack/Mixamo_Goblin/Anims/MixamoAnimBP_Goblin.MixamoAnimBP_Goblin:AnimGraph.AnimGraphNode_StateMachine_6.Default.AnimStateTransitionNode_2' missing NodeGuid because of upgrade from old package version, this can cause deterministic cooking issues please resave package.
[2017.03.28-17.46.21:948][  0]LogBlueprint:Warning: Node '/Game/MixamoAnimPack/Mixamo_Goblin/Anims/MixamoAnimBP_Goblin.MixamoAnimBP_Goblin:AnimGraph.AnimGraphNode_StateMachine_6.Default.AnimStateTransitionNode_5' missing NodeGuid because of upgrade from old package version, this can cause deterministic cooking issues please resave package.
[2017.03.28-17.46.21:948][  0]LogBlueprint:Warning: Node '/Game/MixamoAnimPack/Mixamo_Goblin/Anims/MixamoAnimBP_Goblin.MixamoAnimBP_Goblin:AnimGraph.AnimGraphNode_StateMachine_6.Default.AnimStateTransitionNode_6' missing NodeGuid because of upgrade from old package version, this can cause deterministic cooking issues please resave package.
[2017.03.28-17.46.21:948][  0]LogBlueprint:Warning: Node '/Game/MixamoAnimPack/Mixamo_Goblin/Anims/MixamoAnimBP_Goblin.MixamoAnimBP_Goblin:AnimGraph.AnimGraphNode_StateMachine_6.Default.AnimStateTransitionNode_7' missing NodeGuid because of upgrade from old package version, this can cause deterministic cooking issues please resave package.
[2017.03.28-17.46.21:948][  0]LogBlueprint:Warning: Node '/Game/MixamoAnimPack/Mixamo_Goblin/Anims/MixamoAnimBP_Goblin.MixamoAnimBP_Goblin:AnimGraph.AnimGraphNode_StateMachine_6.Default.AnimStateTransitionNode_8' missing NodeGuid because of upgrade from old package version, this can cause deterministic cooking issues please resave package.
[2017.03.28-17.46.21:948][  0]LogBlueprint:Warning: Node '/Game/MixamoAnimPack/Mixamo_Goblin/Anims/MixamoAnimBP_Goblin.MixamoAnimBP_Goblin:EventGraph.EdGraphNode_Comment_19' missing NodeGuid because of upgrade from old package version, this can cause deterministic cooking issues please resave package.
[2017.03.28-17.46.21:948][  0]LogBlueprint:Warning: Node '/Game/MixamoAnimPack/Mixamo_Goblin/Anims/MixamoAnimBP_Goblin.MixamoAnimBP_Goblin:EventGraph.EdGraphNode_Comment_22' missing NodeGuid because of upgrade from old package version, this can cause deterministic cooking issues please resave package.
[2017.03.28-17.46.21:948][  0]LogBlueprint:Warning: Node '/Game/MixamoAnimPack/Mixamo_Goblin/Anims/MixamoAnimBP_Goblin.MixamoAnimBP_Goblin:EventGraph.EdGraphNode_Comment_26' missing NodeGuid because of upgrade from old package version, this can cause deterministic cooking issues please resave package.
[2017.03.28-17.46.21:949][  0]LogBlueprint:Warning: Node '/Game/MixamoAnimPack/Mixamo_Goblin/Anims/MixamoAnimBP_Goblin.MixamoAnimBP_Goblin:AnimGraph.AnimGraphNode_StateMachine_6.Default.AnimStateTransitionNode_12.Transition.K2Node_CallFunction_91451' missing NodeGuid because of upgrade from old package version, this can cause deterministic cooking issues please resave package.
[2017.03.28-17.46.21:949][  0]LogBlueprint:Warning: Node '/Game/MixamoAnimPack/Mixamo_Goblin/Anims/MixamoAnimBP_Goblin.MixamoAnimBP_Goblin:AnimGraph.AnimGraphNode_StateMachine_6.Default.AnimStateTransitionNode_2.Transition.K2Node_CallFunction_11224' missing NodeGuid because of upgrade from old package version, this can cause deterministic cooking issues please resave package.
[2017.03.28-17.46.21:949][  0]LogBlueprint:Warning: Node '/Game/MixamoAnimPack/Mixamo_Goblin/Anims/MixamoAnimBP_Goblin.MixamoAnimBP_Goblin:AnimGraph.AnimGraphNode_StateMachine_6.Default.AnimStateTransitionNode_5.Transition.K2Node_CallFunction_224620' missing NodeGuid because of upgrade from old package version, this can cause deterministic cooking issues please resave package.
[2017.03.28-17.46.21:949][  0]LogBlueprint:Warning: Node '/Game/MixamoAnimPack/Mixamo_Goblin/Anims/MixamoAnimBP_Goblin.MixamoAnimBP_Goblin:AnimGraph.AnimGraphNode_StateMachine_6.Default.AnimStateTransitionNode_5.Transition.K2Node_CallFunction_2831' missing NodeGuid because of upgrade from old package version, this can cause deterministic cooking issues please resave package.
[2017.03.28-17.46.21:949][  0]LogBlueprint:Warning: Node '/Game/MixamoAnimPack/Mixamo_Goblin/Anims/MixamoAnimBP_Goblin.MixamoAnimBP_Goblin:AnimGraph.AnimGraphNode_StateMachine_6.Default.AnimStateTransitionNode_6.AnimationTransitionGraph_65.K2Node_CallFunction_92056' missing NodeGuid because of upgrade from old package version, this can cause deterministic cooking issues please resave package.
[2017.03.28-17.46.21:949][  0]LogBlueprint:Warning: Node '/Game/MixamoAnimPack/Mixamo_Goblin/Anims/MixamoAnimBP_Goblin.MixamoAnimBP_Goblin:AnimGraph.AnimGraphNode_StateMachine_6.Default.AnimStateTransitionNode_7.Transition.K2Node_CallFunction_225505' missing NodeGuid because of upgrade from old package version, this can cause deterministic cooking issues please resave package.
[2017.03.28-17.46.21:949][  0]LogBlueprint:Warning: Node '/Game/MixamoAnimPack/Mixamo_Goblin/Anims/MixamoAnimBP_Goblin.MixamoAnimBP_Goblin:CanJump.K2Node_CallFunction_102548' missing NodeGuid because of upgrade from old package version, this can cause deterministic cooking issues please resave package.
[2017.03.28-17.46.21:949][  0]LogBlueprint:Warning: Node '/Game/MixamoAnimPack/Mixamo_Goblin/Anims/MixamoAnimBP_Goblin.MixamoAnimBP_Goblin:EventGraph.K2Node_CallFunction_108580' missing NodeGuid because of upgrade from old package version, this can cause deterministic cooking issues please resave package.
[2017.03.28-17.46.21:949][  0]LogBlueprint:Warning: Node '/Game/MixamoAnimPack/Mixamo_Goblin/Anims/MixamoAnimBP_Goblin.MixamoAnimBP_Goblin:EventGraph.K2Node_CallFunction_162498' missing NodeGuid because of upgrade from old package version, this can cause deterministic cooking issues please resave package.
[2017.03.28-17.46.21:949][  0]LogBlueprint:Warning: Node '/Game/MixamoAnimPack/Mixamo_Goblin/Anims/MixamoAnimBP_Goblin.MixamoAnimBP_Goblin:EventGraph.K2Node_CallFunction_169492' missing NodeGuid because of upgrade from old package version, this can cause deterministic cooking issues please resave package.
[2017.03.28-17.46.21:949][  0]LogBlueprint:Warning: Node '/Game/MixamoAnimPack/Mixamo_Goblin/Anims/MixamoAnimBP_Goblin.MixamoAnimBP_Goblin:EventGraph.K2Node_CallFunction_227144' missing NodeGuid because of upgrade from old package version, this can cause deterministic cooking issues please resave package.
[2017.03.28-17.46.21:949][  0]LogBlueprint:Warning: Node '/Game/MixamoAnimPack/Mixamo_Goblin/Anims/MixamoAnimBP_Goblin.MixamoAnimBP_Goblin:EventGraph.K2Node_CallFunction_29781' missing NodeGuid because of upgrade from old package version, this can cause deterministic cooking issues please resave package.
[2017.03.28-17.46.21:949][  0]LogBlueprint:Warning: Node '/Game/MixamoAnimPack/Mixamo_Goblin/Anims/MixamoAnimBP_Goblin.MixamoAnimBP_Goblin:EventGraph.K2Node_CallFunction_29886' missing NodeGuid because of upgrade from old package version, this can cause deterministic cooking issues please resave package.
[2017.03.28-17.46.21:949][  0]LogBlueprint:Warning: Node '/Game/MixamoAnimPack/Mixamo_Goblin/Anims/MixamoAnimBP_Goblin.MixamoAnimBP_Goblin:EventGraph.K2Node_CallFunction_45546' missing NodeGuid because of upgrade from old package version, this can cause deterministic cooking issues please resave package.
[2017.03.28-17.46.21:949][  0]LogBlueprint:Warning: Node '/Game/MixamoAnimPack/Mixamo_Goblin/Anims/MixamoAnimBP_Goblin.MixamoAnimBP_Goblin:EventGraph.K2Node_CallFunction_45889' missing NodeGuid because of upgrade from old package version, this can cause deterministic cooking issues please resave package.
[2017.03.28-17.46.21:949][  0]LogBlueprint:Warning: Node '/Game/MixamoAnimPack/Mixamo_Goblin/Anims/MixamoAnimBP_Goblin.MixamoAnimBP_Goblin:AnimGraph.AnimGraphNode_StateMachine_6.Default.AnimStateTransitionNode_2.Transition.K2Node_CommutativeAssociativeBinaryOperator_211' missing NodeGuid because of upgrade from old package version, this can cause deterministic cooking issues please resave package.
[2017.03.28-17.46.21:950][  0]LogBlueprint:Warning: Node '/Game/MixamoAnimPack/Mixamo_Goblin/Anims/MixamoAnimBP_Goblin.MixamoAnimBP_Goblin:AnimGraph.AnimGraphNode_StateMachine_6.Default.AnimStateTransitionNode_5.Transition.K2Node_CommutativeAssociativeBinaryOperator_77' missing NodeGuid because of upgrade from old package version, this can cause deterministic cooking issues please resave package.
[2017.03.28-17.46.21:950][  0]LogBlueprint:Warning: Node '/Game/MixamoAnimPack/Mixamo_Goblin/Anims/MixamoAnimBP_Goblin.MixamoAnimBP_Goblin:CanJump.K2Node_CommutativeAssociativeBinaryOperator_2253' missing NodeGuid because of upgrade from old package version, this can cause deterministic cooking issues please resave package.
[2017.03.28-17.46.21:950][  0]LogBlueprint:Warning: Node '/Game/MixamoAnimPack/Mixamo_Goblin/Anims/MixamoAnimBP_Goblin.MixamoAnimBP_Goblin:EventGraph.K2Node_CommutativeAssociativeBinaryOperator_521' missing NodeGuid because of upgrade from old package version, this can cause deterministic cooking issues please resave package.
[2017.03.28-17.46.21:950][  0]LogBlueprint:Warning: Node '/Game/MixamoAnimPack/Mixamo_Goblin/Anims/MixamoAnimBP_Goblin.MixamoAnimBP_Goblin:EventGraph.K2Node_DynamicCast_120' missing NodeGuid because of upgrade from old package version, this can cause deterministic cooking issues please resave package.
[2017.03.28-17.46.21:950][  0]LogBlueprint:Warning: Node '/Game/MixamoAnimPack/Mixamo_Goblin/Anims/MixamoAnimBP_Goblin.MixamoAnimBP_Goblin:EventGraph.K2Node_DynamicCast_127' missing NodeGuid because of upgrade from old package version, this can cause deterministic cooking issues please resave package.
[2017.03.28-17.46.21:950][  0]LogBlueprint:Warning: Node '/Game/MixamoAnimPack/Mixamo_Goblin/Anims/MixamoAnimBP_Goblin.MixamoAnimBP_Goblin:EventGraph.K2Node_DynamicCast_99' missing NodeGuid because of upgrade from old package version, this can cause deterministic cooking issues please resave package.
[2017.03.28-17.46.21:950][  0]LogBlueprint:Warning: Node '/Game/MixamoAnimPack/Mixamo_Goblin/Anims/MixamoAnimBP_Goblin.MixamoAnimBP_Goblin:EventGraph.K2Node_Event_1003' missing NodeGuid because of upgrade from old package version, this can cause deterministic cooking issues please resave package.
[2017.03.28-17.46.21:950][  0]LogBlueprint:Warning: Node '/Game/MixamoAnimPack/Mixamo_Goblin/Anims/MixamoAnimBP_Goblin.MixamoAnimBP_Goblin:EventGraph.K2Node_Event_2429' missing NodeGuid because of upgrade from old package version, this can cause deterministic cooking issues please resave package.
[2017.03.28-17.46.21:950][  0]LogBlueprint:Warning: Node '/Game/MixamoAnimPack/Mixamo_Goblin/Anims/MixamoAnimBP_Goblin.MixamoAnimBP_Goblin:EventGraph.K2Node_Event_85' missing NodeGuid because of upgrade from old package version, this can cause deterministic cooking issues please resave package.
[2017.03.28-17.46.21:950][  0]LogBlueprint:Warning: Node '/Game/MixamoAnimPack/Mixamo_Goblin/Anims/MixamoAnimBP_Goblin.MixamoAnimBP_Goblin:EventGraph.K2Node_ExecutionSequence_180' missing NodeGuid because of upgrade from old package version, this can cause deterministic cooking issues please resave package.
[2017.03.28-17.46.21:950][  0]LogBlueprint:Warning: Node '/Game/MixamoAnimPack/Mixamo_Goblin/Anims/MixamoAnimBP_Goblin.MixamoAnimBP_Goblin:CanJump.K2Node_FunctionEntry_139' missing NodeGuid because of upgrade from old package version, this can cause deterministic cooking issues please resave package.
[2017.03.28-17.46.21:950][  0]LogBlueprint:Warning: Node '/Game/MixamoAnimPack/Mixamo_Goblin/Anims/MixamoAnimBP_Goblin.MixamoAnimBP_Goblin:CanJump.K2Node_FunctionResult_0' missing NodeGuid because of upgrade from old package version, this can cause deterministic cooking issues please resave package.
[2017.03.28-17.46.21:950][  0]LogBlueprint:Warning: Node '/Game/MixamoAnimPack/Mixamo_Goblin/Anims/MixamoAnimBP_Goblin.MixamoAnimBP_Goblin:EventGraph.K2Node_IfThenElse_332' missing NodeGuid because of upgrade from old package version, this can cause deterministic cooking issues please resave package.
[2017.03.28-17.46.21:950][  0]LogBlueprint:Warning: Node '/Game/MixamoAnimPack/Mixamo_Goblin/Anims/MixamoAnimBP_Goblin.MixamoAnimBP_Goblin:EventGraph.K2Node_IfThenElse_413' missing NodeGuid because of upgrade from old package version, this can cause deterministic cooking issues please resave package.
[2017.03.28-17.46.21:950][  0]LogBlueprint:Warning: Node '/Game/MixamoAnimPack/Mixamo_Goblin/Anims/MixamoAnimBP_Goblin.MixamoAnimBP_Goblin:AnimGraph.AnimGraphNode_StateMachine_6.Default.AnimStateTransitionNode_12.Transition.K2Node_TransitionRuleGetter_8' missing NodeGuid because of upgrade from old package version, this can cause deterministic cooking issues please resave package.
[2017.03.28-17.46.21:950][  0]LogBlueprint:Warning: Node '/Game/MixamoAnimPack/Mixamo_Goblin/Anims/MixamoAnimBP_Goblin.MixamoAnimBP_Goblin:AnimGraph.AnimGraphNode_StateMachine_6.Default.AnimStateTransitionNode_6.AnimationTransitionGraph_65.K2Node_TransitionRuleGetter_17' missing NodeGuid because of upgrade from old package version, this can cause deterministic cooking issues please resave package.
[2017.03.28-17.46.21:950][  0]LogBlueprint:Warning: Node '/Game/MixamoAnimPack/Mixamo_Goblin/Anims/MixamoAnimBP_Goblin.MixamoAnimBP_Goblin:AnimGraph.AnimGraphNode_StateMachine_6.Default.AnimStateTransitionNode_6.AnimationTransitionGraph_65.K2Node_TransitionRuleGetter_182' missing NodeGuid because of upgrade from old package version, this can cause deterministic cooking issues please resave package.
[2017.03.28-17.46.21:950][  0]LogBlueprint:Warning: Node '/Game/MixamoAnimPack/Mixamo_Goblin/Anims/MixamoAnimBP_Goblin.MixamoAnimBP_Goblin:AnimGraph.AnimGraphNode_StateMachine_6.Default.AnimStateNode_1.Locomotion/Idle.K2Node_VariableGet_589' missing NodeGuid because of upgrade from old package version, this can cause deterministic cooking issues please resave package.
[2017.03.28-17.46.21:950][  0]LogBlueprint:Warning: Node '/Game/MixamoAnimPack/Mixamo_Goblin/Anims/MixamoAnimBP_Goblin.MixamoAnimBP_Goblin:AnimGraph.AnimGraphNode_StateMachine_6.Default.AnimStateTransitionNode_1.Transition.K2Node_VariableGet_208' missing NodeGuid because of upgrade from old package version, this can cause deterministic cooking issues please resave package.
[2017.03.28-17.46.21:950][  0]LogBlueprint:Warning: Node '/Game/MixamoAnimPack/Mixamo_Goblin/Anims/MixamoAnimBP_Goblin.MixamoAnimBP_Goblin:AnimGraph.AnimGraphNode_StateMachine_6.Default.AnimStateTransitionNode_2.Transition.K2Node_VariableGet_125' missing NodeGuid because of upgrade from old package version, this can cause deterministic cooking issues please resave package.
[2017.03.28-17.46.21:950][  0]LogBlueprint:Warning: Node '/Game/MixamoAnimPack/Mixamo_Goblin/Anims/MixamoAnimBP_Goblin.MixamoAnimBP_Goblin:AnimGraph.AnimGraphNode_StateMachine_6.Default.AnimStateTransitionNode_2.Transition.K2Node_VariableGet_129' missing NodeGuid because of upgrade from old package version, this can cause deterministic cooking issues please resave package.
[2017.03.28-17.46.21:950][  0]LogBlueprint:Warning: Node '/Game/MixamoAnimPack/Mixamo_Goblin/Anims/MixamoAnimBP_Goblin.MixamoAnimBP_Goblin:AnimGraph.AnimGraphNode_StateMachine_6.Default.AnimStateTransitionNode_5.Transition.K2Node_VariableGet_1066' missing NodeGuid because of upgrade from old package version, this can cause deterministic cooking issues please resave package.
[2017.03.28-17.46.21:950][  0]LogBlueprint:Warning: Node '/Game/MixamoAnimPack/Mixamo_Goblin/Anims/MixamoAnimBP_Goblin.MixamoAnimBP_Goblin:AnimGraph.AnimGraphNode_StateMachine_6.Default.AnimStateTransitionNode_5.Transition.K2Node_VariableGet_74' missing NodeGuid because of upgrade from old package version, this can cause deterministic cooking issues please resave package.
[2017.03.28-17.46.21:950][  0]LogBlueprint:Warning: Node '/Game/MixamoAnimPack/Mixamo_Goblin/Anims/MixamoAnimBP_Goblin.MixamoAnimBP_Goblin:AnimGraph.AnimGraphNode_StateMachine_6.Default.AnimStateTransitionNode_7.Transition.K2Node_VariableGet_1084' missing NodeGuid because of upgrade from old package version, this can cause deterministic cooking issues please resave package.
[2017.03.28-17.46.21:950][  0]LogBlueprint:Warning: Node '/Game/MixamoAnimPack/Mixamo_Goblin/Anims/MixamoAnimBP_Goblin.MixamoAnimBP_Goblin:AnimGraph.AnimGraphNode_StateMachine_6.Default.AnimStateTransitionNode_8.Transition.K2Node_VariableGet_624' missing NodeGuid because of upgrade from old package version, this can cause deterministic cooking issues please resave package.
[2017.03.28-17.46.21:950][  0]LogBlueprint:Warning: Node '/Game/MixamoAnimPack/Mixamo_Goblin/Anims/MixamoAnimBP_Goblin.MixamoAnimBP_Goblin:CanJump.K2Node_VariableGet_2488' missing NodeGuid because of upgrade from old package version, this can cause deterministic cooking issues please resave package.
[2017.03.28-17.46.21:950][  0]LogBlueprint:Warning: Node '/Game/MixamoAnimPack/Mixamo_Goblin/Anims/MixamoAnimBP_Goblin.MixamoAnimBP_Goblin:EventGraph.K2Node_VariableGet_1007' missing NodeGuid because of upgrade from old package version, this can cause deterministic cooking issues please resave package.
[2017.03.28-17.46.21:950][  0]LogBlueprint:Warning: Node '/Game/MixamoAnimPack/Mixamo_Goblin/Anims/MixamoAnimBP_Goblin.MixamoAnimBP_Goblin:EventGraph.K2Node_VariableGet_1157' missing NodeGuid because of upgrade from old package version, this can cause deterministic cooking issues please resave package.
[2017.03.28-17.46.21:950][  0]LogBlueprint:Warning: Node '/Game/MixamoAnimPack/Mixamo_Goblin/Anims/MixamoAnimBP_Goblin.MixamoAnimBP_Goblin:EventGraph.K2Node_VariableGet_3156' missing NodeGuid because of upgrade from old package version, this can cause deterministic cooking issues please resave package.
[2017.03.28-17.46.21:950][  0]LogBlueprint:Warning: Node '/Game/MixamoAnimPack/Mixamo_Goblin/Anims/MixamoAnimBP_Goblin.MixamoAnimBP_Goblin:EventGraph.K2Node_VariableSet_1402' missing NodeGuid because of upgrade from old package version, this can cause deterministic cooking issues please resave package.
[2017.03.28-17.46.21:950][  0]LogBlueprint:Warning: Node '/Game/MixamoAnimPack/Mixamo_Goblin/Anims/MixamoAnimBP_Goblin.MixamoAnimBP_Goblin:EventGraph.K2Node_VariableSet_2289' missing NodeGuid because of upgrade from old package version, this can cause deterministic cooking issues please resave package.
[2017.03.28-17.46.21:950][  0]LogBlueprint:Warning: Node '/Game/MixamoAnimPack/Mixamo_Goblin/Anims/MixamoAnimBP_Goblin.MixamoAnimBP_Goblin:EventGraph.K2Node_VariableSet_2465' missing NodeGuid because of upgrade from old package version, this can cause deterministic cooking issues please resave package.
[2017.03.28-17.46.21:950][  0]LogBlueprint:Warning: Node '/Game/MixamoAnimPack/Mixamo_Goblin/Anims/MixamoAnimBP_Goblin.MixamoAnimBP_Goblin:EventGraph.K2Node_VariableSet_74' missing NodeGuid because of upgrade from old package version, this can cause deterministic cooking issues please resave package.
[2017.03.28-17.46.22:197][  0]LogAIModule: Creating AISystem for world FirstPersonExampleMap
[2017.03.28-17.46.22:246][  0]LogMaterial:Warning: Material /Game/StarterContent/Props/Materials/M_Bush.M_Bush needed to have new flag set bUsedWithInstancedStaticMeshes !
[2017.03.28-17.46.22:249][  0]LogMaterial: Missing cached shader map for material M_Bush, compiling. 
[2017.03.28-17.46.22:249][  0]LogTemp:Display: Added material ShaderMap 0x000002119E02FC80 with Material 0x000002118871EC80 to ShaderMapsBeingCompiled
[2017.03.28-17.46.22:346][  0]LogTemp:Display: Kicking off shader compilation for M_Bush, GameThreadShaderMap 0x000002119E02FC80
[2017.03.28-17.46.22:346][  0]MapCheck:Warning: Warning M_Bush Material /Game/StarterContent/Props/Materials/M_Bush.M_Bush was missing the usage flag bUsedWithInstancedStaticMeshes. If the material asset is not re-saved, it may not render correctly when run outside the editor. Fix
[2017.03.28-17.46.22:346][  0]LogMaterial: 0.00 seconds spent updating 1 materials, 1 interfaces, 0 instances, 0 with static permutations.
[2017.03.28-17.46.22:355][  0]LogEditorServer: Finished looking for orphan Actors (0.000 secs)
[2017.03.28-17.46.22:371][  0]Cmd: MAP CHECKDEP NOCLEARLOG
[2017.03.28-17.46.22:448][  0]MapCheck: Info Map check complete: 0 Error(s), 1 Warning(s), took 76.741ms to complete.
[2017.03.28-17.46.22:457][  0]LogFileHelpers: Loading map 'FirstPersonExampleMap' took 1.195
[2017.03.28-17.46.22:519][  0]LogWindowsTextInputMethodSystem:Display: IME system now deactivated.
[2017.03.28-17.46.22:719][  0]LogCollectionManager: Loaded 0 collections in 0.002811 seconds
[2017.03.28-17.46.22:854][  0]LogFileCache: Scanning file cache for directory 'D:/cs524/unreal/MyProject/Saved/Collections/' took 0.01s
[2017.03.28-17.46.22:854][  0]LogFileCache: Scanning file cache for directory 'D:/cs524/unreal/MyProject/Content/Developers/Anurag/Collections/' took 0.01s
[2017.03.28-17.46.22:854][  0]LogFileCache: Scanning file cache for directory 'D:/cs524/unreal/MyProject/Content/Collections/' took 0.01s
[2017.03.28-17.46.22:854][  0]LogCollectionManager: Rebuilt the GUID cache for 0 collections in 0.000002 seconds
[2017.03.28-17.46.22:873][  0]LogContentBrowser: Native class hierarchy populated in 0.0178 seconds. Added 2245 classes and 453 folders.
[2017.03.28-17.46.22:880][  0]LogStats: UGameplayTagsManager::ConstructGameplayTagTree: Construct from data asset -  0.000 s
[2017.03.28-17.46.22:880][  0]LogStats: UGameplayTagsManager::ConstructGameplayTagTree: GameplayTagTreeChangedEvent.Broadcast -  0.000 s
[2017.03.28-17.46.23:033][  0]LogContentBrowser: Native class hierarchy updated for 'WidgetCarousel' in 0.0008 seconds. Added 0 classes and 0 folders.
[2017.03.28-17.46.23:102][  0]LogContentBrowser: Native class hierarchy updated for 'AddContentDialog' in 0.0008 seconds. Added 0 classes and 0 folders.
[2017.03.28-17.46.23:201][  0]LogContentBrowser: Native class hierarchy updated for 'SceneOutliner' in 0.0008 seconds. Added 1 classes and 2 folders.
[2017.03.28-17.46.23:301][  0]LogCrashTracker: Crashtracker disabled due to settings.
[2017.03.28-17.46.23:309][  0]LogUObjectGlobals:Warning: Failed to find object 'Class None.'
[2017.03.28-17.46.23:429][  0]LogContentBrowser: Native class hierarchy updated for 'HierarchicalLODOutliner' in 0.0008 seconds. Added 1 classes and 2 folders.
[2017.03.28-17.46.23:430][  0]LogLoad: (Engine Initialization) Total time: 19.41 seconds
[2017.03.28-17.46.23:430][  0]LogLoad: (Engine Initialization) Total Blueprint compile time: 0.31 seconds
[2017.03.28-17.46.23:430][  0]LogExternalProfiler: Found external profiler: VSPerf
[2017.03.28-17.46.23:430][  0]LogExternalProfiler: Using external profiler: VSPerf
[2017.03.28-17.46.23:439][  0]LogOcInput: OculusInput pre-init called
[2017.03.28-17.46.23:458][  0]LogContentStreaming: Texture pool size now 1000 MB
[2017.03.28-17.46.23:460][  0]LogSlate: Took 0.000279 seconds to synchronously load lazily loaded font '../../../Engine/Content/Slate/Fonts/Roboto-Bold.ttf' (160K)
[2017.03.28-17.46.23:464][  0]LogSlate: Took 0.000398 seconds to synchronously load lazily loaded font '../../../Engine/Content/Slate/Fonts/Roboto-Regular.ttf' (155K)
[2017.03.28-17.46.23:475][  0]LogSlate: Took 0.000313 seconds to synchronously load lazily loaded font '../../../Engine/Content/Editor/Slate/Fonts/FontAwesome.ttf' (139K)
[2017.03.28-17.46.23:609][  0]LogSlate: Took 0.000193 seconds to synchronously load lazily loaded font '../../../Engine/Content/Slate/Fonts/Roboto-Light.ttf' (159K)
[2017.03.28-17.46.23:695][  0]LogRenderer: Reallocating scene render targets to support 1208x576 NumSamples 1 (Frame:2).
[2017.03.28-17.46.23:959][  2]LogAssetRegistry: Asset discovery search completed in 11.5225 seconds
[2017.03.28-17.46.23:959][  2]LogCollectionManager: Rebuilt the object cache for 0 collections in 0.000009 seconds (found 0 objects)
[2017.03.28-17.46.23:959][  2]LogCollectionManager: Fixed up redirectors for 0 collections in 0.000030 seconds (updated 0 objects)
[2017.03.28-17.46.24:551][ 16]LogSlate: Took 0.000262 seconds to synchronously load lazily loaded font '../../../Engine/Content/Slate/Fonts/Roboto-Light.ttf' (159K)
[2017.03.28-17.46.31:045][ 98]LogSlate: Took 0.000630 seconds to synchronously load lazily loaded font '../../../Engine/Content/Slate/Fonts/Roboto-Light.ttf' (159K)
[2017.03.28-17.46.32:166][ 98]LogSlate: Took 0.000656 seconds to synchronously load lazily loaded font '../../../Engine/Content/Slate/Fonts/Roboto-Regular.ttf' (155K)
[2017.03.28-17.46.32:979][ 98]LogContentBrowser: Native class hierarchy updated for 'BlueprintGraph' in 0.0016 seconds. Added 112 classes and 0 folders.
[2017.03.28-17.46.34:075][ 98]LogSlate: Took 0.000270 seconds to synchronously load lazily loaded font '../../../Engine/Content/Editor/Slate/Fonts/Roboto-BoldCondensed.ttf' (158K)
[2017.03.28-17.46.34:235][ 99]LogSlate: Took 0.000346 seconds to synchronously load lazily loaded font '../../../Engine/Content/Editor/Slate/Fonts/Roboto-Italic.ttf' (157K)
[2017.03.28-17.46.38:172][149]LogTemp:Display: Finished compile of shader map 0x000002119E02FC80
[2017.03.28-17.46.38:172][149]LogTemp:Display: Shader map M_Bush complete, GameThreadShaderMap 0x000002119E02FC80, marking material M_Bush as finished
[2017.03.28-17.46.38:172][149]LogTemp:Display: Marking material as finished 0x000002118871EC80
[2017.03.28-17.56.24:089][471]LogFileHelpers: Editor autosave (incl. sublevels) for '/Game/FirstPersonBP/Maps/FirstPersonExampleMap' took 0.036
[2017.03.28-17.56.24:104][471]OBJ SavePackage: Generating thumbnails for [1] asset(s) in package [/Game/MixamoAnimPack/MixamoCharacter_Master] ([1] browsable assets)...
[2017.03.28-17.56.24:152][471]OBJ SavePackage:     Rendered thumbnail for [Blueprint /Game/MixamoAnimPack/MixamoCharacter_Master.MixamoCharacter_Master]
[2017.03.28-17.56.24:152][471]OBJ SavePackage: Finished generating thumbnails for package [/Game/MixamoAnimPack/MixamoCharacter_Master]
[2017.03.28-17.56.24:245][471]LogSavePackage: Save=47.94ms
[2017.03.28-17.56.24:245][471]LogSavePackage: Moving 'D:/cs524/unreal/MyProject/Saved/MixamoCharacter_Master_Auto131BDF0CD419E5B631F09EABBDDB61F20.tmp' to 'D:/cs524/unreal/MyProject/Saved/Autosaves/Game/MixamoAnimPack/MixamoCharacter_Master_Auto1.uasset'
[2017.03.28-17.56.24:246][471]LogSavePackage:Display: Finished SavePackage D:/cs524/unreal/MyProject/Saved/Autosaves/Game/MixamoAnimPack/MixamoCharacter_Master_Auto1.uasset
[2017.03.28-17.56.24:246][471]LogFileHelpers: Auto-saving content packages took 0.156
[2017.03.28-18.17.07:186][744]LogSlate: Took 0.000601 seconds to synchronously load lazily loaded font '../../../Engine/Content/Editor/Slate/Fonts/Roboto-BoldCondensedItalic.ttf' (160K)
[2017.03.28-18.19.34:560][885]Cmd: OBJ SAVEPACKAGE PACKAGE="/Game/MixamoAnimPack/MixamoCharacter_Master" FILE="D:/cs524/unreal/MyProject/Content/MixamoAnimPack/MixamoCharacter_Master.uasset" SILENT=true
[2017.03.28-18.19.34:687][885]LogSavePackage: Save=120.14ms
[2017.03.28-18.19.34:687][885]LogSavePackage: Moving 'D:/cs524/unreal/MyProject/Saved/MixamoCharacter_Master4A6E055E4896C81A8506C3AE663BC717.tmp' to 'D:/cs524/unreal/MyProject/Content/MixamoAnimPack/MixamoCharacter_Master.uasset'
[2017.03.28-18.19.34:691][885]LogSavePackage:Display: Finished SavePackage D:/cs524/unreal/MyProject/Content/MixamoAnimPack/MixamoCharacter_Master.uasset
[2017.03.28-18.19.39:724][942]LogTemp: Repeting last play command: Selected Viewport
[2017.03.28-18.19.39:784][942]LogBlueprintUserMessages: Early PlayInEditor Detection: Level '/Game/FirstPersonBP/Maps/FirstPersonExampleMap.FirstPersonExampleMap:PersistentLevel' has LevelScriptBlueprint '/Game/FirstPersonBP/Maps/FirstPersonExampleMap.FirstPersonExampleMap:PersistentLevel.FirstPersonExampleMap' with GeneratedClass '/Game/FirstPersonBP/Maps/FirstPersonExampleMap.FirstPersonExampleMap_C' with ClassGeneratedBy '/Game/FirstPersonBP/Maps/FirstPersonExampleMap.FirstPersonExampleMap:PersistentLevel.FirstPersonExampleMap'
[2017.03.28-18.19.39:784][942]BlueprintLog: New page: Pre-Play auto-recompile
[2017.03.28-18.19.39:784][942]LogPlayLevel: [PlayLevel] Compiling MixamoCharacter_Master before play...
[2017.03.28-18.19.40:761][942]LogPlayLevel: PlayLevel: Blueprint regeneration took 976 ms (1 blueprints)
[2017.03.28-18.19.40:762][942]PIE: New page: PIE session: FirstPersonExampleMap (Mar 28, 2017, 4:19:40 AM)
[2017.03.28-18.19.40:762][942]LogPlayLevel: Creating play world package: /Game/FirstPersonBP/Maps/UEDPIE_0_FirstPersonExampleMap
[2017.03.28-18.19.41:123][942]LogPlayLevel: PIE: StaticDuplicateObject took: (0.360926s)
[2017.03.28-18.19.41:130][942]LogAIModule: Creating AISystem for world FirstPersonExampleMap
[2017.03.28-18.19.41:131][942]LogPlayLevel: PIE: World Init took: (0.007702s)
[2017.03.28-18.19.41:132][942]LogPlayLevel: PIE: Created PIE world by copying editor world from /Game/FirstPersonBP/Maps/FirstPersonExampleMap.FirstPersonExampleMap to /Game/FirstPersonBP/Maps/UEDPIE_0_FirstPersonExampleMap.FirstPersonExampleMap (0.369816s)
[2017.03.28-18.19.41:252][942]LogInit: XAudio2 using 'Speakers (Realtek High Definition Audio)' : 2 channels at 48 kHz using 32 bits per sample (channel mask 0x3)
[2017.03.28-18.19.41:294][942]LogInit: FAudioDevice initialized.
[2017.03.28-18.19.41:379][942]LogLoad: Game class is 'FirstPersonGameMode_C'
[2017.03.28-18.19.41:412][942]LogWorld: Bringing World /Game/FirstPersonBP/Maps/UEDPIE_0_FirstPersonExampleMap.FirstPersonExampleMap up for play (max tick rate 3) at 2017.03.28-11.19.41
[2017.03.28-18.19.41:420][942]LogWorld: Bringing up level for play took: 0.033835
[2017.03.28-18.19.41:421][942]LogGameMode: FindPlayerStart: PATHS NOT DEFINED or NO PLAYERSTART with positive rating
[2017.03.28-18.19.41:655][942]LogContentBrowser: Native class hierarchy updated for 'MovieSceneCapture' in 0.0039 seconds. Added 11 classes and 0 folders.
[2017.03.28-18.19.41:660][942]PIE: Info Play in editor start time for /Game/FirstPersonBP/Maps/UEDPIE_0_FirstPersonExampleMap 1.389
[2017.03.28-18.19.41:662][942]LogBlueprintUserMessages: Late PlayInEditor Detection: Level '/Game/FirstPersonBP/Maps/FirstPersonExampleMap.FirstPersonExampleMap:PersistentLevel' has LevelScriptBlueprint '/Game/FirstPersonBP/Maps/FirstPersonExampleMap.FirstPersonExampleMap:PersistentLevel.FirstPersonExampleMap' with GeneratedClass '/Game/FirstPersonBP/Maps/FirstPersonExampleMap.FirstPersonExampleMap_C' with ClassGeneratedBy '/Game/FirstPersonBP/Maps/FirstPersonExampleMap.FirstPersonExampleMap:PersistentLevel.FirstPersonExampleMap'
[2017.03.28-19.41.02:218][963]LogHttp:Warning: 0000021199387880: request failed, libcurl error: 6 (Couldn't resolve host name)
[2017.03.28-19.41.02:218][963]LogHttp:Warning: 0000021199387880: libcurl info message cache 0 (Connection 15 seems to be dead!)
[2017.03.28-19.41.02:219][963]LogHttp:Warning: 0000021199387880: libcurl info message cache 1 (Closing connection 15)
[2017.03.28-19.41.02:219][963]LogHttp:Warning: 0000021199387880: libcurl info message cache 2 (Could not resolve host: datarouter.ol.epicgames.com)
[2017.03.28-19.41.02:219][963]LogHttp:Warning: 0000021199387880: libcurl info message cache 3 (Closing connection 16)
[2017.03.28-19.41.41:934][143]LogBlueprintUserMessages: Early EndPlayMap Detection: Level '/Game/FirstPersonBP/Maps/FirstPersonExampleMap.FirstPersonExampleMap:PersistentLevel' has LevelScriptBlueprint '/Game/FirstPersonBP/Maps/FirstPersonExampleMap.FirstPersonExampleMap:PersistentLevel.FirstPersonExampleMap' with GeneratedClass '/Game/FirstPersonBP/Maps/FirstPersonExampleMap.FirstPersonExampleMap_C' with ClassGeneratedBy '/Game/FirstPersonBP/Maps/FirstPersonExampleMap.FirstPersonExampleMap:PersistentLevel.FirstPersonExampleMap'
[2017.03.28-19.41.42:734][143]LogBlueprintUserMessages: Late EndPlayMap Detection: Level '/Game/FirstPersonBP/Maps/FirstPersonExampleMap.FirstPersonExampleMap:PersistentLevel' has LevelScriptBlueprint '/Game/FirstPersonBP/Maps/FirstPersonExampleMap.FirstPersonExampleMap:PersistentLevel.FirstPersonExampleMap' with GeneratedClass '/Game/FirstPersonBP/Maps/FirstPersonExampleMap.FirstPersonExampleMap_C' with ClassGeneratedBy '/Game/FirstPersonBP/Maps/FirstPersonExampleMap.FirstPersonExampleMap:PersistentLevel.FirstPersonExampleMap'
[2017.03.28-19.41.46:429][165]LogEditorViewport: Clicking on Actor (LMB): Landscape (Landscape)
[2017.03.28-19.41.46:925][172]LogEditorViewport: Clicking on Actor (LMB): Landscape (Landscape)
[2017.03.28-19.41.48:296][198]LogTemp: Repeting last play command: Selected Viewport
[2017.03.28-19.41.48:305][198]LogBlueprintUserMessages: Early PlayInEditor Detection: Level '/Game/FirstPersonBP/Maps/FirstPersonExampleMap.FirstPersonExampleMap:PersistentLevel' has LevelScriptBlueprint '/Game/FirstPersonBP/Maps/FirstPersonExampleMap.FirstPersonExampleMap:PersistentLevel.FirstPersonExampleMap' with GeneratedClass '/Game/FirstPersonBP/Maps/FirstPersonExampleMap.FirstPersonExampleMap_C' with ClassGeneratedBy '/Game/FirstPersonBP/Maps/FirstPersonExampleMap.FirstPersonExampleMap:PersistentLevel.FirstPersonExampleMap'
[2017.03.28-19.41.48:305][198]LogPlayLevel: PlayLevel: No blueprints needed recompiling
[2017.03.28-19.41.48:305][198]PIE: New page: PIE session: FirstPersonExampleMap (Mar 28, 2017, 5:41:48 AM)
[2017.03.28-19.41.48:305][198]LogPlayLevel: Creating play world package: /Game/FirstPersonBP/Maps/UEDPIE_0_FirstPersonExampleMap
[2017.03.28-19.41.48:534][198]LogPlayLevel: PIE: StaticDuplicateObject took: (0.228714s)
[2017.03.28-19.41.48:535][198]LogAIModule: Creating AISystem for world FirstPersonExampleMap
[2017.03.28-19.41.48:535][198]LogPlayLevel: PIE: World Init took: (0.000775s)
[2017.03.28-19.41.48:535][198]LogPlayLevel: PIE: Created PIE world by copying editor world from /Game/FirstPersonBP/Maps/FirstPersonExampleMap.FirstPersonExampleMap to /Game/FirstPersonBP/Maps/UEDPIE_0_FirstPersonExampleMap.FirstPersonExampleMap (0.229694s)
[2017.03.28-19.41.48:553][198]LogInit: XAudio2 using 'Speakers (Realtek High Definition Audio)' : 2 channels at 48 kHz using 32 bits per sample (channel mask 0x3)
[2017.03.28-19.41.48:562][198]LogInit: FAudioDevice initialized.
[2017.03.28-19.41.48:623][198]LogLoad: Game class is 'FirstPersonGameMode_C'
[2017.03.28-19.41.48:629][198]LogWorld: Bringing World /Game/FirstPersonBP/Maps/UEDPIE_0_FirstPersonExampleMap.FirstPersonExampleMap up for play (max tick rate 0) at 2017.03.28-12.41.48
[2017.03.28-19.41.48:630][198]LogWorld: Bringing up level for play took: 0.005913
[2017.03.28-19.41.48:630][198]LogGameMode: FindPlayerStart: PATHS NOT DEFINED or NO PLAYERSTART with positive rating
[2017.03.28-19.41.48:632][198]PIE: Info Play in editor start time for /Game/FirstPersonBP/Maps/UEDPIE_0_FirstPersonExampleMap 1.144
[2017.03.28-19.41.48:632][198]LogBlueprintUserMessages: Late PlayInEditor Detection: Level '/Game/FirstPersonBP/Maps/FirstPersonExampleMap.FirstPersonExampleMap:PersistentLevel' has LevelScriptBlueprint '/Game/FirstPersonBP/Maps/FirstPersonExampleMap.FirstPersonExampleMap:PersistentLevel.FirstPersonExampleMap' with GeneratedClass '/Game/FirstPersonBP/Maps/FirstPersonExampleMap.FirstPersonExampleMap_C' with ClassGeneratedBy '/Game/FirstPersonBP/Maps/FirstPersonExampleMap.FirstPersonExampleMap:PersistentLevel.FirstPersonExampleMap'
[2017.03.28-19.42.58:197][564]LogBlueprintUserMessages: Early EndPlayMap Detection: Level '/Game/FirstPersonBP/Maps/FirstPersonExampleMap.FirstPersonExampleMap:PersistentLevel' has LevelScriptBlueprint '/Game/FirstPersonBP/Maps/FirstPersonExampleMap.FirstPersonExampleMap:PersistentLevel.FirstPersonExampleMap' with GeneratedClass '/Game/FirstPersonBP/Maps/FirstPersonExampleMap.FirstPersonExampleMap_C' with ClassGeneratedBy '/Game/FirstPersonBP/Maps/FirstPersonExampleMap.FirstPersonExampleMap:PersistentLevel.FirstPersonExampleMap'
[2017.03.28-19.42.58:350][564]LogBlueprintUserMessages: Late EndPlayMap Detection: Level '/Game/FirstPersonBP/Maps/FirstPersonExampleMap.FirstPersonExampleMap:PersistentLevel' has LevelScriptBlueprint '/Game/FirstPersonBP/Maps/FirstPersonExampleMap.FirstPersonExampleMap:PersistentLevel.FirstPersonExampleMap' with GeneratedClass '/Game/FirstPersonBP/Maps/FirstPersonExampleMap.FirstPersonExampleMap_C' with ClassGeneratedBy '/Game/FirstPersonBP/Maps/FirstPersonExampleMap.FirstPersonExampleMap:PersistentLevel.FirstPersonExampleMap'
[2017.03.28-19.43.04:216][635]LogSavePackage: Save=781.13ms
[2017.03.28-19.43.04:216][635]LogSavePackage: Moving 'D:/cs524/unreal/MyProject/Saved/FirstPersonExampleMap4224EB1847E982B918A3579962D38675.tmp' to 'D:/cs524/unreal/MyProject/Content/FirstPersonBP/Maps/FirstPersonExampleMap.umap'
[2017.03.28-19.43.04:218][635]LogSavePackage:Display: Finished SavePackage D:/cs524/unreal/MyProject/Content/FirstPersonBP/Maps/FirstPersonExampleMap.umap
[2017.03.28-19.43.04:337][635]Cmd: OBJ SAVEPACKAGE PACKAGE="/Game/FirstPersonBP/Maps/FirstPersonExampleMap_BuiltData" FILE="D:/cs524/unreal/MyProject/Content/FirstPersonBP/Maps/FirstPersonExampleMap_BuiltData.uasset" SILENT=true
[2017.03.28-19.43.05:932][635]LogSavePackage: Save=1218.30ms
[2017.03.28-19.43.05:932][635]LogSavePackage: Moving 'D:/cs524/unreal/MyProject/Saved/FirstPersonExampleMap_BuiltDataCA0FB3634A95069A2EF9D0B05C818868.tmp' to 'D:/cs524/unreal/MyProject/Content/FirstPersonBP/Maps/FirstPersonExampleMap_BuiltData.uasset'
[2017.03.28-19.43.05:934][635]LogSavePackage:Display: Finished SavePackage D:/cs524/unreal/MyProject/Content/FirstPersonBP/Maps/FirstPersonExampleMap_BuiltData.uasset
[2017.03.28-19.43.11:121][725]LogWindowsTextInputMethodSystem:Display: IME system now deactivated.
[2017.03.28-19.43.11:447][726]Cmd: QUIT_EDITOR
[2017.03.28-19.43.11:935][726]LogExit: Preparing to exit.
[2017.03.28-19.43.13:483][726]LogExit: Editor shut down
[2017.03.28-19.43.13:484][726]LogExit: Transaction tracking system shut down
[2017.03.28-19.43.15:582][726]LogObj: Freed 0b from 0 cluster array pools.
[2017.03.28-19.43.15:583][726]LogExit: Object subsystem successfully closed.
[2017.03.28-19.43.15:902][726]LogD3D11RHI: Shutdown
[2017.03.28-19.43.15:902][726]LogD3D11RHI: CleanupD3DDevice
[2017.03.28-19.43.16:118][726]LogD3D11RHI: ~FD3D11DynamicRHI
[2017.03.28-19.43.17:359][726]LogModuleManager: Shutting down and abandoning module MovieSceneCapture (504)
[2017.03.28-19.43.17:359][726]LogModuleManager: Shutting down and abandoning module BlueprintGraph (502)
[2017.03.28-19.43.17:359][726]LogModuleManager: Shutting down and abandoning module BlueprintProfiler (500)
[2017.03.28-19.43.17:404][726]LogModuleManager: Shutting down and abandoning module HierarchicalLODOutliner (498)
[2017.03.28-19.43.17:423][726]LogModuleManager: Shutting down and abandoning module CrashTracker (496)
[2017.03.28-19.43.17:423][726]LogModuleManager: Shutting down and abandoning module SceneOutliner (494)
[2017.03.28-19.43.17:423][726]LogModuleManager: Shutting down and abandoning module AddContentDialog (492)
[2017.03.28-19.43.17:431][726]LogDirectoryWatcher: A directory notification for 'C:/Program Files/Epic Games/UE_4.15/FeaturePacks/' was aborted.
[2017.03.28-19.43.17:437][726]LogModuleManager: Shutting down and abandoning module WidgetCarousel (491)
[2017.03.28-19.43.17:437][726]LogModuleManager: Shutting down and abandoning module EditorWidgets (488)
[2017.03.28-19.43.17:437][726]LogModuleManager: Shutting down and abandoning module CollectionManager (486)
[2017.03.28-19.43.17:441][726]LogDirectoryWatcher: A directory notification for 'D:/cs524/unreal/MyProject/Content/Collections/' was aborted.
[2017.03.28-19.43.17:441][726]LogDirectoryWatcher: A directory notification for 'D:/cs524/unreal/MyProject/Content/Developers/Anurag/Collections/' was aborted.
[2017.03.28-19.43.17:441][726]LogDirectoryWatcher: A directory notification for 'D:/cs524/unreal/MyProject/Saved/Collections/' was aborted.
[2017.03.28-19.43.17:441][726]LogModuleManager: Shutting down and abandoning module StatsViewer (484)
[2017.03.28-19.43.17:449][726]LogModuleManager: Shutting down and abandoning module FoliageEdit (482)
[2017.03.28-19.43.17:449][726]LogModuleManager: Shutting down and abandoning module LandscapeEditor (480)
[2017.03.28-19.43.17:454][726]LogModuleManager: Shutting down and abandoning module SceneDepthPickerMode (478)
[2017.03.28-19.43.17:454][726]LogModuleManager: Shutting down and abandoning module ActorPickerMode (476)
[2017.03.28-19.43.17:454][726]LogModuleManager: Shutting down and abandoning module GeometryMode (474)
[2017.03.28-19.43.17:454][726]LogModuleManager: Shutting down and abandoning module TextureAlignMode (472)
[2017.03.28-19.43.17:454][726]LogModuleManager: Shutting down and abandoning module BspMode (470)
[2017.03.28-19.43.17:464][726]LogModuleManager: Shutting down and abandoning module HardwareSurvey (468)
[2017.03.28-19.43.17:477][726]LogModuleManager: Shutting down and abandoning module SequenceRecorderSections (466)
[2017.03.28-19.43.17:547][726]LogModuleManager: Shutting down and abandoning module AutomationWorker (464)
[2017.03.28-19.43.17:556][726]LogModuleManager: Shutting down and abandoning module MatineeToLevelSequence (462)
[2017.03.28-19.43.17:562][726]LogModuleManager: Shutting down and abandoning module LevelSequenceEditor (460)
[2017.03.28-19.43.17:602][726]LogModuleManager: Shutting down and abandoning module PlacementMode (459)
[2017.03.28-19.43.17:603][726]LogModuleManager: Shutting down and abandoning module WmfMediaFactory (456)
[2017.03.28-19.43.17:603][726]LogModuleManager: Shutting down and abandoning module WmfMediaEditor (454)
[2017.03.28-19.43.17:603][726]LogModuleManager: Shutting down and abandoning module MfMediaFactory (452)
[2017.03.28-19.43.17:603][726]LogModuleManager: Shutting down and abandoning module MfMediaEditor (450)
[2017.03.28-19.43.17:603][726]LogModuleManager: Shutting down and abandoning module AvfMediaFactory (448)
[2017.03.28-19.43.17:603][726]LogModuleManager: Shutting down and abandoning module AvfMediaEditor (446)
[2017.03.28-19.43.17:603][726]LogModuleManager: Shutting down and abandoning module AndroidMediaFactory (444)
[2017.03.28-19.43.17:603][726]LogModuleManager: Shutting down and abandoning module Media (443)
[2017.03.28-19.43.17:603][726]LogModuleManager: Shutting down and abandoning module AndroidMediaEditor (440)
[2017.03.28-19.43.17:603][726]LogModuleManager: Shutting down and abandoning module CharacterAI (438)
[2017.03.28-19.43.17:603][726]LogModuleManager: Shutting down and abandoning module AudioCapture (436)
[2017.03.28-19.43.17:622][726]LogModuleManager: Shutting down and abandoning module SequenceRecorder (435)
[2017.03.28-19.43.17:702][726]LogModuleManager: Shutting down and abandoning module SmartSnapping (432)
[2017.03.28-19.43.17:703][726]LogModuleManager: Shutting down and abandoning module SessionServices (430)
[2017.03.28-19.43.17:703][726]LogModuleManager: Shutting down and abandoning module ViewportSnapping (428)
[2017.03.28-19.43.17:703][726]LogModuleManager: Shutting down and abandoning module ViewportInteraction (426)
[2017.03.28-19.43.17:703][726]LogModuleManager: Shutting down and abandoning module LogVisualizer (424)
[2017.03.28-19.43.17:801][726]LogModuleManager: Shutting down and abandoning module IntroTutorials (422)
[2017.03.28-19.43.17:805][726]LogModuleManager: Shutting down and abandoning module GameProjectGeneration (421)
[2017.03.28-19.43.17:816][726]LogModuleManager: Shutting down and abandoning module EditorLiveStreaming (418)
[2017.03.28-19.43.17:816][726]LogModuleManager: Shutting down and abandoning module IOSPlatformEditor (416)
[2017.03.28-19.43.17:816][726]LogModuleManager: Shutting down and abandoning module HTML5PlatformEditor (414)
[2017.03.28-19.43.17:816][726]LogModuleManager: Shutting down and abandoning module AndroidPlatformEditor (412)
[2017.03.28-19.43.17:836][726]LogModuleManager: Shutting down and abandoning module AndroidDeviceDetection (411)
[2017.03.28-19.43.18:547][726]LogModuleManager: Shutting down and abandoning module IOSRuntimeSettings (408)
[2017.03.28-19.43.18:547][726]LogModuleManager: Shutting down and abandoning module AndroidRuntimeSettings (406)
[2017.03.28-19.43.18:547][726]LogModuleManager: Shutting down and abandoning module InputBindingEditor (404)
[2017.03.28-19.43.18:570][726]LogModuleManager: Shutting down and abandoning module NiagaraEditor (402)
[2017.03.28-19.43.18:708][726]LogModuleManager: Shutting down and abandoning module MergeActors (400)
[2017.03.28-19.43.18:721][726]LogModuleManager: Shutting down and abandoning module SizeMap (398)
[2017.03.28-19.43.18:737][726]LogModuleManager: Shutting down and abandoning module TreeMap (396)
[2017.03.28-19.43.18:788][726]LogModuleManager: Shutting down and abandoning module ReferenceViewer (394)
[2017.03.28-19.43.18:788][726]LogModuleManager: Shutting down and abandoning module LocalizationDashboard (392)
[2017.03.28-19.43.18:831][726]LogModuleManager: Shutting down and abandoning module LocalizationService (391)
[2017.03.28-19.43.18:873][726]LogModuleManager: Shutting down and abandoning module HardwareTargeting (388)
[2017.03.28-19.43.18:877][726]LogModuleManager: Shutting down and abandoning module DeviceProfileEditor (386)
[2017.03.28-19.43.18:923][726]LogModuleManager: Shutting down and abandoning module UndoHistory (384)
[2017.03.28-19.43.18:965][726]LogModuleManager: Shutting down and abandoning module UserFeedback (382)
[2017.03.28-19.43.18:965][726]LogModuleManager: Shutting down and abandoning module XmlParser (380)
[2017.03.28-19.43.19:010][726]LogModuleManager: Shutting down and abandoning module Blutility (378)
[2017.03.28-19.43.19:014][726]LogModuleManager: Shutting down and abandoning module ProjectSettingsViewer (376)
[2017.03.28-19.43.19:014][726]LogModuleManager: Shutting down and abandoning module ProjectTargetPlatformEditor (375)
[2017.03.28-19.43.19:014][726]LogModuleManager: Shutting down and abandoning module EditorSettingsViewer (372)
[2017.03.28-19.43.19:015][726]LogModuleManager: Shutting down and abandoning module SettingsEditor (370)
[2017.03.28-19.43.19:065][726]LogModuleManager: Shutting down and abandoning module ProjectLauncher (368)
[2017.03.28-19.43.19:114][726]LogModuleManager: Shutting down and abandoning module SessionFrontend (366)
[2017.03.28-19.43.19:172][726]LogModuleManager: Shutting down and abandoning module ProfilerClient (364)
[2017.03.28-19.43.19:241][726]LogModuleManager: Shutting down and abandoning module DeviceManager (362)
[2017.03.28-19.43.19:292][726]LogModuleManager: Shutting down and abandoning module TargetDeviceServices (361)
[2017.03.28-19.43.19:334][726]LogModuleManager: Shutting down and abandoning module AutomationController (358)
[2017.03.28-19.43.19:368][726]LogModuleManager: Shutting down and abandoning module AutomationWindow (356)
[2017.03.28-19.43.19:458][726]LogModuleManager: Shutting down and abandoning module Layers (354)
[2017.03.28-19.43.19:553][726]LogModuleManager: Shutting down and abandoning module ComponentVisualizers (352)
[2017.03.28-19.43.19:553][726]LogModuleManager: Shutting down and abandoning module DetailCustomizations (350)
[2017.03.28-19.43.19:600][726]LogModuleManager: Shutting down and abandoning module PackagesDialog (348)
[2017.03.28-19.43.19:600][726]LogModuleManager: Shutting down and abandoning module Persona (346)
[2017.03.28-19.43.19:693][726]LogModuleManager: Shutting down and abandoning module AnimGraph (345)
[2017.03.28-19.43.19:693][726]LogModuleManager: Shutting down and abandoning module Kismet (342)
[2017.03.28-19.43.19:700][726]LogModuleManager: Shutting down and abandoning module GraphEditor (340)
[2017.03.28-19.43.19:700][726]LogModuleManager: Shutting down and abandoning module ClassViewer (338)
[2017.03.28-19.43.19:733][726]LogModuleManager: Shutting down and abandoning module Toolbox (336)
[2017.03.28-19.43.19:742][726]LogModuleManager: Shutting down and abandoning module ModuleUI (334)
[2017.03.28-19.43.19:751][726]LogModuleManager: Shutting down and abandoning module MovieSceneTools (332)
[2017.03.28-19.43.19:790][726]LogModuleManager: Shutting down and abandoning module OutputLog (330)
[2017.03.28-19.43.19:843][726]LogModuleManager: Shutting down and abandoning module GammaUI (328)
[2017.03.28-19.43.19:893][726]LogModuleManager: Shutting down and abandoning module Documentation (326)
[2017.03.28-19.43.19:893][726]LogModuleManager: Shutting down and abandoning module Niagara (324)
[2017.03.28-19.43.19:893][726]LogModuleManager: Shutting down and abandoning module StreamingPauseRendering (322)
[2017.03.28-19.43.19:893][726]LogModuleManager: Shutting down and abandoning module AnalyticsET (320)
[2017.03.28-19.43.19:893][726]LogModuleManager: Shutting down and abandoning module PortalServices (318)
[2017.03.28-19.43.19:893][726]LogModuleManager: Shutting down and abandoning module PortalRpc (316)
[2017.03.28-19.43.19:893][726]LogModuleManager: Shutting down and abandoning module MessagingRpc (314)
[2017.03.28-19.43.19:893][726]LogModuleManager: Shutting down and abandoning module AIModule (312)
[2017.03.28-19.43.19:893][726]LogModuleManager: Shutting down and abandoning module GameplayDebugger (311)
[2017.03.28-19.43.19:893][726]LogModuleManager: Shutting down and abandoning module AITestSuite (309)
[2017.03.28-19.43.19:893][726]LogModuleManager: Shutting down and abandoning module ProfilerService (306)
[2017.03.28-19.43.19:959][726]LogModuleManager: Shutting down and abandoning module TaskGraph (304)
[2017.03.28-19.43.20:004][726]LogModuleManager: Shutting down and abandoning module SteamVRController (302)
[2017.03.28-19.43.20:004][726]LogModuleManager: Shutting down and abandoning module SteamVR (300)
[2017.03.28-19.43.20:004][726]LogModuleManager: Shutting down and abandoning module ProceduralMeshComponentEditor (298)
[2017.03.28-19.43.20:004][726]LogModuleManager: Shutting down and abandoning module ProceduralMeshComponent (296)
[2017.03.28-19.43.20:027][726]LogModuleManager: Shutting down and abandoning module OculusLibrary (294)
[2017.03.28-19.43.20:027][726]LogModuleManager: Shutting down and abandoning module OculusInput (292)
[2017.03.28-19.43.20:027][726]LogModuleManager: Shutting down and abandoning module MobilePatchingUtils (290)
[2017.03.28-19.43.20:027][726]LogModuleManager: Shutting down and abandoning module CustomMeshComponent (288)
[2017.03.28-19.43.20:027][726]LogModuleManager: Shutting down and abandoning module CableComponent (286)
[2017.03.28-19.43.20:038][726]LogModuleManager: Shutting down and abandoning module ArchVisCharacter (284)
[2017.03.28-19.43.20:038][726]LogModuleManager: Shutting down and abandoning module MediaPlayerEditor (280)
[2017.03.28-19.43.20:127][726]LogModuleManager: Shutting down and abandoning module HTML5Networking (278)
[2017.03.28-19.43.20:127][726]LogModuleManager: Shutting down and abandoning module AlembicImporter (276)
[2017.03.28-19.43.20:166][726]LogModuleManager: Shutting down and abandoning module AlembicLibrary (275)
[2017.03.28-19.43.20:166][726]LogModuleManager: Shutting down and abandoning module GeometryCache (274)
[2017.03.28-19.43.20:173][726]LogModuleManager: Shutting down and abandoning module GeometryCacheEd (273)
[2017.03.28-19.43.20:173][726]LogModuleManager: Shutting down and abandoning module SuperSearchEditor (268)
[2017.03.28-19.43.20:173][726]LogModuleManager: Shutting down and abandoning module SuperSearch (267)
[2017.03.28-19.43.20:173][726]LogModuleManager: Shutting down and abandoning module SpeedTreeImporter (264)
[2017.03.28-19.43.20:173][726]LogModuleManager: Shutting down and abandoning module PluginBrowser (262)
[2017.03.28-19.43.20:309][726]LogModuleManager: Shutting down and abandoning module MobileLauncherProfileWizard (260)
[2017.03.28-19.43.20:317][726]LogModuleManager: Shutting down and abandoning module EpicSurvey (258)
[2017.03.28-19.43.20:317][726]LogModuleManager: Shutting down and abandoning module VisualStudioSourceCodeAccess (256)
[2017.03.28-19.43.20:317][726]LogModuleManager: Shutting down and abandoning module DesktopPlatform (255)
[2017.03.28-19.43.20:317][726]LogModuleManager: Shutting down and abandoning module UObjectPlugin (252)
[2017.03.28-19.43.20:317][726]LogModuleManager: Shutting down and abandoning module SubversionSourceControl (250)
[2017.03.28-19.43.20:365][726]LogModuleManager: Shutting down and abandoning module PerforceSourceControl (248)
[2017.03.28-19.43.20:388][726]LogModuleManager: Shutting down and abandoning module GitSourceControl (246)
[2017.03.28-19.43.20:430][726]LogModuleManager: Shutting down and abandoning module SourceControl (245)
[2017.03.28-19.43.20:440][726]LogModuleManager: Shutting down and abandoning module LightPropagationVolumeEditor (242)
[2017.03.28-19.43.20:440][726]LogModuleManager: Shutting down and abandoning module PaperTiledImporter (240)
[2017.03.28-19.43.20:440][726]LogModuleManager: Shutting down and abandoning module PaperSpriteSheetImporter (238)
[2017.03.28-19.43.20:440][726]LogModuleManager: Shutting down and abandoning module Paper2DEditor (236)
[2017.03.28-19.43.20:526][726]LogModuleManager: Shutting down and abandoning module MeshPaint (235)
[2017.03.28-19.43.20:535][726]LogModuleManager: Shutting down and abandoning module LevelEditor (233)
[2017.03.28-19.43.20:615][726]LogModuleManager: Shutting down and abandoning module PixelInspectorModule (232)
[2017.03.28-19.43.20:708][726]LogModuleManager: Shutting down and abandoning module MainFrame (230)
[2017.03.28-19.43.20:708][726]LogModuleManager: Shutting down and abandoning module HotReload (229)
[2017.03.28-19.43.20:727][726]LogModuleManager: Shutting down and abandoning module ContentBrowser (225)
[2017.03.28-19.43.20:728][726]LogModuleManager: Shutting down and abandoning module PhysXVehiclesEditor (222)
[2017.03.28-19.43.20:765][726]LogModuleManager: Shutting down and abandoning module PhysXVehicles (220)
[2017.03.28-19.43.20:766][726]LogModuleManager: Shutting down and abandoning module LocationServicesBPLibrary (218)
[2017.03.28-19.43.20:766][726]LogModuleManager: Shutting down and abandoning module UdpMessaging (216)
[2017.03.28-19.43.20:866][726]LogModuleManager: Shutting down and abandoning module TcpMessaging (214)
[2017.03.28-19.43.21:005][726]LogModuleManager: Shutting down and abandoning module GameplayTagsEditor (212)
[2017.03.28-19.43.21:047][726]LogModuleManager: Shutting down and abandoning module FacialAnimationEditor (210)
[2017.03.28-19.43.21:059][726]LogModuleManager: Shutting down and abandoning module FacialAnimation (208)
[2017.03.28-19.43.21:059][726]LogModuleManager: Shutting down and abandoning module LightPropagationVolumeRuntime (206)
[2017.03.28-19.43.21:059][726]LogModuleManager: Shutting down and abandoning module Paper2D (204)
[2017.03.28-19.43.21:071][726]LogModuleManager: Shutting down and abandoning module WindowsMoviePlayer (202)
[2017.03.28-19.43.21:091][726]LogModuleManager: Shutting down and abandoning module WmfMedia (200)
[2017.03.28-19.43.21:164][726]LogModuleManager: Shutting down and abandoning module MfMedia (198)
[2017.03.28-19.43.21:164][726]LogModuleManager: Shutting down and abandoning module MediaAssets (196)
[2017.03.28-19.43.21:164][726]LogModuleManager: Shutting down and abandoning module GameLiveStreaming (194)
[2017.03.28-19.43.21:172][726]LogModuleManager: Shutting down and abandoning module VREditor (192)
[2017.03.28-19.43.21:172][726]LogModuleManager: Shutting down and abandoning module GameplayTasksEditor (190)
[2017.03.28-19.43.21:172][726]LogModuleManager: Shutting down and abandoning module BehaviorTreeEditor (188)
[2017.03.28-19.43.21:172][726]LogModuleManager: Shutting down and abandoning module FunctionalTesting (186)
[2017.03.28-19.43.21:172][726]LogModuleManager: Shutting down and abandoning module CollisionAnalyzer (184)
[2017.03.28-19.43.21:229][726]LogModuleManager: Shutting down and abandoning module UMG (182)
[2017.03.28-19.43.21:268][726]LogModuleManager: Shutting down and abandoning module UMGEditor (181)
[2017.03.28-19.43.21:348][726]LogModuleManager: Shutting down and abandoning module Sequencer (180)
[2017.03.28-19.43.21:455][726]LogModuleManager: Shutting down and abandoning module AssetTools (178)
[2017.03.28-19.43.21:573][726]LogModuleManager: Shutting down and abandoning module MessageLog (177)
[2017.03.28-19.43.21:573][726]LogModuleManager: Shutting down and abandoning module WorkspaceMenuStructure (176)
[2017.03.28-19.43.21:573][726]LogModuleManager: Shutting down and abandoning module SlateReflector (170)
[2017.03.28-19.43.21:645][726]LogModuleManager: Shutting down and abandoning module Slate (168)
[2017.03.28-19.43.21:645][726]LogModuleManager: Shutting down and abandoning module EditorStyle (166)
[2017.03.28-19.43.21:648][726]LogModuleManager: Shutting down and abandoning module SourceCodeAccess (164)
[2017.03.28-19.43.21:690][726]LogModuleManager: Shutting down and abandoning module HeadMountedDisplay (162)
[2017.03.28-19.43.21:690][726]LogModuleManager: Shutting down and abandoning module XAudio2 (160)
[2017.03.28-19.43.21:690][726]LogModuleManager: Shutting down and abandoning module Networking (158)
[2017.03.28-19.43.21:690][726]LogModuleManager: Shutting down and abandoning module Core (154)
[2017.03.28-19.43.21:690][726]LogModuleManager: Shutting down and abandoning module AssetRegistry (152)
[2017.03.28-19.43.21:958][726]LogDirectoryWatcher: A directory notification for '../../../Engine/Content/' was aborted.
[2017.03.28-19.43.21:958][726]LogDirectoryWatcher: A directory notification for 'D:/cs524/unreal/MyProject/Content/' was aborted.
[2017.03.28-19.43.21:958][726]LogDirectoryWatcher: A directory notification for '../../../Engine/Plugins/2D/Paper2D/Content/' was aborted.
[2017.03.28-19.43.21:988][726]LogModuleManager: Shutting down and abandoning module DirectoryWatcher (151)
[2017.03.28-19.43.21:992][726]LogModuleManager: Shutting down and abandoning module KismetCompiler (148)
[2017.03.28-19.43.21:992][726]LogModuleManager: Shutting down and abandoning module PhysXFormats (146)
[2017.03.28-19.43.21:992][726]LogModuleManager: Shutting down and abandoning module MeshUtilities (144)
[2017.03.28-19.43.22:084][726]LogModuleManager: Shutting down and abandoning module SimplygonSwarm (143)
[2017.03.28-19.43.22:127][726]LogModuleManager: Shutting down and abandoning module SimplygonMeshReduction (141)
[2017.03.28-19.43.22:127][726]LogModuleManager: Shutting down and abandoning module QuadricMeshReduction (139)
[2017.03.28-19.43.22:168][726]LogModuleManager: Shutting down and abandoning module PropertyEditor (137)
[2017.03.28-19.43.22:168][726]LogModuleManager: Shutting down and abandoning module DerivedDataCache (134)
[2017.03.28-19.43.22:233][726]LogDerivedDataCache: Shutdown
[2017.03.28-19.43.22:233][726]LogModuleManager: Shutting down and abandoning module TargetPlatform (132)
[2017.03.28-19.43.22:233][726]LogModuleManager: Shutting down and abandoning module VulkanShaderFormat (131)
[2017.03.28-19.43.22:316][726]LogModuleManager: Shutting down and abandoning module ShaderFormatOpenGL (129)
[2017.03.28-19.43.22:328][726]LogModuleManager: Shutting down and abandoning module ShaderFormatD3D (127)
[2017.03.28-19.43.22:385][726]LogModuleManager: Shutting down and abandoning module MetalShaderFormat (125)
[2017.03.28-19.43.22:461][726]LogModuleManager: Shutting down and abandoning module TextureFormatUncompressed (123)
[2017.03.28-19.43.22:461][726]LogModuleManager: Shutting down and abandoning module TextureFormatPVR (121)
[2017.03.28-19.43.22:461][726]LogModuleManager: Shutting down and abandoning module TextureFormatDXT (119)
[2017.03.28-19.43.22:472][726]LogModuleManager: Shutting down and abandoning module TextureFormatIntelISPCTexComp (117)
[2017.03.28-19.43.22:523][726]LogModuleManager: Shutting down and abandoning module TextureFormatASTC (115)
[2017.03.28-19.43.22:523][726]LogModuleManager: Shutting down and abandoning module ImageWrapper (114)
[2017.03.28-19.43.22:523][726]LogModuleManager: Shutting down and abandoning module TextureFormatAndroid (111)
[2017.03.28-19.43.22:523][726]LogModuleManager: Shutting down and abandoning module AudioFormatOpus (109)
[2017.03.28-19.43.22:536][726]LogModuleManager: Shutting down and abandoning module AudioFormatOgg (107)
[2017.03.28-19.43.22:536][726]LogModuleManager: Shutting down and abandoning module AudioFormatADPCM (105)
[2017.03.28-19.43.22:536][726]LogModuleManager: Shutting down and abandoning module LinuxTargetPlatform (103)
[2017.03.28-19.43.22:536][726]LogModuleManager: Shutting down and abandoning module LinuxServerTargetPlatform (101)
[2017.03.28-19.43.22:536][726]LogModuleManager: Shutting down and abandoning module LinuxNoEditorTargetPlatform (99)
[2017.03.28-19.43.22:536][726]LogModuleManager: Shutting down and abandoning module LinuxClientTargetPlatform (97)
[2017.03.28-19.43.22:536][726]LogModuleManager: Shutting down and abandoning module TVOSTargetPlatform (95)
[2017.03.28-19.43.22:536][726]LogModuleManager: Shutting down and abandoning module Messaging (93)
[2017.03.28-19.43.22:536][726]LogModuleManager: Shutting down and abandoning module IOSTargetPlatform (91)
[2017.03.28-19.43.22:537][726]LogModuleManager: Shutting down and abandoning module HTML5TargetPlatform (89)
[2017.03.28-19.43.22:537][726]LogModuleManager: Shutting down and abandoning module Android_PVRTCTargetPlatform (87)
[2017.03.28-19.43.22:537][726]LogModuleManager: Shutting down and abandoning module Android_MultiTargetPlatform (85)
[2017.03.28-19.43.22:537][726]LogModuleManager: Shutting down and abandoning module Android_ETC2TargetPlatform (83)
[2017.03.28-19.43.22:537][726]LogModuleManager: Shutting down and abandoning module Android_ETC1TargetPlatform (81)
[2017.03.28-19.43.22:537][726]LogModuleManager: Shutting down and abandoning module Android_DXTTargetPlatform (79)
[2017.03.28-19.43.22:537][726]LogModuleManager: Shutting down and abandoning module Android_ATCTargetPlatform (77)
[2017.03.28-19.43.22:537][726]LogModuleManager: Shutting down and abandoning module Android_ASTCTargetPlatform (75)
[2017.03.28-19.43.22:537][726]LogModuleManager: Shutting down and abandoning module AndroidTargetPlatform (73)
[2017.03.28-19.43.22:537][726]LogModuleManager: Shutting down and abandoning module WindowsTargetPlatform (71)
[2017.03.28-19.43.22:537][726]LogModuleManager: Shutting down and abandoning module WindowsServerTargetPlatform (69)
[2017.03.28-19.43.22:537][726]LogModuleManager: Shutting down and abandoning module WindowsNoEditorTargetPlatform (67)
[2017.03.28-19.43.22:537][726]LogModuleManager: Shutting down and abandoning module WindowsClientTargetPlatform (65)
[2017.03.28-19.43.22:537][726]LogModuleManager: Shutting down and abandoning module MacTargetPlatform (63)
[2017.03.28-19.43.22:537][726]LogModuleManager: Shutting down and abandoning module MacServerTargetPlatform (61)
[2017.03.28-19.43.22:537][726]LogModuleManager: Shutting down and abandoning module MacNoEditorTargetPlatform (59)
[2017.03.28-19.43.22:537][726]LogModuleManager: Shutting down and abandoning module MacClientTargetPlatform (57)
[2017.03.28-19.43.22:537][726]LogModuleManager: Shutting down and abandoning module AllDesktopTargetPlatform (55)
[2017.03.28-19.43.22:537][726]LogModuleManager: Shutting down and abandoning module InputCore (52)
[2017.03.28-19.43.22:537][726]LogModuleManager: Shutting down and abandoning module Settings (50)
[2017.03.28-19.43.22:537][726]LogModuleManager: Shutting down and abandoning module OculusRift (48)
[2017.03.28-19.43.22:650][726]LogModuleManager: Shutting down and abandoning module GearVR (46)
[2017.03.28-19.43.22:650][726]LogModuleManager: Shutting down and abandoning module ExampleDeviceProfileSelector (44)
[2017.03.28-19.43.22:650][726]LogModuleManager: Shutting down and abandoning module OnlineBlueprintSupport (42)
[2017.03.28-19.43.22:650][726]LogModuleManager: Shutting down and abandoning module OnlineSubsystem (38)
[2017.03.28-19.43.22:650][726]LogOnline:Display: Unloading online subsystem: NULL
[2017.03.28-19.43.22:656][726]LogModuleManager: Shutting down and abandoning module XMPP (37)
[2017.03.28-19.43.22:683][726]LogModuleManager: Shutting down and abandoning module HTTP (35)
[2017.03.28-19.43.22:704][726]LogHttp:Display: Http module shutting down, but needs to wait on 1 outstanding Http requests:
[2017.03.28-19.43.22:704][726]LogHttp:Display: 	verb=[POST] url=[https://datarouter.ol.epicgames.com/datarouter/api/v1/public/data?SessionID=%7BCDB39D21-46EA-D3FF-3402-47B1A2FD057D%7D&AppID=UEEditor.Rocket.Release&AppVersion=4.15.1-3348071%2B%2B%2BUE4%2BRelease-4.15&UserID=3fdbdf464cf35faefd6b259c8abe7caf%7Cb38037d142644fa592759415df0780b6%7C277dcc68-e87c-4983-ab23-8a31608a34c6&AppEnvironment=datacollector-binary&UploadType=eteventstream] status=Processing
[2017.03.28-19.43.22:726][726]LogModuleManager: Shutting down and abandoning module SSL (34)
[2017.03.28-19.43.22:735][726]LogModuleManager: Shutting down and abandoning module AudioEditor (30)
[2017.03.28-19.43.22:755][726]LogModuleManager: Shutting down and abandoning module TextureCompressor (28)
[2017.03.28-19.43.22:791][726]LogModuleManager: Shutting down and abandoning module ShaderCore (26)
[2017.03.28-19.43.22:791][726]LogModuleManager: Shutting down and abandoning module Landscape (24)
[2017.03.28-19.43.22:791][726]LogModuleManager: Shutting down and abandoning module SlateRHIRenderer (22)
[2017.03.28-19.43.22:824][726]LogModuleManager: Shutting down and abandoning module OpenGLDrv (20)
[2017.03.28-19.43.22:828][726]LogModuleManager: Shutting down and abandoning module D3D11RHI (18)
[2017.03.28-19.43.22:828][726]LogModuleManager: Shutting down and abandoning module AnimGraphRuntime (16)
[2017.03.28-19.43.22:839][726]LogModuleManager: Shutting down and abandoning module Renderer (14)
[2017.03.28-19.43.22:839][726]LogModuleManager: Shutting down and abandoning module Engine (12)
[2017.03.28-19.43.22:839][726]LogModuleManager: Shutting down and abandoning module CoreUObject (10)
[2017.03.28-19.43.22:839][726]LogModuleManager: Shutting down and abandoning module NetworkFile (8)
[2017.03.28-19.43.22:846][726]LogModuleManager: Shutting down and abandoning module StreamingFile (6)
[2017.03.28-19.43.22:859][726]LogModuleManager: Shutting down and abandoning module SandboxFile (4)
[2017.03.28-19.43.22:859][726]LogModuleManager: Shutting down and abandoning module PakFile (2)
[2017.03.28-19.43.22:872][726]LogExit: Exiting.
[2017.03.28-19.43.22:878][726]Log file closed, 03/28/17 12:43:22
