Log file open, 03/28/17 07:24:57
LogInit:Display: Running engine for game: MyProject
LogPlatformFile: Not using cached read wrapper
LogInit:Display: RandInit(-1360926623) SRandInit(-1360926623).
LogTaskGraph: Started task graph with 5 named threads and 8 total threads with 1 sets of task threads.
LogStats: Stats thread started at 0.077165
LogInit: Using libcurl 7.47.1
LogInit:  - built for x86_64-pc-win32
LogInit:  - supports SSL with OpenSSL/1.0.2g
LogInit:  - supports HTTP deflate (compression) using libz 1.2.8
LogInit:  - other features:
LogInit:      CURL_VERSION_SSL
LogInit:      CURL_VERSION_LIBZ
LogInit:      CURL_VERSION_IPV6
LogInit:      CURL_VERSION_ASYNCHDNS
LogInit:      CURL_VERSION_LARGEFILE
LogInit:      CURL_VERSION_IDN
LogInit:  CurlRequestOptions (configurable via config and command line):
LogInit:  - bVerifyPeer = false  - Libcurl will NOT verify peer certificate
LogInit:  - bUseHttpProxy = false  - Libcurl will NOT use HTTP proxy
LogInit:  - bDontReuseConnections = false  - Libcurl will reuse connections
LogInit:  - CertBundlePath = nullptr  - Libcurl will use whatever was configured at build time.
LogInit: Build: ++UE4+Release-4.15-CL-3348071
LogInit: Engine Version: 4.15.1-3348071+++UE4+Release-4.15
LogInit: Compatible Engine Version: 4.15.0-3299760+++UE4+Release-4.15
LogInit: Net CL: 3299760
LogDevObjectVersion: Number of dev versions registered: 14
LogDevObjectVersion:   Dev-Blueprints (B0D832E4-1F89-4F0D-ACCF-7EB736FD4AA2): 8
LogDevObjectVersion:   Dev-Build (E1C64328-A22C-4D53-A36C-8E866417BD8C): 0
LogDevObjectVersion:   Dev-Core (375EC13C-06E4-48FB-B500-84F0262A717E): 2
LogDevObjectVersion:   Dev-Editor (E4B068ED-F494-42E9-A231-DA0B2E46BB41): 14
LogDevObjectVersion:   Dev-Framework (CFFC743F-43B0-4480-9391-14DF171D2073): 22
LogDevObjectVersion:   Dev-Mobile (B02B49B5-BB20-44E9-A304-32B752E40360): 0
LogDevObjectVersion:   Dev-Networking (A4E4105C-59A1-49B5-A7C5-40C4547EDFEE): 0
LogDevObjectVersion:   Dev-Online (39C831C9-5AE6-47DC-9A44-9C173E1C8E7C): 0
LogDevObjectVersion:   Dev-Physics (78F01B33-EBEA-4F98-B9B4-84EACCB95AA2): 0
LogDevObjectVersion:   Dev-Platform (6631380F-2D4D-43E0-8009-CF276956A95A): 0
LogDevObjectVersion:   Dev-Rendering (12F88B9F-8875-4AFC-A67C-D90C383ABD29): 12
LogDevObjectVersion:   Dev-Sequencer (7B5AE74C-D270-4C10-A958-57980B212A5A): 3
LogDevObjectVersion:   Dev-VR (D7296918-1DD6-4BDD-9DE2-64A83CC13884): 0
LogDevObjectVersion:   Dev-LoadTimes (C2A15278-BFE7-4AFE-6C17-90FF531DF755): 1
LogInit: Compiled (64-bit): Mar 15 2017 16:52:47
LogInit: Compiled with Visual C++: 19.00.23026.00
LogInit: Build Configuration: Development
LogInit: Branch Name: ++UE4+Release-4.15
LogInit: Command line: -EpicPortal 
LogInit: Base directory: C:/Program Files/Epic Games/UE_4.15/Engine/Binaries/Win64/
LogInit: Installed Engine Build: 1
LogInit: Presizing for max 8388607 objects, including 0 objects not considered by GC, pre-allocating 0 bytes for permanent pool.
LogInit: Object subsystem initialized
[2017.03.28-14.24.58:348][  0]LogInit: Selected Device Profile: [Windows]
[2017.03.28-14.24.58:348][  0]LogInit: Applying CVar settings loaded from the selected device profile: [Windows]
[2017.03.28-14.24.58:358][  0]LogInit: Computer: ANURAGTIWARI
[2017.03.28-14.24.58:358][  0]LogInit: User: Anurag
[2017.03.28-14.24.58:358][  0]LogInit: CPU Page size=65536, Cores=4
[2017.03.28-14.24.58:358][  0]LogInit: High frequency timer resolution =2.533209 MHz
[2017.03.28-14.24.58:359][  0]LogMemory: Memory total: Physical=16.0GB (16GB approx)
[2017.03.28-14.24.58:359][  0]LogMemory: Platform Memory Stats for Windows
[2017.03.28-14.24.58:359][  0]LogMemory: Process Physical Memory: 263.88 MB used, 263.88 MB peak
[2017.03.28-14.24.58:359][  0]LogMemory: Process Virtual Memory: 262.75 MB used, 262.75 MB peak
[2017.03.28-14.24.58:359][  0]LogMemory: Physical Memory: 5231.08 MB used,  11102.10 MB free, 16333.18 MB total
[2017.03.28-14.24.58:359][  0]LogMemory: Virtual Memory: 630.96 MB used,  11102.10 MB free, 134217728.00 MB total
[2017.03.28-14.24.58:450][  0]LogTextLocalizationManager: No specific translations for ('en-US') exist, so ('en') translations will be used.
[2017.03.28-14.24.59:044][  0]LogD3D11RHI: D3D11 adapters:
[2017.03.28-14.24.59:586][  0]LogD3D11RHI:    0. 'NVIDIA GeForce GTX 965M' (Feature Level 11_0)
[2017.03.28-14.24.59:586][  0]LogD3D11RHI:       2016/0/8166 MB DedicatedVideo/DedicatedSystem/SharedSystem, Outputs:1, VendorId:0x10de
[2017.03.28-14.24.59:587][  0]LogD3D11RHI:    1. 'Microsoft Basic Render Driver' (Feature Level 11_0)
[2017.03.28-14.24.59:587][  0]LogD3D11RHI:       0/0/8166 MB DedicatedVideo/DedicatedSystem/SharedSystem, Outputs:0, VendorId:0x1414
[2017.03.28-14.24.59:587][  0]LogD3D11RHI: Chosen D3D11 Adapter: 0
[2017.03.28-14.24.59:592][  0]LogD3D11RHI: Creating new Direct3DDevice
[2017.03.28-14.24.59:592][  0]LogD3D11RHI:     GPU DeviceId: 0x13d9 (for the marketing name, search the web for "GPU Device Id")
[2017.03.28-14.24.59:592][  0]LogWindows: EnumDisplayDevices:
[2017.03.28-14.24.59:592][  0]LogWindows:    0. 'NVIDIA GeForce GTX 965M' (P:1 D:1)
[2017.03.28-14.24.59:593][  0]LogWindows:    1. 'NVIDIA GeForce GTX 965M' (P:0 D:0)
[2017.03.28-14.24.59:593][  0]LogWindows:    2. 'NVIDIA GeForce GTX 965M' (P:0 D:0)
[2017.03.28-14.24.59:593][  0]LogWindows:    3. 'NVIDIA GeForce GTX 965M' (P:0 D:0)
[2017.03.28-14.24.59:593][  0]LogWindows: DebugString: FoundDriverCount:4 
[2017.03.28-14.24.59:593][  0]LogD3D11RHI:     Adapter Name: NVIDIA GeForce GTX 965M
[2017.03.28-14.24.59:593][  0]LogD3D11RHI:   Driver Version: 378.78 (internal:21.21.13.7878, unified:378.78)
[2017.03.28-14.24.59:593][  0]LogD3D11RHI:      Driver Date: 2-23-2017
[2017.03.28-14.24.59:593][  0]LogRHI: Texture pool is 1361 MB (70% of 1945 MB)
[2017.03.28-14.25.00:101][  0]LogD3D11RHI: Async texture creation enabled
[2017.03.28-14.25.00:128][  0]LogD3D11RHI: GPU Timing Frequency: 1000.000000 (Debug: 2 1)
[2017.03.28-14.25.00:170][  0]LogShaderCompilers: Guid format shader working directory is 21 characters bigger than the processId version (D:/cs524/unreal/MyProject/Intermediate/Shaders/WorkingDirectory/14164/).
[2017.03.28-14.25.00:170][  0]LogShaderCompilers: Cleaned the shader compiler working directory 'C:/Users/Anurag/AppData/Local/Temp/UnrealShaderWorkingDir/BCC52C4A422E48103CB99D912AD5D09D/'.
[2017.03.28-14.25.00:170][  0]LogShaderCompilers:Display: Using Local Shader Compiler.
[2017.03.28-14.25.01:248][  0]LogTemp:Display: Loaded TP AllDesktopTargetPlatform
[2017.03.28-14.25.01:309][  0]LogTemp:Display: Loaded TP MacClientTargetPlatform
[2017.03.28-14.25.01:369][  0]LogTemp:Display: Loaded TP MacNoEditorTargetPlatform
[2017.03.28-14.25.01:428][  0]LogTemp:Display: Loaded TP MacServerTargetPlatform
[2017.03.28-14.25.01:489][  0]LogTemp:Display: Loaded TP MacTargetPlatform
[2017.03.28-14.25.01:551][  0]LogTemp:Display: Loaded TP WindowsClientTargetPlatform
[2017.03.28-14.25.01:610][  0]LogTemp:Display: Loaded TP WindowsNoEditorTargetPlatform
[2017.03.28-14.25.01:671][  0]LogTemp:Display: Loaded TP WindowsServerTargetPlatform
[2017.03.28-14.25.01:721][  0]LogTemp:Display: Loaded TP WindowsTargetPlatform
[2017.03.28-14.25.01:780][  0]LogTemp:Display: Loaded TP AndroidTargetPlatform
[2017.03.28-14.25.01:849][  0]LogTemp:Display: Loaded TP Android_ASTCTargetPlatform
[2017.03.28-14.25.01:912][  0]LogTemp:Display: Loaded TP Android_ATCTargetPlatform
[2017.03.28-14.25.01:971][  0]LogTemp:Display: Loaded TP Android_DXTTargetPlatform
[2017.03.28-14.25.02:029][  0]LogTemp:Display: Loaded TP Android_ETC1TargetPlatform
[2017.03.28-14.25.02:088][  0]LogTemp:Display: Loaded TP Android_ETC2TargetPlatform
[2017.03.28-14.25.02:206][  0]LogTemp:Display: Loaded TP Android_MultiTargetPlatform
[2017.03.28-14.25.02:206][  0]LogTemp:Display: Loaded TP Android_PVRTCTargetPlatform
[2017.03.28-14.25.02:249][  0]LogTemp:Display: Loaded TP HTML5TargetPlatform
[2017.03.28-14.25.02:356][  0]LogTemp:Display: Loaded TP IOSTargetPlatform
[2017.03.28-14.25.02:395][  0]LogTemp:Display: Loaded TP TVOSTargetPlatform
[2017.03.28-14.25.02:453][  0]LogTemp:Display: Loaded TP LinuxClientTargetPlatform
[2017.03.28-14.25.02:511][  0]LogTemp:Display: Loaded TP LinuxNoEditorTargetPlatform
[2017.03.28-14.25.02:569][  0]LogTemp:Display: Loaded TP LinuxServerTargetPlatform
[2017.03.28-14.25.02:628][  0]LogTemp:Display: Loaded TP LinuxTargetPlatform
[2017.03.28-14.25.02:628][  0]LogTargetPlatformManager:Display: Building Assets For Windows
[2017.03.28-14.25.03:145][  0]LogDerivedDataCache:Display: Max Cache Size: 512 MB
[2017.03.28-14.25.03:195][  0]LogDerivedDataCache: Loaded boot cache 0.05s 50MB C:/Users/Anurag/AppData/Local/UnrealEngine/4.15/DerivedDataCache/Boot.ddc.
[2017.03.28-14.25.03:195][  0]LogDerivedDataCache:Display: Loaded Boot cache: C:/Users/Anurag/AppData/Local/UnrealEngine/4.15/DerivedDataCache/Boot.ddc
[2017.03.28-14.25.03:196][  0]LogDerivedDataCache: FDerivedDataBackendGraph:  Pak pak cache file D:/cs524/unreal/MyProject/DerivedDataCache/DDC.ddp not found, will not use a pak cache.
[2017.03.28-14.25.03:196][  0]LogDerivedDataCache: Unable to find inner node Pak for hierarchical cache Hierarchy.
[2017.03.28-14.25.03:196][  0]LogDerivedDataCache: FDerivedDataBackendGraph:  CompressedPak pak cache file D:/cs524/unreal/MyProject/DerivedDataCache/Compressed.ddp not found, will not use a pak cache.
[2017.03.28-14.25.03:196][  0]LogDerivedDataCache: Unable to find inner node CompressedPak for hierarchical cache Hierarchy.
[2017.03.28-14.25.03:214][  0]LogDerivedDataCache:Display: Pak cache opened for reading ../../../Engine/DerivedDataCache/Compressed.ddp.
[2017.03.28-14.25.03:226][  0]LogDerivedDataCache: Using Local data cache path C:/Users/Anurag/AppData/Local/UnrealEngine/Common/DerivedDataCache: Writable
[2017.03.28-14.25.03:235][  0]LogSlate: Using Freetype 2.6.0
[2017.03.28-14.25.03:235][  0]LogSlate: SlateFontCache - WITH_FREETYPE: 1, WITH_HARFBUZZ: 1
[2017.03.28-14.25.03:235][  0]LogSlate: SlateFontCache - WITH_FREETYPE: 1, WITH_HARFBUZZ: 1
[2017.03.28-14.25.03:505][  0]LogInit: Selected Device Profile: [Windows]
[2017.03.28-14.25.03:508][  0]LogContentStreaming: Texture pool size is 0.00 MB
[2017.03.28-14.25.03:729][  0]LogMeshUtilities: Using QuadricMeshReduction for automatic static mesh reduction
[2017.03.28-14.25.03:780][  0]LogSimplygon: Simplygon DLL not present - disabling.
[2017.03.28-14.25.03:834][  0]LogMeshUtilities: Using SimplygonSwarm for distributed automatic mesh merging
[2017.03.28-14.25.03:834][  0]LogMeshUtilities: No automatic skeletal mesh reduction module available
[2017.03.28-14.25.03:834][  0]LogMeshUtilities: No automatic mesh merging module available
[2017.03.28-14.25.04:367][  0]LogNetVersion: GetLocalNetworkVersion: CL: 3299760, ProjectName: myproject, ProjectVersion: , EngineNetworkVersion: 2, GameNetworkVersion: 0, NetworkChecksum: 4136520461
[2017.03.28-14.25.04:418][  0]LogAssetRegistry: FAssetRegistry took 0.0221 seconds to start up
[2017.03.28-14.25.04:470][  0]LogPackageLocalizationCache: Processed 3 localized package path(s) for 2 prioritized culture(s) in 0.021252 seconds
[2017.03.28-14.25.04:475][  0]LogUObjectArray: 32493 objects as part of root set at end of initial load.
[2017.03.28-14.25.04:475][  0]LogUObjectAllocator: 7077032 out of 0 bytes used by permanent object pool.
[2017.03.28-14.25.04:475][  0]LogUObjectArray: CloseDisregardForGC: 0/0 objects in disregard for GC pool
[2017.03.28-14.25.04:551][  0]LogInit: WinSock: version 1.1 (2.2), MaxSocks=32767, MaxUdp=65467
[2017.03.28-14.25.06:297][  0]LogTcpMessaging: Initializing TcpMessaging bridge
[2017.03.28-14.25.06:343][  0]LogUdpMessaging: Initializing bridge on interface 0.0.0.0:0 to multicast group 230.0.0.1:6666.
[2017.03.28-14.25.06:847][  0]LogMaterial: Uniform references updated for custom material expression Custom.
[2017.03.28-14.25.07:270][  0]SourceControl: Info Source control is disabled
[2017.03.28-14.25.07:271][  0]SourceControl: Info Source control is disabled
[2017.03.28-14.25.07:325][  0]SourceControl: Info Source control is disabled
[2017.03.28-14.25.07:377][  0]SourceControl: Info Source control is disabled
[2017.03.28-14.25.08:770][  0]LogEngine: Initializing Engine...
[2017.03.28-14.25.08:770][  0]LogHMD: Failed to initialize OpenVR with code 110
[2017.03.28-14.25.09:009][  0]LogAIModule: Creating AISystem for world Untitled
[2017.03.28-14.25.09:016][  0]LogInit: XAudio2 using 'Speakers (Realtek High Definition Audio)' : 2 channels at 48 kHz using 32 bits per sample (channel mask 0x3)
[2017.03.28-14.25.09:029][  0]LogInit: FAudioDevice initialized.
[2017.03.28-14.25.09:054][  0]LogDerivedDataCache: Saved boot cache 0.03s 50MB C:/Users/Anurag/AppData/Local/UnrealEngine/4.15/DerivedDataCache/Boot.ddc.
[2017.03.28-14.25.09:060][  0]LogInit: Texture streaming: Enabled
[2017.03.28-14.25.09:173][  0]LogEngineSessionManager: EngineSessionManager initialized
[2017.03.28-14.25.09:272][  0]LogInit: Transaction tracking system initialized
[2017.03.28-14.25.09:666][  0]BlueprintLog: New page: Editor Load
[2017.03.28-14.25.10:669][  0]LocalizationService: Info Localization service is disabled
[2017.03.28-14.25.11:423][  0]LogConsoleResponse:Display: 
[2017.03.28-14.25.11:545][  0]LogCook:Display: Max memory allowance for cook 16384mb min free memory 0mb
[2017.03.28-14.25.11:545][  0]LogCook:Display: Mobile HDR setting 1
[2017.03.28-14.25.11:741][  0]LogFileCache: Scanning file cache for directory 'D:/cs524/unreal/MyProject/Content/' took 0.02s
[2017.03.28-14.25.12:722][  0]SourceControl: Info Source control is disabled
[2017.03.28-14.25.12:722][  0]Cmd: MAP LOAD FILE="D:/cs524/unreal/MyProject/Content/FirstPersonBP/Maps/FirstPersonExampleMap.umap" TEMPLATE=0 SHOWPROGRESS=1 FEATURELEVEL=3
[2017.03.28-14.25.12:723][  0]LightingResults: New page: Lighting Build
[2017.03.28-14.25.12:768][  0]MapCheck: New page: Map Check
[2017.03.28-14.25.12:769][  0]LightingResults: New page: Lighting Build
[2017.03.28-14.25.13:401][  0]LogAIModule: Creating AISystem for world FirstPersonExampleMap
[2017.03.28-14.25.13:447][  0]LogMaterial:Warning: Material /Game/StarterContent/Props/Materials/M_Bush.M_Bush needed to have new flag set bUsedWithInstancedStaticMeshes !
[2017.03.28-14.25.13:450][  0]LogMaterial: Missing cached shader map for material M_Bush, compiling. 
[2017.03.28-14.25.13:450][  0]LogTemp:Display: Added material ShaderMap 0x00000211A01E8800 with Material 0x0000021186D19480 to ShaderMapsBeingCompiled
[2017.03.28-14.25.13:546][  0]LogTemp:Display: Kicking off shader compilation for M_Bush, GameThreadShaderMap 0x00000211A01E8800
[2017.03.28-14.25.13:546][  0]MapCheck:Warning: Warning M_Bush Material /Game/StarterContent/Props/Materials/M_Bush.M_Bush was missing the usage flag bUsedWithInstancedStaticMeshes. If the material asset is not re-saved, it may not render correctly when run outside the editor. Fix
[2017.03.28-14.25.13:546][  0]LogMaterial: 0.00 seconds spent updating 1 materials, 1 interfaces, 0 instances, 0 with static permutations.
[2017.03.28-14.25.13:554][  0]LogEditorServer: Finished looking for orphan Actors (0.000 secs)
[2017.03.28-14.25.13:554][  0]Cmd: MAP CHECKDEP NOCLEARLOG
[2017.03.28-14.25.13:616][  0]MapCheck: Info Map check complete: 0 Error(s), 1 Warning(s), took 62.041ms to complete.
[2017.03.28-14.25.13:626][  0]LogFileHelpers: Loading map 'FirstPersonExampleMap' took 0.904
[2017.03.28-14.25.13:683][  0]LogWindowsTextInputMethodSystem:Display: IME system now deactivated.
[2017.03.28-14.25.13:863][  0]LogCollectionManager: Loaded 0 collections in 0.002595 seconds
[2017.03.28-14.25.13:987][  0]LogFileCache: Scanning file cache for directory 'D:/cs524/unreal/MyProject/Saved/Collections/' took 0.01s
[2017.03.28-14.25.13:987][  0]LogFileCache: Scanning file cache for directory 'D:/cs524/unreal/MyProject/Content/Developers/Anurag/Collections/' took 0.01s
[2017.03.28-14.25.13:987][  0]LogFileCache: Scanning file cache for directory 'D:/cs524/unreal/MyProject/Content/Collections/' took 0.01s
[2017.03.28-14.25.13:987][  0]LogCollectionManager: Rebuilt the GUID cache for 0 collections in 0.000002 seconds
[2017.03.28-14.25.14:003][  0]LogContentBrowser: Native class hierarchy populated in 0.0150 seconds. Added 2245 classes and 453 folders.
[2017.03.28-14.25.14:010][  0]LogStats: UGameplayTagsManager::ConstructGameplayTagTree: Construct from data asset -  0.000 s
[2017.03.28-14.25.14:010][  0]LogStats: UGameplayTagsManager::ConstructGameplayTagTree: GameplayTagTreeChangedEvent.Broadcast -  0.000 s
[2017.03.28-14.25.14:143][  0]LogContentBrowser: Native class hierarchy updated for 'WidgetCarousel' in 0.0008 seconds. Added 0 classes and 0 folders.
[2017.03.28-14.25.14:210][  0]LogContentBrowser: Native class hierarchy updated for 'AddContentDialog' in 0.0009 seconds. Added 0 classes and 0 folders.
[2017.03.28-14.25.14:303][  0]LogContentBrowser: Native class hierarchy updated for 'SceneOutliner' in 0.0008 seconds. Added 1 classes and 2 folders.
[2017.03.28-14.25.14:392][  0]LogCrashTracker: Crashtracker disabled due to settings.
[2017.03.28-14.25.14:400][  0]LogUObjectGlobals:Warning: Failed to find object 'Class None.'
[2017.03.28-14.25.14:514][  0]LogContentBrowser: Native class hierarchy updated for 'HierarchicalLODOutliner' in 0.0011 seconds. Added 1 classes and 2 folders.
[2017.03.28-14.25.14:515][  0]LogLoad: (Engine Initialization) Total time: 18.19 seconds
[2017.03.28-14.25.14:515][  0]LogLoad: (Engine Initialization) Total Blueprint compile time: 0.21 seconds
[2017.03.28-14.25.14:515][  0]LogExternalProfiler: Found external profiler: VSPerf
[2017.03.28-14.25.14:515][  0]LogExternalProfiler: Using external profiler: VSPerf
[2017.03.28-14.25.14:532][  0]LogOcInput: OculusInput pre-init called
[2017.03.28-14.25.14:551][  0]LogContentStreaming: Texture pool size now 1000 MB
[2017.03.28-14.25.14:553][  0]LogSlate: Took 0.000254 seconds to synchronously load lazily loaded font '../../../Engine/Content/Slate/Fonts/Roboto-Bold.ttf' (160K)
[2017.03.28-14.25.14:556][  0]LogSlate: Took 0.000325 seconds to synchronously load lazily loaded font '../../../Engine/Content/Slate/Fonts/Roboto-Regular.ttf' (155K)
[2017.03.28-14.25.14:566][  0]LogSlate: Took 0.000315 seconds to synchronously load lazily loaded font '../../../Engine/Content/Editor/Slate/Fonts/FontAwesome.ttf' (139K)
[2017.03.28-14.25.14:693][  0]LogSlate: Took 0.000245 seconds to synchronously load lazily loaded font '../../../Engine/Content/Slate/Fonts/Roboto-Light.ttf' (159K)
[2017.03.28-14.25.14:770][  0]LogRenderer: Reallocating scene render targets to support 1208x576 NumSamples 1 (Frame:2).
[2017.03.28-14.25.15:003][  2]LogAssetRegistry: Asset discovery search completed in 10.6062 seconds
[2017.03.28-14.25.15:003][  2]LogCollectionManager: Rebuilt the object cache for 0 collections in 0.000008 seconds (found 0 objects)
[2017.03.28-14.25.15:003][  2]LogCollectionManager: Fixed up redirectors for 0 collections in 0.000021 seconds (updated 0 objects)
[2017.03.28-14.25.19:362][156]LogTemp:Display: Finished compile of shader map 0x00000211A01E8800
[2017.03.28-14.25.19:362][156]LogTemp:Display: Shader map M_Bush complete, GameThreadShaderMap 0x00000211A01E8800, marking material M_Bush as finished
[2017.03.28-14.25.19:362][156]LogTemp:Display: Marking material as finished 0x0000021186D19480
[2017.03.28-14.25.22:854][223]LogLinker:Warning: Can't find file '/Game/Mannequin/Animations/ThirdPerson_AnimBP'
[2017.03.28-14.25.22:854][223]LogLinker:Warning: Can't find file for asset '/Game/Mannequin/Animations/ThirdPerson_AnimBP' while loading D:/cs524/unreal/MyProject/Content/FirstPersonBP/Blueprints/ThirdPersonCharacter.uasset.
[2017.03.28-14.25.22:854][223]LoadErrors:Error: Error /Game/FirstPersonBP/Blueprints/ThirdPersonCharacter : Can't find file for asset. /Game/Mannequin/Animations/ThirdPerson_AnimBP
[2017.03.28-14.25.22:855][223]LogLinker:Warning: Can't find file '/Game/Mannequin/Animations/ThirdPerson_AnimBP'
[2017.03.28-14.25.22:855][223]LogLinker:Warning: Can't find file for asset '/Game/Mannequin/Animations/ThirdPerson_AnimBP' while loading D:/cs524/unreal/MyProject/Content/FirstPersonBP/Blueprints/ThirdPersonCharacter.uasset.
[2017.03.28-14.25.22:856][223]LogLinker:Warning: Can't find file '/Game/Mannequin/Character/Mesh/SK_Mannequin'
[2017.03.28-14.25.22:856][223]LogLinker:Warning: Can't find file for asset '/Game/Mannequin/Character/Mesh/SK_Mannequin' while loading D:/cs524/unreal/MyProject/Content/FirstPersonBP/Blueprints/ThirdPersonCharacter.uasset.
[2017.03.28-14.25.22:856][223]LoadErrors:Error: Error /Game/FirstPersonBP/Blueprints/ThirdPersonCharacter : Can't find file for asset. /Game/Mannequin/Character/Mesh/SK_Mannequin
[2017.03.28-14.25.22:856][223]LogLinker:Warning: Can't find file '/Game/Mannequin/Character/Mesh/SK_Mannequin'
[2017.03.28-14.25.22:856][223]LogLinker:Warning: Can't find file for asset '/Game/Mannequin/Character/Mesh/SK_Mannequin' while loading D:/cs524/unreal/MyProject/Content/FirstPersonBP/Blueprints/ThirdPersonCharacter.uasset.
[2017.03.28-14.25.22:857][223]LogLinker:Warning: Can't find file '/Game/Mannequin/Animations/ThirdPerson_AnimBP'
[2017.03.28-14.25.22:857][223]LogLinker:Warning: Can't find file for asset '/Game/Mannequin/Animations/ThirdPerson_AnimBP' while loading NULL.
[2017.03.28-14.25.22:857][223]LogLinker:Warning: Can't find file '/Game/Mannequin/Animations/ThirdPerson_AnimBP'
[2017.03.28-14.25.22:857][223]LogLinker:Warning: Can't find file for asset '/Game/Mannequin/Animations/ThirdPerson_AnimBP' while loading NULL.
[2017.03.28-14.25.22:857][223]LogLinker:Warning: Can't find file '/Game/Mannequin/Character/Mesh/SK_Mannequin'
[2017.03.28-14.25.22:857][223]LogLinker:Warning: Can't find file for asset '/Game/Mannequin/Character/Mesh/SK_Mannequin' while loading NULL.
[2017.03.28-14.25.22:858][223]LogLinker:Warning: Can't find file '/Game/Mannequin/Character/Mesh/SK_Mannequin'
[2017.03.28-14.25.22:858][223]LogLinker:Warning: Can't find file for asset '/Game/Mannequin/Character/Mesh/SK_Mannequin' while loading NULL.
[2017.03.28-14.25.22:858][223]LogLinker:Warning: Can't find file '/Game/Mannequin/Animations/ThirdPerson_AnimBP'
[2017.03.28-14.25.22:858][223]LoadErrors: Info Failed to load /Game/Mannequin/Animations/ThirdPerson_AnimBP.ThirdPerson_AnimBP_C Referenced by Default__ThirdPersonCharacter_C
[2017.03.28-14.25.22:858][223]LogLinker:Warning: Can't find file for asset '/Game/Mannequin/Animations/ThirdPerson_AnimBP' while loading NULL.
[2017.03.28-14.25.22:858][223]LogLinker:Warning: Can't find file '/Game/Mannequin/Animations/ThirdPerson_AnimBP'
[2017.03.28-14.25.22:858][223]LogLinker:Warning: Can't find file for asset '/Game/Mannequin/Animations/ThirdPerson_AnimBP' while loading NULL.
[2017.03.28-14.25.22:859][223]LogLinker:Warning: Can't find file '/Game/Mannequin/Character/Mesh/SK_Mannequin'
[2017.03.28-14.25.22:859][223]LoadErrors: Info Failed to load /Game/Mannequin/Character/Mesh/SK_Mannequin.SK_Mannequin Referenced by Default__ThirdPersonCharacter_C
[2017.03.28-14.25.22:859][223]LogLinker:Warning: Can't find file for asset '/Game/Mannequin/Character/Mesh/SK_Mannequin' while loading NULL.
[2017.03.28-14.25.22:896][223]LogSlate: Took 0.000136 seconds to synchronously load lazily loaded font '../../../Engine/Content/Slate/Fonts/Roboto-Light.ttf' (159K)
[2017.03.28-14.25.23:339][223]LogContentBrowser: Native class hierarchy updated for 'BlueprintGraph' in 0.0010 seconds. Added 112 classes and 0 folders.
[2017.03.28-14.25.23:933][223]LogSlate: Took 0.000184 seconds to synchronously load lazily loaded font '../../../Engine/Content/Slate/Fonts/Roboto-Regular.ttf' (155K)
[2017.03.28-14.25.24:014][223]LogSlate: Took 0.000271 seconds to synchronously load lazily loaded font '../../../Engine/Content/Editor/Slate/Fonts/Roboto-BoldCondensed.ttf' (158K)
[2017.03.28-14.25.24:191][224]LogSlate: Took 0.000278 seconds to synchronously load lazily loaded font '../../../Engine/Content/Editor/Slate/Fonts/Roboto-Italic.ttf' (157K)
[2017.03.28-14.25.36:584][643]BlueprintLog: New page: Compile ThirdPersonCharacter
[2017.03.28-14.26.55:321][685]BlueprintLog: New page: Compile ThirdPersonCharacter
[2017.03.28-14.26.58:522][753]Cmd: OBJ SAVEPACKAGE PACKAGE="/Game/FirstPersonBP/Blueprints/ThirdPersonCharacter" FILE="D:/cs524/unreal/MyProject/Content/FirstPersonBP/Blueprints/ThirdPersonCharacter.uasset" SILENT=true
[2017.03.28-14.26.58:545][753]LogSavePackage: Save=20.48ms
[2017.03.28-14.26.58:545][753]LogSavePackage: Moving 'D:/cs524/unreal/MyProject/Saved/ThirdPersonCharacter9864EE754B33D4F02F91DB8CA01BDFF7.tmp' to 'D:/cs524/unreal/MyProject/Content/FirstPersonBP/Blueprints/ThirdPersonCharacter.uasset'
[2017.03.28-14.26.58:546][753]LogSavePackage:Display: Finished SavePackage D:/cs524/unreal/MyProject/Content/FirstPersonBP/Blueprints/ThirdPersonCharacter.uasset
[2017.03.28-14.27.14:108][966]LogSlate: Took 0.000197 seconds to synchronously load lazily loaded font '../../../Engine/Content/Slate/Fonts/Roboto-Light.ttf' (159K)
[2017.03.28-14.27.22:670][360]LogSlate:Warning: Prevented a slow task dialog from being summoned while a context menu was open
[2017.03.28-14.27.22:718][360]LogBlueprint:Warning: Node '/Game/MixamoAnimPack/Mixamo_Goblin/Anims/MixamoAnimBP_Goblin.MixamoAnimBP_Goblin:EdGraph_0.K2Node_CommutativeAssociativeBinaryOperator_2253' missing NodeGuid because of upgrade from old package version, this can cause deterministic cooking issues please resave package.
[2017.03.28-14.27.22:718][360]LogBlueprint:Warning: Node '/Game/MixamoAnimPack/Mixamo_Goblin/Anims/MixamoAnimBP_Goblin.MixamoAnimBP_Goblin:EdGraph_0.K2Node_CallFunction_102548' missing NodeGuid because of upgrade from old package version, this can cause deterministic cooking issues please resave package.
[2017.03.28-14.27.22:718][360]LogBlueprint:Warning: Node '/Game/MixamoAnimPack/Mixamo_Goblin/Anims/MixamoAnimBP_Goblin.MixamoAnimBP_Goblin:EdGraph_0.K2Node_VariableGet_2488' missing NodeGuid because of upgrade from old package version, this can cause deterministic cooking issues please resave package.
[2017.03.28-14.27.22:718][360]LogBlueprint:Warning: Node '/Game/MixamoAnimPack/Mixamo_Goblin/Anims/MixamoAnimBP_Goblin.MixamoAnimBP_Goblin:EdGraph_0.K2Node_FunctionResult_0' missing NodeGuid because of upgrade from old package version, this can cause deterministic cooking issues please resave package.
[2017.03.28-14.27.22:718][360]LogBlueprint:Warning: Node '/Game/MixamoAnimPack/Mixamo_Goblin/Anims/MixamoAnimBP_Goblin.MixamoAnimBP_Goblin:EdGraph_0.K2Node_FunctionEntry_139' missing NodeGuid because of upgrade from old package version, this can cause deterministic cooking issues please resave package.
[2017.03.28-14.27.22:739][360]LogBlueprint:Warning: Node '/Game/MixamoAnimPack/Mixamo_Goblin/Anims/MixamoAnimBP_Goblin.MixamoAnimBP_Goblin:EdGraph_1.K2Node_CommutativeAssociativeBinaryOperator_2253' missing NodeGuid because of upgrade from old package version, this can cause deterministic cooking issues please resave package.
[2017.03.28-14.27.22:739][360]LogBlueprint:Warning: Node '/Game/MixamoAnimPack/Mixamo_Goblin/Anims/MixamoAnimBP_Goblin.MixamoAnimBP_Goblin:EdGraph_1.K2Node_CallFunction_102548' missing NodeGuid because of upgrade from old package version, this can cause deterministic cooking issues please resave package.
[2017.03.28-14.27.22:739][360]LogBlueprint:Warning: Node '/Game/MixamoAnimPack/Mixamo_Goblin/Anims/MixamoAnimBP_Goblin.MixamoAnimBP_Goblin:EdGraph_1.K2Node_VariableGet_2488' missing NodeGuid because of upgrade from old package version, this can cause deterministic cooking issues please resave package.
[2017.03.28-14.27.22:739][360]LogBlueprint:Warning: Node '/Game/MixamoAnimPack/Mixamo_Goblin/Anims/MixamoAnimBP_Goblin.MixamoAnimBP_Goblin:EdGraph_1.K2Node_FunctionResult_0' missing NodeGuid because of upgrade from old package version, this can cause deterministic cooking issues please resave package.
[2017.03.28-14.27.22:739][360]LogBlueprint:Warning: Node '/Game/MixamoAnimPack/Mixamo_Goblin/Anims/MixamoAnimBP_Goblin.MixamoAnimBP_Goblin:EdGraph_1.K2Node_FunctionEntry_139' missing NodeGuid because of upgrade from old package version, this can cause deterministic cooking issues please resave package.
[2017.03.28-14.27.22:767][360]LogBlueprint:Warning: Node '/Game/MixamoAnimPack/Mixamo_Goblin/Anims/MixamoAnimBP_Goblin.MixamoAnimBP_Goblin:EdGraph_2.K2Node_CommutativeAssociativeBinaryOperator_2253' missing NodeGuid because of upgrade from old package version, this can cause deterministic cooking issues please resave package.
[2017.03.28-14.27.22:767][360]LogBlueprint:Warning: Node '/Game/MixamoAnimPack/Mixamo_Goblin/Anims/MixamoAnimBP_Goblin.MixamoAnimBP_Goblin:EdGraph_2.K2Node_CallFunction_102548' missing NodeGuid because of upgrade from old package version, this can cause deterministic cooking issues please resave package.
[2017.03.28-14.27.22:767][360]LogBlueprint:Warning: Node '/Game/MixamoAnimPack/Mixamo_Goblin/Anims/MixamoAnimBP_Goblin.MixamoAnimBP_Goblin:EdGraph_2.K2Node_VariableGet_2488' missing NodeGuid because of upgrade from old package version, this can cause deterministic cooking issues please resave package.
[2017.03.28-14.27.22:767][360]LogBlueprint:Warning: Node '/Game/MixamoAnimPack/Mixamo_Goblin/Anims/MixamoAnimBP_Goblin.MixamoAnimBP_Goblin:EdGraph_2.K2Node_FunctionResult_0' missing NodeGuid because of upgrade from old package version, this can cause deterministic cooking issues please resave package.
[2017.03.28-14.27.22:767][360]LogBlueprint:Warning: Node '/Game/MixamoAnimPack/Mixamo_Goblin/Anims/MixamoAnimBP_Goblin.MixamoAnimBP_Goblin:EdGraph_2.K2Node_FunctionEntry_139' missing NodeGuid because of upgrade from old package version, this can cause deterministic cooking issues please resave package.
[2017.03.28-14.27.22:786][360]LogBlueprint:Warning: Node '/Game/MixamoAnimPack/Mixamo_Goblin/Anims/MixamoAnimBP_Goblin.MixamoAnimBP_Goblin:AnimGraph.AnimGraphNode_StateMachine_6.Default.AnimStateNode_1.Locomotion/Idle.AnimGraphNode_BlendSpacePlayer_9' missing NodeGuid because of upgrade from old package version, this can cause deterministic cooking issues please resave package.
[2017.03.28-14.27.22:787][360]LogBlueprint:Warning: Node '/Game/MixamoAnimPack/Mixamo_Goblin/Anims/MixamoAnimBP_Goblin.MixamoAnimBP_Goblin:AnimGraph.AnimGraphNode_Root_5' missing NodeGuid because of upgrade from old package version, this can cause deterministic cooking issues please resave package.
[2017.03.28-14.27.22:787][360]LogBlueprint:Warning: Node '/Game/MixamoAnimPack/Mixamo_Goblin/Anims/MixamoAnimBP_Goblin.MixamoAnimBP_Goblin:AnimGraph.AnimGraphNode_StateMachine_6.Default.AnimStateNode_2.Run Jump.AnimGraphNode_SequencePlayer_34' missing NodeGuid because of upgrade from old package version, this can cause deterministic cooking issues please resave package.
[2017.03.28-14.27.22:787][360]LogBlueprint:Warning: Node '/Game/MixamoAnimPack/Mixamo_Goblin/Anims/MixamoAnimBP_Goblin.MixamoAnimBP_Goblin:AnimGraph.AnimGraphNode_StateMachine_6.Default.AnimStateNode_3.Jump.AnimGraphNode_SequencePlayer_483' missing NodeGuid because of upgrade from old package version, this can cause deterministic cooking issues please resave package.
[2017.03.28-14.27.22:787][360]LogBlueprint:Warning: Node '/Game/MixamoAnimPack/Mixamo_Goblin/Anims/MixamoAnimBP_Goblin.MixamoAnimBP_Goblin:AnimGraph.AnimGraphNode_StateMachine_6.Default.AnimStateNode_7.attacking.AnimGraphNode_SequencePlayer_153' missing NodeGuid because of upgrade from old package version, this can cause deterministic cooking issues please resave package.
[2017.03.28-14.27.22:787][360]LogBlueprint:Warning: Node '/Game/MixamoAnimPack/Mixamo_Goblin/Anims/MixamoAnimBP_Goblin.MixamoAnimBP_Goblin:AnimGraph.AnimGraphNode_StateMachine_6' missing NodeGuid because of upgrade from old package version, this can cause deterministic cooking issues please resave package.
[2017.03.28-14.27.22:787][360]LogBlueprint:Warning: Node '/Game/MixamoAnimPack/Mixamo_Goblin/Anims/MixamoAnimBP_Goblin.MixamoAnimBP_Goblin:AnimGraph.AnimGraphNode_StateMachine_6.Default.AnimStateNode_1.Locomotion/Idle.AnimGraphNode_StateResult_20' missing NodeGuid because of upgrade from old package version, this can cause deterministic cooking issues please resave package.
[2017.03.28-14.27.22:787][360]LogBlueprint:Warning: Node '/Game/MixamoAnimPack/Mixamo_Goblin/Anims/MixamoAnimBP_Goblin.MixamoAnimBP_Goblin:AnimGraph.AnimGraphNode_StateMachine_6.Default.AnimStateNode_2.Run Jump.AnimGraphNode_StateResult_15' missing NodeGuid because of upgrade from old package version, this can cause deterministic cooking issues please resave package.
[2017.03.28-14.27.22:787][360]LogBlueprint:Warning: Node '/Game/MixamoAnimPack/Mixamo_Goblin/Anims/MixamoAnimBP_Goblin.MixamoAnimBP_Goblin:AnimGraph.AnimGraphNode_StateMachine_6.Default.AnimStateNode_3.Jump.AnimGraphNode_StateResult_55' missing NodeGuid because of upgrade from old package version, this can cause deterministic cooking issues please resave package.
[2017.03.28-14.27.22:787][360]LogBlueprint:Warning: Node '/Game/MixamoAnimPack/Mixamo_Goblin/Anims/MixamoAnimBP_Goblin.MixamoAnimBP_Goblin:AnimGraph.AnimGraphNode_StateMachine_6.Default.AnimStateNode_7.attacking.AnimGraphNode_StateResult_188' missing NodeGuid because of upgrade from old package version, this can cause deterministic cooking issues please resave package.
[2017.03.28-14.27.22:787][360]LogBlueprint:Warning: Node '/Game/MixamoAnimPack/Mixamo_Goblin/Anims/MixamoAnimBP_Goblin.MixamoAnimBP_Goblin:AnimGraph.AnimGraphNode_StateMachine_6.Default.AnimStateTransitionNode_1.Transition.AnimGraphNode_TransitionResult_20' missing NodeGuid because of upgrade from old package version, this can cause deterministic cooking issues please resave package.
[2017.03.28-14.27.22:787][360]LogBlueprint:Warning: Node '/Game/MixamoAnimPack/Mixamo_Goblin/Anims/MixamoAnimBP_Goblin.MixamoAnimBP_Goblin:AnimGraph.AnimGraphNode_StateMachine_6.Default.AnimStateTransitionNode_12.Transition.AnimGraphNode_TransitionResult_467' missing NodeGuid because of upgrade from old package version, this can cause deterministic cooking issues please resave package.
[2017.03.28-14.27.22:787][360]LogBlueprint:Warning: Node '/Game/MixamoAnimPack/Mixamo_Goblin/Anims/MixamoAnimBP_Goblin.MixamoAnimBP_Goblin:AnimGraph.AnimGraphNode_StateMachine_6.Default.AnimStateTransitionNode_2.Transition.AnimGraphNode_TransitionResult_28' missing NodeGuid because of upgrade from old package version, this can cause deterministic cooking issues please resave package.
[2017.03.28-14.27.22:787][360]LogBlueprint:Warning: Node '/Game/MixamoAnimPack/Mixamo_Goblin/Anims/MixamoAnimBP_Goblin.MixamoAnimBP_Goblin:AnimGraph.AnimGraphNode_StateMachine_6.Default.AnimStateTransitionNode_5.Transition.AnimGraphNode_TransitionResult_142' missing NodeGuid because of upgrade from old package version, this can cause deterministic cooking issues please resave package.
[2017.03.28-14.27.22:787][360]LogBlueprint:Warning: Node '/Game/MixamoAnimPack/Mixamo_Goblin/Anims/MixamoAnimBP_Goblin.MixamoAnimBP_Goblin:AnimGraph.AnimGraphNode_StateMachine_6.Default.AnimStateTransitionNode_6.AnimationTransitionGraph_65.AnimGraphNode_TransitionResult_22' missing NodeGuid because of upgrade from old package version, this can cause deterministic cooking issues please resave package.
[2017.03.28-14.27.22:787][360]LogBlueprint:Warning: Node '/Game/MixamoAnimPack/Mixamo_Goblin/Anims/MixamoAnimBP_Goblin.MixamoAnimBP_Goblin:AnimGraph.AnimGraphNode_StateMachine_6.Default.AnimStateTransitionNode_7.Transition.AnimGraphNode_TransitionResult_148' missing NodeGuid because of upgrade from old package version, this can cause deterministic cooking issues please resave package.
[2017.03.28-14.27.22:787][360]LogBlueprint:Warning: Node '/Game/MixamoAnimPack/Mixamo_Goblin/Anims/MixamoAnimBP_Goblin.MixamoAnimBP_Goblin:AnimGraph.AnimGraphNode_StateMachine_6.Default.AnimStateTransitionNode_8.Transition.AnimGraphNode_TransitionResult_233' missing NodeGuid because of upgrade from old package version, this can cause deterministic cooking issues please resave package.
[2017.03.28-14.27.22:787][360]LogBlueprint:Warning: Node '/Game/MixamoAnimPack/Mixamo_Goblin/Anims/MixamoAnimBP_Goblin.MixamoAnimBP_Goblin:AnimGraph.AnimGraphNode_StateMachine_6.Default.AnimStateEntryNode_0' missing NodeGuid because of upgrade from old package version, this can cause deterministic cooking issues please resave package.
[2017.03.28-14.27.22:787][360]LogBlueprint:Warning: Node '/Game/MixamoAnimPack/Mixamo_Goblin/Anims/MixamoAnimBP_Goblin.MixamoAnimBP_Goblin:AnimGraph.AnimGraphNode_StateMachine_6.Default.AnimStateNode_1' missing NodeGuid because of upgrade from old package version, this can cause deterministic cooking issues please resave package.
[2017.03.28-14.27.22:787][360]LogBlueprint:Warning: Node '/Game/MixamoAnimPack/Mixamo_Goblin/Anims/MixamoAnimBP_Goblin.MixamoAnimBP_Goblin:AnimGraph.AnimGraphNode_StateMachine_6.Default.AnimStateNode_2' missing NodeGuid because of upgrade from old package version, this can cause deterministic cooking issues please resave package.
[2017.03.28-14.27.22:787][360]LogBlueprint:Warning: Node '/Game/MixamoAnimPack/Mixamo_Goblin/Anims/MixamoAnimBP_Goblin.MixamoAnimBP_Goblin:AnimGraph.AnimGraphNode_StateMachine_6.Default.AnimStateNode_3' missing NodeGuid because of upgrade from old package version, this can cause deterministic cooking issues please resave package.
[2017.03.28-14.27.22:787][360]LogBlueprint:Warning: Node '/Game/MixamoAnimPack/Mixamo_Goblin/Anims/MixamoAnimBP_Goblin.MixamoAnimBP_Goblin:AnimGraph.AnimGraphNode_StateMachine_6.Default.AnimStateNode_7' missing NodeGuid because of upgrade from old package version, this can cause deterministic cooking issues please resave package.
[2017.03.28-14.27.22:787][360]LogBlueprint:Warning: Node '/Game/MixamoAnimPack/Mixamo_Goblin/Anims/MixamoAnimBP_Goblin.MixamoAnimBP_Goblin:AnimGraph.AnimGraphNode_StateMachine_6.Default.AnimStateTransitionNode_1' missing NodeGuid because of upgrade from old package version, this can cause deterministic cooking issues please resave package.
[2017.03.28-14.27.22:787][360]LogBlueprint:Warning: Node '/Game/MixamoAnimPack/Mixamo_Goblin/Anims/MixamoAnimBP_Goblin.MixamoAnimBP_Goblin:AnimGraph.AnimGraphNode_StateMachine_6.Default.AnimStateTransitionNode_12' missing NodeGuid because of upgrade from old package version, this can cause deterministic cooking issues please resave package.
[2017.03.28-14.27.22:787][360]LogBlueprint:Warning: Node '/Game/MixamoAnimPack/Mixamo_Goblin/Anims/MixamoAnimBP_Goblin.MixamoAnimBP_Goblin:AnimGraph.AnimGraphNode_StateMachine_6.Default.AnimStateTransitionNode_2' missing NodeGuid because of upgrade from old package version, this can cause deterministic cooking issues please resave package.
[2017.03.28-14.27.22:787][360]LogBlueprint:Warning: Node '/Game/MixamoAnimPack/Mixamo_Goblin/Anims/MixamoAnimBP_Goblin.MixamoAnimBP_Goblin:AnimGraph.AnimGraphNode_StateMachine_6.Default.AnimStateTransitionNode_5' missing NodeGuid because of upgrade from old package version, this can cause deterministic cooking issues please resave package.
[2017.03.28-14.27.22:787][360]LogBlueprint:Warning: Node '/Game/MixamoAnimPack/Mixamo_Goblin/Anims/MixamoAnimBP_Goblin.MixamoAnimBP_Goblin:AnimGraph.AnimGraphNode_StateMachine_6.Default.AnimStateTransitionNode_6' missing NodeGuid because of upgrade from old package version, this can cause deterministic cooking issues please resave package.
[2017.03.28-14.27.22:787][360]LogBlueprint:Warning: Node '/Game/MixamoAnimPack/Mixamo_Goblin/Anims/MixamoAnimBP_Goblin.MixamoAnimBP_Goblin:AnimGraph.AnimGraphNode_StateMachine_6.Default.AnimStateTransitionNode_7' missing NodeGuid because of upgrade from old package version, this can cause deterministic cooking issues please resave package.
[2017.03.28-14.27.22:787][360]LogBlueprint:Warning: Node '/Game/MixamoAnimPack/Mixamo_Goblin/Anims/MixamoAnimBP_Goblin.MixamoAnimBP_Goblin:AnimGraph.AnimGraphNode_StateMachine_6.Default.AnimStateTransitionNode_8' missing NodeGuid because of upgrade from old package version, this can cause deterministic cooking issues please resave package.
[2017.03.28-14.27.22:787][360]LogBlueprint:Warning: Node '/Game/MixamoAnimPack/Mixamo_Goblin/Anims/MixamoAnimBP_Goblin.MixamoAnimBP_Goblin:EventGraph.EdGraphNode_Comment_19' missing NodeGuid because of upgrade from old package version, this can cause deterministic cooking issues please resave package.
[2017.03.28-14.27.22:787][360]LogBlueprint:Warning: Node '/Game/MixamoAnimPack/Mixamo_Goblin/Anims/MixamoAnimBP_Goblin.MixamoAnimBP_Goblin:EventGraph.EdGraphNode_Comment_22' missing NodeGuid because of upgrade from old package version, this can cause deterministic cooking issues please resave package.
[2017.03.28-14.27.22:787][360]LogBlueprint:Warning: Node '/Game/MixamoAnimPack/Mixamo_Goblin/Anims/MixamoAnimBP_Goblin.MixamoAnimBP_Goblin:EventGraph.EdGraphNode_Comment_26' missing NodeGuid because of upgrade from old package version, this can cause deterministic cooking issues please resave package.
[2017.03.28-14.27.22:788][360]LogBlueprint:Warning: Node '/Game/MixamoAnimPack/Mixamo_Goblin/Anims/MixamoAnimBP_Goblin.MixamoAnimBP_Goblin:AnimGraph.AnimGraphNode_StateMachine_6.Default.AnimStateTransitionNode_12.Transition.K2Node_CallFunction_91451' missing NodeGuid because of upgrade from old package version, this can cause deterministic cooking issues please resave package.
[2017.03.28-14.27.22:788][360]LogBlueprint:Warning: Node '/Game/MixamoAnimPack/Mixamo_Goblin/Anims/MixamoAnimBP_Goblin.MixamoAnimBP_Goblin:AnimGraph.AnimGraphNode_StateMachine_6.Default.AnimStateTransitionNode_2.Transition.K2Node_CallFunction_11224' missing NodeGuid because of upgrade from old package version, this can cause deterministic cooking issues please resave package.
[2017.03.28-14.27.22:788][360]LogBlueprint:Warning: Node '/Game/MixamoAnimPack/Mixamo_Goblin/Anims/MixamoAnimBP_Goblin.MixamoAnimBP_Goblin:AnimGraph.AnimGraphNode_StateMachine_6.Default.AnimStateTransitionNode_5.Transition.K2Node_CallFunction_224620' missing NodeGuid because of upgrade from old package version, this can cause deterministic cooking issues please resave package.
[2017.03.28-14.27.22:788][360]LogBlueprint:Warning: Node '/Game/MixamoAnimPack/Mixamo_Goblin/Anims/MixamoAnimBP_Goblin.MixamoAnimBP_Goblin:AnimGraph.AnimGraphNode_StateMachine_6.Default.AnimStateTransitionNode_5.Transition.K2Node_CallFunction_2831' missing NodeGuid because of upgrade from old package version, this can cause deterministic cooking issues please resave package.
[2017.03.28-14.27.22:788][360]LogBlueprint:Warning: Node '/Game/MixamoAnimPack/Mixamo_Goblin/Anims/MixamoAnimBP_Goblin.MixamoAnimBP_Goblin:AnimGraph.AnimGraphNode_StateMachine_6.Default.AnimStateTransitionNode_6.AnimationTransitionGraph_65.K2Node_CallFunction_92056' missing NodeGuid because of upgrade from old package version, this can cause deterministic cooking issues please resave package.
[2017.03.28-14.27.22:788][360]LogBlueprint:Warning: Node '/Game/MixamoAnimPack/Mixamo_Goblin/Anims/MixamoAnimBP_Goblin.MixamoAnimBP_Goblin:AnimGraph.AnimGraphNode_StateMachine_6.Default.AnimStateTransitionNode_7.Transition.K2Node_CallFunction_225505' missing NodeGuid because of upgrade from old package version, this can cause deterministic cooking issues please resave package.
[2017.03.28-14.27.22:788][360]LogBlueprint:Warning: Node '/Game/MixamoAnimPack/Mixamo_Goblin/Anims/MixamoAnimBP_Goblin.MixamoAnimBP_Goblin:CanJump.K2Node_CallFunction_102548' missing NodeGuid because of upgrade from old package version, this can cause deterministic cooking issues please resave package.
[2017.03.28-14.27.22:788][360]LogBlueprint:Warning: Node '/Game/MixamoAnimPack/Mixamo_Goblin/Anims/MixamoAnimBP_Goblin.MixamoAnimBP_Goblin:EventGraph.K2Node_CallFunction_108580' missing NodeGuid because of upgrade from old package version, this can cause deterministic cooking issues please resave package.
[2017.03.28-14.27.22:788][360]LogBlueprint:Warning: Node '/Game/MixamoAnimPack/Mixamo_Goblin/Anims/MixamoAnimBP_Goblin.MixamoAnimBP_Goblin:EventGraph.K2Node_CallFunction_162498' missing NodeGuid because of upgrade from old package version, this can cause deterministic cooking issues please resave package.
[2017.03.28-14.27.22:788][360]LogBlueprint:Warning: Node '/Game/MixamoAnimPack/Mixamo_Goblin/Anims/MixamoAnimBP_Goblin.MixamoAnimBP_Goblin:EventGraph.K2Node_CallFunction_169492' missing NodeGuid because of upgrade from old package version, this can cause deterministic cooking issues please resave package.
[2017.03.28-14.27.22:788][360]LogBlueprint:Warning: Node '/Game/MixamoAnimPack/Mixamo_Goblin/Anims/MixamoAnimBP_Goblin.MixamoAnimBP_Goblin:EventGraph.K2Node_CallFunction_227144' missing NodeGuid because of upgrade from old package version, this can cause deterministic cooking issues please resave package.
[2017.03.28-14.27.22:788][360]LogBlueprint:Warning: Node '/Game/MixamoAnimPack/Mixamo_Goblin/Anims/MixamoAnimBP_Goblin.MixamoAnimBP_Goblin:EventGraph.K2Node_CallFunction_29781' missing NodeGuid because of upgrade from old package version, this can cause deterministic cooking issues please resave package.
[2017.03.28-14.27.22:788][360]LogBlueprint:Warning: Node '/Game/MixamoAnimPack/Mixamo_Goblin/Anims/MixamoAnimBP_Goblin.MixamoAnimBP_Goblin:EventGraph.K2Node_CallFunction_29886' missing NodeGuid because of upgrade from old package version, this can cause deterministic cooking issues please resave package.
[2017.03.28-14.27.22:788][360]LogBlueprint:Warning: Node '/Game/MixamoAnimPack/Mixamo_Goblin/Anims/MixamoAnimBP_Goblin.MixamoAnimBP_Goblin:EventGraph.K2Node_CallFunction_45546' missing NodeGuid because of upgrade from old package version, this can cause deterministic cooking issues please resave package.
[2017.03.28-14.27.22:788][360]LogBlueprint:Warning: Node '/Game/MixamoAnimPack/Mixamo_Goblin/Anims/MixamoAnimBP_Goblin.MixamoAnimBP_Goblin:EventGraph.K2Node_CallFunction_45889' missing NodeGuid because of upgrade from old package version, this can cause deterministic cooking issues please resave package.
[2017.03.28-14.27.22:789][360]LogBlueprint:Warning: Node '/Game/MixamoAnimPack/Mixamo_Goblin/Anims/MixamoAnimBP_Goblin.MixamoAnimBP_Goblin:AnimGraph.AnimGraphNode_StateMachine_6.Default.AnimStateTransitionNode_2.Transition.K2Node_CommutativeAssociativeBinaryOperator_211' missing NodeGuid because of upgrade from old package version, this can cause deterministic cooking issues please resave package.
[2017.03.28-14.27.22:789][360]LogBlueprint:Warning: Node '/Game/MixamoAnimPack/Mixamo_Goblin/Anims/MixamoAnimBP_Goblin.MixamoAnimBP_Goblin:AnimGraph.AnimGraphNode_StateMachine_6.Default.AnimStateTransitionNode_5.Transition.K2Node_CommutativeAssociativeBinaryOperator_77' missing NodeGuid because of upgrade from old package version, this can cause deterministic cooking issues please resave package.
[2017.03.28-14.27.22:789][360]LogBlueprint:Warning: Node '/Game/MixamoAnimPack/Mixamo_Goblin/Anims/MixamoAnimBP_Goblin.MixamoAnimBP_Goblin:CanJump.K2Node_CommutativeAssociativeBinaryOperator_2253' missing NodeGuid because of upgrade from old package version, this can cause deterministic cooking issues please resave package.
[2017.03.28-14.27.22:789][360]LogBlueprint:Warning: Node '/Game/MixamoAnimPack/Mixamo_Goblin/Anims/MixamoAnimBP_Goblin.MixamoAnimBP_Goblin:EventGraph.K2Node_CommutativeAssociativeBinaryOperator_521' missing NodeGuid because of upgrade from old package version, this can cause deterministic cooking issues please resave package.
[2017.03.28-14.27.22:789][360]LogBlueprint:Warning: Node '/Game/MixamoAnimPack/Mixamo_Goblin/Anims/MixamoAnimBP_Goblin.MixamoAnimBP_Goblin:EventGraph.K2Node_DynamicCast_120' missing NodeGuid because of upgrade from old package version, this can cause deterministic cooking issues please resave package.
[2017.03.28-14.27.22:789][360]LogBlueprint:Warning: Node '/Game/MixamoAnimPack/Mixamo_Goblin/Anims/MixamoAnimBP_Goblin.MixamoAnimBP_Goblin:EventGraph.K2Node_DynamicCast_127' missing NodeGuid because of upgrade from old package version, this can cause deterministic cooking issues please resave package.
[2017.03.28-14.27.22:789][360]LogBlueprint:Warning: Node '/Game/MixamoAnimPack/Mixamo_Goblin/Anims/MixamoAnimBP_Goblin.MixamoAnimBP_Goblin:EventGraph.K2Node_DynamicCast_99' missing NodeGuid because of upgrade from old package version, this can cause deterministic cooking issues please resave package.
[2017.03.28-14.27.22:789][360]LogBlueprint:Warning: Node '/Game/MixamoAnimPack/Mixamo_Goblin/Anims/MixamoAnimBP_Goblin.MixamoAnimBP_Goblin:EventGraph.K2Node_Event_1003' missing NodeGuid because of upgrade from old package version, this can cause deterministic cooking issues please resave package.
[2017.03.28-14.27.22:789][360]LogBlueprint:Warning: Node '/Game/MixamoAnimPack/Mixamo_Goblin/Anims/MixamoAnimBP_Goblin.MixamoAnimBP_Goblin:EventGraph.K2Node_Event_2429' missing NodeGuid because of upgrade from old package version, this can cause deterministic cooking issues please resave package.
[2017.03.28-14.27.22:789][360]LogBlueprint:Warning: Node '/Game/MixamoAnimPack/Mixamo_Goblin/Anims/MixamoAnimBP_Goblin.MixamoAnimBP_Goblin:EventGraph.K2Node_Event_85' missing NodeGuid because of upgrade from old package version, this can cause deterministic cooking issues please resave package.
[2017.03.28-14.27.22:789][360]LogBlueprint:Warning: Node '/Game/MixamoAnimPack/Mixamo_Goblin/Anims/MixamoAnimBP_Goblin.MixamoAnimBP_Goblin:EventGraph.K2Node_ExecutionSequence_180' missing NodeGuid because of upgrade from old package version, this can cause deterministic cooking issues please resave package.
[2017.03.28-14.27.22:789][360]LogBlueprint:Warning: Node '/Game/MixamoAnimPack/Mixamo_Goblin/Anims/MixamoAnimBP_Goblin.MixamoAnimBP_Goblin:CanJump.K2Node_FunctionEntry_139' missing NodeGuid because of upgrade from old package version, this can cause deterministic cooking issues please resave package.
[2017.03.28-14.27.22:789][360]LogBlueprint:Warning: Node '/Game/MixamoAnimPack/Mixamo_Goblin/Anims/MixamoAnimBP_Goblin.MixamoAnimBP_Goblin:CanJump.K2Node_FunctionResult_0' missing NodeGuid because of upgrade from old package version, this can cause deterministic cooking issues please resave package.
[2017.03.28-14.27.22:789][360]LogBlueprint:Warning: Node '/Game/MixamoAnimPack/Mixamo_Goblin/Anims/MixamoAnimBP_Goblin.MixamoAnimBP_Goblin:EventGraph.K2Node_IfThenElse_332' missing NodeGuid because of upgrade from old package version, this can cause deterministic cooking issues please resave package.
[2017.03.28-14.27.22:789][360]LogBlueprint:Warning: Node '/Game/MixamoAnimPack/Mixamo_Goblin/Anims/MixamoAnimBP_Goblin.MixamoAnimBP_Goblin:EventGraph.K2Node_IfThenElse_413' missing NodeGuid because of upgrade from old package version, this can cause deterministic cooking issues please resave package.
[2017.03.28-14.27.22:789][360]LogBlueprint:Warning: Node '/Game/MixamoAnimPack/Mixamo_Goblin/Anims/MixamoAnimBP_Goblin.MixamoAnimBP_Goblin:AnimGraph.AnimGraphNode_StateMachine_6.Default.AnimStateTransitionNode_12.Transition.K2Node_TransitionRuleGetter_8' missing NodeGuid because of upgrade from old package version, this can cause deterministic cooking issues please resave package.
[2017.03.28-14.27.22:789][360]LogBlueprint:Warning: Node '/Game/MixamoAnimPack/Mixamo_Goblin/Anims/MixamoAnimBP_Goblin.MixamoAnimBP_Goblin:AnimGraph.AnimGraphNode_StateMachine_6.Default.AnimStateTransitionNode_6.AnimationTransitionGraph_65.K2Node_TransitionRuleGetter_17' missing NodeGuid because of upgrade from old package version, this can cause deterministic cooking issues please resave package.
[2017.03.28-14.27.22:789][360]LogBlueprint:Warning: Node '/Game/MixamoAnimPack/Mixamo_Goblin/Anims/MixamoAnimBP_Goblin.MixamoAnimBP_Goblin:AnimGraph.AnimGraphNode_StateMachine_6.Default.AnimStateTransitionNode_6.AnimationTransitionGraph_65.K2Node_TransitionRuleGetter_182' missing NodeGuid because of upgrade from old package version, this can cause deterministic cooking issues please resave package.
[2017.03.28-14.27.22:789][360]LogBlueprint:Warning: Node '/Game/MixamoAnimPack/Mixamo_Goblin/Anims/MixamoAnimBP_Goblin.MixamoAnimBP_Goblin:AnimGraph.AnimGraphNode_StateMachine_6.Default.AnimStateNode_1.Locomotion/Idle.K2Node_VariableGet_589' missing NodeGuid because of upgrade from old package version, this can cause deterministic cooking issues please resave package.
[2017.03.28-14.27.22:789][360]LogBlueprint:Warning: Node '/Game/MixamoAnimPack/Mixamo_Goblin/Anims/MixamoAnimBP_Goblin.MixamoAnimBP_Goblin:AnimGraph.AnimGraphNode_StateMachine_6.Default.AnimStateTransitionNode_1.Transition.K2Node_VariableGet_208' missing NodeGuid because of upgrade from old package version, this can cause deterministic cooking issues please resave package.
[2017.03.28-14.27.22:789][360]LogBlueprint:Warning: Node '/Game/MixamoAnimPack/Mixamo_Goblin/Anims/MixamoAnimBP_Goblin.MixamoAnimBP_Goblin:AnimGraph.AnimGraphNode_StateMachine_6.Default.AnimStateTransitionNode_2.Transition.K2Node_VariableGet_125' missing NodeGuid because of upgrade from old package version, this can cause deterministic cooking issues please resave package.
[2017.03.28-14.27.22:789][360]LogBlueprint:Warning: Node '/Game/MixamoAnimPack/Mixamo_Goblin/Anims/MixamoAnimBP_Goblin.MixamoAnimBP_Goblin:AnimGraph.AnimGraphNode_StateMachine_6.Default.AnimStateTransitionNode_2.Transition.K2Node_VariableGet_129' missing NodeGuid because of upgrade from old package version, this can cause deterministic cooking issues please resave package.
[2017.03.28-14.27.22:789][360]LogBlueprint:Warning: Node '/Game/MixamoAnimPack/Mixamo_Goblin/Anims/MixamoAnimBP_Goblin.MixamoAnimBP_Goblin:AnimGraph.AnimGraphNode_StateMachine_6.Default.AnimStateTransitionNode_5.Transition.K2Node_VariableGet_1066' missing NodeGuid because of upgrade from old package version, this can cause deterministic cooking issues please resave package.
[2017.03.28-14.27.22:789][360]LogBlueprint:Warning: Node '/Game/MixamoAnimPack/Mixamo_Goblin/Anims/MixamoAnimBP_Goblin.MixamoAnimBP_Goblin:AnimGraph.AnimGraphNode_StateMachine_6.Default.AnimStateTransitionNode_5.Transition.K2Node_VariableGet_74' missing NodeGuid because of upgrade from old package version, this can cause deterministic cooking issues please resave package.
[2017.03.28-14.27.22:789][360]LogBlueprint:Warning: Node '/Game/MixamoAnimPack/Mixamo_Goblin/Anims/MixamoAnimBP_Goblin.MixamoAnimBP_Goblin:AnimGraph.AnimGraphNode_StateMachine_6.Default.AnimStateTransitionNode_7.Transition.K2Node_VariableGet_1084' missing NodeGuid because of upgrade from old package version, this can cause deterministic cooking issues please resave package.
[2017.03.28-14.27.22:789][360]LogBlueprint:Warning: Node '/Game/MixamoAnimPack/Mixamo_Goblin/Anims/MixamoAnimBP_Goblin.MixamoAnimBP_Goblin:AnimGraph.AnimGraphNode_StateMachine_6.Default.AnimStateTransitionNode_8.Transition.K2Node_VariableGet_624' missing NodeGuid because of upgrade from old package version, this can cause deterministic cooking issues please resave package.
[2017.03.28-14.27.22:789][360]LogBlueprint:Warning: Node '/Game/MixamoAnimPack/Mixamo_Goblin/Anims/MixamoAnimBP_Goblin.MixamoAnimBP_Goblin:CanJump.K2Node_VariableGet_2488' missing NodeGuid because of upgrade from old package version, this can cause deterministic cooking issues please resave package.
[2017.03.28-14.27.22:789][360]LogBlueprint:Warning: Node '/Game/MixamoAnimPack/Mixamo_Goblin/Anims/MixamoAnimBP_Goblin.MixamoAnimBP_Goblin:EventGraph.K2Node_VariableGet_1007' missing NodeGuid because of upgrade from old package version, this can cause deterministic cooking issues please resave package.
[2017.03.28-14.27.22:789][360]LogBlueprint:Warning: Node '/Game/MixamoAnimPack/Mixamo_Goblin/Anims/MixamoAnimBP_Goblin.MixamoAnimBP_Goblin:EventGraph.K2Node_VariableGet_1157' missing NodeGuid because of upgrade from old package version, this can cause deterministic cooking issues please resave package.
[2017.03.28-14.27.22:789][360]LogBlueprint:Warning: Node '/Game/MixamoAnimPack/Mixamo_Goblin/Anims/MixamoAnimBP_Goblin.MixamoAnimBP_Goblin:EventGraph.K2Node_VariableGet_3156' missing NodeGuid because of upgrade from old package version, this can cause deterministic cooking issues please resave package.
[2017.03.28-14.27.22:789][360]LogBlueprint:Warning: Node '/Game/MixamoAnimPack/Mixamo_Goblin/Anims/MixamoAnimBP_Goblin.MixamoAnimBP_Goblin:EventGraph.K2Node_VariableSet_1402' missing NodeGuid because of upgrade from old package version, this can cause deterministic cooking issues please resave package.
[2017.03.28-14.27.22:789][360]LogBlueprint:Warning: Node '/Game/MixamoAnimPack/Mixamo_Goblin/Anims/MixamoAnimBP_Goblin.MixamoAnimBP_Goblin:EventGraph.K2Node_VariableSet_2289' missing NodeGuid because of upgrade from old package version, this can cause deterministic cooking issues please resave package.
[2017.03.28-14.27.22:789][360]LogBlueprint:Warning: Node '/Game/MixamoAnimPack/Mixamo_Goblin/Anims/MixamoAnimBP_Goblin.MixamoAnimBP_Goblin:EventGraph.K2Node_VariableSet_2465' missing NodeGuid because of upgrade from old package version, this can cause deterministic cooking issues please resave package.
[2017.03.28-14.27.22:789][360]LogBlueprint:Warning: Node '/Game/MixamoAnimPack/Mixamo_Goblin/Anims/MixamoAnimBP_Goblin.MixamoAnimBP_Goblin:EventGraph.K2Node_VariableSet_74' missing NodeGuid because of upgrade from old package version, this can cause deterministic cooking issues please resave package.
[2017.03.28-14.27.25:768][384]LogTemp: Repeting last play command: Selected Viewport
[2017.03.28-14.27.25:779][384]LogBlueprintUserMessages: Early PlayInEditor Detection: Level '/Game/FirstPersonBP/Maps/FirstPersonExampleMap.FirstPersonExampleMap:PersistentLevel' has LevelScriptBlueprint '/Game/FirstPersonBP/Maps/FirstPersonExampleMap.FirstPersonExampleMap:PersistentLevel.FirstPersonExampleMap' with GeneratedClass '/Game/FirstPersonBP/Maps/FirstPersonExampleMap.FirstPersonExampleMap_C' with ClassGeneratedBy '/Game/FirstPersonBP/Maps/FirstPersonExampleMap.FirstPersonExampleMap:PersistentLevel.FirstPersonExampleMap'
[2017.03.28-14.27.25:779][384]LogPlayLevel: PlayLevel: No blueprints needed recompiling
[2017.03.28-14.27.25:779][384]PIE: New page: PIE session: FirstPersonExampleMap (Mar 28, 2017, 12:27:25 AM)
[2017.03.28-14.27.25:779][384]LogPlayLevel: Creating play world package: /Game/FirstPersonBP/Maps/UEDPIE_0_FirstPersonExampleMap
[2017.03.28-14.27.25:838][384]LogPlayLevel: PIE: StaticDuplicateObject took: (0.059022s)
[2017.03.28-14.27.25:839][384]LogAIModule: Creating AISystem for world FirstPersonExampleMap
[2017.03.28-14.27.25:839][384]LogPlayLevel: PIE: World Init took: (0.000737s)
[2017.03.28-14.27.25:839][384]LogPlayLevel: PIE: Created PIE world by copying editor world from /Game/FirstPersonBP/Maps/FirstPersonExampleMap.FirstPersonExampleMap to /Game/FirstPersonBP/Maps/UEDPIE_0_FirstPersonExampleMap.FirstPersonExampleMap (0.059999s)
[2017.03.28-14.27.25:949][384]LogInit: XAudio2 using 'Speakers (Realtek High Definition Audio)' : 2 channels at 48 kHz using 32 bits per sample (channel mask 0x3)
[2017.03.28-14.27.25:958][384]LogInit: FAudioDevice initialized.
[2017.03.28-14.27.26:003][384]LogLoad: Game class is 'FirstPersonGameMode_C'
[2017.03.28-14.27.26:009][384]LogWorld: Bringing World /Game/FirstPersonBP/Maps/UEDPIE_0_FirstPersonExampleMap.FirstPersonExampleMap up for play (max tick rate 60) at 2017.03.28-07.27.26
[2017.03.28-14.27.26:010][384]LogWorld: Bringing up level for play took: 0.005107
[2017.03.28-14.27.26:010][384]LogGameMode: FindPlayerStart: PATHS NOT DEFINED or NO PLAYERSTART with positive rating
[2017.03.28-14.27.26:061][384]LogContentBrowser: Native class hierarchy updated for 'MovieSceneCapture' in 0.0005 seconds. Added 11 classes and 0 folders.
[2017.03.28-14.27.26:062][384]PIE: Info Play in editor start time for /Game/FirstPersonBP/Maps/UEDPIE_0_FirstPersonExampleMap 0.954
[2017.03.28-14.27.26:062][384]LogBlueprintUserMessages: Late PlayInEditor Detection: Level '/Game/FirstPersonBP/Maps/FirstPersonExampleMap.FirstPersonExampleMap:PersistentLevel' has LevelScriptBlueprint '/Game/FirstPersonBP/Maps/FirstPersonExampleMap.FirstPersonExampleMap:PersistentLevel.FirstPersonExampleMap' with GeneratedClass '/Game/FirstPersonBP/Maps/FirstPersonExampleMap.FirstPersonExampleMap_C' with ClassGeneratedBy '/Game/FirstPersonBP/Maps/FirstPersonExampleMap.FirstPersonExampleMap:PersistentLevel.FirstPersonExampleMap'
[2017.03.28-14.27.32:405][519]LogBlueprintUserMessages: Early EndPlayMap Detection: Level '/Game/FirstPersonBP/Maps/FirstPersonExampleMap.FirstPersonExampleMap:PersistentLevel' has LevelScriptBlueprint '/Game/FirstPersonBP/Maps/FirstPersonExampleMap.FirstPersonExampleMap:PersistentLevel.FirstPersonExampleMap' with GeneratedClass '/Game/FirstPersonBP/Maps/FirstPersonExampleMap.FirstPersonExampleMap_C' with ClassGeneratedBy '/Game/FirstPersonBP/Maps/FirstPersonExampleMap.FirstPersonExampleMap:PersistentLevel.FirstPersonExampleMap'
[2017.03.28-14.27.32:567][519]LogBlueprintUserMessages: Late EndPlayMap Detection: Level '/Game/FirstPersonBP/Maps/FirstPersonExampleMap.FirstPersonExampleMap:PersistentLevel' has LevelScriptBlueprint '/Game/FirstPersonBP/Maps/FirstPersonExampleMap.FirstPersonExampleMap:PersistentLevel.FirstPersonExampleMap' with GeneratedClass '/Game/FirstPersonBP/Maps/FirstPersonExampleMap.FirstPersonExampleMap_C' with ClassGeneratedBy '/Game/FirstPersonBP/Maps/FirstPersonExampleMap.FirstPersonExampleMap:PersistentLevel.FirstPersonExampleMap'
[2017.03.28-14.27.43:910][604]Cmd: TRANSACTION UNDO
[2017.03.28-14.27.43:910][604]LogEditorTransaction: Undo Edit Anim Class
[2017.03.28-14.27.44:049][604]LogActorComponent: ~FComponentReregisterContext: (/Game/FirstPersonBP/Maps/FirstPersonExampleMap.FirstPersonExampleMap:PersistentLevel.ThirdPersonCharacter_292.CollisionCylinder) Component already registered.
[2017.03.28-14.27.44:481][609]Cmd: TRANSACTION UNDO
[2017.03.28-14.27.44:481][609]LogEditorTransaction: Undo Edit Skeletal Mesh
[2017.03.28-14.27.44:626][609]LogActorComponent: ~FComponentReregisterContext: (/Game/FirstPersonBP/Maps/FirstPersonExampleMap.FirstPersonExampleMap:PersistentLevel.ThirdPersonCharacter_292.CollisionCylinder) Component already registered.
[2017.03.28-14.28.31:604][951]LogTemp: Repeting last play command: Selected Viewport
[2017.03.28-14.28.31:640][951]LogBlueprintUserMessages: Early PlayInEditor Detection: Level '/Game/FirstPersonBP/Maps/FirstPersonExampleMap.FirstPersonExampleMap:PersistentLevel' has LevelScriptBlueprint '/Game/FirstPersonBP/Maps/FirstPersonExampleMap.FirstPersonExampleMap:PersistentLevel.FirstPersonExampleMap' with GeneratedClass '/Game/FirstPersonBP/Maps/FirstPersonExampleMap.FirstPersonExampleMap_C' with ClassGeneratedBy '/Game/FirstPersonBP/Maps/FirstPersonExampleMap.FirstPersonExampleMap:PersistentLevel.FirstPersonExampleMap'
[2017.03.28-14.28.31:640][951]LogPlayLevel: PlayLevel: No blueprints needed recompiling
[2017.03.28-14.28.31:640][951]PIE: New page: PIE session: FirstPersonExampleMap (Mar 28, 2017, 12:28:31 AM)
[2017.03.28-14.28.31:641][951]LogPlayLevel: Creating play world package: /Game/FirstPersonBP/Maps/UEDPIE_0_FirstPersonExampleMap
[2017.03.28-14.28.31:876][951]LogPlayLevel: PIE: StaticDuplicateObject took: (0.235703s)
[2017.03.28-14.28.31:879][951]LogAIModule: Creating AISystem for world FirstPersonExampleMap
[2017.03.28-14.28.31:880][951]LogPlayLevel: PIE: World Init took: (0.003223s)
[2017.03.28-14.28.31:880][951]LogPlayLevel: PIE: Created PIE world by copying editor world from /Game/FirstPersonBP/Maps/FirstPersonExampleMap.FirstPersonExampleMap to /Game/FirstPersonBP/Maps/UEDPIE_0_FirstPersonExampleMap.FirstPersonExampleMap (0.240036s)
[2017.03.28-14.28.31:998][951]LogInit: XAudio2 using 'Speakers (Realtek High Definition Audio)' : 2 channels at 48 kHz using 32 bits per sample (channel mask 0x3)
[2017.03.28-14.28.32:032][951]LogInit: FAudioDevice initialized.
[2017.03.28-14.28.32:076][951]LogLoad: Game class is 'FirstPersonGameMode_C'
[2017.03.28-14.28.32:097][951]LogWorld: Bringing World /Game/FirstPersonBP/Maps/UEDPIE_0_FirstPersonExampleMap.FirstPersonExampleMap up for play (max tick rate 60) at 2017.03.28-07.28.32
[2017.03.28-14.28.32:099][951]LogWorld: Bringing up level for play took: 0.018786
[2017.03.28-14.28.32:100][951]LogGameMode: FindPlayerStart: PATHS NOT DEFINED or NO PLAYERSTART with positive rating
[2017.03.28-14.28.32:104][951]PIE: Info Play in editor start time for /Game/FirstPersonBP/Maps/UEDPIE_0_FirstPersonExampleMap 0.996
[2017.03.28-14.28.32:105][951]LogBlueprintUserMessages: Late PlayInEditor Detection: Level '/Game/FirstPersonBP/Maps/FirstPersonExampleMap.FirstPersonExampleMap:PersistentLevel' has LevelScriptBlueprint '/Game/FirstPersonBP/Maps/FirstPersonExampleMap.FirstPersonExampleMap:PersistentLevel.FirstPersonExampleMap' with GeneratedClass '/Game/FirstPersonBP/Maps/FirstPersonExampleMap.FirstPersonExampleMap_C' with ClassGeneratedBy '/Game/FirstPersonBP/Maps/FirstPersonExampleMap.FirstPersonExampleMap:PersistentLevel.FirstPersonExampleMap'
[2017.03.28-14.28.43:096][296]LogBlueprintUserMessages: Early EndPlayMap Detection: Level '/Game/FirstPersonBP/Maps/FirstPersonExampleMap.FirstPersonExampleMap:PersistentLevel' has LevelScriptBlueprint '/Game/FirstPersonBP/Maps/FirstPersonExampleMap.FirstPersonExampleMap:PersistentLevel.FirstPersonExampleMap' with GeneratedClass '/Game/FirstPersonBP/Maps/FirstPersonExampleMap.FirstPersonExampleMap_C' with ClassGeneratedBy '/Game/FirstPersonBP/Maps/FirstPersonExampleMap.FirstPersonExampleMap:PersistentLevel.FirstPersonExampleMap'
[2017.03.28-14.28.43:355][296]LogBlueprintUserMessages: Late EndPlayMap Detection: Level '/Game/FirstPersonBP/Maps/FirstPersonExampleMap.FirstPersonExampleMap:PersistentLevel' has LevelScriptBlueprint '/Game/FirstPersonBP/Maps/FirstPersonExampleMap.FirstPersonExampleMap:PersistentLevel.FirstPersonExampleMap' with GeneratedClass '/Game/FirstPersonBP/Maps/FirstPersonExampleMap.FirstPersonExampleMap_C' with ClassGeneratedBy '/Game/FirstPersonBP/Maps/FirstPersonExampleMap.FirstPersonExampleMap:PersistentLevel.FirstPersonExampleMap'
[2017.03.28-14.28.48:858][339]LogUProjectInfo: Found projects:
[2017.03.28-14.28.51:978][364]Cmd: CLOSE_SLATE_MAINFRAME
[2017.03.28-14.28.54:721][365]Cmd: QUIT_EDITOR
[2017.03.28-14.28.55:337][365]LogWindowsTextInputMethodSystem:Display: IME system now deactivated.
[2017.03.28-14.28.55:364][365]LogExit: Preparing to exit.
[2017.03.28-14.28.55:594][365]LogExit: Editor shut down
[2017.03.28-14.28.55:594][365]LogExit: Transaction tracking system shut down
[2017.03.28-14.28.55:691][365]LogObj: Freed 0b from 0 cluster array pools.
[2017.03.28-14.28.55:691][365]LogExit: Object subsystem successfully closed.
[2017.03.28-14.28.55:715][365]LogD3D11RHI: Shutdown
[2017.03.28-14.28.55:715][365]LogD3D11RHI: CleanupD3DDevice
[2017.03.28-14.28.55:803][365]LogD3D11RHI: ~FD3D11DynamicRHI
[2017.03.28-14.28.55:819][365]LogModuleManager: Shutting down and abandoning module MovieSceneCapture (504)
[2017.03.28-14.28.55:819][365]LogModuleManager: Shutting down and abandoning module BlueprintGraph (502)
[2017.03.28-14.28.55:819][365]LogModuleManager: Shutting down and abandoning module BlueprintProfiler (500)
[2017.03.28-14.28.55:819][365]LogModuleManager: Shutting down and abandoning module HierarchicalLODOutliner (498)
[2017.03.28-14.28.55:819][365]LogModuleManager: Shutting down and abandoning module CrashTracker (496)
[2017.03.28-14.28.55:819][365]LogModuleManager: Shutting down and abandoning module SceneOutliner (494)
[2017.03.28-14.28.55:819][365]LogModuleManager: Shutting down and abandoning module AddContentDialog (492)
[2017.03.28-14.28.55:819][365]LogDirectoryWatcher: A directory notification for 'C:/Program Files/Epic Games/UE_4.15/FeaturePacks/' was aborted.
[2017.03.28-14.28.55:820][365]LogModuleManager: Shutting down and abandoning module WidgetCarousel (491)
[2017.03.28-14.28.55:820][365]LogModuleManager: Shutting down and abandoning module EditorWidgets (488)
[2017.03.28-14.28.55:820][365]LogModuleManager: Shutting down and abandoning module CollectionManager (486)
[2017.03.28-14.28.55:820][365]LogDirectoryWatcher: A directory notification for 'D:/cs524/unreal/MyProject/Content/Collections/' was aborted.
[2017.03.28-14.28.55:820][365]LogDirectoryWatcher: A directory notification for 'D:/cs524/unreal/MyProject/Content/Developers/Anurag/Collections/' was aborted.
[2017.03.28-14.28.55:820][365]LogDirectoryWatcher: A directory notification for 'D:/cs524/unreal/MyProject/Saved/Collections/' was aborted.
[2017.03.28-14.28.55:820][365]LogModuleManager: Shutting down and abandoning module StatsViewer (484)
[2017.03.28-14.28.55:820][365]LogModuleManager: Shutting down and abandoning module FoliageEdit (482)
[2017.03.28-14.28.55:820][365]LogModuleManager: Shutting down and abandoning module LandscapeEditor (480)
[2017.03.28-14.28.55:820][365]LogModuleManager: Shutting down and abandoning module SceneDepthPickerMode (478)
[2017.03.28-14.28.55:820][365]LogModuleManager: Shutting down and abandoning module ActorPickerMode (476)
[2017.03.28-14.28.55:821][365]LogModuleManager: Shutting down and abandoning module GeometryMode (474)
[2017.03.28-14.28.55:821][365]LogModuleManager: Shutting down and abandoning module TextureAlignMode (472)
[2017.03.28-14.28.55:821][365]LogModuleManager: Shutting down and abandoning module BspMode (470)
[2017.03.28-14.28.55:821][365]LogModuleManager: Shutting down and abandoning module HardwareSurvey (468)
[2017.03.28-14.28.55:821][365]LogModuleManager: Shutting down and abandoning module SequenceRecorderSections (466)
[2017.03.28-14.28.55:821][365]LogModuleManager: Shutting down and abandoning module AutomationWorker (464)
[2017.03.28-14.28.55:821][365]LogModuleManager: Shutting down and abandoning module MatineeToLevelSequence (462)
[2017.03.28-14.28.55:821][365]LogModuleManager: Shutting down and abandoning module LevelSequenceEditor (460)
[2017.03.28-14.28.55:821][365]LogModuleManager: Shutting down and abandoning module PlacementMode (459)
[2017.03.28-14.28.55:821][365]LogModuleManager: Shutting down and abandoning module WmfMediaFactory (456)
[2017.03.28-14.28.55:821][365]LogModuleManager: Shutting down and abandoning module WmfMediaEditor (454)
[2017.03.28-14.28.55:821][365]LogModuleManager: Shutting down and abandoning module MfMediaFactory (452)
[2017.03.28-14.28.55:821][365]LogModuleManager: Shutting down and abandoning module MfMediaEditor (450)
[2017.03.28-14.28.55:821][365]LogModuleManager: Shutting down and abandoning module AvfMediaFactory (448)
[2017.03.28-14.28.55:821][365]LogModuleManager: Shutting down and abandoning module AvfMediaEditor (446)
[2017.03.28-14.28.55:821][365]LogModuleManager: Shutting down and abandoning module AndroidMediaFactory (444)
[2017.03.28-14.28.55:821][365]LogModuleManager: Shutting down and abandoning module Media (443)
[2017.03.28-14.28.55:821][365]LogModuleManager: Shutting down and abandoning module AndroidMediaEditor (440)
[2017.03.28-14.28.55:821][365]LogModuleManager: Shutting down and abandoning module CharacterAI (438)
[2017.03.28-14.28.55:821][365]LogModuleManager: Shutting down and abandoning module AudioCapture (436)
[2017.03.28-14.28.55:821][365]LogModuleManager: Shutting down and abandoning module SequenceRecorder (435)
[2017.03.28-14.28.55:821][365]LogModuleManager: Shutting down and abandoning module SmartSnapping (432)
[2017.03.28-14.28.55:821][365]LogModuleManager: Shutting down and abandoning module SessionServices (430)
[2017.03.28-14.28.55:821][365]LogModuleManager: Shutting down and abandoning module ViewportSnapping (428)
[2017.03.28-14.28.55:821][365]LogModuleManager: Shutting down and abandoning module ViewportInteraction (426)
[2017.03.28-14.28.55:821][365]LogModuleManager: Shutting down and abandoning module LogVisualizer (424)
[2017.03.28-14.28.55:821][365]LogModuleManager: Shutting down and abandoning module IntroTutorials (422)
[2017.03.28-14.28.55:821][365]LogModuleManager: Shutting down and abandoning module GameProjectGeneration (421)
[2017.03.28-14.28.55:821][365]LogModuleManager: Shutting down and abandoning module EditorLiveStreaming (418)
[2017.03.28-14.28.55:821][365]LogModuleManager: Shutting down and abandoning module IOSPlatformEditor (416)
[2017.03.28-14.28.55:821][365]LogModuleManager: Shutting down and abandoning module HTML5PlatformEditor (414)
[2017.03.28-14.28.55:821][365]LogModuleManager: Shutting down and abandoning module AndroidPlatformEditor (412)
[2017.03.28-14.28.55:821][365]LogModuleManager: Shutting down and abandoning module AndroidDeviceDetection (411)
[2017.03.28-14.28.56:172][365]LogModuleManager: Shutting down and abandoning module IOSRuntimeSettings (408)
[2017.03.28-14.28.56:172][365]LogModuleManager: Shutting down and abandoning module AndroidRuntimeSettings (406)
[2017.03.28-14.28.56:172][365]LogModuleManager: Shutting down and abandoning module InputBindingEditor (404)
[2017.03.28-14.28.56:172][365]LogModuleManager: Shutting down and abandoning module NiagaraEditor (402)
[2017.03.28-14.28.56:172][365]LogModuleManager: Shutting down and abandoning module MergeActors (400)
[2017.03.28-14.28.56:172][365]LogModuleManager: Shutting down and abandoning module SizeMap (398)
[2017.03.28-14.28.56:172][365]LogModuleManager: Shutting down and abandoning module TreeMap (396)
[2017.03.28-14.28.56:172][365]LogModuleManager: Shutting down and abandoning module ReferenceViewer (394)
[2017.03.28-14.28.56:172][365]LogModuleManager: Shutting down and abandoning module LocalizationDashboard (392)
[2017.03.28-14.28.56:172][365]LogModuleManager: Shutting down and abandoning module LocalizationService (391)
[2017.03.28-14.28.56:172][365]LogModuleManager: Shutting down and abandoning module HardwareTargeting (388)
[2017.03.28-14.28.56:172][365]LogModuleManager: Shutting down and abandoning module DeviceProfileEditor (386)
[2017.03.28-14.28.56:172][365]LogModuleManager: Shutting down and abandoning module UndoHistory (384)
[2017.03.28-14.28.56:172][365]LogModuleManager: Shutting down and abandoning module UserFeedback (382)
[2017.03.28-14.28.56:172][365]LogModuleManager: Shutting down and abandoning module XmlParser (380)
[2017.03.28-14.28.56:172][365]LogModuleManager: Shutting down and abandoning module Blutility (378)
[2017.03.28-14.28.56:172][365]LogModuleManager: Shutting down and abandoning module ProjectSettingsViewer (376)
[2017.03.28-14.28.56:172][365]LogModuleManager: Shutting down and abandoning module ProjectTargetPlatformEditor (375)
[2017.03.28-14.28.56:172][365]LogModuleManager: Shutting down and abandoning module EditorSettingsViewer (372)
[2017.03.28-14.28.56:172][365]LogModuleManager: Shutting down and abandoning module SettingsEditor (370)
[2017.03.28-14.28.56:172][365]LogModuleManager: Shutting down and abandoning module ProjectLauncher (368)
[2017.03.28-14.28.56:172][365]LogModuleManager: Shutting down and abandoning module SessionFrontend (366)
[2017.03.28-14.28.56:172][365]LogModuleManager: Shutting down and abandoning module ProfilerClient (364)
[2017.03.28-14.28.56:172][365]LogModuleManager: Shutting down and abandoning module DeviceManager (362)
[2017.03.28-14.28.56:172][365]LogModuleManager: Shutting down and abandoning module TargetDeviceServices (361)
[2017.03.28-14.28.56:217][365]LogModuleManager: Shutting down and abandoning module AutomationController (358)
[2017.03.28-14.28.56:217][365]LogModuleManager: Shutting down and abandoning module AutomationWindow (356)
[2017.03.28-14.28.56:217][365]LogModuleManager: Shutting down and abandoning module Layers (354)
[2017.03.28-14.28.56:217][365]LogModuleManager: Shutting down and abandoning module ComponentVisualizers (352)
[2017.03.28-14.28.56:217][365]LogModuleManager: Shutting down and abandoning module DetailCustomizations (350)
[2017.03.28-14.28.56:217][365]LogModuleManager: Shutting down and abandoning module PackagesDialog (348)
[2017.03.28-14.28.56:217][365]LogModuleManager: Shutting down and abandoning module Persona (346)
[2017.03.28-14.28.56:217][365]LogModuleManager: Shutting down and abandoning module AnimGraph (345)
[2017.03.28-14.28.56:217][365]LogModuleManager: Shutting down and abandoning module Kismet (342)
[2017.03.28-14.28.56:224][365]LogModuleManager: Shutting down and abandoning module GraphEditor (340)
[2017.03.28-14.28.56:224][365]LogModuleManager: Shutting down and abandoning module ClassViewer (338)
[2017.03.28-14.28.56:226][365]LogModuleManager: Shutting down and abandoning module Toolbox (336)
[2017.03.28-14.28.56:226][365]LogModuleManager: Shutting down and abandoning module ModuleUI (334)
[2017.03.28-14.28.56:226][365]LogModuleManager: Shutting down and abandoning module MovieSceneTools (332)
[2017.03.28-14.28.56:226][365]LogModuleManager: Shutting down and abandoning module OutputLog (330)
[2017.03.28-14.28.56:226][365]LogModuleManager: Shutting down and abandoning module GammaUI (328)
[2017.03.28-14.28.56:226][365]LogModuleManager: Shutting down and abandoning module Documentation (326)
[2017.03.28-14.28.56:226][365]LogModuleManager: Shutting down and abandoning module Niagara (324)
[2017.03.28-14.28.56:226][365]LogModuleManager: Shutting down and abandoning module StreamingPauseRendering (322)
[2017.03.28-14.28.56:226][365]LogModuleManager: Shutting down and abandoning module AnalyticsET (320)
[2017.03.28-14.28.56:226][365]LogModuleManager: Shutting down and abandoning module PortalServices (318)
[2017.03.28-14.28.56:226][365]LogModuleManager: Shutting down and abandoning module PortalRpc (316)
[2017.03.28-14.28.56:226][365]LogModuleManager: Shutting down and abandoning module MessagingRpc (314)
[2017.03.28-14.28.56:226][365]LogModuleManager: Shutting down and abandoning module AIModule (312)
[2017.03.28-14.28.56:226][365]LogModuleManager: Shutting down and abandoning module GameplayDebugger (311)
[2017.03.28-14.28.56:226][365]LogModuleManager: Shutting down and abandoning module AITestSuite (309)
[2017.03.28-14.28.56:226][365]LogModuleManager: Shutting down and abandoning module ProfilerService (306)
[2017.03.28-14.28.56:281][365]LogModuleManager: Shutting down and abandoning module TaskGraph (304)
[2017.03.28-14.28.56:281][365]LogModuleManager: Shutting down and abandoning module SteamVRController (302)
[2017.03.28-14.28.56:281][365]LogModuleManager: Shutting down and abandoning module SteamVR (300)
[2017.03.28-14.28.56:281][365]LogModuleManager: Shutting down and abandoning module ProceduralMeshComponentEditor (298)
[2017.03.28-14.28.56:281][365]LogModuleManager: Shutting down and abandoning module ProceduralMeshComponent (296)
[2017.03.28-14.28.56:281][365]LogModuleManager: Shutting down and abandoning module OculusLibrary (294)
[2017.03.28-14.28.56:281][365]LogModuleManager: Shutting down and abandoning module OculusInput (292)
[2017.03.28-14.28.56:281][365]LogModuleManager: Shutting down and abandoning module MobilePatchingUtils (290)
[2017.03.28-14.28.56:281][365]LogModuleManager: Shutting down and abandoning module CustomMeshComponent (288)
[2017.03.28-14.28.56:281][365]LogModuleManager: Shutting down and abandoning module CableComponent (286)
[2017.03.28-14.28.56:281][365]LogModuleManager: Shutting down and abandoning module ArchVisCharacter (284)
[2017.03.28-14.28.56:281][365]LogModuleManager: Shutting down and abandoning module MediaPlayerEditor (280)
[2017.03.28-14.28.56:281][365]LogModuleManager: Shutting down and abandoning module HTML5Networking (278)
[2017.03.28-14.28.56:281][365]LogModuleManager: Shutting down and abandoning module AlembicImporter (276)
[2017.03.28-14.28.56:281][365]LogModuleManager: Shutting down and abandoning module AlembicLibrary (275)
[2017.03.28-14.28.56:281][365]LogModuleManager: Shutting down and abandoning module GeometryCache (274)
[2017.03.28-14.28.56:281][365]LogModuleManager: Shutting down and abandoning module GeometryCacheEd (273)
[2017.03.28-14.28.56:281][365]LogModuleManager: Shutting down and abandoning module SuperSearchEditor (268)
[2017.03.28-14.28.56:281][365]LogModuleManager: Shutting down and abandoning module SuperSearch (267)
[2017.03.28-14.28.56:281][365]LogModuleManager: Shutting down and abandoning module SpeedTreeImporter (264)
[2017.03.28-14.28.56:281][365]LogModuleManager: Shutting down and abandoning module PluginBrowser (262)
[2017.03.28-14.28.56:281][365]LogModuleManager: Shutting down and abandoning module MobileLauncherProfileWizard (260)
[2017.03.28-14.28.56:281][365]LogModuleManager: Shutting down and abandoning module EpicSurvey (258)
[2017.03.28-14.28.56:281][365]LogModuleManager: Shutting down and abandoning module VisualStudioSourceCodeAccess (256)
[2017.03.28-14.28.56:281][365]LogModuleManager: Shutting down and abandoning module DesktopPlatform (255)
[2017.03.28-14.28.56:281][365]LogModuleManager: Shutting down and abandoning module UObjectPlugin (252)
[2017.03.28-14.28.56:281][365]LogModuleManager: Shutting down and abandoning module SubversionSourceControl (250)
[2017.03.28-14.28.56:281][365]LogModuleManager: Shutting down and abandoning module PerforceSourceControl (248)
[2017.03.28-14.28.56:282][365]LogModuleManager: Shutting down and abandoning module GitSourceControl (246)
[2017.03.28-14.28.56:282][365]LogModuleManager: Shutting down and abandoning module SourceControl (245)
[2017.03.28-14.28.56:282][365]LogModuleManager: Shutting down and abandoning module LightPropagationVolumeEditor (242)
[2017.03.28-14.28.56:282][365]LogModuleManager: Shutting down and abandoning module PaperTiledImporter (240)
[2017.03.28-14.28.56:282][365]LogModuleManager: Shutting down and abandoning module PaperSpriteSheetImporter (238)
[2017.03.28-14.28.56:282][365]LogModuleManager: Shutting down and abandoning module Paper2DEditor (236)
[2017.03.28-14.28.56:282][365]LogModuleManager: Shutting down and abandoning module MeshPaint (235)
[2017.03.28-14.28.56:282][365]LogModuleManager: Shutting down and abandoning module LevelEditor (233)
[2017.03.28-14.28.56:282][365]LogModuleManager: Shutting down and abandoning module PixelInspectorModule (232)
[2017.03.28-14.28.56:282][365]LogModuleManager: Shutting down and abandoning module MainFrame (230)
[2017.03.28-14.28.56:282][365]LogModuleManager: Shutting down and abandoning module HotReload (229)
[2017.03.28-14.28.56:283][365]LogModuleManager: Shutting down and abandoning module ContentBrowser (225)
[2017.03.28-14.28.56:284][365]LogModuleManager: Shutting down and abandoning module PhysXVehiclesEditor (222)
[2017.03.28-14.28.56:284][365]LogModuleManager: Shutting down and abandoning module PhysXVehicles (220)
[2017.03.28-14.28.56:284][365]LogModuleManager: Shutting down and abandoning module LocationServicesBPLibrary (218)
[2017.03.28-14.28.56:284][365]LogModuleManager: Shutting down and abandoning module UdpMessaging (216)
[2017.03.28-14.28.56:385][365]LogModuleManager: Shutting down and abandoning module TcpMessaging (214)
[2017.03.28-14.28.56:486][365]LogModuleManager: Shutting down and abandoning module GameplayTagsEditor (212)
[2017.03.28-14.28.56:486][365]LogModuleManager: Shutting down and abandoning module FacialAnimationEditor (210)
[2017.03.28-14.28.56:486][365]LogModuleManager: Shutting down and abandoning module FacialAnimation (208)
[2017.03.28-14.28.56:486][365]LogModuleManager: Shutting down and abandoning module LightPropagationVolumeRuntime (206)
[2017.03.28-14.28.56:486][365]LogModuleManager: Shutting down and abandoning module Paper2D (204)
[2017.03.28-14.28.56:486][365]LogModuleManager: Shutting down and abandoning module WindowsMoviePlayer (202)
[2017.03.28-14.28.56:486][365]LogModuleManager: Shutting down and abandoning module WmfMedia (200)
[2017.03.28-14.28.56:486][365]LogModuleManager: Shutting down and abandoning module MfMedia (198)
[2017.03.28-14.28.56:486][365]LogModuleManager: Shutting down and abandoning module MediaAssets (196)
[2017.03.28-14.28.56:486][365]LogModuleManager: Shutting down and abandoning module GameLiveStreaming (194)
[2017.03.28-14.28.56:486][365]LogModuleManager: Shutting down and abandoning module VREditor (192)
[2017.03.28-14.28.56:486][365]LogModuleManager: Shutting down and abandoning module GameplayTasksEditor (190)
[2017.03.28-14.28.56:486][365]LogModuleManager: Shutting down and abandoning module BehaviorTreeEditor (188)
[2017.03.28-14.28.56:486][365]LogModuleManager: Shutting down and abandoning module FunctionalTesting (186)
[2017.03.28-14.28.56:486][365]LogModuleManager: Shutting down and abandoning module CollisionAnalyzer (184)
[2017.03.28-14.28.56:486][365]LogModuleManager: Shutting down and abandoning module UMG (182)
[2017.03.28-14.28.56:486][365]LogModuleManager: Shutting down and abandoning module UMGEditor (181)
[2017.03.28-14.28.56:486][365]LogModuleManager: Shutting down and abandoning module Sequencer (180)
[2017.03.28-14.28.56:486][365]LogModuleManager: Shutting down and abandoning module AssetTools (178)
[2017.03.28-14.28.56:486][365]LogModuleManager: Shutting down and abandoning module MessageLog (177)
[2017.03.28-14.28.56:486][365]LogModuleManager: Shutting down and abandoning module WorkspaceMenuStructure (176)
[2017.03.28-14.28.56:486][365]LogModuleManager: Shutting down and abandoning module SlateReflector (170)
[2017.03.28-14.28.56:486][365]LogModuleManager: Shutting down and abandoning module Slate (168)
[2017.03.28-14.28.56:486][365]LogModuleManager: Shutting down and abandoning module EditorStyle (166)
[2017.03.28-14.28.56:489][365]LogModuleManager: Shutting down and abandoning module SourceCodeAccess (164)
[2017.03.28-14.28.56:489][365]LogModuleManager: Shutting down and abandoning module HeadMountedDisplay (162)
[2017.03.28-14.28.56:489][365]LogModuleManager: Shutting down and abandoning module XAudio2 (160)
[2017.03.28-14.28.56:489][365]LogModuleManager: Shutting down and abandoning module Networking (158)
[2017.03.28-14.28.56:489][365]LogModuleManager: Shutting down and abandoning module Core (154)
[2017.03.28-14.28.56:489][365]LogModuleManager: Shutting down and abandoning module AssetRegistry (152)
[2017.03.28-14.28.56:685][365]LogDirectoryWatcher: A directory notification for '../../../Engine/Content/' was aborted.
[2017.03.28-14.28.56:686][365]LogDirectoryWatcher: A directory notification for 'D:/cs524/unreal/MyProject/Content/' was aborted.
[2017.03.28-14.28.56:686][365]LogDirectoryWatcher: A directory notification for '../../../Engine/Plugins/2D/Paper2D/Content/' was aborted.
[2017.03.28-14.28.56:686][365]LogModuleManager: Shutting down and abandoning module DirectoryWatcher (151)
[2017.03.28-14.28.56:686][365]LogModuleManager: Shutting down and abandoning module KismetCompiler (148)
[2017.03.28-14.28.56:686][365]LogModuleManager: Shutting down and abandoning module PhysXFormats (146)
[2017.03.28-14.28.56:686][365]LogModuleManager: Shutting down and abandoning module MeshUtilities (144)
[2017.03.28-14.28.56:686][365]LogModuleManager: Shutting down and abandoning module SimplygonSwarm (143)
[2017.03.28-14.28.56:686][365]LogModuleManager: Shutting down and abandoning module SimplygonMeshReduction (141)
[2017.03.28-14.28.56:686][365]LogModuleManager: Shutting down and abandoning module QuadricMeshReduction (139)
[2017.03.28-14.28.56:686][365]LogModuleManager: Shutting down and abandoning module PropertyEditor (137)
[2017.03.28-14.28.56:686][365]LogModuleManager: Shutting down and abandoning module DerivedDataCache (134)
[2017.03.28-14.28.56:765][365]LogDerivedDataCache: Shutdown
[2017.03.28-14.28.56:765][365]LogModuleManager: Shutting down and abandoning module TargetPlatform (132)
[2017.03.28-14.28.56:765][365]LogModuleManager: Shutting down and abandoning module VulkanShaderFormat (131)
[2017.03.28-14.28.56:765][365]LogModuleManager: Shutting down and abandoning module ShaderFormatOpenGL (129)
[2017.03.28-14.28.56:765][365]LogModuleManager: Shutting down and abandoning module ShaderFormatD3D (127)
[2017.03.28-14.28.56:765][365]LogModuleManager: Shutting down and abandoning module MetalShaderFormat (125)
[2017.03.28-14.28.56:765][365]LogModuleManager: Shutting down and abandoning module TextureFormatUncompressed (123)
[2017.03.28-14.28.56:765][365]LogModuleManager: Shutting down and abandoning module TextureFormatPVR (121)
[2017.03.28-14.28.56:765][365]LogModuleManager: Shutting down and abandoning module TextureFormatDXT (119)
[2017.03.28-14.28.56:765][365]LogModuleManager: Shutting down and abandoning module TextureFormatIntelISPCTexComp (117)
[2017.03.28-14.28.56:765][365]LogModuleManager: Shutting down and abandoning module TextureFormatASTC (115)
[2017.03.28-14.28.56:765][365]LogModuleManager: Shutting down and abandoning module ImageWrapper (114)
[2017.03.28-14.28.56:765][365]LogModuleManager: Shutting down and abandoning module TextureFormatAndroid (111)
[2017.03.28-14.28.56:765][365]LogModuleManager: Shutting down and abandoning module AudioFormatOpus (109)
[2017.03.28-14.28.56:765][365]LogModuleManager: Shutting down and abandoning module AudioFormatOgg (107)
[2017.03.28-14.28.56:765][365]LogModuleManager: Shutting down and abandoning module AudioFormatADPCM (105)
[2017.03.28-14.28.56:765][365]LogModuleManager: Shutting down and abandoning module LinuxTargetPlatform (103)
[2017.03.28-14.28.56:765][365]LogModuleManager: Shutting down and abandoning module LinuxServerTargetPlatform (101)
[2017.03.28-14.28.56:765][365]LogModuleManager: Shutting down and abandoning module LinuxNoEditorTargetPlatform (99)
[2017.03.28-14.28.56:765][365]LogModuleManager: Shutting down and abandoning module LinuxClientTargetPlatform (97)
[2017.03.28-14.28.56:765][365]LogModuleManager: Shutting down and abandoning module TVOSTargetPlatform (95)
[2017.03.28-14.28.56:765][365]LogModuleManager: Shutting down and abandoning module Messaging (93)
[2017.03.28-14.28.56:765][365]LogModuleManager: Shutting down and abandoning module IOSTargetPlatform (91)
[2017.03.28-14.28.56:765][365]LogModuleManager: Shutting down and abandoning module HTML5TargetPlatform (89)
[2017.03.28-14.28.56:765][365]LogModuleManager: Shutting down and abandoning module Android_PVRTCTargetPlatform (87)
[2017.03.28-14.28.56:765][365]LogModuleManager: Shutting down and abandoning module Android_MultiTargetPlatform (85)
[2017.03.28-14.28.56:765][365]LogModuleManager: Shutting down and abandoning module Android_ETC2TargetPlatform (83)
[2017.03.28-14.28.56:765][365]LogModuleManager: Shutting down and abandoning module Android_ETC1TargetPlatform (81)
[2017.03.28-14.28.56:765][365]LogModuleManager: Shutting down and abandoning module Android_DXTTargetPlatform (79)
[2017.03.28-14.28.56:765][365]LogModuleManager: Shutting down and abandoning module Android_ATCTargetPlatform (77)
[2017.03.28-14.28.56:765][365]LogModuleManager: Shutting down and abandoning module Android_ASTCTargetPlatform (75)
[2017.03.28-14.28.56:765][365]LogModuleManager: Shutting down and abandoning module AndroidTargetPlatform (73)
[2017.03.28-14.28.56:766][365]LogModuleManager: Shutting down and abandoning module WindowsTargetPlatform (71)
[2017.03.28-14.28.56:766][365]LogModuleManager: Shutting down and abandoning module WindowsServerTargetPlatform (69)
[2017.03.28-14.28.56:766][365]LogModuleManager: Shutting down and abandoning module WindowsNoEditorTargetPlatform (67)
[2017.03.28-14.28.56:766][365]LogModuleManager: Shutting down and abandoning module WindowsClientTargetPlatform (65)
[2017.03.28-14.28.56:766][365]LogModuleManager: Shutting down and abandoning module MacTargetPlatform (63)
[2017.03.28-14.28.56:766][365]LogModuleManager: Shutting down and abandoning module MacServerTargetPlatform (61)
[2017.03.28-14.28.56:766][365]LogModuleManager: Shutting down and abandoning module MacNoEditorTargetPlatform (59)
[2017.03.28-14.28.56:766][365]LogModuleManager: Shutting down and abandoning module MacClientTargetPlatform (57)
[2017.03.28-14.28.56:766][365]LogModuleManager: Shutting down and abandoning module AllDesktopTargetPlatform (55)
[2017.03.28-14.28.56:766][365]LogModuleManager: Shutting down and abandoning module InputCore (52)
[2017.03.28-14.28.56:766][365]LogModuleManager: Shutting down and abandoning module Settings (50)
[2017.03.28-14.28.56:766][365]LogModuleManager: Shutting down and abandoning module OculusRift (48)
[2017.03.28-14.28.56:766][365]LogModuleManager: Shutting down and abandoning module GearVR (46)
[2017.03.28-14.28.56:766][365]LogModuleManager: Shutting down and abandoning module ExampleDeviceProfileSelector (44)
[2017.03.28-14.28.56:766][365]LogModuleManager: Shutting down and abandoning module OnlineBlueprintSupport (42)
[2017.03.28-14.28.56:766][365]LogModuleManager: Shutting down and abandoning module OnlineSubsystem (38)
[2017.03.28-14.28.56:766][365]LogOnline:Display: Unloading online subsystem: NULL
[2017.03.28-14.28.56:766][365]LogModuleManager: Shutting down and abandoning module XMPP (37)
[2017.03.28-14.28.56:766][365]LogModuleManager: Shutting down and abandoning module HTTP (35)
[2017.03.28-14.28.56:766][365]LogHttp:Display: Http module shutting down, but needs to wait on 1 outstanding Http requests:
[2017.03.28-14.28.56:766][365]LogHttp:Display: 	verb=[POST] url=[https://datarouter.ol.epicgames.com/datarouter/api/v1/public/data?SessionID=%7B28300C3E-44EE-47DF-F9E2-73B88D67BD45%7D&AppID=UEEditor.Rocket.Release&AppVersion=4.15.1-3348071%2B%2B%2BUE4%2BRelease-4.15&UserID=3fdbdf464cf35faefd6b259c8abe7caf%7Cb38037d142644fa592759415df0780b6%7C277dcc68-e87c-4983-ab23-8a31608a34c6&AppEnvironment=datacollector-binary&UploadType=eteventstream] status=Processing
[2017.03.28-14.28.56:800][365]LogModuleManager: Shutting down and abandoning module SSL (34)
[2017.03.28-14.28.56:801][365]LogModuleManager: Shutting down and abandoning module AudioEditor (30)
[2017.03.28-14.28.56:801][365]LogModuleManager: Shutting down and abandoning module TextureCompressor (28)
[2017.03.28-14.28.56:801][365]LogModuleManager: Shutting down and abandoning module ShaderCore (26)
[2017.03.28-14.28.56:801][365]LogModuleManager: Shutting down and abandoning module Landscape (24)
[2017.03.28-14.28.56:801][365]LogModuleManager: Shutting down and abandoning module SlateRHIRenderer (22)
[2017.03.28-14.28.56:803][365]LogModuleManager: Shutting down and abandoning module OpenGLDrv (20)
[2017.03.28-14.28.56:803][365]LogModuleManager: Shutting down and abandoning module D3D11RHI (18)
[2017.03.28-14.28.56:803][365]LogModuleManager: Shutting down and abandoning module AnimGraphRuntime (16)
[2017.03.28-14.28.56:803][365]LogModuleManager: Shutting down and abandoning module Renderer (14)
[2017.03.28-14.28.56:803][365]LogModuleManager: Shutting down and abandoning module Engine (12)
[2017.03.28-14.28.56:803][365]LogModuleManager: Shutting down and abandoning module CoreUObject (10)
[2017.03.28-14.28.56:803][365]LogModuleManager: Shutting down and abandoning module NetworkFile (8)
[2017.03.28-14.28.56:803][365]LogModuleManager: Shutting down and abandoning module StreamingFile (6)
[2017.03.28-14.28.56:803][365]LogModuleManager: Shutting down and abandoning module SandboxFile (4)
[2017.03.28-14.28.56:803][365]LogModuleManager: Shutting down and abandoning module PakFile (2)
[2017.03.28-14.28.56:805][365]LogExit: Exiting.
[2017.03.28-14.28.56:807][365]Log file closed, 03/28/17 07:28:56
