Log file open, 04/02/17 16:19:19
LogInit:Display: Running engine for game: AIShooter
LogPlatformFile: Not using cached read wrapper
LogInit:Display: RandInit(2104698456) SRandInit(2104698456).
LogTaskGraph: Started task graph with 5 named threads and 8 total threads with 1 sets of task threads.
LogStats: Stats thread started at 2.365948
LogInit: Using libcurl 7.47.1
LogInit:  - built for x86_64-pc-win32
LogInit:  - supports SSL with OpenSSL/1.0.2g
LogInit:  - supports HTTP deflate (compression) using libz 1.2.8
LogInit:  - other features:
LogInit:      CURL_VERSION_SSL
LogInit:      CURL_VERSION_LIBZ
LogInit:      CURL_VERSION_IPV6
LogInit:      CURL_VERSION_ASYNCHDNS
LogInit:      CURL_VERSION_LARGEFILE
LogInit:      CURL_VERSION_IDN
LogInit:  CurlRequestOptions (configurable via config and command line):
LogInit:  - bVerifyPeer = false  - Libcurl will NOT verify peer certificate
LogInit:  - bUseHttpProxy = false  - Libcurl will NOT use HTTP proxy
LogInit:  - bDontReuseConnections = false  - Libcurl will reuse connections
LogInit:  - CertBundlePath = nullptr  - Libcurl will use whatever was configured at build time.
LogInit: Build: ++UE4+Release-4.15-CL-3348071
LogInit: Engine Version: 4.15.1-3348071+++UE4+Release-4.15
LogInit: Compatible Engine Version: 4.15.0-3299760+++UE4+Release-4.15
LogInit: Net CL: 3299760
LogDevObjectVersion: Number of dev versions registered: 14
LogDevObjectVersion:   Dev-Blueprints (B0D832E4-1F89-4F0D-ACCF-7EB736FD4AA2): 8
LogDevObjectVersion:   Dev-Build (E1C64328-A22C-4D53-A36C-8E866417BD8C): 0
LogDevObjectVersion:   Dev-Core (375EC13C-06E4-48FB-B500-84F0262A717E): 2
LogDevObjectVersion:   Dev-Editor (E4B068ED-F494-42E9-A231-DA0B2E46BB41): 14
LogDevObjectVersion:   Dev-Framework (CFFC743F-43B0-4480-9391-14DF171D2073): 22
LogDevObjectVersion:   Dev-Mobile (B02B49B5-BB20-44E9-A304-32B752E40360): 0
LogDevObjectVersion:   Dev-Networking (A4E4105C-59A1-49B5-A7C5-40C4547EDFEE): 0
LogDevObjectVersion:   Dev-Online (39C831C9-5AE6-47DC-9A44-9C173E1C8E7C): 0
LogDevObjectVersion:   Dev-Physics (78F01B33-EBEA-4F98-B9B4-84EACCB95AA2): 0
LogDevObjectVersion:   Dev-Platform (6631380F-2D4D-43E0-8009-CF276956A95A): 0
LogDevObjectVersion:   Dev-Rendering (12F88B9F-8875-4AFC-A67C-D90C383ABD29): 12
LogDevObjectVersion:   Dev-Sequencer (7B5AE74C-D270-4C10-A958-57980B212A5A): 3
LogDevObjectVersion:   Dev-VR (D7296918-1DD6-4BDD-9DE2-64A83CC13884): 0
LogDevObjectVersion:   Dev-LoadTimes (C2A15278-BFE7-4AFE-6C17-90FF531DF755): 1
LogInit: Compiled (64-bit): Mar 15 2017 16:52:47
LogInit: Compiled with Visual C++: 19.00.23026.00
LogInit: Build Configuration: Development
LogInit: Branch Name: ++UE4+Release-4.15
LogInit: Command line:  
LogInit: Base directory: C:/Program Files/Epic Games/UE_4.15/Engine/Binaries/Win64/
LogInit: Installed Engine Build: 1
LogInit: Presizing for max 8388607 objects, including 0 objects not considered by GC, pre-allocating 0 bytes for permanent pool.
LogInit: Object subsystem initialized
[2017.04.02-23.19.22:215][  0]LogInit: Selected Device Profile: [Windows]
[2017.04.02-23.19.22:215][  0]LogInit: Applying CVar settings loaded from the selected device profile: [Windows]
[2017.04.02-23.19.22:357][  0]LogInit: Computer: ANURAGTIWARI
[2017.04.02-23.19.22:357][  0]LogInit: User: Anurag
[2017.04.02-23.19.22:357][  0]LogInit: CPU Page size=65536, Cores=4
[2017.04.02-23.19.22:357][  0]LogInit: High frequency timer resolution =2.533205 MHz
[2017.04.02-23.19.22:373][  0]LogMemory: Memory total: Physical=16.0GB (16GB approx)
[2017.04.02-23.19.22:373][  0]LogMemory: Platform Memory Stats for Windows
[2017.04.02-23.19.22:373][  0]LogMemory: Process Physical Memory: 263.36 MB used, 263.36 MB peak
[2017.04.02-23.19.22:373][  0]LogMemory: Process Virtual Memory: 262.75 MB used, 262.75 MB peak
[2017.04.02-23.19.22:373][  0]LogMemory: Physical Memory: 7227.73 MB used,  9105.45 MB free, 16333.18 MB total
[2017.04.02-23.19.22:373][  0]LogMemory: Virtual Memory: 630.96 MB used,  9105.45 MB free, 134217728.00 MB total
[2017.04.02-23.19.23:530][  0]LogTextLocalizationManager: No specific translations for ('en-US') exist, so ('en') translations will be used.
[2017.04.02-23.19.27:204][  0]LogD3D11RHI: D3D11 adapters:
[2017.04.02-23.19.27:820][  0]LogD3D11RHI:    0. 'NVIDIA GeForce GTX 965M' (Feature Level 11_0)
[2017.04.02-23.19.27:820][  0]LogD3D11RHI:       2016/0/8166 MB DedicatedVideo/DedicatedSystem/SharedSystem, Outputs:1, VendorId:0x10de
[2017.04.02-23.19.27:871][  0]LogD3D11RHI:    1. 'Microsoft Basic Render Driver' (Feature Level 11_0)
[2017.04.02-23.19.27:871][  0]LogD3D11RHI:       0/0/8166 MB DedicatedVideo/DedicatedSystem/SharedSystem, Outputs:0, VendorId:0x1414
[2017.04.02-23.19.27:871][  0]LogD3D11RHI: Chosen D3D11 Adapter: 0
[2017.04.02-23.19.27:897][  0]LogD3D11RHI: Creating new Direct3DDevice
[2017.04.02-23.19.27:897][  0]LogD3D11RHI:     GPU DeviceId: 0x13d9 (for the marketing name, search the web for "GPU Device Id")
[2017.04.02-23.19.27:897][  0]LogWindows: EnumDisplayDevices:
[2017.04.02-23.19.27:897][  0]LogWindows:    0. 'NVIDIA GeForce GTX 965M' (P:1 D:1)
[2017.04.02-23.19.27:897][  0]LogWindows:    1. 'NVIDIA GeForce GTX 965M' (P:0 D:0)
[2017.04.02-23.19.27:898][  0]LogWindows:    2. 'NVIDIA GeForce GTX 965M' (P:0 D:0)
[2017.04.02-23.19.27:898][  0]LogWindows:    3. 'NVIDIA GeForce GTX 965M' (P:0 D:0)
[2017.04.02-23.19.27:898][  0]LogWindows: DebugString: FoundDriverCount:4 
[2017.04.02-23.19.27:898][  0]LogD3D11RHI:     Adapter Name: NVIDIA GeForce GTX 965M
[2017.04.02-23.19.27:898][  0]LogD3D11RHI:   Driver Version: 378.92 (internal:21.21.13.7892, unified:378.92)
[2017.04.02-23.19.27:898][  0]LogD3D11RHI:      Driver Date: 3-16-2017
[2017.04.02-23.19.27:899][  0]LogRHI: Texture pool is 1361 MB (70% of 1945 MB)
[2017.04.02-23.19.28:482][  0]LogD3D11RHI: Async texture creation enabled
[2017.04.02-23.19.29:095][  0]LogD3D11RHI: GPU Timing Frequency: 1000.000000 (Debug: 2 1)
[2017.04.02-23.19.29:293][  0]LogShaderCompilers: Guid format shader working directory is 22 characters bigger than the processId version (D:/cs524/unreal/AIShooter/Intermediate/Shaders/WorkingDirectory/8892/).
[2017.04.02-23.19.29:293][  0]LogShaderCompilers: Cleaned the shader compiler working directory 'C:/Users/Anurag/AppData/Local/Temp/UnrealShaderWorkingDir/E1702D4F45ED95F3945A44A3EC12A3AD/'.
[2017.04.02-23.19.29:303][  0]LogShaderCompilers:Display: Using Local Shader Compiler.
[2017.04.02-23.19.36:198][  0]LogTemp:Display: Loaded TP AllDesktopTargetPlatform
[2017.04.02-23.19.36:270][  0]LogTemp:Display: Loaded TP MacClientTargetPlatform
[2017.04.02-23.19.36:331][  0]LogTemp:Display: Loaded TP MacNoEditorTargetPlatform
[2017.04.02-23.19.36:390][  0]LogTemp:Display: Loaded TP MacServerTargetPlatform
[2017.04.02-23.19.36:472][  0]LogTemp:Display: Loaded TP MacTargetPlatform
[2017.04.02-23.19.36:543][  0]LogTemp:Display: Loaded TP WindowsClientTargetPlatform
[2017.04.02-23.19.36:601][  0]LogTemp:Display: Loaded TP WindowsNoEditorTargetPlatform
[2017.04.02-23.19.36:660][  0]LogTemp:Display: Loaded TP WindowsServerTargetPlatform
[2017.04.02-23.19.36:711][  0]LogTemp:Display: Loaded TP WindowsTargetPlatform
[2017.04.02-23.19.36:812][  0]LogTemp:Display: Loaded TP AndroidTargetPlatform
[2017.04.02-23.19.36:879][  0]LogTemp:Display: Loaded TP Android_ASTCTargetPlatform
[2017.04.02-23.19.36:937][  0]LogTemp:Display: Loaded TP Android_ATCTargetPlatform
[2017.04.02-23.19.36:994][  0]LogTemp:Display: Loaded TP Android_DXTTargetPlatform
[2017.04.02-23.19.37:052][  0]LogTemp:Display: Loaded TP Android_ETC1TargetPlatform
[2017.04.02-23.19.37:111][  0]LogTemp:Display: Loaded TP Android_ETC2TargetPlatform
[2017.04.02-23.19.37:244][  0]LogTemp:Display: Loaded TP Android_MultiTargetPlatform
[2017.04.02-23.19.37:244][  0]LogTemp:Display: Loaded TP Android_PVRTCTargetPlatform
[2017.04.02-23.19.37:317][  0]LogTemp:Display: Loaded TP HTML5TargetPlatform
[2017.04.02-23.19.37:587][  0]LogTemp:Display: Loaded TP IOSTargetPlatform
[2017.04.02-23.19.37:625][  0]LogTemp:Display: Loaded TP TVOSTargetPlatform
[2017.04.02-23.19.37:691][  0]LogTemp:Display: Loaded TP LinuxClientTargetPlatform
[2017.04.02-23.19.37:748][  0]LogTemp:Display: Loaded TP LinuxNoEditorTargetPlatform
[2017.04.02-23.19.37:807][  0]LogTemp:Display: Loaded TP LinuxServerTargetPlatform
[2017.04.02-23.19.37:881][  0]LogTemp:Display: Loaded TP LinuxTargetPlatform
[2017.04.02-23.19.37:881][  0]LogTargetPlatformManager:Display: Building Assets For Windows
[2017.04.02-23.19.39:015][  0]LogDerivedDataCache:Display: Max Cache Size: 512 MB
[2017.04.02-23.19.39:701][  0]LogDerivedDataCache: Loaded boot cache 0.66s 60MB C:/Users/Anurag/AppData/Local/UnrealEngine/4.15/DerivedDataCache/Boot.ddc.
[2017.04.02-23.19.39:701][  0]LogDerivedDataCache:Display: Loaded Boot cache: C:/Users/Anurag/AppData/Local/UnrealEngine/4.15/DerivedDataCache/Boot.ddc
[2017.04.02-23.19.39:701][  0]LogDerivedDataCache: FDerivedDataBackendGraph:  Pak pak cache file D:/cs524/unreal/AIShooter/DerivedDataCache/DDC.ddp not found, will not use a pak cache.
[2017.04.02-23.19.39:701][  0]LogDerivedDataCache: Unable to find inner node Pak for hierarchical cache Hierarchy.
[2017.04.02-23.19.39:701][  0]LogDerivedDataCache: FDerivedDataBackendGraph:  CompressedPak pak cache file D:/cs524/unreal/AIShooter/DerivedDataCache/Compressed.ddp not found, will not use a pak cache.
[2017.04.02-23.19.39:701][  0]LogDerivedDataCache: Unable to find inner node CompressedPak for hierarchical cache Hierarchy.
[2017.04.02-23.19.39:743][  0]LogDerivedDataCache:Display: Pak cache opened for reading ../../../Engine/DerivedDataCache/Compressed.ddp.
[2017.04.02-23.19.39:775][  0]LogDerivedDataCache: Using Local data cache path C:/Users/Anurag/AppData/Local/UnrealEngine/Common/DerivedDataCache: Writable
[2017.04.02-23.19.41:085][  0]LogSlate: Using Freetype 2.6.0
[2017.04.02-23.19.41:999][  0]LogSlate: SlateFontCache - WITH_FREETYPE: 1, WITH_HARFBUZZ: 1
[2017.04.02-23.19.41:999][  0]LogSlate: SlateFontCache - WITH_FREETYPE: 1, WITH_HARFBUZZ: 1
[2017.04.02-23.19.50:167][  0]LogInit: Selected Device Profile: [Windows]
[2017.04.02-23.19.50:278][  0]LogContentStreaming: Texture pool size is 0.00 MB
[2017.04.02-23.19.51:681][  0]LogMeshUtilities: Using QuadricMeshReduction for automatic static mesh reduction
[2017.04.02-23.19.51:780][  0]LogSimplygon: Simplygon DLL not present - disabling.
[2017.04.02-23.19.51:836][  0]LogMeshUtilities: Using SimplygonSwarm for distributed automatic mesh merging
[2017.04.02-23.19.51:836][  0]LogMeshUtilities: No automatic skeletal mesh reduction module available
[2017.04.02-23.19.51:836][  0]LogMeshUtilities: No automatic mesh merging module available
[2017.04.02-23.19.58:081][  0]LogNetVersion: GetLocalNetworkVersion: CL: 3299760, ProjectName: aishooter, ProjectVersion: , EngineNetworkVersion: 2, GameNetworkVersion: 0, NetworkChecksum: 1405085539
[2017.04.02-23.19.58:313][  0]LogAssetRegistry: FAssetRegistry took 0.0226 seconds to start up
[2017.04.02-23.19.58:677][  0]LogPackageLocalizationCache: Processed 3 localized package path(s) for 2 prioritized culture(s) in 0.279281 seconds
[2017.04.02-23.19.58:764][  0]LogUObjectArray: 32493 objects as part of root set at end of initial load.
[2017.04.02-23.19.58:764][  0]LogUObjectAllocator: 7077032 out of 0 bytes used by permanent object pool.
[2017.04.02-23.19.58:764][  0]LogUObjectArray: CloseDisregardForGC: 0/0 objects in disregard for GC pool
[2017.04.02-23.19.58:921][  0]LogInit: WinSock: version 1.1 (2.2), MaxSocks=32767, MaxUdp=65467
[2017.04.02-23.20.30:320][  0]LogTcpMessaging: Initializing TcpMessaging bridge
[2017.04.02-23.20.30:386][  0]LogUdpMessaging: Initializing bridge on interface 0.0.0.0:0 to multicast group 230.0.0.1:6666.
[2017.04.02-23.20.32:142][  0]LogMaterial: Uniform references updated for custom material expression Custom.
[2017.04.02-23.20.33:299][  0]SourceControl: Info Source control is disabled
[2017.04.02-23.20.33:325][  0]SourceControl: Info Source control is disabled
[2017.04.02-23.20.33:411][  0]SourceControl: Info Source control is disabled
[2017.04.02-23.20.33:473][  0]SourceControl: Info Source control is disabled
[2017.04.02-23.20.36:270][  0]LogEngine: Initializing Engine...
[2017.04.02-23.20.36:289][  0]LogHMD: Failed to initialize OpenVR with code 110
[2017.04.02-23.20.38:068][  0]LogAIModule: Creating AISystem for world Untitled
[2017.04.02-23.20.38:399][  0]LogInit: XAudio2 using 'Speakers (Realtek High Definition Audio)' : 2 channels at 48 kHz using 32 bits per sample (channel mask 0x3)
[2017.04.02-23.20.38:426][  0]LogInit: FAudioDevice initialized.
[2017.04.02-23.20.38:538][  0]LogDerivedDataCache: Saved boot cache 0.11s 60MB C:/Users/Anurag/AppData/Local/UnrealEngine/4.15/DerivedDataCache/Boot.ddc.
[2017.04.02-23.20.38:567][  0]LogInit: Texture streaming: Enabled
[2017.04.02-23.20.38:817][  0]LogEngineSessionManager: EngineSessionManager initialized
[2017.04.02-23.20.39:127][  0]LogInit: Transaction tracking system initialized
[2017.04.02-23.20.40:347][  0]BlueprintLog: New page: Editor Load
[2017.04.02-23.20.43:445][  0]LocalizationService: Info Localization service is disabled
[2017.04.02-23.20.44:996][  0]LogConsoleResponse:Display: 
[2017.04.02-23.20.46:453][  0]LogFileCache: Scanning file cache for directory 'D:/cs524/unreal/AIShooter/Content/' took 0.02s
[2017.04.02-23.20.46:453][  0]LogCook:Display: Max memory allowance for cook 16384mb min free memory 0mb
[2017.04.02-23.20.46:453][  0]LogCook:Display: Mobile HDR setting 1
[2017.04.02-23.20.48:898][  0]SourceControl: Info Source control is disabled
[2017.04.02-23.20.48:943][  0]Cmd: MAP LOAD FILE="D:/cs524/unreal/AIShooter/Content/ThirdPersonBP/Maps/ThirdPersonExampleMap.umap" TEMPLATE=0 SHOWPROGRESS=1 FEATURELEVEL=3
[2017.04.02-23.20.48:951][  0]LightingResults: New page: Lighting Build
[2017.04.02-23.20.49:239][  0]MapCheck: New page: Map Check
[2017.04.02-23.20.49:239][  0]LightingResults: New page: Lighting Build
[2017.04.02-23.20.53:524][  0]LogAIModule: Creating AISystem for world ThirdPersonExampleMap
[2017.04.02-23.20.54:701][  0]LogEditorServer: Finished looking for orphan Actors (0.000 secs)
[2017.04.02-23.20.54:830][  0]Cmd: MAP CHECKDEP NOCLEARLOG
[2017.04.02-23.20.54:880][  0]MapCheck: Info Map check complete: 0 Error(s), 0 Warning(s), took 49.932ms to complete.
[2017.04.02-23.20.54:880][  0]LogFileHelpers: Loading map 'ThirdPersonExampleMap' took 5.961
[2017.04.02-23.20.55:691][  0]LogWindowsTextInputMethodSystem:Display: IME system now deactivated.
[2017.04.02-23.20.56:593][  0]LogCollectionManager: Loaded 0 collections in 0.001596 seconds
[2017.04.02-23.20.56:751][  0]LogFileCache: Scanning file cache for directory 'D:/cs524/unreal/AIShooter/Saved/Collections/' took 0.01s
[2017.04.02-23.20.56:751][  0]LogFileCache: Scanning file cache for directory 'D:/cs524/unreal/AIShooter/Content/Developers/Anurag/Collections/' took 0.01s
[2017.04.02-23.20.56:751][  0]LogFileCache: Scanning file cache for directory 'D:/cs524/unreal/AIShooter/Content/Collections/' took 0.01s
[2017.04.02-23.20.56:751][  0]LogCollectionManager: Rebuilt the GUID cache for 0 collections in 0.000002 seconds
[2017.04.02-23.20.56:763][  0]LogContentBrowser: Native class hierarchy populated in 0.0097 seconds. Added 2245 classes and 453 folders.
[2017.04.02-23.20.56:856][  0]LogStats: UGameplayTagsManager::ConstructGameplayTagTree: Construct from data asset -  0.009 s
[2017.04.02-23.20.56:856][  0]LogStats: UGameplayTagsManager::ConstructGameplayTagTree: GameplayTagTreeChangedEvent.Broadcast -  0.000 s
[2017.04.02-23.20.56:973][  0]LogContentBrowser: Native class hierarchy updated for 'WidgetCarousel' in 0.0005 seconds. Added 0 classes and 0 folders.
[2017.04.02-23.20.58:079][  0]LogContentBrowser: Native class hierarchy updated for 'AddContentDialog' in 0.0005 seconds. Added 0 classes and 0 folders.
[2017.04.02-23.20.58:165][  0]LogContentBrowser: Native class hierarchy updated for 'SceneOutliner' in 0.0006 seconds. Added 1 classes and 2 folders.
[2017.04.02-23.20.58:748][  0]LogCrashTracker: Crashtracker disabled due to settings.
[2017.04.02-23.20.58:977][  0]LogUObjectGlobals:Warning: Failed to find object 'Class None.'
[2017.04.02-23.20.59:135][  0]LogContentBrowser: Native class hierarchy updated for 'HierarchicalLODOutliner' in 0.0005 seconds. Added 1 classes and 2 folders.
[2017.04.02-23.20.59:135][  0]LogLoad: (Engine Initialization) Total time: 107.38 seconds
[2017.04.02-23.20.59:135][  0]LogLoad: (Engine Initialization) Total Blueprint compile time: 1.00 seconds
[2017.04.02-23.20.59:135][  0]LogExternalProfiler: Found external profiler: VSPerf
[2017.04.02-23.20.59:135][  0]LogExternalProfiler: Using external profiler: VSPerf
[2017.04.02-23.20.59:247][  0]LogOcInput: OculusInput pre-init called
[2017.04.02-23.20.59:649][  0]LogContentStreaming: Texture pool size now 1000 MB
[2017.04.02-23.20.59:841][  0]LogSlate: Took 0.017510 seconds to synchronously load lazily loaded font '../../../Engine/Content/Slate/Fonts/Roboto-Regular.ttf' (155K)
[2017.04.02-23.20.59:879][  0]LogSlate: Took 0.013574 seconds to synchronously load lazily loaded font '../../../Engine/Content/Slate/Fonts/Roboto-Bold.ttf' (160K)
[2017.04.02-23.20.59:937][  0]LogSlate: Took 0.016828 seconds to synchronously load lazily loaded font '../../../Engine/Content/Editor/Slate/Fonts/FontAwesome.ttf' (139K)
[2017.04.02-23.21.01:276][  0]LogRenderer: Reallocating scene render targets to support 1208x576 NumSamples 1 (Frame:2).
[2017.04.02-23.21.02:618][  2]LogSlate: Took 0.040041 seconds to synchronously load lazily loaded font '../../../Engine/Content/Slate/Fonts/Roboto-Light.ttf' (159K)
[2017.04.02-23.21.02:670][  3]LogAssetRegistry: Asset discovery search completed in 64.3786 seconds
[2017.04.02-23.21.02:671][  3]LogCollectionManager: Rebuilt the object cache for 0 collections in 0.000215 seconds (found 0 objects)
[2017.04.02-23.21.02:671][  3]LogCollectionManager: Fixed up redirectors for 0 collections in 0.000383 seconds (updated 0 objects)
[2017.04.02-23.21.04:450][ 96]LogTemp: Repeting last play command: Selected Viewport
[2017.04.02-23.21.04:500][ 96]LogBlueprintUserMessages: Early PlayInEditor Detection: Level '/Game/ThirdPersonBP/Maps/ThirdPersonExampleMap.ThirdPersonExampleMap:PersistentLevel' has LevelScriptBlueprint '/Game/ThirdPersonBP/Maps/ThirdPersonExampleMap.ThirdPersonExampleMap:PersistentLevel.ThirdPersonExampleMap' with GeneratedClass '/Game/ThirdPersonBP/Maps/ThirdPersonExampleMap.ThirdPersonExampleMap_C' with ClassGeneratedBy '/Game/ThirdPersonBP/Maps/ThirdPersonExampleMap.ThirdPersonExampleMap:PersistentLevel.ThirdPersonExampleMap'
[2017.04.02-23.21.04:509][ 96]LogPlayLevel: PlayLevel: No blueprints needed recompiling
[2017.04.02-23.21.04:552][ 96]PIE: New page: PIE session: ThirdPersonExampleMap (Apr 2, 2017, 9:21:04 AM)
[2017.04.02-23.21.04:572][ 96]LogPlayLevel: Creating play world package: /Game/ThirdPersonBP/Maps/UEDPIE_0_ThirdPersonExampleMap
[2017.04.02-23.21.04:666][ 96]LogPlayLevel: PIE: StaticDuplicateObject took: (0.094233s)
[2017.04.02-23.21.04:667][ 96]LogAIModule: Creating AISystem for world ThirdPersonExampleMap
[2017.04.02-23.21.04:674][ 96]LogPlayLevel: PIE: World Init took: (0.008072s)
[2017.04.02-23.21.04:681][ 96]LogPlayLevel: PIE: Created PIE world by copying editor world from /Game/ThirdPersonBP/Maps/ThirdPersonExampleMap.ThirdPersonExampleMap to /Game/ThirdPersonBP/Maps/UEDPIE_0_ThirdPersonExampleMap.ThirdPersonExampleMap (0.112105s)
[2017.04.02-23.21.04:857][ 96]LogInit: XAudio2 using 'Speakers (Realtek High Definition Audio)' : 2 channels at 48 kHz using 32 bits per sample (channel mask 0x3)
[2017.04.02-23.21.04:865][ 96]LogInit: FAudioDevice initialized.
[2017.04.02-23.21.05:189][ 96]LogLoad: Game class is 'ThirdPersonGameMode_C'
[2017.04.02-23.21.05:307][ 96]LogWorld: Bringing World /Game/ThirdPersonBP/Maps/UEDPIE_0_ThirdPersonExampleMap.ThirdPersonExampleMap up for play (max tick rate 60) at 2017.04.02-16.21.05
[2017.04.02-23.21.05:453][ 96]LogWorld: Bringing up level for play took: 0.164791
[2017.04.02-23.21.05:619][ 96]LogContentBrowser: Native class hierarchy updated for 'MovieSceneCapture' in 0.0006 seconds. Added 11 classes and 0 folders.
[2017.04.02-23.21.05:653][ 96]PIE: Info Play in editor start time for /Game/ThirdPersonBP/Maps/UEDPIE_0_ThirdPersonExampleMap 1.596
[2017.04.02-23.21.05:653][ 96]LogBlueprintUserMessages: Late PlayInEditor Detection: Level '/Game/ThirdPersonBP/Maps/ThirdPersonExampleMap.ThirdPersonExampleMap:PersistentLevel' has LevelScriptBlueprint '/Game/ThirdPersonBP/Maps/ThirdPersonExampleMap.ThirdPersonExampleMap:PersistentLevel.ThirdPersonExampleMap' with GeneratedClass '/Game/ThirdPersonBP/Maps/ThirdPersonExampleMap.ThirdPersonExampleMap_C' with ClassGeneratedBy '/Game/ThirdPersonBP/Maps/ThirdPersonExampleMap.ThirdPersonExampleMap:PersistentLevel.ThirdPersonExampleMap'
[2017.04.02-23.21.12:438][369]LogContentBrowser: Native class hierarchy updated for 'BlueprintGraph' in 0.0010 seconds. Added 112 classes and 0 folders.
[2017.04.02-23.21.14:767][369]LogSlate: Took 0.011158 seconds to synchronously load lazily loaded font '../../../Engine/Content/Editor/Slate/Fonts/Roboto-BoldCondensed.ttf' (158K)
[2017.04.02-23.21.15:233][370]LogSlate: Took 0.012534 seconds to synchronously load lazily loaded font '../../../Engine/Content/Editor/Slate/Fonts/Roboto-Italic.ttf' (157K)
[2017.04.02-23.22.10:736][462]LogBlueprintUserMessages: Early EndPlayMap Detection: Level '/Game/ThirdPersonBP/Maps/ThirdPersonExampleMap.ThirdPersonExampleMap:PersistentLevel' has LevelScriptBlueprint '/Game/ThirdPersonBP/Maps/ThirdPersonExampleMap.ThirdPersonExampleMap:PersistentLevel.ThirdPersonExampleMap' with GeneratedClass '/Game/ThirdPersonBP/Maps/ThirdPersonExampleMap.ThirdPersonExampleMap_C' with ClassGeneratedBy '/Game/ThirdPersonBP/Maps/ThirdPersonExampleMap.ThirdPersonExampleMap:PersistentLevel.ThirdPersonExampleMap'
[2017.04.02-23.22.11:067][462]LogBlueprintUserMessages: Late EndPlayMap Detection: Level '/Game/ThirdPersonBP/Maps/ThirdPersonExampleMap.ThirdPersonExampleMap:PersistentLevel' has LevelScriptBlueprint '/Game/ThirdPersonBP/Maps/ThirdPersonExampleMap.ThirdPersonExampleMap:PersistentLevel.ThirdPersonExampleMap' with GeneratedClass '/Game/ThirdPersonBP/Maps/ThirdPersonExampleMap.ThirdPersonExampleMap_C' with ClassGeneratedBy '/Game/ThirdPersonBP/Maps/ThirdPersonExampleMap.ThirdPersonExampleMap:PersistentLevel.ThirdPersonExampleMap'
[2017.04.02-23.22.31:063][833]LogEnum:Warning: In asset 'None', there is an enum property of type 'AIState' with an invalid value of 'AIState::NewEnumerator2'
[2017.04.02-23.22.52:794][722]LogSlate: Took 0.000127 seconds to synchronously load lazily loaded font '../../../Engine/Content/Slate/Fonts/Roboto-Light.ttf' (159K)
[2017.04.02-23.22.52:844][722]Cmd: OBJ SAVEPACKAGE PACKAGE="/Game/ThirdPersonBP/AICharacter/AIState" FILE="D:/cs524/unreal/AIShooter/Content/ThirdPersonBP/AICharacter/AIState.uasset" SILENT=true
[2017.04.02-23.22.52:945][722]LogSavePackage: Save=51.56ms
[2017.04.02-23.22.52:945][722]LogSavePackage: Moving 'D:/cs524/unreal/AIShooter/Saved/AIStateAD00FBDB4782408881CAFC91D9DAC391.tmp' to 'D:/cs524/unreal/AIShooter/Content/ThirdPersonBP/AICharacter/AIState.uasset'
[2017.04.02-23.22.53:004][722]LogSavePackage:Display: Finished SavePackage D:/cs524/unreal/AIShooter/Content/ThirdPersonBP/AICharacter/AIState.uasset
[2017.04.02-23.27.01:494][316]Cmd: OBJ SAVEPACKAGE PACKAGE="/Game/ThirdPersonBP/AICharacter/AICharacter_BehaviorTree" FILE="D:/cs524/unreal/AIShooter/Content/ThirdPersonBP/AICharacter/AICharacter_BehaviorTree.uasset" SILENT=true
[2017.04.02-23.27.01:538][316]LogSavePackage: Save=41.57ms
[2017.04.02-23.27.01:538][316]LogSavePackage: Moving 'D:/cs524/unreal/AIShooter/Saved/AICharacter_BehaviorTreeAF72CBA74CD166008BE35BB39193114F.tmp' to 'D:/cs524/unreal/AIShooter/Content/ThirdPersonBP/AICharacter/AICharacter_BehaviorTree.uasset'
[2017.04.02-23.27.01:539][316]LogSavePackage:Display: Finished SavePackage D:/cs524/unreal/AIShooter/Content/ThirdPersonBP/AICharacter/AICharacter_BehaviorTree.uasset
[2017.04.02-23.27.01:541][316]Cmd: OBJ SAVEPACKAGE PACKAGE="/Game/ThirdPersonBP/AICharacter/AICharacter_BlackBoard" FILE="D:/cs524/unreal/AIShooter/Content/ThirdPersonBP/AICharacter/AICharacter_BlackBoard.uasset" SILENT=true
[2017.04.02-23.27.01:545][316]LogSavePackage: Save=1.14ms
[2017.04.02-23.27.01:545][316]LogSavePackage: Moving 'D:/cs524/unreal/AIShooter/Saved/AICharacter_BlackBoard878BF2F5425B3E7643728FA827DD0526.tmp' to 'D:/cs524/unreal/AIShooter/Content/ThirdPersonBP/AICharacter/AICharacter_BlackBoard.uasset'
[2017.04.02-23.27.01:556][316]LogSavePackage:Display: Finished SavePackage D:/cs524/unreal/AIShooter/Content/ThirdPersonBP/AICharacter/AICharacter_BlackBoard.uasset
[2017.04.02-23.28.00:470][273]LogSlate: Took 0.041926 seconds to synchronously load lazily loaded font '../../../Engine/Content/Editor/Slate/Fonts/Roboto-BoldCondensedItalic.ttf' (160K)
[2017.04.02-23.28.28:229][286]BlueprintLog: New page: Compile BTS_VisionCheck
[2017.04.02-23.28.28:929][310]Cmd: OBJ SAVEPACKAGE PACKAGE="/Game/ThirdPersonBP/AICharacter/BTS_VisionCheck" FILE="D:/cs524/unreal/AIShooter/Content/ThirdPersonBP/AICharacter/BTS_VisionCheck.uasset" SILENT=true
[2017.04.02-23.28.28:949][310]LogSavePackage: Save=18.12ms
[2017.04.02-23.28.28:949][310]LogSavePackage: Moving 'D:/cs524/unreal/AIShooter/Saved/BTS_VisionCheck00D8E0664C0F0B9BE9AF5C84B16FBD9C.tmp' to 'D:/cs524/unreal/AIShooter/Content/ThirdPersonBP/AICharacter/BTS_VisionCheck.uasset'
[2017.04.02-23.28.28:950][310]LogSavePackage:Display: Finished SavePackage D:/cs524/unreal/AIShooter/Content/ThirdPersonBP/AICharacter/BTS_VisionCheck.uasset
[2017.04.02-23.28.48:085][902]LogContentBrowser:Verbose: The majority of assets in the view are of type: Blueprint
[2017.04.02-23.29.59:500][  1]Cmd: OBJ SAVEPACKAGE PACKAGE="/Game/ThirdPersonBP/AICharacter/AICharacter_BehaviorTree" FILE="D:/cs524/unreal/AIShooter/Content/ThirdPersonBP/AICharacter/AICharacter_BehaviorTree.uasset" SILENT=true
[2017.04.02-23.29.59:506][  1]LogSavePackage: Save=5.07ms
[2017.04.02-23.29.59:506][  1]LogSavePackage: Moving 'D:/cs524/unreal/AIShooter/Saved/AICharacter_BehaviorTree3727C4F243BFAB89F12779B6B81ABD54.tmp' to 'D:/cs524/unreal/AIShooter/Content/ThirdPersonBP/AICharacter/AICharacter_BehaviorTree.uasset'
[2017.04.02-23.29.59:507][  1]LogSavePackage:Display: Finished SavePackage D:/cs524/unreal/AIShooter/Content/ThirdPersonBP/AICharacter/AICharacter_BehaviorTree.uasset
[2017.04.02-23.31.33:567][ 29]LogSlate:Warning: Prevented a slow task dialog from being summoned while a context menu was open
[2017.04.02-23.32.36:516][901]LogFileHelpers: Editor autosave (incl. sublevels) for '/Game/ThirdPersonBP/Maps/ThirdPersonExampleMap' took 0.020
[2017.04.02-23.32.36:526][901]OBJ SavePackage: Generating thumbnails for [0] asset(s) in package [/Game/ThirdPersonBP/AICharacter/BTS_VisionCheck] ([1] browsable assets)...
[2017.04.02-23.32.36:526][901]OBJ SavePackage: Finished generating thumbnails for package [/Game/ThirdPersonBP/AICharacter/BTS_VisionCheck]
[2017.04.02-23.32.36:561][901]LogSavePackage: Save=33.56ms
[2017.04.02-23.32.36:561][901]LogSavePackage: Moving 'D:/cs524/unreal/AIShooter/Saved/BTS_VisionCheck_Auto1C80CDA8342370B8901CAF5B21CCB8FBC.tmp' to 'D:/cs524/unreal/AIShooter/Saved/Autosaves/Game/ThirdPersonBP/AICharacter/BTS_VisionCheck_Auto1.uasset'
[2017.04.02-23.32.36:586][901]LogSavePackage:Display: Finished SavePackage D:/cs524/unreal/AIShooter/Saved/Autosaves/Game/ThirdPersonBP/AICharacter/BTS_VisionCheck_Auto1.uasset
[2017.04.02-23.32.36:586][901]LogFileHelpers: Auto-saving content packages took 0.069
[2017.04.02-23.42.47:791][ 46]LogFileHelpers: Editor autosave (incl. sublevels) for '/Game/ThirdPersonBP/Maps/ThirdPersonExampleMap' took 0.020
[2017.04.02-23.42.47:793][ 46]OBJ SavePackage: Generating thumbnails for [0] asset(s) in package [/Game/ThirdPersonBP/AICharacter/BTS_VisionCheck] ([1] browsable assets)...
[2017.04.02-23.42.47:793][ 46]OBJ SavePackage: Finished generating thumbnails for package [/Game/ThirdPersonBP/AICharacter/BTS_VisionCheck]
[2017.04.02-23.42.47:854][ 46]LogSavePackage: Save=60.12ms
[2017.04.02-23.42.47:854][ 46]LogSavePackage: Moving 'D:/cs524/unreal/AIShooter/Saved/BTS_VisionCheck_Auto2CAF57BDF4A00954382534B8B2E0615CD.tmp' to 'D:/cs524/unreal/AIShooter/Saved/Autosaves/Game/ThirdPersonBP/AICharacter/BTS_VisionCheck_Auto2.uasset'
[2017.04.02-23.42.47:855][ 46]LogSavePackage:Display: Finished SavePackage D:/cs524/unreal/AIShooter/Saved/Autosaves/Game/ThirdPersonBP/AICharacter/BTS_VisionCheck_Auto2.uasset
[2017.04.02-23.42.47:855][ 46]LogFileHelpers: Auto-saving content packages took 0.063
[2017.04.02-23.44.09:991][117]BlueprintLog: New page: Compile BTS_VisionCheck
[2017.04.02-23.44.30:324][471]Cmd: OBJ SAVEPACKAGE PACKAGE="/Game/ThirdPersonBP/AICharacter/BTS_VisionCheck" FILE="D:/cs524/unreal/AIShooter/Content/ThirdPersonBP/AICharacter/BTS_VisionCheck.uasset" SILENT=true
[2017.04.02-23.44.30:406][471]LogSavePackage: Save=80.57ms
[2017.04.02-23.44.30:406][471]LogSavePackage: Moving 'D:/cs524/unreal/AIShooter/Saved/BTS_VisionCheckF03AE75B4E89F0885CD6E6924C2C1C7D.tmp' to 'D:/cs524/unreal/AIShooter/Content/ThirdPersonBP/AICharacter/BTS_VisionCheck.uasset'
[2017.04.02-23.44.30:407][471]LogSavePackage:Display: Finished SavePackage D:/cs524/unreal/AIShooter/Content/ThirdPersonBP/AICharacter/BTS_VisionCheck.uasset
[2017.04.02-23.45.19:757][ 37]LogSlate:Warning: Prevented a slow task dialog from being summoned while a context menu was open
[2017.04.02-23.45.21:143][116]LogSlate:Warning: Prevented a slow task dialog from being summoned while a context menu was open
[2017.04.02-23.45.21:379][116]LogPackageName: SearchForPackageOnDisk took   0.000s, but failed to resolve /Game/ThirdPersonBP/AICharacter/BTTask_BlueprintBase_New.
[2017.04.02-23.45.59:876][326]LogMetaData: Removing '/Game/ThirdPersonBP/AICharacter/BTT_DestroyMemory.SKEL_BTT_DestroyMemory_C' ref from Metadata '/Game/ThirdPersonBP/AICharacter/BTTask_BlueprintBase_New.PackageMetaData'
[2017.04.02-23.45.59:876][326]LogMetaData: Removing '/Game/ThirdPersonBP/AICharacter/BTT_DestroyMemory.BTT_DestroyMemory_C' ref from Metadata '/Game/ThirdPersonBP/AICharacter/BTTask_BlueprintBase_New.PackageMetaData'
[2017.04.02-23.45.59:897][326]Cmd: OBJ SAVEPACKAGE PACKAGE="/Game/ThirdPersonBP/AICharacter/BTT_DestroyMemory" FILE="D:/cs524/unreal/AIShooter/Content/ThirdPersonBP/AICharacter/BTT_DestroyMemory.uasset" SILENT=true
[2017.04.02-23.45.59:900][326]LogSavePackage: Save=1.58ms
[2017.04.02-23.45.59:900][326]LogSavePackage: Moving 'D:/cs524/unreal/AIShooter/Saved/BTT_DestroyMemoryBB69C144421403410F37B4A2220B51BB.tmp' to 'D:/cs524/unreal/AIShooter/Content/ThirdPersonBP/AICharacter/BTT_DestroyMemory.uasset'
[2017.04.02-23.45.59:901][326]LogSavePackage:Display: Finished SavePackage D:/cs524/unreal/AIShooter/Content/ThirdPersonBP/AICharacter/BTT_DestroyMemory.uasset
[2017.04.02-23.46.00:029][327]LogPackageName: SearchForPackageOnDisk took   0.000s to resolve /Game/ThirdPersonBP/AICharacter/BTT_DestroyMemory.
[2017.04.02-23.50.10:798][435]LogEditorTransaction: Undo Add Node
[2017.04.02-23.51.21:832][700]BlueprintLog: New page: Compile BTT_DestroyMemory
[2017.04.02-23.51.22:450][730]Cmd: OBJ SAVEPACKAGE PACKAGE="/Game/ThirdPersonBP/AICharacter/BTT_DestroyMemory" FILE="D:/cs524/unreal/AIShooter/Content/ThirdPersonBP/AICharacter/BTT_DestroyMemory.uasset" SILENT=true
[2017.04.02-23.51.22:491][730]LogSavePackage: Save=5.61ms
[2017.04.02-23.51.22:491][730]LogSavePackage: Moving 'D:/cs524/unreal/AIShooter/Saved/BTT_DestroyMemory303AFBD44E8344C9101DCE9A5EA7E1E4.tmp' to 'D:/cs524/unreal/AIShooter/Content/ThirdPersonBP/AICharacter/BTT_DestroyMemory.uasset'
[2017.04.02-23.51.22:492][730]LogSavePackage:Display: Finished SavePackage D:/cs524/unreal/AIShooter/Content/ThirdPersonBP/AICharacter/BTT_DestroyMemory.uasset
[2017.04.02-23.51.41:041][342]Cmd: OBJ SAVEPACKAGE PACKAGE="/Game/ThirdPersonBP/AICharacter/AICharacter_BehaviorTree" FILE="D:/cs524/unreal/AIShooter/Content/ThirdPersonBP/AICharacter/AICharacter_BehaviorTree.uasset" SILENT=true
[2017.04.02-23.51.41:048][342]LogSavePackage: Save=5.32ms
[2017.04.02-23.51.41:048][342]LogSavePackage: Moving 'D:/cs524/unreal/AIShooter/Saved/AICharacter_BehaviorTreeA185867840CF9CBBEFB5A2A2D5F94F1F.tmp' to 'D:/cs524/unreal/AIShooter/Content/ThirdPersonBP/AICharacter/AICharacter_BehaviorTree.uasset'
[2017.04.02-23.51.41:049][342]LogSavePackage:Display: Finished SavePackage D:/cs524/unreal/AIShooter/Content/ThirdPersonBP/AICharacter/AICharacter_BehaviorTree.uasset
[2017.04.02-23.52.48:648][450]LogFileHelpers: Editor autosave (incl. sublevels) for '/Game/ThirdPersonBP/Maps/ThirdPersonExampleMap' took 0.022
[2017.04.02-23.52.48:650][450]OBJ SavePackage: Generating thumbnails for [0] asset(s) in package [/Game/ThirdPersonBP/AICharacter/AICharacter_BehaviorTree] ([1] browsable assets)...
[2017.04.02-23.52.48:650][450]OBJ SavePackage: Finished generating thumbnails for package [/Game/ThirdPersonBP/AICharacter/AICharacter_BehaviorTree]
[2017.04.02-23.52.48:656][450]LogSavePackage: Save=5.41ms
[2017.04.02-23.52.48:656][450]LogSavePackage: Moving 'D:/cs524/unreal/AIShooter/Saved/AICharacter_BehaviorTree_Auto32C3329114C251C46678E02AC0D94FB43.tmp' to 'D:/cs524/unreal/AIShooter/Saved/Autosaves/Game/ThirdPersonBP/AICharacter/AICharacter_BehaviorTree_Auto3.uasset'
[2017.04.02-23.52.48:657][450]LogSavePackage:Display: Finished SavePackage D:/cs524/unreal/AIShooter/Saved/Autosaves/Game/ThirdPersonBP/AICharacter/AICharacter_BehaviorTree_Auto3.uasset
[2017.04.02-23.52.48:658][450]LogSavePackage: Save=0.49ms
[2017.04.02-23.52.48:658][450]LogSavePackage: Moving 'D:/cs524/unreal/AIShooter/Saved/BTTask_BlueprintBase_New_Auto3013E49E7434987976A3CD6BC3B111877.tmp' to 'D:/cs524/unreal/AIShooter/Saved/Autosaves/Game/ThirdPersonBP/AICharacter/BTTask_BlueprintBase_New_Auto3.uasset'
[2017.04.02-23.52.48:659][450]LogSavePackage:Display: Finished SavePackage D:/cs524/unreal/AIShooter/Saved/Autosaves/Game/ThirdPersonBP/AICharacter/BTTask_BlueprintBase_New_Auto3.uasset
[2017.04.02-23.52.48:659][450]LogFileHelpers: Auto-saving content packages took 0.009
[2017.04.02-23.53.19:604][866]Cmd: OBJ SAVEPACKAGE PACKAGE="/Game/ThirdPersonBP/AICharacter/AICharacter_BehaviorTree" FILE="D:/cs524/unreal/AIShooter/Content/ThirdPersonBP/AICharacter/AICharacter_BehaviorTree.uasset" SILENT=true
[2017.04.02-23.53.19:649][866]LogSavePackage: Save=43.20ms
[2017.04.02-23.53.19:649][866]LogSavePackage: Moving 'D:/cs524/unreal/AIShooter/Saved/AICharacter_BehaviorTreeEE3E065E4208BD3F6F4623AAFC5CA8F3.tmp' to 'D:/cs524/unreal/AIShooter/Content/ThirdPersonBP/AICharacter/AICharacter_BehaviorTree.uasset'
[2017.04.02-23.53.19:650][866]LogSavePackage:Display: Finished SavePackage D:/cs524/unreal/AIShooter/Content/ThirdPersonBP/AICharacter/AICharacter_BehaviorTree.uasset
[2017.04.02-23.53.21:576][982]LogTemp: Repeting last play command: Selected Viewport
[2017.04.02-23.53.21:590][982]LogBlueprintUserMessages: Early PlayInEditor Detection: Level '/Game/ThirdPersonBP/Maps/ThirdPersonExampleMap.ThirdPersonExampleMap:PersistentLevel' has LevelScriptBlueprint '/Game/ThirdPersonBP/Maps/ThirdPersonExampleMap.ThirdPersonExampleMap:PersistentLevel.ThirdPersonExampleMap' with GeneratedClass '/Game/ThirdPersonBP/Maps/ThirdPersonExampleMap.ThirdPersonExampleMap_C' with ClassGeneratedBy '/Game/ThirdPersonBP/Maps/ThirdPersonExampleMap.ThirdPersonExampleMap:PersistentLevel.ThirdPersonExampleMap'
[2017.04.02-23.53.21:598][982]BlueprintLog: New page: Pre-Play auto-recompile
[2017.04.02-23.53.21:598][982]LogPlayLevel: [PlayLevel] Compiling PROTO_BP_AnimBlueprint_0 before play...
[2017.04.02-23.53.21:699][982]LogPlayLevel: PlayLevel: Blueprint regeneration took 100 ms (1 blueprints)
[2017.04.02-23.53.21:699][982]PIE: New page: PIE session: ThirdPersonExampleMap (Apr 2, 2017, 9:53:21 AM)
[2017.04.02-23.53.21:699][982]LogPlayLevel: Creating play world package: /Game/ThirdPersonBP/Maps/UEDPIE_0_ThirdPersonExampleMap
[2017.04.02-23.53.21:720][982]LogPlayLevel: PIE: StaticDuplicateObject took: (0.020959s)
[2017.04.02-23.53.21:722][982]LogAIModule: Creating AISystem for world ThirdPersonExampleMap
[2017.04.02-23.53.21:722][982]LogPlayLevel: PIE: World Init took: (0.001613s)
[2017.04.02-23.53.21:722][982]LogPlayLevel: PIE: Created PIE world by copying editor world from /Game/ThirdPersonBP/Maps/ThirdPersonExampleMap.ThirdPersonExampleMap to /Game/ThirdPersonBP/Maps/UEDPIE_0_ThirdPersonExampleMap.ThirdPersonExampleMap (0.022882s)
[2017.04.02-23.53.21:777][982]LogInit: XAudio2 using 'Speakers (Realtek High Definition Audio)' : 2 channels at 48 kHz using 32 bits per sample (channel mask 0x3)
[2017.04.02-23.53.21:786][982]LogInit: FAudioDevice initialized.
[2017.04.02-23.53.21:829][982]LogLoad: Game class is 'ThirdPersonGameMode_C'
[2017.04.02-23.53.21:833][982]LogWorld: Bringing World /Game/ThirdPersonBP/Maps/UEDPIE_0_ThirdPersonExampleMap.ThirdPersonExampleMap up for play (max tick rate 60) at 2017.04.02-16.53.21
[2017.04.02-23.53.21:833][982]LogWorld: Bringing up level for play took: 0.002608
[2017.04.02-23.53.21:835][982]PIE: Info Play in editor start time for /Game/ThirdPersonBP/Maps/UEDPIE_0_ThirdPersonExampleMap -0.222
[2017.04.02-23.53.21:835][982]LogBlueprintUserMessages: Late PlayInEditor Detection: Level '/Game/ThirdPersonBP/Maps/ThirdPersonExampleMap.ThirdPersonExampleMap:PersistentLevel' has LevelScriptBlueprint '/Game/ThirdPersonBP/Maps/ThirdPersonExampleMap.ThirdPersonExampleMap:PersistentLevel.ThirdPersonExampleMap' with GeneratedClass '/Game/ThirdPersonBP/Maps/ThirdPersonExampleMap.ThirdPersonExampleMap_C' with ClassGeneratedBy '/Game/ThirdPersonBP/Maps/ThirdPersonExampleMap.ThirdPersonExampleMap:PersistentLevel.ThirdPersonExampleMap'
[2017.04.02-23.54.59:763][846]LogBlueprintUserMessages: Early EndPlayMap Detection: Level '/Game/ThirdPersonBP/Maps/ThirdPersonExampleMap.ThirdPersonExampleMap:PersistentLevel' has LevelScriptBlueprint '/Game/ThirdPersonBP/Maps/ThirdPersonExampleMap.ThirdPersonExampleMap:PersistentLevel.ThirdPersonExampleMap' with GeneratedClass '/Game/ThirdPersonBP/Maps/ThirdPersonExampleMap.ThirdPersonExampleMap_C' with ClassGeneratedBy '/Game/ThirdPersonBP/Maps/ThirdPersonExampleMap.ThirdPersonExampleMap:PersistentLevel.ThirdPersonExampleMap'
[2017.04.02-23.54.59:807][846]LogBlueprintUserMessages: Late EndPlayMap Detection: Level '/Game/ThirdPersonBP/Maps/ThirdPersonExampleMap.ThirdPersonExampleMap:PersistentLevel' has LevelScriptBlueprint '/Game/ThirdPersonBP/Maps/ThirdPersonExampleMap.ThirdPersonExampleMap:PersistentLevel.ThirdPersonExampleMap' with GeneratedClass '/Game/ThirdPersonBP/Maps/ThirdPersonExampleMap.ThirdPersonExampleMap_C' with ClassGeneratedBy '/Game/ThirdPersonBP/Maps/ThirdPersonExampleMap.ThirdPersonExampleMap:PersistentLevel.ThirdPersonExampleMap'
[2017.04.02-23.57.11:746][607]BlueprintLog: New page: Compile BTS_VisionCheck
[2017.04.03-00.01.01:892][443]BlueprintLog: New page: Compile BTS_VisionCheck
[2017.04.03-00.01.04:264][575]LogTemp: Repeting last play command: Selected Viewport
[2017.04.03-00.01.04:277][575]LogBlueprintUserMessages: Early PlayInEditor Detection: Level '/Game/ThirdPersonBP/Maps/ThirdPersonExampleMap.ThirdPersonExampleMap:PersistentLevel' has LevelScriptBlueprint '/Game/ThirdPersonBP/Maps/ThirdPersonExampleMap.ThirdPersonExampleMap:PersistentLevel.ThirdPersonExampleMap' with GeneratedClass '/Game/ThirdPersonBP/Maps/ThirdPersonExampleMap.ThirdPersonExampleMap_C' with ClassGeneratedBy '/Game/ThirdPersonBP/Maps/ThirdPersonExampleMap.ThirdPersonExampleMap:PersistentLevel.ThirdPersonExampleMap'
[2017.04.03-00.01.04:285][575]LogPlayLevel: PlayLevel: No blueprints needed recompiling
[2017.04.03-00.01.04:285][575]PIE: New page: PIE session: ThirdPersonExampleMap (Apr 2, 2017, 10:01:04 AM)
[2017.04.03-00.01.04:285][575]LogPlayLevel: Creating play world package: /Game/ThirdPersonBP/Maps/UEDPIE_0_ThirdPersonExampleMap
[2017.04.03-00.01.04:306][575]LogPlayLevel: PIE: StaticDuplicateObject took: (0.021341s)
[2017.04.03-00.01.04:308][575]LogAIModule: Creating AISystem for world ThirdPersonExampleMap
[2017.04.03-00.01.04:308][575]LogPlayLevel: PIE: World Init took: (0.001310s)
[2017.04.03-00.01.04:308][575]LogPlayLevel: PIE: Created PIE world by copying editor world from /Game/ThirdPersonBP/Maps/ThirdPersonExampleMap.ThirdPersonExampleMap to /Game/ThirdPersonBP/Maps/UEDPIE_0_ThirdPersonExampleMap.ThirdPersonExampleMap (0.022917s)
[2017.04.03-00.01.04:333][575]LogInit: XAudio2 using 'Speakers (Realtek High Definition Audio)' : 2 channels at 48 kHz using 32 bits per sample (channel mask 0x3)
[2017.04.03-00.01.04:342][575]LogInit: FAudioDevice initialized.
[2017.04.03-00.01.04:374][575]LogLoad: Game class is 'ThirdPersonGameMode_C'
[2017.04.03-00.01.04:377][575]LogWorld: Bringing World /Game/ThirdPersonBP/Maps/UEDPIE_0_ThirdPersonExampleMap.ThirdPersonExampleMap up for play (max tick rate 60) at 2017.04.02-17.01.04
[2017.04.03-00.01.04:378][575]LogWorld: Bringing up level for play took: 0.002726
[2017.04.03-00.01.04:379][575]PIE: Info Play in editor start time for /Game/ThirdPersonBP/Maps/UEDPIE_0_ThirdPersonExampleMap 0.323
[2017.04.03-00.01.04:380][575]LogBlueprintUserMessages: Late PlayInEditor Detection: Level '/Game/ThirdPersonBP/Maps/ThirdPersonExampleMap.ThirdPersonExampleMap:PersistentLevel' has LevelScriptBlueprint '/Game/ThirdPersonBP/Maps/ThirdPersonExampleMap.ThirdPersonExampleMap:PersistentLevel.ThirdPersonExampleMap' with GeneratedClass '/Game/ThirdPersonBP/Maps/ThirdPersonExampleMap.ThirdPersonExampleMap_C' with ClassGeneratedBy '/Game/ThirdPersonBP/Maps/ThirdPersonExampleMap.ThirdPersonExampleMap:PersistentLevel.ThirdPersonExampleMap'
[2017.04.03-00.01.21:757][616]LogBlueprintUserMessages: Early EndPlayMap Detection: Level '/Game/ThirdPersonBP/Maps/ThirdPersonExampleMap.ThirdPersonExampleMap:PersistentLevel' has LevelScriptBlueprint '/Game/ThirdPersonBP/Maps/ThirdPersonExampleMap.ThirdPersonExampleMap:PersistentLevel.ThirdPersonExampleMap' with GeneratedClass '/Game/ThirdPersonBP/Maps/ThirdPersonExampleMap.ThirdPersonExampleMap_C' with ClassGeneratedBy '/Game/ThirdPersonBP/Maps/ThirdPersonExampleMap.ThirdPersonExampleMap:PersistentLevel.ThirdPersonExampleMap'
[2017.04.03-00.01.21:802][616]LogBlueprintUserMessages: Late EndPlayMap Detection: Level '/Game/ThirdPersonBP/Maps/ThirdPersonExampleMap.ThirdPersonExampleMap:PersistentLevel' has LevelScriptBlueprint '/Game/ThirdPersonBP/Maps/ThirdPersonExampleMap.ThirdPersonExampleMap:PersistentLevel.ThirdPersonExampleMap' with GeneratedClass '/Game/ThirdPersonBP/Maps/ThirdPersonExampleMap.ThirdPersonExampleMap_C' with ClassGeneratedBy '/Game/ThirdPersonBP/Maps/ThirdPersonExampleMap.ThirdPersonExampleMap:PersistentLevel.ThirdPersonExampleMap'
[2017.04.03-00.01.34:945][402]Cmd: OBJ SAVEPACKAGE PACKAGE="/Game/ThirdPersonBP/AICharacter/BTS_VisionCheck" FILE="D:/cs524/unreal/AIShooter/Content/ThirdPersonBP/AICharacter/BTS_VisionCheck.uasset" SILENT=true
[2017.04.03-00.01.35:014][402]LogSavePackage: Save=66.87ms
[2017.04.03-00.01.35:014][402]LogSavePackage: Moving 'D:/cs524/unreal/AIShooter/Saved/BTS_VisionCheckB77A5B7C456457304B9542A566072F3D.tmp' to 'D:/cs524/unreal/AIShooter/Content/ThirdPersonBP/AICharacter/BTS_VisionCheck.uasset'
[2017.04.03-00.01.35:015][402]LogSavePackage:Display: Finished SavePackage D:/cs524/unreal/AIShooter/Content/ThirdPersonBP/AICharacter/BTS_VisionCheck.uasset
[2017.04.03-00.01.35:521][432]BlueprintLog: New page: Compile BTS_VisionCheck
[2017.04.03-00.01.37:182][523]Cmd: OBJ SAVEPACKAGE PACKAGE="/Game/ThirdPersonBP/AICharacter/AICharacter_BehaviorTree" FILE="D:/cs524/unreal/AIShooter/Content/ThirdPersonBP/AICharacter/AICharacter_BehaviorTree.uasset" SILENT=true
[2017.04.03-00.01.37:225][523]LogSavePackage: Save=41.48ms
[2017.04.03-00.01.37:226][523]LogSavePackage: Moving 'D:/cs524/unreal/AIShooter/Saved/AICharacter_BehaviorTree9DDC2D8A4C1FE049D60E6DBF08A1B1D5.tmp' to 'D:/cs524/unreal/AIShooter/Content/ThirdPersonBP/AICharacter/AICharacter_BehaviorTree.uasset'
[2017.04.03-00.01.37:227][523]LogSavePackage:Display: Finished SavePackage D:/cs524/unreal/AIShooter/Content/ThirdPersonBP/AICharacter/AICharacter_BehaviorTree.uasset
[2017.04.03-00.01.38:635][608]LogTemp: Repeting last play command: Selected Viewport
[2017.04.03-00.01.38:649][608]LogBlueprintUserMessages: Early PlayInEditor Detection: Level '/Game/ThirdPersonBP/Maps/ThirdPersonExampleMap.ThirdPersonExampleMap:PersistentLevel' has LevelScriptBlueprint '/Game/ThirdPersonBP/Maps/ThirdPersonExampleMap.ThirdPersonExampleMap:PersistentLevel.ThirdPersonExampleMap' with GeneratedClass '/Game/ThirdPersonBP/Maps/ThirdPersonExampleMap.ThirdPersonExampleMap_C' with ClassGeneratedBy '/Game/ThirdPersonBP/Maps/ThirdPersonExampleMap.ThirdPersonExampleMap:PersistentLevel.ThirdPersonExampleMap'
[2017.04.03-00.01.38:655][608]LogPlayLevel: PlayLevel: No blueprints needed recompiling
[2017.04.03-00.01.38:656][608]PIE: New page: PIE session: ThirdPersonExampleMap (Apr 2, 2017, 10:01:38 AM)
[2017.04.03-00.01.38:656][608]LogPlayLevel: Creating play world package: /Game/ThirdPersonBP/Maps/UEDPIE_0_ThirdPersonExampleMap
[2017.04.03-00.01.38:672][608]LogPlayLevel: PIE: StaticDuplicateObject took: (0.016512s)
[2017.04.03-00.01.38:673][608]LogAIModule: Creating AISystem for world ThirdPersonExampleMap
[2017.04.03-00.01.38:673][608]LogPlayLevel: PIE: World Init took: (0.000898s)
[2017.04.03-00.01.38:673][608]LogPlayLevel: PIE: Created PIE world by copying editor world from /Game/ThirdPersonBP/Maps/ThirdPersonExampleMap.ThirdPersonExampleMap to /Game/ThirdPersonBP/Maps/UEDPIE_0_ThirdPersonExampleMap.ThirdPersonExampleMap (0.017653s)
[2017.04.03-00.01.38:699][608]LogInit: XAudio2 using 'Speakers (Realtek High Definition Audio)' : 2 channels at 48 kHz using 32 bits per sample (channel mask 0x3)
[2017.04.03-00.01.38:707][608]LogInit: FAudioDevice initialized.
[2017.04.03-00.01.38:735][608]LogLoad: Game class is 'ThirdPersonGameMode_C'
[2017.04.03-00.01.38:738][608]LogWorld: Bringing World /Game/ThirdPersonBP/Maps/UEDPIE_0_ThirdPersonExampleMap.ThirdPersonExampleMap up for play (max tick rate 60) at 2017.04.02-17.01.38
[2017.04.03-00.01.38:738][608]LogWorld: Bringing up level for play took: 0.002562
[2017.04.03-00.01.38:740][608]PIE: Info Play in editor start time for /Game/ThirdPersonBP/Maps/UEDPIE_0_ThirdPersonExampleMap 0.684
[2017.04.03-00.01.38:740][608]LogBlueprintUserMessages: Late PlayInEditor Detection: Level '/Game/ThirdPersonBP/Maps/ThirdPersonExampleMap.ThirdPersonExampleMap:PersistentLevel' has LevelScriptBlueprint '/Game/ThirdPersonBP/Maps/ThirdPersonExampleMap.ThirdPersonExampleMap:PersistentLevel.ThirdPersonExampleMap' with GeneratedClass '/Game/ThirdPersonBP/Maps/ThirdPersonExampleMap.ThirdPersonExampleMap_C' with ClassGeneratedBy '/Game/ThirdPersonBP/Maps/ThirdPersonExampleMap.ThirdPersonExampleMap:PersistentLevel.ThirdPersonExampleMap'
[2017.04.03-00.03.34:199][531]LogBlueprintUserMessages: Early EndPlayMap Detection: Level '/Game/ThirdPersonBP/Maps/ThirdPersonExampleMap.ThirdPersonExampleMap:PersistentLevel' has LevelScriptBlueprint '/Game/ThirdPersonBP/Maps/ThirdPersonExampleMap.ThirdPersonExampleMap:PersistentLevel.ThirdPersonExampleMap' with GeneratedClass '/Game/ThirdPersonBP/Maps/ThirdPersonExampleMap.ThirdPersonExampleMap_C' with ClassGeneratedBy '/Game/ThirdPersonBP/Maps/ThirdPersonExampleMap.ThirdPersonExampleMap:PersistentLevel.ThirdPersonExampleMap'
[2017.04.03-00.03.34:245][531]LogBlueprintUserMessages: Late EndPlayMap Detection: Level '/Game/ThirdPersonBP/Maps/ThirdPersonExampleMap.ThirdPersonExampleMap:PersistentLevel' has LevelScriptBlueprint '/Game/ThirdPersonBP/Maps/ThirdPersonExampleMap.ThirdPersonExampleMap:PersistentLevel.ThirdPersonExampleMap' with GeneratedClass '/Game/ThirdPersonBP/Maps/ThirdPersonExampleMap.ThirdPersonExampleMap_C' with ClassGeneratedBy '/Game/ThirdPersonBP/Maps/ThirdPersonExampleMap.ThirdPersonExampleMap:PersistentLevel.ThirdPersonExampleMap'
[2017.04.03-00.08.42:718][774]LogPackageName: SearchForPackageOnDisk took   0.000s, but failed to resolve /Game/ThirdPersonBP/Blueprints/HealthInterface.
[2017.04.03-00.09.07:488][946]LogFileHelpers: Editor autosave (incl. sublevels) for '/Game/ThirdPersonBP/Maps/ThirdPersonExampleMap' took 0.029
[2017.04.03-00.09.07:490][946]OBJ SavePackage: Generating thumbnails for [0] asset(s) in package [/Game/ThirdPersonBP/Blueprints/HealthInterface] ([1] browsable assets)...
[2017.04.03-00.09.07:490][946]OBJ SavePackage: Finished generating thumbnails for package [/Game/ThirdPersonBP/Blueprints/HealthInterface]
[2017.04.03-00.09.07:491][946]LogSavePackage: Save=1.11ms
[2017.04.03-00.09.07:491][946]LogSavePackage: Moving 'D:/cs524/unreal/AIShooter/Saved/HealthInterface_Auto49DFF702F429CBC51234B77B536FAA001.tmp' to 'D:/cs524/unreal/AIShooter/Saved/Autosaves/Game/ThirdPersonBP/Blueprints/HealthInterface_Auto4.uasset'
[2017.04.03-00.09.07:492][946]LogSavePackage:Display: Finished SavePackage D:/cs524/unreal/AIShooter/Saved/Autosaves/Game/ThirdPersonBP/Blueprints/HealthInterface_Auto4.uasset
[2017.04.03-00.09.07:492][946]LogFileHelpers: Auto-saving content packages took 0.003
[2017.04.03-00.19.07:986][725]LogFileHelpers: Editor autosave (incl. sublevels) for '/Game/ThirdPersonBP/Maps/ThirdPersonExampleMap' took 0.025
[2017.04.03-00.19.07:987][725]OBJ SavePackage: Generating thumbnails for [0] asset(s) in package [/Game/ThirdPersonBP/Blueprints/HealthInterface] ([1] browsable assets)...
[2017.04.03-00.19.07:987][725]OBJ SavePackage: Finished generating thumbnails for package [/Game/ThirdPersonBP/Blueprints/HealthInterface]
[2017.04.03-00.19.07:990][725]LogSavePackage: Save=2.06ms
[2017.04.03-00.19.07:990][725]LogSavePackage: Moving 'D:/cs524/unreal/AIShooter/Saved/HealthInterface_Auto5F571E1AC4B493866895F1183DDE545F1.tmp' to 'D:/cs524/unreal/AIShooter/Saved/Autosaves/Game/ThirdPersonBP/Blueprints/HealthInterface_Auto5.uasset'
[2017.04.03-00.19.07:990][725]LogSavePackage:Display: Finished SavePackage D:/cs524/unreal/AIShooter/Saved/Autosaves/Game/ThirdPersonBP/Blueprints/HealthInterface_Auto5.uasset
[2017.04.03-00.19.07:990][725]LogFileHelpers: Auto-saving content packages took 0.004
[2017.04.03-00.22.41:340][427]BlueprintLog: New page: Compile HealthInterface
[2017.04.03-00.22.41:940][456]Cmd: OBJ SAVEPACKAGE PACKAGE="/Game/ThirdPersonBP/Blueprints/HealthInterface" FILE="D:/cs524/unreal/AIShooter/Content/ThirdPersonBP/Blueprints/HealthInterface.uasset" SILENT=true
[2017.04.03-00.22.41:959][456]LogSavePackage: Save=2.04ms
[2017.04.03-00.22.41:959][456]LogSavePackage: Moving 'D:/cs524/unreal/AIShooter/Saved/HealthInterface81F918B24A010B964C0EEEB94A12C62B.tmp' to 'D:/cs524/unreal/AIShooter/Content/ThirdPersonBP/Blueprints/HealthInterface.uasset'
[2017.04.03-00.22.41:960][456]LogSavePackage:Display: Finished SavePackage D:/cs524/unreal/AIShooter/Content/ThirdPersonBP/Blueprints/HealthInterface.uasset
[2017.04.03-00.22.42:017][460]LogPackageName: SearchForPackageOnDisk took   0.000s to resolve /Game/ThirdPersonBP/Blueprints/HealthInterface.
[2017.04.03-00.23.17:040][140]LogSlate:Warning: Prevented a slow task dialog from being summoned while a context menu was open
[2017.04.03-00.23.27:229][405]BlueprintLog: New page: Compile AICharacter
[2017.04.03-00.24.10:822][202]Cmd: OBJ SAVEPACKAGE PACKAGE="/Game/ThirdPersonBP/Blueprints/AICharacter" FILE="D:/cs524/unreal/AIShooter/Content/ThirdPersonBP/Blueprints/AICharacter.uasset" SILENT=true
[2017.04.03-00.24.10:873][202]LogSavePackage: Save=49.29ms
[2017.04.03-00.24.10:873][202]LogSavePackage: Moving 'D:/cs524/unreal/AIShooter/Saved/AICharacter43CAE607476D875B80D94198DDBBA361.tmp' to 'D:/cs524/unreal/AIShooter/Content/ThirdPersonBP/Blueprints/AICharacter.uasset'
[2017.04.03-00.24.10:874][202]LogSavePackage:Display: Finished SavePackage D:/cs524/unreal/AIShooter/Content/ThirdPersonBP/Blueprints/AICharacter.uasset
[2017.04.03-00.29.09:097][261]LogSavePackage: Save=203.95ms
[2017.04.03-00.29.09:097][261]LogSavePackage: Moving 'D:/cs524/unreal/AIShooter/Saved/ThirdPersonExampleMap_Auto60A4D48EF4B917C56CC4653855EB66DDC.tmp' to 'D:/cs524/unreal/AIShooter/Saved/Autosaves/Game/ThirdPersonBP/Maps/ThirdPersonExampleMap_Auto6.umap'
[2017.04.03-00.29.09:098][261]LogSavePackage:Display: Finished SavePackage D:/cs524/unreal/AIShooter/Saved/Autosaves/Game/ThirdPersonBP/Maps/ThirdPersonExampleMap_Auto6.umap
[2017.04.03-00.29.09:116][261]LogFileHelpers: Editor autosave (incl. sublevels) for '/Game/ThirdPersonBP/Maps/ThirdPersonExampleMap' took 0.304
[2017.04.03-00.29.09:116][261]LogFileHelpers: Editor autosave (incl. sublevels) for all levels took 0.304
[2017.04.03-00.30.54:439][704]BlueprintLog: New page: Compile AICharacter
[2017.04.03-00.30.55:580][740]Cmd: OBJ SAVEPACKAGE PACKAGE="/Game/ThirdPersonBP/Blueprints/AICharacter" FILE="D:/cs524/unreal/AIShooter/Content/ThirdPersonBP/Blueprints/AICharacter.uasset" SILENT=true
[2017.04.03-00.30.55:621][740]LogSavePackage: Save=19.30ms
[2017.04.03-00.30.55:621][740]LogSavePackage: Moving 'D:/cs524/unreal/AIShooter/Saved/AICharacter47A7282C4ACB00985395C4B227C461F7.tmp' to 'D:/cs524/unreal/AIShooter/Content/ThirdPersonBP/Blueprints/AICharacter.uasset'
[2017.04.03-00.30.55:622][740]LogSavePackage:Display: Finished SavePackage D:/cs524/unreal/AIShooter/Content/ThirdPersonBP/Blueprints/AICharacter.uasset
[2017.04.03-00.31.05:531][299]BlueprintLog: New page: Compile HealthInterface
[2017.04.03-00.31.06:214][334]Cmd: OBJ SAVEPACKAGE PACKAGE="/Game/ThirdPersonBP/Blueprints/HealthInterface" FILE="D:/cs524/unreal/AIShooter/Content/ThirdPersonBP/Blueprints/HealthInterface.uasset" SILENT=true
[2017.04.03-00.31.06:217][334]LogSavePackage: Save=1.87ms
[2017.04.03-00.31.06:217][334]LogSavePackage: Moving 'D:/cs524/unreal/AIShooter/Saved/HealthInterface0799B38745CE2B017BCBC380BDF5560A.tmp' to 'D:/cs524/unreal/AIShooter/Content/ThirdPersonBP/Blueprints/HealthInterface.uasset'
[2017.04.03-00.31.06:218][334]LogSavePackage:Display: Finished SavePackage D:/cs524/unreal/AIShooter/Content/ThirdPersonBP/Blueprints/HealthInterface.uasset
[2017.04.03-00.31.36:565][ 43]LogPackageName: SearchForPackageOnDisk took   0.000s, but failed to resolve /Game/ThirdPersonBP/Blueprints/CharacterBase.
[2017.04.03-00.31.43:816][246]LogRenderer: Reallocating scene render targets to support 1208x696 NumSamples 1 (Frame:22270).
[2017.04.03-00.31.45:803][353]Cmd: OBJ SAVEPACKAGE PACKAGE="/Game/ThirdPersonBP/Blueprints/CharacterBase" FILE="D:/cs524/unreal/AIShooter/Content/ThirdPersonBP/Blueprints/CharacterBase.uasset" SILENT=true
[2017.04.03-00.31.45:815][353]LogSavePackage: Save=11.70ms
[2017.04.03-00.31.45:815][353]LogSavePackage: Moving 'D:/cs524/unreal/AIShooter/Saved/CharacterBaseED18EC7040EB1F3F92C468A261C6D3CA.tmp' to 'D:/cs524/unreal/AIShooter/Content/ThirdPersonBP/Blueprints/CharacterBase.uasset'
[2017.04.03-00.31.45:816][353]LogSavePackage:Display: Finished SavePackage D:/cs524/unreal/AIShooter/Content/ThirdPersonBP/Blueprints/CharacterBase.uasset
[2017.04.03-00.31.45:880][357]LogPackageName: SearchForPackageOnDisk took   0.000s to resolve /Game/ThirdPersonBP/Blueprints/CharacterBase.
[2017.04.03-00.31.46:781][409]LogRenderer: Reallocating scene render targets to support 1208x700 NumSamples 1 (Frame:22599).
[2017.04.03-00.31.47:010][412]LogRenderer: Reallocating scene render targets to support 1212x712 NumSamples 1 (Frame:22607).
[2017.04.03-00.33.20:830][219]LogEditorTransaction: Undo Add New Function
[2017.04.03-00.34.20:153][485]Cmd: OBJ SAVEPACKAGE PACKAGE="/Game/ThirdPersonBP/Blueprints/CharacterBase" FILE="D:/cs524/unreal/AIShooter/Content/ThirdPersonBP/Blueprints/CharacterBase.uasset" SILENT=true
[2017.04.03-00.34.20:216][485]LogSavePackage: Save=61.11ms
[2017.04.03-00.34.20:216][485]LogSavePackage: Moving 'D:/cs524/unreal/AIShooter/Saved/CharacterBaseAFA9941F4FC454356681599632F82B97.tmp' to 'D:/cs524/unreal/AIShooter/Content/ThirdPersonBP/Blueprints/CharacterBase.uasset'
[2017.04.03-00.34.20:217][485]LogSavePackage:Display: Finished SavePackage D:/cs524/unreal/AIShooter/Content/ThirdPersonBP/Blueprints/CharacterBase.uasset
[2017.04.03-00.35.14:638][936]BlueprintLog: New page: Compile CharacterBase
[2017.04.03-00.35.38:866][421]LogSlate:Warning: Prevented a slow task dialog from being summoned while a context menu was open
[2017.04.03-00.36.07:732][548]BlueprintLog: New page: Compile CharacterBase
[2017.04.03-00.39.09:936][691]LogSavePackage: Save=163.54ms
[2017.04.03-00.39.09:936][691]LogSavePackage: Moving 'D:/cs524/unreal/AIShooter/Saved/ThirdPersonExampleMap_Auto788835A6847180B200F6389A5A5161136.tmp' to 'D:/cs524/unreal/AIShooter/Saved/Autosaves/Game/ThirdPersonBP/Maps/ThirdPersonExampleMap_Auto7.umap'
[2017.04.03-00.39.09:937][691]LogSavePackage:Display: Finished SavePackage D:/cs524/unreal/AIShooter/Saved/Autosaves/Game/ThirdPersonBP/Maps/ThirdPersonExampleMap_Auto7.umap
[2017.04.03-00.39.09:938][691]LogFileHelpers: Editor autosave (incl. sublevels) for '/Game/ThirdPersonBP/Maps/ThirdPersonExampleMap' took 0.254
[2017.04.03-00.39.09:938][691]LogFileHelpers: Editor autosave (incl. sublevels) for all levels took 0.254
[2017.04.03-00.39.09:939][691]OBJ SavePackage: Generating thumbnails for [0] asset(s) in package [/Game/ThirdPersonBP/Blueprints/CharacterBase] ([1] browsable assets)...
[2017.04.03-00.39.09:939][691]OBJ SavePackage: Finished generating thumbnails for package [/Game/ThirdPersonBP/Blueprints/CharacterBase]
[2017.04.03-00.39.09:957][691]LogSavePackage: Save=15.89ms
[2017.04.03-00.39.09:957][691]LogSavePackage: Moving 'D:/cs524/unreal/AIShooter/Saved/CharacterBase_Auto78F75A20C4BBAA091E703C2BFF9D6AAB9.tmp' to 'D:/cs524/unreal/AIShooter/Saved/Autosaves/Game/ThirdPersonBP/Blueprints/CharacterBase_Auto7.uasset'
[2017.04.03-00.39.09:957][691]LogSavePackage:Display: Finished SavePackage D:/cs524/unreal/AIShooter/Saved/Autosaves/Game/ThirdPersonBP/Blueprints/CharacterBase_Auto7.uasset
[2017.04.03-00.39.09:957][691]LogFileHelpers: Auto-saving content packages took 0.018
[2017.04.03-00.39.11:465][743]BlueprintLog: New page: Compile CharacterBase
[2017.04.03-00.39.12:217][778]Cmd: OBJ SAVEPACKAGE PACKAGE="/Game/ThirdPersonBP/Blueprints/CharacterBase" FILE="D:/cs524/unreal/AIShooter/Content/ThirdPersonBP/Blueprints/CharacterBase.uasset" SILENT=true
[2017.04.03-00.39.12:233][778]LogSavePackage: Save=14.66ms
[2017.04.03-00.39.12:233][778]LogSavePackage: Moving 'D:/cs524/unreal/AIShooter/Saved/CharacterBase6047FE374E31D2232AB698BE499FE9E0.tmp' to 'D:/cs524/unreal/AIShooter/Content/ThirdPersonBP/Blueprints/CharacterBase.uasset'
[2017.04.03-00.39.12:234][778]LogSavePackage:Display: Finished SavePackage D:/cs524/unreal/AIShooter/Content/ThirdPersonBP/Blueprints/CharacterBase.uasset
[2017.04.03-00.45.42:403][156]BlueprintLog: New page: Compile CharacterBase
[2017.04.03-00.45.42:930][179]Cmd: OBJ SAVEPACKAGE PACKAGE="/Game/ThirdPersonBP/Blueprints/CharacterBase" FILE="D:/cs524/unreal/AIShooter/Content/ThirdPersonBP/Blueprints/CharacterBase.uasset" SILENT=true
[2017.04.03-00.45.42:964][179]LogSavePackage: Save=31.95ms
[2017.04.03-00.45.42:964][179]LogSavePackage: Moving 'D:/cs524/unreal/AIShooter/Saved/CharacterBaseFD6A35894795F8D23E56858E9B056FB8.tmp' to 'D:/cs524/unreal/AIShooter/Content/ThirdPersonBP/Blueprints/CharacterBase.uasset'
[2017.04.03-00.45.42:964][179]LogSavePackage:Display: Finished SavePackage D:/cs524/unreal/AIShooter/Content/ThirdPersonBP/Blueprints/CharacterBase.uasset
[2017.04.03-00.46.12:926][965]LogSlate:Warning: Prevented a slow task dialog from being summoned while a context menu was open
[2017.04.03-00.46.18:079][272]LogBlueprint:Warning: Reparenting blueprint Blueprint /Game/ThirdPersonBP/Blueprints/AICharacter.AICharacter from Character to CharacterBase_C...
[2017.04.03-00.46.18:086][272]BlueprintLog: New page: Compile AICharacter
[2017.04.03-00.46.27:087][465]Cmd: OBJ SAVEPACKAGE PACKAGE="/Game/ThirdPersonBP/Blueprints/AICharacter" FILE="D:/cs524/unreal/AIShooter/Content/ThirdPersonBP/Blueprints/AICharacter.uasset" SILENT=true
[2017.04.03-00.46.27:109][465]LogSavePackage: Save=19.44ms
[2017.04.03-00.46.27:109][465]LogSavePackage: Moving 'D:/cs524/unreal/AIShooter/Saved/AICharacter0D560B9E41377704BFD226B47C416112.tmp' to 'D:/cs524/unreal/AIShooter/Content/ThirdPersonBP/Blueprints/AICharacter.uasset'
[2017.04.03-00.46.27:110][465]LogSavePackage:Display: Finished SavePackage D:/cs524/unreal/AIShooter/Content/ThirdPersonBP/Blueprints/AICharacter.uasset
[2017.04.03-00.46.27:633][497]BlueprintLog: New page: Compile AICharacter
[2017.04.03-00.46.47:330][ 92]LogSlate:Warning: Prevented a slow task dialog from being summoned while a context menu was open
[2017.04.03-00.46.51:618][348]LogBlueprint:Warning: Reparenting blueprint Blueprint /Game/ThirdPersonBP/Blueprints/ThirdPersonCharacter.ThirdPersonCharacter from Character to CharacterBase_C...
[2017.04.03-00.46.51:639][348]BlueprintLog: New page: Compile ThirdPersonCharacter
[2017.04.03-00.46.54:138][472]Cmd: OBJ SAVEPACKAGE PACKAGE="/Game/ThirdPersonBP/Blueprints/ThirdPersonCharacter" FILE="D:/cs524/unreal/AIShooter/Content/ThirdPersonBP/Blueprints/ThirdPersonCharacter.uasset" SILENT=true
[2017.04.03-00.46.54:221][472]LogSavePackage: Save=80.99ms
[2017.04.03-00.46.54:221][472]LogSavePackage: Moving 'D:/cs524/unreal/AIShooter/Saved/ThirdPersonCharacterBFE6476E44D56CFC5A00069438299491.tmp' to 'D:/cs524/unreal/AIShooter/Content/ThirdPersonBP/Blueprints/ThirdPersonCharacter.uasset'
[2017.04.03-00.46.54:226][472]LogSavePackage:Display: Finished SavePackage D:/cs524/unreal/AIShooter/Content/ThirdPersonBP/Blueprints/ThirdPersonCharacter.uasset
[2017.04.03-00.46.54:571][493]BlueprintLog: New page: Compile ThirdPersonCharacter
[2017.04.03-00.49.10:807][554]LogSavePackage: Save=150.86ms
[2017.04.03-00.49.10:807][554]LogSavePackage: Moving 'D:/cs524/unreal/AIShooter/Saved/ThirdPersonExampleMap_Auto85E914B9940F89E286D4427BF0A6BFA17.tmp' to 'D:/cs524/unreal/AIShooter/Saved/Autosaves/Game/ThirdPersonBP/Maps/ThirdPersonExampleMap_Auto8.umap'
[2017.04.03-00.49.10:807][554]LogSavePackage:Display: Finished SavePackage D:/cs524/unreal/AIShooter/Saved/Autosaves/Game/ThirdPersonBP/Maps/ThirdPersonExampleMap_Auto8.umap
[2017.04.03-00.49.10:809][554]LogFileHelpers: Editor autosave (incl. sublevels) for '/Game/ThirdPersonBP/Maps/ThirdPersonExampleMap' took 0.219
[2017.04.03-00.49.10:809][554]LogFileHelpers: Editor autosave (incl. sublevels) for all levels took 0.219
[2017.04.03-00.50.28:298][565]Cmd: OBJ SAVEPACKAGE PACKAGE="/Game/ThirdPersonBP/Blueprints/AICharacter" FILE="D:/cs524/unreal/AIShooter/Content/ThirdPersonBP/Blueprints/AICharacter.uasset" SILENT=true
[2017.04.03-00.50.28:360][565]LogSavePackage: Save=19.49ms
[2017.04.03-00.50.28:360][565]LogSavePackage: Moving 'D:/cs524/unreal/AIShooter/Saved/AICharacter0A87902A47A0B9B2E6AC7AAA1074A60A.tmp' to 'D:/cs524/unreal/AIShooter/Content/ThirdPersonBP/Blueprints/AICharacter.uasset'
[2017.04.03-00.50.28:360][565]LogSavePackage:Display: Finished SavePackage D:/cs524/unreal/AIShooter/Content/ThirdPersonBP/Blueprints/AICharacter.uasset
[2017.04.03-00.50.29:517][632]Cmd: OBJ SAVEPACKAGE PACKAGE="/Game/ThirdPersonBP/Blueprints/ThirdPersonCharacter" FILE="D:/cs524/unreal/AIShooter/Content/ThirdPersonBP/Blueprints/ThirdPersonCharacter.uasset" SILENT=true
[2017.04.03-00.50.29:556][632]LogSavePackage: Save=37.62ms
[2017.04.03-00.50.29:556][632]LogSavePackage: Moving 'D:/cs524/unreal/AIShooter/Saved/ThirdPersonCharacterCD49FF8B440BE6EDC0BC41B22886D408.tmp' to 'D:/cs524/unreal/AIShooter/Content/ThirdPersonBP/Blueprints/ThirdPersonCharacter.uasset'
[2017.04.03-00.50.29:557][632]LogSavePackage:Display: Finished SavePackage D:/cs524/unreal/AIShooter/Content/ThirdPersonBP/Blueprints/ThirdPersonCharacter.uasset
[2017.04.03-00.50.29:936][655]BlueprintLog: New page: Compile ThirdPersonCharacter
[2017.04.03-00.50.32:918][810]LogSavePackage: Save=133.14ms
[2017.04.03-00.50.32:918][810]LogSavePackage: Moving 'D:/cs524/unreal/AIShooter/Saved/ThirdPersonExampleMapCA2DE7B140E380099308F688F75CAEF1.tmp' to 'D:/cs524/unreal/AIShooter/Content/ThirdPersonBP/Maps/ThirdPersonExampleMap.umap'
[2017.04.03-00.50.32:937][810]LogSavePackage:Display: Finished SavePackage D:/cs524/unreal/AIShooter/Content/ThirdPersonBP/Maps/ThirdPersonExampleMap.umap
[2017.04.03-00.50.32:977][810]Cmd: OBJ SAVEPACKAGE PACKAGE="/Game/ThirdPersonBP/Maps/ThirdPersonExampleMap_BuiltData" FILE="D:/cs524/unreal/AIShooter/Content/ThirdPersonBP/Maps/ThirdPersonExampleMap_BuiltData.uasset" SILENT=true
[2017.04.03-00.50.33:258][810]LogSavePackage: Save=212.26ms
[2017.04.03-00.50.33:258][810]LogSavePackage: Moving 'D:/cs524/unreal/AIShooter/Saved/ThirdPersonExampleMap_BuiltData21873BC94894745FB3580F838654363B.tmp' to 'D:/cs524/unreal/AIShooter/Content/ThirdPersonBP/Maps/ThirdPersonExampleMap_BuiltData.uasset'
[2017.04.03-00.50.33:279][810]LogSavePackage:Display: Finished SavePackage D:/cs524/unreal/AIShooter/Content/ThirdPersonBP/Maps/ThirdPersonExampleMap_BuiltData.uasset
[2017.04.03-00.56.05:596][971]LogEditorViewport: Clicking on Actor (LMB): StaticMeshActor (Bump_StaticMesh)
[2017.04.03-00.56.10:603][ 52]LogTemp: Repeting last play command: Selected Viewport
[2017.04.03-00.56.10:610][ 52]LogBlueprintUserMessages: Early PlayInEditor Detection: Level '/Game/ThirdPersonBP/Maps/ThirdPersonExampleMap.ThirdPersonExampleMap:PersistentLevel' has LevelScriptBlueprint '/Game/ThirdPersonBP/Maps/ThirdPersonExampleMap.ThirdPersonExampleMap:PersistentLevel.ThirdPersonExampleMap' with GeneratedClass '/Game/ThirdPersonBP/Maps/ThirdPersonExampleMap.ThirdPersonExampleMap_C' with ClassGeneratedBy '/Game/ThirdPersonBP/Maps/ThirdPersonExampleMap.ThirdPersonExampleMap:PersistentLevel.ThirdPersonExampleMap'
[2017.04.03-00.56.10:610][ 52]LogPlayLevel: PlayLevel: No blueprints needed recompiling
[2017.04.03-00.56.10:610][ 52]PIE: New page: PIE session: ThirdPersonExampleMap (Apr 2, 2017, 10:56:10 AM)
[2017.04.03-00.56.10:611][ 52]LogPlayLevel: Creating play world package: /Game/ThirdPersonBP/Maps/UEDPIE_0_ThirdPersonExampleMap
[2017.04.03-00.56.10:634][ 52]LogPlayLevel: PIE: StaticDuplicateObject took: (0.023690s)
[2017.04.03-00.56.10:637][ 52]LogAIModule: Creating AISystem for world ThirdPersonExampleMap
[2017.04.03-00.56.10:637][ 52]LogPlayLevel: PIE: World Init took: (0.002662s)
[2017.04.03-00.56.10:637][ 52]LogPlayLevel: PIE: Created PIE world by copying editor world from /Game/ThirdPersonBP/Maps/ThirdPersonExampleMap.ThirdPersonExampleMap to /Game/ThirdPersonBP/Maps/UEDPIE_0_ThirdPersonExampleMap.ThirdPersonExampleMap (0.026621s)
[2017.04.03-00.56.10:768][ 52]LogInit: XAudio2 using 'Speakers (Realtek High Definition Audio)' : 2 channels at 48 kHz using 32 bits per sample (channel mask 0x3)
[2017.04.03-00.56.10:777][ 52]LogInit: FAudioDevice initialized.
[2017.04.03-00.56.10:809][ 52]LogLoad: Game class is 'ThirdPersonGameMode_C'
[2017.04.03-00.56.10:812][ 52]LogWorld: Bringing World /Game/ThirdPersonBP/Maps/UEDPIE_0_ThirdPersonExampleMap.ThirdPersonExampleMap up for play (max tick rate 60) at 2017.04.02-17.56.10
[2017.04.03-00.56.10:812][ 52]LogWorld: Bringing up level for play took: 0.002759
[2017.04.03-00.56.10:814][ 52]PIE: Info Play in editor start time for /Game/ThirdPersonBP/Maps/UEDPIE_0_ThirdPersonExampleMap 0.758
[2017.04.03-00.56.10:814][ 52]LogBlueprintUserMessages: Late PlayInEditor Detection: Level '/Game/ThirdPersonBP/Maps/ThirdPersonExampleMap.ThirdPersonExampleMap:PersistentLevel' has LevelScriptBlueprint '/Game/ThirdPersonBP/Maps/ThirdPersonExampleMap.ThirdPersonExampleMap:PersistentLevel.ThirdPersonExampleMap' with GeneratedClass '/Game/ThirdPersonBP/Maps/ThirdPersonExampleMap.ThirdPersonExampleMap_C' with ClassGeneratedBy '/Game/ThirdPersonBP/Maps/ThirdPersonExampleMap.ThirdPersonExampleMap:PersistentLevel.ThirdPersonExampleMap'
[2017.04.03-00.56.55:421][724]LogBlueprintUserMessages: Early EndPlayMap Detection: Level '/Game/ThirdPersonBP/Maps/ThirdPersonExampleMap.ThirdPersonExampleMap:PersistentLevel' has LevelScriptBlueprint '/Game/ThirdPersonBP/Maps/ThirdPersonExampleMap.ThirdPersonExampleMap:PersistentLevel.ThirdPersonExampleMap' with GeneratedClass '/Game/ThirdPersonBP/Maps/ThirdPersonExampleMap.ThirdPersonExampleMap_C' with ClassGeneratedBy '/Game/ThirdPersonBP/Maps/ThirdPersonExampleMap.ThirdPersonExampleMap:PersistentLevel.ThirdPersonExampleMap'
[2017.04.03-00.56.55:504][724]LogBlueprintUserMessages: Late EndPlayMap Detection: Level '/Game/ThirdPersonBP/Maps/ThirdPersonExampleMap.ThirdPersonExampleMap:PersistentLevel' has LevelScriptBlueprint '/Game/ThirdPersonBP/Maps/ThirdPersonExampleMap.ThirdPersonExampleMap:PersistentLevel.ThirdPersonExampleMap' with GeneratedClass '/Game/ThirdPersonBP/Maps/ThirdPersonExampleMap.ThirdPersonExampleMap_C' with ClassGeneratedBy '/Game/ThirdPersonBP/Maps/ThirdPersonExampleMap.ThirdPersonExampleMap:PersistentLevel.ThirdPersonExampleMap'
[2017.04.03-01.24.30:999][232]LogTemp: Repeting last play command: Selected Viewport
[2017.04.03-01.24.31:007][232]LogBlueprintUserMessages: Early PlayInEditor Detection: Level '/Game/ThirdPersonBP/Maps/ThirdPersonExampleMap.ThirdPersonExampleMap:PersistentLevel' has LevelScriptBlueprint '/Game/ThirdPersonBP/Maps/ThirdPersonExampleMap.ThirdPersonExampleMap:PersistentLevel.ThirdPersonExampleMap' with GeneratedClass '/Game/ThirdPersonBP/Maps/ThirdPersonExampleMap.ThirdPersonExampleMap_C' with ClassGeneratedBy '/Game/ThirdPersonBP/Maps/ThirdPersonExampleMap.ThirdPersonExampleMap:PersistentLevel.ThirdPersonExampleMap'
[2017.04.03-01.24.31:007][232]LogPlayLevel: PlayLevel: No blueprints needed recompiling
[2017.04.03-01.24.31:007][232]PIE: New page: PIE session: ThirdPersonExampleMap (Apr 2, 2017, 11:24:31 AM)
[2017.04.03-01.24.31:007][232]LogPlayLevel: Creating play world package: /Game/ThirdPersonBP/Maps/UEDPIE_0_ThirdPersonExampleMap
[2017.04.03-01.24.31:030][232]LogPlayLevel: PIE: StaticDuplicateObject took: (0.023449s)
[2017.04.03-01.24.31:031][232]LogAIModule: Creating AISystem for world ThirdPersonExampleMap
[2017.04.03-01.24.31:032][232]LogPlayLevel: PIE: World Init took: (0.001224s)
[2017.04.03-01.24.31:032][232]LogPlayLevel: PIE: Created PIE world by copying editor world from /Game/ThirdPersonBP/Maps/ThirdPersonExampleMap.ThirdPersonExampleMap to /Game/ThirdPersonBP/Maps/UEDPIE_0_ThirdPersonExampleMap.ThirdPersonExampleMap (0.025036s)
[2017.04.03-01.24.31:057][232]LogInit: XAudio2 using 'Speakers (Realtek High Definition Audio)' : 2 channels at 48 kHz using 32 bits per sample (channel mask 0x3)
[2017.04.03-01.24.31:066][232]LogInit: FAudioDevice initialized.
[2017.04.03-01.24.31:097][232]LogLoad: Game class is 'ThirdPersonGameMode_C'
[2017.04.03-01.24.31:100][232]LogWorld: Bringing World /Game/ThirdPersonBP/Maps/UEDPIE_0_ThirdPersonExampleMap.ThirdPersonExampleMap up for play (max tick rate 60) at 2017.04.02-18.24.31
[2017.04.03-01.24.31:101][232]LogWorld: Bringing up level for play took: 0.002854
[2017.04.03-01.24.31:141][232]PIE: Info Play in editor start time for /Game/ThirdPersonBP/Maps/UEDPIE_0_ThirdPersonExampleMap 1.085
[2017.04.03-01.24.31:142][232]LogBlueprintUserMessages: Late PlayInEditor Detection: Level '/Game/ThirdPersonBP/Maps/ThirdPersonExampleMap.ThirdPersonExampleMap:PersistentLevel' has LevelScriptBlueprint '/Game/ThirdPersonBP/Maps/ThirdPersonExampleMap.ThirdPersonExampleMap:PersistentLevel.ThirdPersonExampleMap' with GeneratedClass '/Game/ThirdPersonBP/Maps/ThirdPersonExampleMap.ThirdPersonExampleMap_C' with ClassGeneratedBy '/Game/ThirdPersonBP/Maps/ThirdPersonExampleMap.ThirdPersonExampleMap:PersistentLevel.ThirdPersonExampleMap'
[2017.04.03-01.25.36:158][129]LogBlueprintUserMessages: Early EndPlayMap Detection: Level '/Game/ThirdPersonBP/Maps/ThirdPersonExampleMap.ThirdPersonExampleMap:PersistentLevel' has LevelScriptBlueprint '/Game/ThirdPersonBP/Maps/ThirdPersonExampleMap.ThirdPersonExampleMap:PersistentLevel.ThirdPersonExampleMap' with GeneratedClass '/Game/ThirdPersonBP/Maps/ThirdPersonExampleMap.ThirdPersonExampleMap_C' with ClassGeneratedBy '/Game/ThirdPersonBP/Maps/ThirdPersonExampleMap.ThirdPersonExampleMap:PersistentLevel.ThirdPersonExampleMap'
[2017.04.03-01.25.36:233][129]LogBlueprintUserMessages: Late EndPlayMap Detection: Level '/Game/ThirdPersonBP/Maps/ThirdPersonExampleMap.ThirdPersonExampleMap:PersistentLevel' has LevelScriptBlueprint '/Game/ThirdPersonBP/Maps/ThirdPersonExampleMap.ThirdPersonExampleMap:PersistentLevel.ThirdPersonExampleMap' with GeneratedClass '/Game/ThirdPersonBP/Maps/ThirdPersonExampleMap.ThirdPersonExampleMap_C' with ClassGeneratedBy '/Game/ThirdPersonBP/Maps/ThirdPersonExampleMap.ThirdPersonExampleMap:PersistentLevel.ThirdPersonExampleMap'
[2017.04.03-01.25.38:045][219]LogSavePackage: Save=143.21ms
[2017.04.03-01.25.38:045][219]LogSavePackage: Moving 'D:/cs524/unreal/AIShooter/Saved/ThirdPersonExampleMap917133744B1B52AEFFC6BEB854FEC685.tmp' to 'D:/cs524/unreal/AIShooter/Content/ThirdPersonBP/Maps/ThirdPersonExampleMap.umap'
[2017.04.03-01.25.38:046][219]LogSavePackage:Display: Finished SavePackage D:/cs524/unreal/AIShooter/Content/ThirdPersonBP/Maps/ThirdPersonExampleMap.umap
[2017.04.03-01.25.38:060][219]Cmd: OBJ SAVEPACKAGE PACKAGE="/Game/ThirdPersonBP/Maps/ThirdPersonExampleMap_BuiltData" FILE="D:/cs524/unreal/AIShooter/Content/ThirdPersonBP/Maps/ThirdPersonExampleMap_BuiltData.uasset" SILENT=true
[2017.04.03-01.25.38:178][219]LogSavePackage: Save=114.22ms
[2017.04.03-01.25.38:178][219]LogSavePackage: Moving 'D:/cs524/unreal/AIShooter/Saved/ThirdPersonExampleMap_BuiltData994820F24EA66903D6AE2CB05925618A.tmp' to 'D:/cs524/unreal/AIShooter/Content/ThirdPersonBP/Maps/ThirdPersonExampleMap_BuiltData.uasset'
[2017.04.03-01.25.38:179][219]LogSavePackage:Display: Finished SavePackage D:/cs524/unreal/AIShooter/Content/ThirdPersonBP/Maps/ThirdPersonExampleMap_BuiltData.uasset
[2017.04.03-20.28.00:879][691]LogFileHelpers: Editor autosave (incl. sublevels) for '/Game/ThirdPersonBP/Maps/ThirdPersonExampleMap' took 0.062
[2017.04.03-20.28.00:881][691]OBJ SavePackage: Generating thumbnails for [0] asset(s) in package [/Game/ThirdPersonBP/AICharacter/AICharacter_BehaviorTree] ([1] browsable assets)...
[2017.04.03-20.28.00:881][691]OBJ SavePackage: Finished generating thumbnails for package [/Game/ThirdPersonBP/AICharacter/AICharacter_BehaviorTree]
[2017.04.03-20.28.00:945][691]LogSavePackage: Save=23.36ms
[2017.04.03-20.28.00:945][691]LogSavePackage: Moving 'D:/cs524/unreal/AIShooter/Saved/AICharacter_BehaviorTree_Auto964F3B9134573403AC50B4E847D717743.tmp' to 'D:/cs524/unreal/AIShooter/Saved/Autosaves/Game/ThirdPersonBP/AICharacter/AICharacter_BehaviorTree_Auto9.uasset'
[2017.04.03-20.28.00:955][691]LogSavePackage:Display: Finished SavePackage D:/cs524/unreal/AIShooter/Saved/Autosaves/Game/ThirdPersonBP/AICharacter/AICharacter_BehaviorTree_Auto9.uasset
[2017.04.03-20.28.00:955][691]LogFileHelpers: Auto-saving content packages took 0.075
[2017.04.03-20.28.10:040][790]LogSlate:Warning: Prevented a slow task dialog from being summoned while a context menu was open
[2017.04.03-20.28.11:143][854]LogSlate:Warning: Prevented a slow task dialog from being summoned while a context menu was open
[2017.04.03-20.28.11:457][854]LogPackageName: SearchForPackageOnDisk took   0.000s, but failed to resolve /Game/ThirdPersonBP/AICharacter/BTTask_BlueprintBase_New.
[2017.04.03-20.28.32:311][488]LogMetaData: Removing '/Game/ThirdPersonBP/AICharacter/BTT_Attack.BTT_Attack_C' ref from Metadata '/Game/ThirdPersonBP/AICharacter/BTTask_BlueprintBase_New.PackageMetaData'
[2017.04.03-20.28.32:311][488]LogMetaData: Removing '/Game/ThirdPersonBP/AICharacter/BTT_Attack.SKEL_BTT_Attack_C' ref from Metadata '/Game/ThirdPersonBP/AICharacter/BTTask_BlueprintBase_New.PackageMetaData'
[2017.04.03-20.28.32:322][488]Cmd: OBJ SAVEPACKAGE PACKAGE="/Game/ThirdPersonBP/AICharacter/BTT_Attack" FILE="D:/cs524/unreal/AIShooter/Content/ThirdPersonBP/AICharacter/BTT_Attack.uasset" SILENT=true
[2017.04.03-20.28.32:325][488]LogSavePackage: Save=1.63ms
[2017.04.03-20.28.32:325][488]LogSavePackage: Moving 'D:/cs524/unreal/AIShooter/Saved/BTT_AttackF6ADE9164A21E0FFA0D3A7AE13EF05AA.tmp' to 'D:/cs524/unreal/AIShooter/Content/ThirdPersonBP/AICharacter/BTT_Attack.uasset'
[2017.04.03-20.28.32:325][488]LogSavePackage:Display: Finished SavePackage D:/cs524/unreal/AIShooter/Content/ThirdPersonBP/AICharacter/BTT_Attack.uasset
[2017.04.03-20.28.32:444][489]LogPackageName: SearchForPackageOnDisk took   0.000s to resolve /Game/ThirdPersonBP/AICharacter/BTT_Attack.
[2017.04.03-20.29.07:059][519]LogWindows: Windows GetLastError: The operation completed successfully. (0)
