Log file open, 04/03/17 13:29:26
LogInit:Display: Running engine for game: AIShooter
LogPlatformFile: Not using cached read wrapper
LogInit:Display: RandInit(1364673810) SRandInit(1364673810).
LogTaskGraph: Started task graph with 5 named threads and 8 total threads with 1 sets of task threads.
LogStats: Stats thread started at 0.077687
LogInit: Using libcurl 7.47.1
LogInit:  - built for x86_64-pc-win32
LogInit:  - supports SSL with OpenSSL/1.0.2g
LogInit:  - supports HTTP deflate (compression) using libz 1.2.8
LogInit:  - other features:
LogInit:      CURL_VERSION_SSL
LogInit:      CURL_VERSION_LIBZ
LogInit:      CURL_VERSION_IPV6
LogInit:      CURL_VERSION_ASYNCHDNS
LogInit:      CURL_VERSION_LARGEFILE
LogInit:      CURL_VERSION_IDN
LogInit:  CurlRequestOptions (configurable via config and command line):
LogInit:  - bVerifyPeer = false  - Libcurl will NOT verify peer certificate
LogInit:  - bUseHttpProxy = false  - Libcurl will NOT use HTTP proxy
LogInit:  - bDontReuseConnections = false  - Libcurl will reuse connections
LogInit:  - CertBundlePath = nullptr  - Libcurl will use whatever was configured at build time.
LogInit: Build: ++UE4+Release-4.15-CL-3348071
LogInit: Engine Version: 4.15.1-3348071+++UE4+Release-4.15
LogInit: Compatible Engine Version: 4.15.0-3299760+++UE4+Release-4.15
LogInit: Net CL: 3299760
LogDevObjectVersion: Number of dev versions registered: 14
LogDevObjectVersion:   Dev-Blueprints (B0D832E4-1F89-4F0D-ACCF-7EB736FD4AA2): 8
LogDevObjectVersion:   Dev-Build (E1C64328-A22C-4D53-A36C-8E866417BD8C): 0
LogDevObjectVersion:   Dev-Core (375EC13C-06E4-48FB-B500-84F0262A717E): 2
LogDevObjectVersion:   Dev-Editor (E4B068ED-F494-42E9-A231-DA0B2E46BB41): 14
LogDevObjectVersion:   Dev-Framework (CFFC743F-43B0-4480-9391-14DF171D2073): 22
LogDevObjectVersion:   Dev-Mobile (B02B49B5-BB20-44E9-A304-32B752E40360): 0
LogDevObjectVersion:   Dev-Networking (A4E4105C-59A1-49B5-A7C5-40C4547EDFEE): 0
LogDevObjectVersion:   Dev-Online (39C831C9-5AE6-47DC-9A44-9C173E1C8E7C): 0
LogDevObjectVersion:   Dev-Physics (78F01B33-EBEA-4F98-B9B4-84EACCB95AA2): 0
LogDevObjectVersion:   Dev-Platform (6631380F-2D4D-43E0-8009-CF276956A95A): 0
LogDevObjectVersion:   Dev-Rendering (12F88B9F-8875-4AFC-A67C-D90C383ABD29): 12
LogDevObjectVersion:   Dev-Sequencer (7B5AE74C-D270-4C10-A958-57980B212A5A): 3
LogDevObjectVersion:   Dev-VR (D7296918-1DD6-4BDD-9DE2-64A83CC13884): 0
LogDevObjectVersion:   Dev-LoadTimes (C2A15278-BFE7-4AFE-6C17-90FF531DF755): 1
LogInit: Compiled (64-bit): Mar 15 2017 16:52:47
LogInit: Compiled with Visual C++: 19.00.23026.00
LogInit: Build Configuration: Development
LogInit: Branch Name: ++UE4+Release-4.15
LogInit: Command line: 
LogInit: Base directory: C:/Program Files/Epic Games/UE_4.15/Engine/Binaries/Win64/
LogInit: Installed Engine Build: 1
LogInit: Presizing for max 8388607 objects, including 0 objects not considered by GC, pre-allocating 0 bytes for permanent pool.
LogInit: Object subsystem initialized
[2017.04.03-20.29.27:410][  0]LogInit: Selected Device Profile: [Windows]
[2017.04.03-20.29.27:410][  0]LogInit: Applying CVar settings loaded from the selected device profile: [Windows]
[2017.04.03-20.29.27:489][  0]LogInit: Computer: ANURAGTIWARI
[2017.04.03-20.29.27:489][  0]LogInit: User: Anurag
[2017.04.03-20.29.27:489][  0]LogInit: CPU Page size=65536, Cores=4
[2017.04.03-20.29.27:489][  0]LogInit: High frequency timer resolution =2.533205 MHz
[2017.04.03-20.29.27:490][  0]LogMemory: Memory total: Physical=16.0GB (16GB approx)
[2017.04.03-20.29.27:490][  0]LogMemory: Platform Memory Stats for Windows
[2017.04.03-20.29.27:490][  0]LogMemory: Process Physical Memory: 263.31 MB used, 263.31 MB peak
[2017.04.03-20.29.27:490][  0]LogMemory: Process Virtual Memory: 262.73 MB used, 262.73 MB peak
[2017.04.03-20.29.27:490][  0]LogMemory: Physical Memory: 7428.50 MB used,  8904.68 MB free, 16333.18 MB total
[2017.04.03-20.29.27:490][  0]LogMemory: Virtual Memory: 630.96 MB used,  8904.68 MB free, 134217728.00 MB total
[2017.04.03-20.29.27:754][  0]LogTextLocalizationManager: No specific translations for ('en-US') exist, so ('en') translations will be used.
[2017.04.03-20.29.30:556][  0]LogD3D11RHI: D3D11 adapters:
[2017.04.03-20.29.31:100][  0]LogD3D11RHI:    0. 'NVIDIA GeForce GTX 965M' (Feature Level 11_0)
[2017.04.03-20.29.31:100][  0]LogD3D11RHI:       2016/0/8166 MB DedicatedVideo/DedicatedSystem/SharedSystem, Outputs:1, VendorId:0x10de
[2017.04.03-20.29.31:101][  0]LogD3D11RHI:    1. 'Microsoft Basic Render Driver' (Feature Level 11_0)
[2017.04.03-20.29.31:101][  0]LogD3D11RHI:       0/0/8166 MB DedicatedVideo/DedicatedSystem/SharedSystem, Outputs:0, VendorId:0x1414
[2017.04.03-20.29.31:101][  0]LogD3D11RHI: Chosen D3D11 Adapter: 0
[2017.04.03-20.29.31:106][  0]LogD3D11RHI: Creating new Direct3DDevice
[2017.04.03-20.29.31:106][  0]LogD3D11RHI:     GPU DeviceId: 0x13d9 (for the marketing name, search the web for "GPU Device Id")
[2017.04.03-20.29.31:106][  0]LogWindows: EnumDisplayDevices:
[2017.04.03-20.29.31:106][  0]LogWindows:    0. 'NVIDIA GeForce GTX 965M' (P:1 D:1)
[2017.04.03-20.29.31:106][  0]LogWindows:    1. 'NVIDIA GeForce GTX 965M' (P:0 D:0)
[2017.04.03-20.29.31:106][  0]LogWindows:    2. 'NVIDIA GeForce GTX 965M' (P:0 D:0)
[2017.04.03-20.29.31:106][  0]LogWindows:    3. 'NVIDIA GeForce GTX 965M' (P:0 D:0)
[2017.04.03-20.29.31:107][  0]LogWindows: DebugString: FoundDriverCount:4 
[2017.04.03-20.29.31:107][  0]LogD3D11RHI:     Adapter Name: NVIDIA GeForce GTX 965M
[2017.04.03-20.29.31:107][  0]LogD3D11RHI:   Driver Version: 378.92 (internal:21.21.13.7892, unified:378.92)
[2017.04.03-20.29.31:107][  0]LogD3D11RHI:      Driver Date: 3-16-2017
[2017.04.03-20.29.31:107][  0]LogRHI: Texture pool is 1361 MB (70% of 1945 MB)
[2017.04.03-20.29.31:608][  0]LogD3D11RHI: Async texture creation enabled
[2017.04.03-20.29.31:710][  0]LogD3D11RHI: GPU Timing Frequency: 1000.000000 (Debug: 2 1)
[2017.04.03-20.29.31:753][  0]LogShaderCompilers: Guid format shader working directory is 21 characters bigger than the processId version (D:/cs524/unreal/AIShooter/Intermediate/Shaders/WorkingDirectory/16020/).
[2017.04.03-20.29.31:754][  0]LogShaderCompilers: Cleaned the shader compiler working directory 'C:/Users/Anurag/AppData/Local/Temp/UnrealShaderWorkingDir/3500876546D6FB9D3C775A8B90DA44F0/'.
[2017.04.03-20.29.31:754][  0]LogShaderCompilers:Display: Using Local Shader Compiler.
[2017.04.03-20.29.35:814][  0]LogTemp:Display: Loaded TP AllDesktopTargetPlatform
[2017.04.03-20.29.35:875][  0]LogTemp:Display: Loaded TP MacClientTargetPlatform
[2017.04.03-20.29.35:935][  0]LogTemp:Display: Loaded TP MacNoEditorTargetPlatform
[2017.04.03-20.29.35:995][  0]LogTemp:Display: Loaded TP MacServerTargetPlatform
[2017.04.03-20.29.36:131][  0]LogTemp:Display: Loaded TP MacTargetPlatform
[2017.04.03-20.29.36:192][  0]LogTemp:Display: Loaded TP WindowsClientTargetPlatform
[2017.04.03-20.29.36:253][  0]LogTemp:Display: Loaded TP WindowsNoEditorTargetPlatform
[2017.04.03-20.29.36:312][  0]LogTemp:Display: Loaded TP WindowsServerTargetPlatform
[2017.04.03-20.29.36:363][  0]LogTemp:Display: Loaded TP WindowsTargetPlatform
[2017.04.03-20.29.36:470][  0]LogTemp:Display: Loaded TP AndroidTargetPlatform
[2017.04.03-20.29.36:530][  0]LogTemp:Display: Loaded TP Android_ASTCTargetPlatform
[2017.04.03-20.29.36:589][  0]LogTemp:Display: Loaded TP Android_ATCTargetPlatform
[2017.04.03-20.29.36:647][  0]LogTemp:Display: Loaded TP Android_DXTTargetPlatform
[2017.04.03-20.29.36:706][  0]LogTemp:Display: Loaded TP Android_ETC1TargetPlatform
[2017.04.03-20.29.36:764][  0]LogTemp:Display: Loaded TP Android_ETC2TargetPlatform
[2017.04.03-20.29.36:880][  0]LogTemp:Display: Loaded TP Android_MultiTargetPlatform
[2017.04.03-20.29.36:880][  0]LogTemp:Display: Loaded TP Android_PVRTCTargetPlatform
[2017.04.03-20.29.36:923][  0]LogTemp:Display: Loaded TP HTML5TargetPlatform
[2017.04.03-20.29.37:111][  0]LogTemp:Display: Loaded TP IOSTargetPlatform
[2017.04.03-20.29.37:149][  0]LogTemp:Display: Loaded TP TVOSTargetPlatform
[2017.04.03-20.29.37:208][  0]LogTemp:Display: Loaded TP LinuxClientTargetPlatform
[2017.04.03-20.29.37:267][  0]LogTemp:Display: Loaded TP LinuxNoEditorTargetPlatform
[2017.04.03-20.29.37:325][  0]LogTemp:Display: Loaded TP LinuxServerTargetPlatform
[2017.04.03-20.29.37:424][  0]LogTemp:Display: Loaded TP LinuxTargetPlatform
[2017.04.03-20.29.37:424][  0]LogTargetPlatformManager:Display: Building Assets For Windows
[2017.04.03-20.29.38:167][  0]LogDerivedDataCache:Display: Max Cache Size: 512 MB
[2017.04.03-20.29.38:743][  0]LogDerivedDataCache: Loaded boot cache 0.57s 60MB C:/Users/Anurag/AppData/Local/UnrealEngine/4.15/DerivedDataCache/Boot.ddc.
[2017.04.03-20.29.38:743][  0]LogDerivedDataCache:Display: Loaded Boot cache: C:/Users/Anurag/AppData/Local/UnrealEngine/4.15/DerivedDataCache/Boot.ddc
[2017.04.03-20.29.38:743][  0]LogDerivedDataCache: FDerivedDataBackendGraph:  Pak pak cache file D:/cs524/unreal/AIShooter/DerivedDataCache/DDC.ddp not found, will not use a pak cache.
[2017.04.03-20.29.38:743][  0]LogDerivedDataCache: Unable to find inner node Pak for hierarchical cache Hierarchy.
[2017.04.03-20.29.38:743][  0]LogDerivedDataCache: FDerivedDataBackendGraph:  CompressedPak pak cache file D:/cs524/unreal/AIShooter/DerivedDataCache/Compressed.ddp not found, will not use a pak cache.
[2017.04.03-20.29.38:743][  0]LogDerivedDataCache: Unable to find inner node CompressedPak for hierarchical cache Hierarchy.
[2017.04.03-20.29.38:783][  0]LogDerivedDataCache:Display: Pak cache opened for reading ../../../Engine/DerivedDataCache/Compressed.ddp.
[2017.04.03-20.29.38:795][  0]LogDerivedDataCache: Using Local data cache path C:/Users/Anurag/AppData/Local/UnrealEngine/Common/DerivedDataCache: Writable
[2017.04.03-20.29.38:804][  0]LogSlate: Using Freetype 2.6.0
[2017.04.03-20.29.38:804][  0]LogSlate: SlateFontCache - WITH_FREETYPE: 1, WITH_HARFBUZZ: 1
[2017.04.03-20.29.38:804][  0]LogSlate: SlateFontCache - WITH_FREETYPE: 1, WITH_HARFBUZZ: 1
[2017.04.03-20.29.41:451][  0]LogInit: Selected Device Profile: [Windows]
[2017.04.03-20.29.41:453][  0]LogContentStreaming: Texture pool size is 0.00 MB
[2017.04.03-20.29.41:747][  0]LogMeshUtilities: Using QuadricMeshReduction for automatic static mesh reduction
[2017.04.03-20.29.41:817][  0]LogSimplygon: Simplygon DLL not present - disabling.
[2017.04.03-20.29.41:875][  0]LogMeshUtilities: Using SimplygonSwarm for distributed automatic mesh merging
[2017.04.03-20.29.41:875][  0]LogMeshUtilities: No automatic skeletal mesh reduction module available
[2017.04.03-20.29.41:875][  0]LogMeshUtilities: No automatic mesh merging module available
[2017.04.03-20.29.42:538][  0]LogNetVersion: GetLocalNetworkVersion: CL: 3299760, ProjectName: aishooter, ProjectVersion: , EngineNetworkVersion: 2, GameNetworkVersion: 0, NetworkChecksum: 1405085539
[2017.04.03-20.29.42:602][  0]LogAssetRegistry: FAssetRegistry took 0.0217 seconds to start up
[2017.04.03-20.29.42:676][  0]LogPackageLocalizationCache: Processed 3 localized package path(s) for 2 prioritized culture(s) in 0.051001 seconds
[2017.04.03-20.29.42:682][  0]LogUObjectArray: 32493 objects as part of root set at end of initial load.
[2017.04.03-20.29.42:682][  0]LogUObjectAllocator: 7077032 out of 0 bytes used by permanent object pool.
[2017.04.03-20.29.42:682][  0]LogUObjectArray: CloseDisregardForGC: 0/0 objects in disregard for GC pool
[2017.04.03-20.29.42:757][  0]LogInit: WinSock: version 1.1 (2.2), MaxSocks=32767, MaxUdp=65467
[2017.04.03-20.30.06:149][  0]LogTcpMessaging: Initializing TcpMessaging bridge
[2017.04.03-20.30.06:202][  0]LogUdpMessaging: Initializing bridge on interface 0.0.0.0:0 to multicast group 230.0.0.1:6666.
[2017.04.03-20.30.07:075][  0]LogMaterial: Uniform references updated for custom material expression Custom.
[2017.04.03-20.30.07:582][  0]SourceControl: Info Source control is disabled
[2017.04.03-20.30.07:602][  0]SourceControl: Info Source control is disabled
[2017.04.03-20.30.07:669][  0]SourceControl: Info Source control is disabled
[2017.04.03-20.30.07:742][  0]SourceControl: Info Source control is disabled
[2017.04.03-20.30.09:706][  0]LogEngine: Initializing Engine...
[2017.04.03-20.30.09:706][  0]LogHMD: Failed to initialize OpenVR with code 110
[2017.04.03-20.30.09:992][  0]LogAIModule: Creating AISystem for world Untitled
[2017.04.03-20.30.10:028][  0]LogInit: XAudio2 using 'Speakers (Realtek High Definition Audio)' : 2 channels at 48 kHz using 32 bits per sample (channel mask 0x3)
[2017.04.03-20.30.10:040][  0]LogInit: FAudioDevice initialized.
[2017.04.03-20.30.10:069][  0]LogDerivedDataCache: Saved boot cache 0.03s 60MB C:/Users/Anurag/AppData/Local/UnrealEngine/4.15/DerivedDataCache/Boot.ddc.
[2017.04.03-20.30.10:073][  0]LogInit: Texture streaming: Enabled
[2017.04.03-20.30.10:210][  0]LogEngineSessionManager: EngineSessionManager initialized
[2017.04.03-20.30.10:223][  0]LogEngineSessionManager: EngineSessionManager sent abnormal shutdown report. Type=Crashed, SessionId={B6E0AFAE-467C-5D7A-DF46-318D11112B4F}
[2017.04.03-20.30.10:355][  0]LogInit: Transaction tracking system initialized
[2017.04.03-20.30.10:785][  0]BlueprintLog: New page: Editor Load
[2017.04.03-20.30.12:327][  0]LocalizationService: Info Localization service is disabled
[2017.04.03-20.30.13:398][  0]LogConsoleResponse:Display: 
[2017.04.03-20.30.13:900][  0]LogCook:Display: Max memory allowance for cook 16384mb min free memory 0mb
[2017.04.03-20.30.13:900][  0]LogCook:Display: Mobile HDR setting 1
[2017.04.03-20.30.15:114][  0]LogFileCache: Scanning file cache for directory 'D:/cs524/unreal/AIShooter/Content/' took 0.01s
[2017.04.03-20.30.16:560][  0]SourceControl: Info Source control is disabled
[2017.04.03-20.30.16:628][  0]LogWindowsTextInputMethodSystem:Display: IME system now deactivated.
[2017.04.03-20.30.16:651][  0]LogSlate: Took 0.000156 seconds to synchronously load lazily loaded font '../../../Engine/Content/Slate/Fonts/Roboto-Regular.ttf' (155K)
[2017.04.03-20.30.43:665][  0]LogWindowsTextInputMethodSystem:Display: IME system now deactivated.
[2017.04.03-20.30.43:667][  0]LogWindowsTextInputMethodSystem:Display: IME system now deactivated.
[2017.04.03-20.30.45:379][  0]LogWindowsTextInputMethodSystem:Display: IME system now deactivated.
[2017.04.03-20.30.45:381][  0]LogWindowsTextInputMethodSystem:Display: IME system now deactivated.
[2017.04.03-20.30.45:409][  0]Cmd: MAP LOAD FILE="D:/cs524/unreal/AIShooter/Content/ThirdPersonBP/Maps/ThirdPersonExampleMap.umap" TEMPLATE=0 SHOWPROGRESS=1 FEATURELEVEL=3
[2017.04.03-20.30.45:409][  0]LightingResults: New page: Lighting Build
[2017.04.03-20.30.45:467][  0]MapCheck: New page: Map Check
[2017.04.03-20.30.45:467][  0]LightingResults: New page: Lighting Build
[2017.04.03-20.30.46:465][  0]LogAIModule: Creating AISystem for world ThirdPersonExampleMap
[2017.04.03-20.30.46:495][  0]LogEditorServer: Finished looking for orphan Actors (0.000 secs)
[2017.04.03-20.30.46:496][  0]Cmd: MAP CHECKDEP NOCLEARLOG
[2017.04.03-20.30.46:545][  0]MapCheck: Info Map check complete: 0 Error(s), 0 Warning(s), took 49.61ms to complete.
[2017.04.03-20.30.46:545][  0]LogFileHelpers: Loading map 'ThirdPersonExampleMap' took 1.136
[2017.04.03-20.30.46:841][  0]LogStats:Warning: MetaData mismatch. Did you assign a stat to two groups? New //STATGROUP_Threads//SplashScreenThread///Thread_363c_0///####STATCAT_Advanced#### old //STATGROUP_Threads//SplashScreenThread///Thread_10e0_0///####STATCAT_Advanced####
[2017.04.03-20.30.46:841][  0]LogCollectionManager: Loaded 0 collections in 0.001506 seconds
[2017.04.03-20.30.46:925][  0]LogFileCache: Scanning file cache for directory 'D:/cs524/unreal/AIShooter/Saved/Collections/' took 0.01s
[2017.04.03-20.30.46:925][  0]LogFileCache: Scanning file cache for directory 'D:/cs524/unreal/AIShooter/Content/Developers/Anurag/Collections/' took 0.01s
[2017.04.03-20.30.46:925][  0]LogFileCache: Scanning file cache for directory 'D:/cs524/unreal/AIShooter/Content/Collections/' took 0.01s
[2017.04.03-20.30.46:925][  0]LogCollectionManager: Rebuilt the GUID cache for 0 collections in 0.000002 seconds
[2017.04.03-20.30.46:934][  0]LogContentBrowser: Native class hierarchy populated in 0.0082 seconds. Added 2245 classes and 453 folders.
[2017.04.03-20.30.46:937][  0]LogStats: UGameplayTagsManager::ConstructGameplayTagTree: Construct from data asset -  0.000 s
[2017.04.03-20.30.46:937][  0]LogStats: UGameplayTagsManager::ConstructGameplayTagTree: GameplayTagTreeChangedEvent.Broadcast -  0.000 s
[2017.04.03-20.30.47:016][  0]LogContentBrowser: Native class hierarchy updated for 'WidgetCarousel' in 0.0005 seconds. Added 0 classes and 0 folders.
[2017.04.03-20.30.48:304][  0]LogContentBrowser: Native class hierarchy updated for 'AddContentDialog' in 0.0007 seconds. Added 0 classes and 0 folders.
[2017.04.03-20.30.48:387][  0]LogContentBrowser: Native class hierarchy updated for 'SceneOutliner' in 0.0005 seconds. Added 1 classes and 2 folders.
[2017.04.03-20.30.48:448][  0]LogCrashTracker: Crashtracker disabled due to settings.
[2017.04.03-20.30.48:453][  0]LogUObjectGlobals:Warning: Failed to find object 'Class None.'
[2017.04.03-20.30.48:528][  0]LogContentBrowser: Native class hierarchy updated for 'HierarchicalLODOutliner' in 0.0005 seconds. Added 1 classes and 2 folders.
[2017.04.03-20.30.48:528][  0]LogLoad: (Engine Initialization) Total time: 84.70 seconds
[2017.04.03-20.30.48:529][  0]LogLoad: (Engine Initialization) Total Blueprint compile time: 0.32 seconds
[2017.04.03-20.30.48:529][  0]LogExternalProfiler: Found external profiler: VSPerf
[2017.04.03-20.30.48:529][  0]LogExternalProfiler: Using external profiler: VSPerf
[2017.04.03-20.30.48:869][  0]LogOcInput: OculusInput pre-init called
[2017.04.03-20.30.48:889][  0]LogContentStreaming: Texture pool size now 1000 MB
[2017.04.03-20.30.48:890][  0]LogSlate: Took 0.000283 seconds to synchronously load lazily loaded font '../../../Engine/Content/Slate/Fonts/Roboto-Bold.ttf' (160K)
[2017.04.03-20.30.48:903][  0]LogSlate: Took 0.007795 seconds to synchronously load lazily loaded font '../../../Engine/Content/Editor/Slate/Fonts/FontAwesome.ttf' (139K)
[2017.04.03-20.30.49:193][  0]LogRenderer: Reallocating scene render targets to support 1208x576 NumSamples 1 (Frame:2).
[2017.04.03-20.30.49:259][  1]LogAssetRegistry: Asset discovery search completed in 66.6787 seconds
[2017.04.03-20.30.49:259][  1]LogCollectionManager: Rebuilt the object cache for 0 collections in 0.000004 seconds (found 0 objects)
[2017.04.03-20.30.49:259][  1]LogCollectionManager: Fixed up redirectors for 0 collections in 0.000016 seconds (updated 0 objects)
[2017.04.03-20.30.49:940][  3]LogSlate: Took 0.017056 seconds to synchronously load lazily loaded font '../../../Engine/Content/Slate/Fonts/Roboto-Light.ttf' (159K)
[2017.04.03-20.30.55:625][288]LogContentBrowser:Verbose: The majority of assets in the view are of type: Blueprint
[2017.04.03-20.30.58:094][434]LogSlate: Took 0.000180 seconds to synchronously load lazily loaded font '../../../Engine/Content/Slate/Fonts/Roboto-Light.ttf' (159K)
[2017.04.03-20.30.58:207][434]LogSlate: Took 0.013447 seconds to synchronously load lazily loaded font '../../../Engine/Content/Editor/Slate/Fonts/Roboto-BoldCondensed.ttf' (158K)
[2017.04.03-20.31.17:458][384]Cmd: QUIT_EDITOR
[2017.04.03-20.31.17:683][384]LogWindowsTextInputMethodSystem:Display: IME system now deactivated.
[2017.04.03-20.31.17:715][384]LogExit: Preparing to exit.
[2017.04.03-20.31.18:595][384]LogExit: Editor shut down
[2017.04.03-20.31.18:595][384]LogExit: Transaction tracking system shut down
[2017.04.03-20.31.19:480][384]LogObj: Freed 0b from 0 cluster array pools.
[2017.04.03-20.31.19:480][384]LogExit: Object subsystem successfully closed.
[2017.04.03-20.31.19:537][384]LogD3D11RHI: Shutdown
[2017.04.03-20.31.19:537][384]LogD3D11RHI: CleanupD3DDevice
[2017.04.03-20.31.19:663][384]LogD3D11RHI: ~FD3D11DynamicRHI
[2017.04.03-20.31.20:184][384]LogModuleManager: Shutting down and abandoning module HierarchicalLODOutliner (498)
[2017.04.03-20.31.20:188][384]LogModuleManager: Shutting down and abandoning module CrashTracker (496)
[2017.04.03-20.31.20:188][384]LogModuleManager: Shutting down and abandoning module SceneOutliner (494)
[2017.04.03-20.31.20:188][384]LogModuleManager: Shutting down and abandoning module AddContentDialog (492)
[2017.04.03-20.31.20:191][384]LogDirectoryWatcher: A directory notification for 'C:/Program Files/Epic Games/UE_4.15/FeaturePacks/' was aborted.
[2017.04.03-20.31.20:192][384]LogModuleManager: Shutting down and abandoning module WidgetCarousel (491)
[2017.04.03-20.31.20:192][384]LogModuleManager: Shutting down and abandoning module EditorWidgets (488)
[2017.04.03-20.31.20:192][384]LogModuleManager: Shutting down and abandoning module CollectionManager (486)
[2017.04.03-20.31.20:201][384]LogDirectoryWatcher: A directory notification for 'D:/cs524/unreal/AIShooter/Content/Collections/' was aborted.
[2017.04.03-20.31.20:201][384]LogDirectoryWatcher: A directory notification for 'D:/cs524/unreal/AIShooter/Content/Developers/Anurag/Collections/' was aborted.
[2017.04.03-20.31.20:201][384]LogDirectoryWatcher: A directory notification for 'D:/cs524/unreal/AIShooter/Saved/Collections/' was aborted.
[2017.04.03-20.31.20:201][384]LogModuleManager: Shutting down and abandoning module StatsViewer (484)
[2017.04.03-20.31.20:208][384]LogModuleManager: Shutting down and abandoning module FoliageEdit (482)
[2017.04.03-20.31.20:208][384]LogModuleManager: Shutting down and abandoning module LandscapeEditor (480)
[2017.04.03-20.31.20:214][384]LogModuleManager: Shutting down and abandoning module SceneDepthPickerMode (478)
[2017.04.03-20.31.20:214][384]LogModuleManager: Shutting down and abandoning module ActorPickerMode (476)
[2017.04.03-20.31.20:214][384]LogModuleManager: Shutting down and abandoning module GeometryMode (474)
[2017.04.03-20.31.20:214][384]LogModuleManager: Shutting down and abandoning module TextureAlignMode (472)
[2017.04.03-20.31.20:214][384]LogModuleManager: Shutting down and abandoning module BspMode (470)
[2017.04.03-20.31.20:219][384]LogModuleManager: Shutting down and abandoning module HardwareSurvey (468)
[2017.04.03-20.31.20:219][384]LogModuleManager: Shutting down and abandoning module SequenceRecorderSections (466)
[2017.04.03-20.31.20:219][384]LogModuleManager: Shutting down and abandoning module AutomationWorker (464)
[2017.04.03-20.31.20:224][384]LogModuleManager: Shutting down and abandoning module MatineeToLevelSequence (462)
[2017.04.03-20.31.20:224][384]LogModuleManager: Shutting down and abandoning module LevelSequenceEditor (460)
[2017.04.03-20.31.20:253][384]LogModuleManager: Shutting down and abandoning module PlacementMode (459)
[2017.04.03-20.31.20:253][384]LogModuleManager: Shutting down and abandoning module WmfMediaFactory (456)
[2017.04.03-20.31.20:253][384]LogModuleManager: Shutting down and abandoning module WmfMediaEditor (454)
[2017.04.03-20.31.20:253][384]LogModuleManager: Shutting down and abandoning module MfMediaFactory (452)
[2017.04.03-20.31.20:253][384]LogModuleManager: Shutting down and abandoning module MfMediaEditor (450)
[2017.04.03-20.31.20:253][384]LogModuleManager: Shutting down and abandoning module AvfMediaFactory (448)
[2017.04.03-20.31.20:253][384]LogModuleManager: Shutting down and abandoning module AvfMediaEditor (446)
[2017.04.03-20.31.20:253][384]LogModuleManager: Shutting down and abandoning module AndroidMediaFactory (444)
[2017.04.03-20.31.20:253][384]LogModuleManager: Shutting down and abandoning module Media (443)
[2017.04.03-20.31.20:253][384]LogModuleManager: Shutting down and abandoning module AndroidMediaEditor (440)
[2017.04.03-20.31.20:253][384]LogModuleManager: Shutting down and abandoning module CharacterAI (438)
[2017.04.03-20.31.20:253][384]LogModuleManager: Shutting down and abandoning module AudioCapture (436)
[2017.04.03-20.31.20:253][384]LogModuleManager: Shutting down and abandoning module SequenceRecorder (435)
[2017.04.03-20.31.20:263][384]LogModuleManager: Shutting down and abandoning module SmartSnapping (432)
[2017.04.03-20.31.20:263][384]LogModuleManager: Shutting down and abandoning module SessionServices (430)
[2017.04.03-20.31.20:263][384]LogModuleManager: Shutting down and abandoning module ViewportSnapping (428)
[2017.04.03-20.31.20:263][384]LogModuleManager: Shutting down and abandoning module ViewportInteraction (426)
[2017.04.03-20.31.20:263][384]LogModuleManager: Shutting down and abandoning module LogVisualizer (424)
[2017.04.03-20.31.20:272][384]LogModuleManager: Shutting down and abandoning module IntroTutorials (422)
[2017.04.03-20.31.20:276][384]LogModuleManager: Shutting down and abandoning module GameProjectGeneration (421)
[2017.04.03-20.31.20:288][384]LogModuleManager: Shutting down and abandoning module EditorLiveStreaming (418)
[2017.04.03-20.31.20:288][384]LogModuleManager: Shutting down and abandoning module IOSPlatformEditor (416)
[2017.04.03-20.31.20:288][384]LogModuleManager: Shutting down and abandoning module HTML5PlatformEditor (414)
[2017.04.03-20.31.20:288][384]LogModuleManager: Shutting down and abandoning module AndroidPlatformEditor (412)
[2017.04.03-20.31.20:297][384]LogModuleManager: Shutting down and abandoning module AndroidDeviceDetection (411)
[2017.04.03-20.31.20:993][384]LogModuleManager: Shutting down and abandoning module IOSRuntimeSettings (408)
[2017.04.03-20.31.20:993][384]LogModuleManager: Shutting down and abandoning module AndroidRuntimeSettings (406)
[2017.04.03-20.31.20:993][384]LogModuleManager: Shutting down and abandoning module InputBindingEditor (404)
[2017.04.03-20.31.21:008][384]LogModuleManager: Shutting down and abandoning module NiagaraEditor (402)
[2017.04.03-20.31.21:037][384]LogModuleManager: Shutting down and abandoning module MergeActors (400)
[2017.04.03-20.31.21:042][384]LogModuleManager: Shutting down and abandoning module SizeMap (398)
[2017.04.03-20.31.21:042][384]LogModuleManager: Shutting down and abandoning module TreeMap (396)
[2017.04.03-20.31.21:054][384]LogModuleManager: Shutting down and abandoning module ReferenceViewer (394)
[2017.04.03-20.31.21:054][384]LogModuleManager: Shutting down and abandoning module LocalizationDashboard (392)
[2017.04.03-20.31.21:063][384]LogModuleManager: Shutting down and abandoning module LocalizationService (391)
[2017.04.03-20.31.21:065][384]LogModuleManager: Shutting down and abandoning module HardwareTargeting (388)
[2017.04.03-20.31.21:075][384]LogModuleManager: Shutting down and abandoning module DeviceProfileEditor (386)
[2017.04.03-20.31.21:080][384]LogModuleManager: Shutting down and abandoning module UndoHistory (384)
[2017.04.03-20.31.21:087][384]LogModuleManager: Shutting down and abandoning module UserFeedback (382)
[2017.04.03-20.31.21:087][384]LogModuleManager: Shutting down and abandoning module XmlParser (380)
[2017.04.03-20.31.21:087][384]LogModuleManager: Shutting down and abandoning module Blutility (378)
[2017.04.03-20.31.21:091][384]LogModuleManager: Shutting down and abandoning module ProjectSettingsViewer (376)
[2017.04.03-20.31.21:091][384]LogModuleManager: Shutting down and abandoning module ProjectTargetPlatformEditor (375)
[2017.04.03-20.31.21:091][384]LogModuleManager: Shutting down and abandoning module EditorSettingsViewer (372)
[2017.04.03-20.31.21:091][384]LogModuleManager: Shutting down and abandoning module SettingsEditor (370)
[2017.04.03-20.31.21:098][384]LogModuleManager: Shutting down and abandoning module ProjectLauncher (368)
[2017.04.03-20.31.21:108][384]LogModuleManager: Shutting down and abandoning module SessionFrontend (366)
[2017.04.03-20.31.21:126][384]LogModuleManager: Shutting down and abandoning module ProfilerClient (364)
[2017.04.03-20.31.21:134][384]LogModuleManager: Shutting down and abandoning module DeviceManager (362)
[2017.04.03-20.31.21:147][384]LogModuleManager: Shutting down and abandoning module TargetDeviceServices (361)
[2017.04.03-20.31.21:190][384]LogModuleManager: Shutting down and abandoning module AutomationController (358)
[2017.04.03-20.31.21:199][384]LogModuleManager: Shutting down and abandoning module AutomationWindow (356)
[2017.04.03-20.31.21:207][384]LogModuleManager: Shutting down and abandoning module Layers (354)
[2017.04.03-20.31.21:216][384]LogModuleManager: Shutting down and abandoning module ComponentVisualizers (352)
[2017.04.03-20.31.21:216][384]LogModuleManager: Shutting down and abandoning module DetailCustomizations (350)
[2017.04.03-20.31.21:233][384]LogModuleManager: Shutting down and abandoning module PackagesDialog (348)
[2017.04.03-20.31.21:233][384]LogModuleManager: Shutting down and abandoning module Persona (346)
[2017.04.03-20.31.21:253][384]LogModuleManager: Shutting down and abandoning module AnimGraph (345)
[2017.04.03-20.31.21:253][384]LogModuleManager: Shutting down and abandoning module Kismet (342)
[2017.04.03-20.31.21:254][384]LogModuleManager: Shutting down and abandoning module GraphEditor (340)
[2017.04.03-20.31.21:254][384]LogModuleManager: Shutting down and abandoning module ClassViewer (338)
[2017.04.03-20.31.21:254][384]LogModuleManager: Shutting down and abandoning module Toolbox (336)
[2017.04.03-20.31.21:254][384]LogModuleManager: Shutting down and abandoning module ModuleUI (334)
[2017.04.03-20.31.21:259][384]LogModuleManager: Shutting down and abandoning module MovieSceneTools (332)
[2017.04.03-20.31.21:266][384]LogModuleManager: Shutting down and abandoning module OutputLog (330)
[2017.04.03-20.31.21:276][384]LogModuleManager: Shutting down and abandoning module GammaUI (328)
[2017.04.03-20.31.21:282][384]LogModuleManager: Shutting down and abandoning module Documentation (326)
[2017.04.03-20.31.21:282][384]LogModuleManager: Shutting down and abandoning module Niagara (324)
[2017.04.03-20.31.21:282][384]LogModuleManager: Shutting down and abandoning module StreamingPauseRendering (322)
[2017.04.03-20.31.21:282][384]LogModuleManager: Shutting down and abandoning module AnalyticsET (320)
[2017.04.03-20.31.21:282][384]LogModuleManager: Shutting down and abandoning module PortalServices (318)
[2017.04.03-20.31.21:282][384]LogModuleManager: Shutting down and abandoning module PortalRpc (316)
[2017.04.03-20.31.21:282][384]LogModuleManager: Shutting down and abandoning module MessagingRpc (314)
[2017.04.03-20.31.21:282][384]LogModuleManager: Shutting down and abandoning module AIModule (312)
[2017.04.03-20.31.21:282][384]LogModuleManager: Shutting down and abandoning module GameplayDebugger (311)
[2017.04.03-20.31.21:285][384]LogModuleManager: Shutting down and abandoning module AITestSuite (309)
[2017.04.03-20.31.21:285][384]LogModuleManager: Shutting down and abandoning module ProfilerService (306)
[2017.04.03-20.31.21:515][384]LogModuleManager: Shutting down and abandoning module TaskGraph (304)
[2017.04.03-20.31.21:536][384]LogModuleManager: Shutting down and abandoning module SteamVRController (302)
[2017.04.03-20.31.21:536][384]LogModuleManager: Shutting down and abandoning module SteamVR (300)
[2017.04.03-20.31.21:536][384]LogModuleManager: Shutting down and abandoning module ProceduralMeshComponentEditor (298)
[2017.04.03-20.31.21:536][384]LogModuleManager: Shutting down and abandoning module ProceduralMeshComponent (296)
[2017.04.03-20.31.21:538][384]LogModuleManager: Shutting down and abandoning module OculusLibrary (294)
[2017.04.03-20.31.21:538][384]LogModuleManager: Shutting down and abandoning module OculusInput (292)
[2017.04.03-20.31.21:538][384]LogModuleManager: Shutting down and abandoning module MobilePatchingUtils (290)
[2017.04.03-20.31.21:538][384]LogModuleManager: Shutting down and abandoning module CustomMeshComponent (288)
[2017.04.03-20.31.21:538][384]LogModuleManager: Shutting down and abandoning module CableComponent (286)
[2017.04.03-20.31.21:539][384]LogModuleManager: Shutting down and abandoning module ArchVisCharacter (284)
[2017.04.03-20.31.21:539][384]LogModuleManager: Shutting down and abandoning module MediaPlayerEditor (280)
[2017.04.03-20.31.21:554][384]LogModuleManager: Shutting down and abandoning module HTML5Networking (278)
[2017.04.03-20.31.21:554][384]LogModuleManager: Shutting down and abandoning module AlembicImporter (276)
[2017.04.03-20.31.21:566][384]LogModuleManager: Shutting down and abandoning module AlembicLibrary (275)
[2017.04.03-20.31.21:566][384]LogModuleManager: Shutting down and abandoning module GeometryCache (274)
[2017.04.03-20.31.21:566][384]LogModuleManager: Shutting down and abandoning module GeometryCacheEd (273)
[2017.04.03-20.31.21:566][384]LogModuleManager: Shutting down and abandoning module SuperSearchEditor (268)
[2017.04.03-20.31.21:566][384]LogModuleManager: Shutting down and abandoning module SuperSearch (267)
[2017.04.03-20.31.21:566][384]LogModuleManager: Shutting down and abandoning module SpeedTreeImporter (264)
[2017.04.03-20.31.21:566][384]LogModuleManager: Shutting down and abandoning module PluginBrowser (262)
[2017.04.03-20.31.21:580][384]LogModuleManager: Shutting down and abandoning module MobileLauncherProfileWizard (260)
[2017.04.03-20.31.21:588][384]LogModuleManager: Shutting down and abandoning module EpicSurvey (258)
[2017.04.03-20.31.21:588][384]LogModuleManager: Shutting down and abandoning module VisualStudioSourceCodeAccess (256)
[2017.04.03-20.31.21:588][384]LogModuleManager: Shutting down and abandoning module DesktopPlatform (255)
[2017.04.03-20.31.21:588][384]LogModuleManager: Shutting down and abandoning module UObjectPlugin (252)
[2017.04.03-20.31.21:588][384]LogModuleManager: Shutting down and abandoning module SubversionSourceControl (250)
[2017.04.03-20.31.21:596][384]LogModuleManager: Shutting down and abandoning module PerforceSourceControl (248)
[2017.04.03-20.31.21:605][384]LogModuleManager: Shutting down and abandoning module GitSourceControl (246)
[2017.04.03-20.31.21:607][384]LogModuleManager: Shutting down and abandoning module SourceControl (245)
[2017.04.03-20.31.21:616][384]LogModuleManager: Shutting down and abandoning module LightPropagationVolumeEditor (242)
[2017.04.03-20.31.21:616][384]LogModuleManager: Shutting down and abandoning module PaperTiledImporter (240)
[2017.04.03-20.31.21:616][384]LogModuleManager: Shutting down and abandoning module PaperSpriteSheetImporter (238)
[2017.04.03-20.31.21:616][384]LogModuleManager: Shutting down and abandoning module Paper2DEditor (236)
[2017.04.03-20.31.21:635][384]LogModuleManager: Shutting down and abandoning module MeshPaint (235)
[2017.04.03-20.31.21:643][384]LogModuleManager: Shutting down and abandoning module LevelEditor (233)
[2017.04.03-20.31.21:661][384]LogModuleManager: Shutting down and abandoning module PixelInspectorModule (232)
[2017.04.03-20.31.21:671][384]LogModuleManager: Shutting down and abandoning module MainFrame (230)
[2017.04.03-20.31.21:671][384]LogModuleManager: Shutting down and abandoning module HotReload (229)
[2017.04.03-20.31.21:678][384]LogModuleManager: Shutting down and abandoning module ContentBrowser (225)
[2017.04.03-20.31.21:679][384]LogModuleManager: Shutting down and abandoning module PhysXVehiclesEditor (222)
[2017.04.03-20.31.21:687][384]LogModuleManager: Shutting down and abandoning module PhysXVehicles (220)
[2017.04.03-20.31.21:687][384]LogModuleManager: Shutting down and abandoning module LocationServicesBPLibrary (218)
[2017.04.03-20.31.21:687][384]LogModuleManager: Shutting down and abandoning module UdpMessaging (216)
[2017.04.03-20.31.21:788][384]LogModuleManager: Shutting down and abandoning module TcpMessaging (214)
[2017.04.03-20.31.21:896][384]LogModuleManager: Shutting down and abandoning module GameplayTagsEditor (212)
[2017.04.03-20.31.21:914][384]LogModuleManager: Shutting down and abandoning module FacialAnimationEditor (210)
[2017.04.03-20.31.21:925][384]LogModuleManager: Shutting down and abandoning module FacialAnimation (208)
[2017.04.03-20.31.21:925][384]LogModuleManager: Shutting down and abandoning module LightPropagationVolumeRuntime (206)
[2017.04.03-20.31.21:925][384]LogModuleManager: Shutting down and abandoning module Paper2D (204)
[2017.04.03-20.31.21:934][384]LogModuleManager: Shutting down and abandoning module WindowsMoviePlayer (202)
[2017.04.03-20.31.21:934][384]LogModuleManager: Shutting down and abandoning module WmfMedia (200)
[2017.04.03-20.31.21:935][384]LogModuleManager: Shutting down and abandoning module MfMedia (198)
[2017.04.03-20.31.21:935][384]LogModuleManager: Shutting down and abandoning module MediaAssets (196)
[2017.04.03-20.31.21:935][384]LogModuleManager: Shutting down and abandoning module GameLiveStreaming (194)
[2017.04.03-20.31.21:940][384]LogModuleManager: Shutting down and abandoning module VREditor (192)
[2017.04.03-20.31.21:940][384]LogModuleManager: Shutting down and abandoning module GameplayTasksEditor (190)
[2017.04.03-20.31.21:940][384]LogModuleManager: Shutting down and abandoning module BehaviorTreeEditor (188)
[2017.04.03-20.31.21:940][384]LogModuleManager: Shutting down and abandoning module FunctionalTesting (186)
[2017.04.03-20.31.21:941][384]LogModuleManager: Shutting down and abandoning module CollisionAnalyzer (184)
[2017.04.03-20.31.21:946][384]LogModuleManager: Shutting down and abandoning module UMG (182)
[2017.04.03-20.31.21:961][384]LogModuleManager: Shutting down and abandoning module UMGEditor (181)
[2017.04.03-20.31.21:983][384]LogModuleManager: Shutting down and abandoning module Sequencer (180)
[2017.04.03-20.31.21:996][384]LogModuleManager: Shutting down and abandoning module AssetTools (178)
[2017.04.03-20.31.22:013][384]LogModuleManager: Shutting down and abandoning module MessageLog (177)
[2017.04.03-20.31.22:013][384]LogModuleManager: Shutting down and abandoning module WorkspaceMenuStructure (176)
[2017.04.03-20.31.22:013][384]LogModuleManager: Shutting down and abandoning module SlateReflector (170)
[2017.04.03-20.31.22:034][384]LogModuleManager: Shutting down and abandoning module Slate (168)
[2017.04.03-20.31.22:034][384]LogModuleManager: Shutting down and abandoning module EditorStyle (166)
[2017.04.03-20.31.22:036][384]LogModuleManager: Shutting down and abandoning module SourceCodeAccess (164)
[2017.04.03-20.31.22:048][384]LogModuleManager: Shutting down and abandoning module HeadMountedDisplay (162)
[2017.04.03-20.31.22:048][384]LogModuleManager: Shutting down and abandoning module XAudio2 (160)
[2017.04.03-20.31.22:048][384]LogModuleManager: Shutting down and abandoning module Networking (158)
[2017.04.03-20.31.22:048][384]LogModuleManager: Shutting down and abandoning module Core (154)
[2017.04.03-20.31.22:048][384]LogModuleManager: Shutting down and abandoning module AssetRegistry (152)
[2017.04.03-20.31.22:254][384]LogDirectoryWatcher: A directory notification for '../../../Engine/Content/' was aborted.
[2017.04.03-20.31.22:254][384]LogDirectoryWatcher: A directory notification for 'D:/cs524/unreal/AIShooter/Content/' was aborted.
[2017.04.03-20.31.22:254][384]LogDirectoryWatcher: A directory notification for '../../../Engine/Plugins/2D/Paper2D/Content/' was aborted.
[2017.04.03-20.31.22:267][384]LogModuleManager: Shutting down and abandoning module DirectoryWatcher (151)
[2017.04.03-20.31.22:267][384]LogModuleManager: Shutting down and abandoning module KismetCompiler (148)
[2017.04.03-20.31.22:267][384]LogModuleManager: Shutting down and abandoning module PhysXFormats (146)
[2017.04.03-20.31.22:267][384]LogModuleManager: Shutting down and abandoning module MeshUtilities (144)
[2017.04.03-20.31.22:283][384]LogModuleManager: Shutting down and abandoning module SimplygonSwarm (143)
[2017.04.03-20.31.22:294][384]LogModuleManager: Shutting down and abandoning module SimplygonMeshReduction (141)
[2017.04.03-20.31.22:294][384]LogModuleManager: Shutting down and abandoning module QuadricMeshReduction (139)
[2017.04.03-20.31.22:294][384]LogModuleManager: Shutting down and abandoning module PropertyEditor (137)
[2017.04.03-20.31.22:294][384]LogModuleManager: Shutting down and abandoning module DerivedDataCache (134)
[2017.04.03-20.31.22:426][384]LogDerivedDataCache: Shutdown
[2017.04.03-20.31.22:426][384]LogModuleManager: Shutting down and abandoning module TargetPlatform (132)
[2017.04.03-20.31.22:426][384]LogModuleManager: Shutting down and abandoning module VulkanShaderFormat (131)
[2017.04.03-20.31.22:443][384]LogModuleManager: Shutting down and abandoning module ShaderFormatOpenGL (129)
[2017.04.03-20.31.22:452][384]LogModuleManager: Shutting down and abandoning module ShaderFormatD3D (127)
[2017.04.03-20.31.22:452][384]LogModuleManager: Shutting down and abandoning module MetalShaderFormat (125)
[2017.04.03-20.31.22:476][384]LogModuleManager: Shutting down and abandoning module TextureFormatUncompressed (123)
[2017.04.03-20.31.22:476][384]LogModuleManager: Shutting down and abandoning module TextureFormatPVR (121)
[2017.04.03-20.31.22:476][384]LogModuleManager: Shutting down and abandoning module TextureFormatDXT (119)
[2017.04.03-20.31.22:476][384]LogModuleManager: Shutting down and abandoning module TextureFormatIntelISPCTexComp (117)
[2017.04.03-20.31.22:482][384]LogModuleManager: Shutting down and abandoning module TextureFormatASTC (115)
[2017.04.03-20.31.22:482][384]LogModuleManager: Shutting down and abandoning module ImageWrapper (114)
[2017.04.03-20.31.22:482][384]LogModuleManager: Shutting down and abandoning module TextureFormatAndroid (111)
[2017.04.03-20.31.22:482][384]LogModuleManager: Shutting down and abandoning module AudioFormatOpus (109)
[2017.04.03-20.31.22:490][384]LogModuleManager: Shutting down and abandoning module AudioFormatOgg (107)
[2017.04.03-20.31.22:490][384]LogModuleManager: Shutting down and abandoning module AudioFormatADPCM (105)
[2017.04.03-20.31.22:490][384]LogModuleManager: Shutting down and abandoning module LinuxTargetPlatform (103)
[2017.04.03-20.31.22:490][384]LogModuleManager: Shutting down and abandoning module LinuxServerTargetPlatform (101)
[2017.04.03-20.31.22:490][384]LogModuleManager: Shutting down and abandoning module LinuxNoEditorTargetPlatform (99)
[2017.04.03-20.31.22:490][384]LogModuleManager: Shutting down and abandoning module LinuxClientTargetPlatform (97)
[2017.04.03-20.31.22:490][384]LogModuleManager: Shutting down and abandoning module TVOSTargetPlatform (95)
[2017.04.03-20.31.22:490][384]LogModuleManager: Shutting down and abandoning module Messaging (93)
[2017.04.03-20.31.22:490][384]LogModuleManager: Shutting down and abandoning module IOSTargetPlatform (91)
[2017.04.03-20.31.22:490][384]LogModuleManager: Shutting down and abandoning module HTML5TargetPlatform (89)
[2017.04.03-20.31.22:490][384]LogModuleManager: Shutting down and abandoning module Android_PVRTCTargetPlatform (87)
[2017.04.03-20.31.22:490][384]LogModuleManager: Shutting down and abandoning module Android_MultiTargetPlatform (85)
[2017.04.03-20.31.22:490][384]LogModuleManager: Shutting down and abandoning module Android_ETC2TargetPlatform (83)
[2017.04.03-20.31.22:490][384]LogModuleManager: Shutting down and abandoning module Android_ETC1TargetPlatform (81)
[2017.04.03-20.31.22:490][384]LogModuleManager: Shutting down and abandoning module Android_DXTTargetPlatform (79)
[2017.04.03-20.31.22:490][384]LogModuleManager: Shutting down and abandoning module Android_ATCTargetPlatform (77)
[2017.04.03-20.31.22:490][384]LogModuleManager: Shutting down and abandoning module Android_ASTCTargetPlatform (75)
[2017.04.03-20.31.22:490][384]LogModuleManager: Shutting down and abandoning module AndroidTargetPlatform (73)
[2017.04.03-20.31.22:490][384]LogModuleManager: Shutting down and abandoning module WindowsTargetPlatform (71)
[2017.04.03-20.31.22:490][384]LogModuleManager: Shutting down and abandoning module WindowsServerTargetPlatform (69)
[2017.04.03-20.31.22:490][384]LogModuleManager: Shutting down and abandoning module WindowsNoEditorTargetPlatform (67)
[2017.04.03-20.31.22:490][384]LogModuleManager: Shutting down and abandoning module WindowsClientTargetPlatform (65)
[2017.04.03-20.31.22:490][384]LogModuleManager: Shutting down and abandoning module MacTargetPlatform (63)
[2017.04.03-20.31.22:490][384]LogModuleManager: Shutting down and abandoning module MacServerTargetPlatform (61)
[2017.04.03-20.31.22:490][384]LogModuleManager: Shutting down and abandoning module MacNoEditorTargetPlatform (59)
[2017.04.03-20.31.22:490][384]LogModuleManager: Shutting down and abandoning module MacClientTargetPlatform (57)
[2017.04.03-20.31.22:490][384]LogModuleManager: Shutting down and abandoning module AllDesktopTargetPlatform (55)
[2017.04.03-20.31.22:490][384]LogModuleManager: Shutting down and abandoning module InputCore (52)
[2017.04.03-20.31.22:490][384]LogModuleManager: Shutting down and abandoning module Settings (50)
[2017.04.03-20.31.22:490][384]LogModuleManager: Shutting down and abandoning module OculusRift (48)
[2017.04.03-20.31.22:498][384]LogModuleManager: Shutting down and abandoning module GearVR (46)
[2017.04.03-20.31.22:498][384]LogModuleManager: Shutting down and abandoning module ExampleDeviceProfileSelector (44)
[2017.04.03-20.31.22:498][384]LogModuleManager: Shutting down and abandoning module OnlineBlueprintSupport (42)
[2017.04.03-20.31.22:498][384]LogModuleManager: Shutting down and abandoning module OnlineSubsystem (38)
[2017.04.03-20.31.22:498][384]LogOnline:Display: Unloading online subsystem: NULL
[2017.04.03-20.31.22:529][384]LogModuleManager: Shutting down and abandoning module XMPP (37)
[2017.04.03-20.31.22:547][384]LogModuleManager: Shutting down and abandoning module HTTP (35)
[2017.04.03-20.31.22:556][384]LogHttp:Display: Http module shutting down, but needs to wait on 1 outstanding Http requests:
[2017.04.03-20.31.22:556][384]LogHttp:Display: 	verb=[POST] url=[https://datarouter.ol.epicgames.com/datarouter/api/v1/public/data?SessionID=%7BDCC776EE-471F-DD36-11A5-B18FFB889232%7D&AppID=UEEditor.Rocket.Release&AppVersion=4.15.1-3348071%2B%2B%2BUE4%2BRelease-4.15&UserID=3fdbdf464cf35faefd6b259c8abe7caf%7Cb38037d142644fa592759415df0780b6%7C277dcc68-e87c-4983-ab23-8a31608a34c6&AppEnvironment=datacollector-binary&UploadType=eteventstream] status=Processing
[2017.04.03-20.31.22:580][384]LogModuleManager: Shutting down and abandoning module SSL (34)
[2017.04.03-20.31.22:598][384]LogModuleManager: Shutting down and abandoning module AudioEditor (30)
[2017.04.03-20.31.22:598][384]LogModuleManager: Shutting down and abandoning module TextureCompressor (28)
[2017.04.03-20.31.22:620][384]LogModuleManager: Shutting down and abandoning module ShaderCore (26)
[2017.04.03-20.31.22:620][384]LogModuleManager: Shutting down and abandoning module Landscape (24)
[2017.04.03-20.31.22:620][384]LogModuleManager: Shutting down and abandoning module SlateRHIRenderer (22)
[2017.04.03-20.31.22:627][384]LogModuleManager: Shutting down and abandoning module OpenGLDrv (20)
[2017.04.03-20.31.22:637][384]LogModuleManager: Shutting down and abandoning module D3D11RHI (18)
[2017.04.03-20.31.22:637][384]LogModuleManager: Shutting down and abandoning module AnimGraphRuntime (16)
[2017.04.03-20.31.22:648][384]LogModuleManager: Shutting down and abandoning module Renderer (14)
[2017.04.03-20.31.22:648][384]LogModuleManager: Shutting down and abandoning module Engine (12)
[2017.04.03-20.31.22:648][384]LogModuleManager: Shutting down and abandoning module CoreUObject (10)
[2017.04.03-20.31.22:648][384]LogModuleManager: Shutting down and abandoning module NetworkFile (8)
[2017.04.03-20.31.22:648][384]LogModuleManager: Shutting down and abandoning module StreamingFile (6)
[2017.04.03-20.31.22:648][384]LogModuleManager: Shutting down and abandoning module SandboxFile (4)
[2017.04.03-20.31.22:648][384]LogModuleManager: Shutting down and abandoning module PakFile (2)
[2017.04.03-20.31.22:656][384]LogExit: Exiting.
[2017.04.03-20.31.22:657][384]Log file closed, 04/03/17 13:31:22
